PC=000001d8 [00500137] x02=00500000 x00=00000000 x05=00000000 lui     sp,5242880
PC=000001dc [00c000ef] x01=000001e0 x00=00000000 x12=00000000 jal     ra,12
PC=000001e8 [fe010113] x02=004fffe0 x02=00500000 x00=00000000 addi    sp,sp,-32
PC=000001ec [00812e23] x28=00000000 x02=004fffe0 x08=00000000 sw      s0,28(sp)
PC=000001f0 [02010413] x08=00500000 x02=004fffe0 x00=00000000 addi    s0,sp,32
PC=000001f4 [00000797] x15=000001f4 x00=00000000 x00=00000000 auipc   a5,0
PC=000001f8 [0ac78793] x15=000002a0 x15=000001f4 x12=00000000 addi    a5,a5,172
PC=000001fc [0007a703] x14=00000000 x15=000002a0 x00=00000000 lw      a4,0(a5)
PC=00000200 [0047a783] x15=00000000 x15=000002a0 x04=00000000 lw      a5,4(a5)
PC=00000204 [fee42423] x08=00500000 x08=00500000 x14=00000000 sw      a4,-24(s0)
PC=00000208 [fef42623] x12=00000000 x08=00500000 x15=00000000 sw      a5,-20(s0)
PC=0000020c [00000797] x15=0000020c x00=00000000 x00=00000000 auipc   a5,0
PC=00000210 [09c78793] x15=000002a8 x15=0000020c x28=00000000 addi    a5,a5,156
PC=00000214 [0007a703] x14=00000000 x15=000002a8 x00=00000000 lw      a4,0(a5)
PC=00000218 [0047a783] x15=00000000 x15=000002a8 x04=00000000 lw      a5,4(a5)
PC=0000021c [fee42423] x08=00500000 x08=00500000 x14=00000000 sw      a4,-24(s0)
PC=00000220 [fef42623] x12=00000000 x08=00500000 x15=00000000 sw      a5,-20(s0)
PC=00000224 [00000793] x15=00000000 x00=00000000 x00=00000000 addi    a5,zero,0
PC=00000228 [00000813] x16=00000000 x00=00000000 x00=00000000 addi    a6,zero,0
PC=0000022c [fef42423] x08=00500000 x08=00500000 x15=00000000 sw      a5,-24(s0)
PC=00000230 [ff042623] x12=00000000 x08=00500000 x16=00000000 sw      a6,-20(s0)
PC=00000234 [fff00713] x14=ffffffff x00=00000000 x31=00000000 addi    a4,zero,-1
PC=00000238 [fff00793] x15=ffffffff x00=00000000 x31=00000000 addi    a5,zero,-1
PC=0000023c [fee42423] x08=00500000 x08=00500000 x14=ffffffff sw      a4,-24(s0)
PC=00000240 [fef42623] x12=00000000 x08=00500000 x15=ffffffff sw      a5,-20(s0)
PC=00000244 [00000713] x14=00000000 x00=00000000 x00=00000000 addi    a4,zero,0
PC=00000248 [800007b7] x15=80000000 x00=00000000 x00=00000000 lui     a5,-2147483648
PC=0000024c [fee42423] x08=00500000 x08=00500000 x14=00000000 sw      a4,-24(s0)
PC=00000250 [fef42623] x12=00000000 x08=00500000 x15=80000000 sw      a5,-20(s0)
PC=00000254 [00100713] x14=00000001 x00=00000000 x01=000001e0 addi    a4,zero,1
PC=00000258 [00000793] x15=00000000 x00=00000000 x00=00000000 addi    a5,zero,0
PC=0000025c [fee42423] x08=00500000 x08=00500000 x14=00000001 sw      a4,-24(s0)
PC=00000260 [fef42623] x12=00000000 x08=00500000 x15=00000000 sw      a5,-20(s0)
PC=00000264 [fff00713] x14=ffffffff x00=00000000 x31=00000000 addi    a4,zero,-1
PC=00000268 [800007b7] x15=80000000 x00=00000000 x00=00000000 lui     a5,-2147483648
PC=0000026c [fff7c793] x15=7fffffff x15=80000000 x31=00000000 xori    a5,a5,-1
PC=00000270 [fee42423] x08=00500000 x08=00500000 x14=ffffffff sw      a4,-24(s0)
PC=00000274 [fef42623] x12=00000000 x08=00500000 x15=7fffffff sw      a5,-20(s0)
PC=00000278 [ffe00713] x14=fffffffe x00=00000000 x30=00000000 addi    a4,zero,-2
PC=0000027c [fff00793] x15=ffffffff x00=00000000 x31=00000000 addi    a5,zero,-1
PC=00000280 [fee42423] x08=00500000 x08=00500000 x14=fffffffe sw      a4,-24(s0)
PC=00000284 [fef42623] x12=00000000 x08=00500000 x15=ffffffff sw      a5,-20(s0)
PC=00000288 [00000793] x15=00000000 x00=00000000 x00=00000000 addi    a5,zero,0
PC=0000028c [00078513] x10=00000000 x15=00000000 x00=00000000 addi    a0,a5,0
PC=00000290 [01c12403] x08=00000000 x02=004fffe0 x28=00000000 lw      s0,28(sp)
PC=00000294 [02010113] x02=00500000 x02=004fffe0 x00=00000000 addi    sp,sp,32
PC=00000298 [00008067] x00=0000029c x01=000001e0 x00=00000000 jalr    zero,ra,0
PC=000001e0 [200002b7] x05=20000000 x00=0000029c x00=0000029c lui     t0,536870912
PC=000001e4 [00100073] x00=0000029c x00=0000029c x01=000001e0 ebreak 
