PC=000001d8 [00500137] x02=00500000 x00=00000000 x05=00000000 lui     sp,5242880
PC=000001dc [00c000ef] x01=000001e0 x00=00000000 x12=00000000 jal     ra,12
PC=000001e8 [fe010113] x02=004fffe0 x02=00500000 x00=00000000 addi    sp,sp,-32
PC=000001ec [00812e23] x28=00000000 x02=004fffe0 x08=00000000 sw      s0,28(sp)
PC=000001f0 [02010413] x08=00500000 x02=004fffe0 x00=00000000 addi    s0,sp,32
PC=000001f4 [fff00793] x15=ffffffff x00=00000000 x31=00000000 addi    a5,zero,-1
PC=000001f8 [fef407a3] x15=ffffffff x08=00500000 x15=ffffffff sb      a5,-17(s0)
PC=000001fc [fff00793] x15=ffffffff x00=00000000 x31=00000000 addi    a5,zero,-1
PC=00000200 [fef41623] x12=00000000 x08=00500000 x15=ffffffff sh      a5,-20(s0)
PC=00000204 [fef44783] x15=ffffffff x08=00500000 x15=ffffffff lbu     a5,-17(s0)
PC=00000208 [fef41623] x12=00000000 x08=00500000 x15=ffffffff sh      a5,-20(s0)
PC=0000020c [fe041623] x12=00000000 x08=00500000 x00=00000000 sh      zero,-20(s0)
PC=00000210 [fff00793] x15=ffffffff x00=00000000 x31=00000000 addi    a5,zero,-1
PC=00000214 [fef41623] x12=00000000 x08=00500000 x15=ffffffff sh      a5,-20(s0)
PC=00000218 [fff00793] x15=ffffffff x00=00000000 x31=00000000 addi    a5,zero,-1
PC=0000021c [fef42423] x08=00500000 x08=00500000 x15=ffffffff sw      a5,-24(s0)
PC=00000220 [fec45783] x15=ffffffff x08=00500000 x12=00000000 lhu     a5,-20(s0)
PC=00000224 [fef42423] x08=00500000 x08=00500000 x15=ffffffff sw      a5,-24(s0)
PC=00000228 [fe042423] x08=00500000 x08=00500000 x00=00000000 sw      zero,-24(s0)
PC=0000022c [fff00793] x15=ffffffff x00=00000000 x31=00000000 addi    a5,zero,-1
PC=00000230 [fef42423] x08=00500000 x08=00500000 x15=ffffffff sw      a5,-24(s0)
PC=00000234 [fff00713] x14=ffffffff x00=00000000 x31=00000000 addi    a4,zero,-1
PC=00000238 [fff00793] x15=ffffffff x00=00000000 x31=00000000 addi    a5,zero,-1
PC=0000023c [fee42023] x00=00000000 x08=00500000 x14=ffffffff sw      a4,-32(s0)
PC=00000240 [fef42223] x04=00000000 x08=00500000 x15=ffffffff sw      a5,-28(s0)
PC=00000244 [fe842783] x15=ffffffff x08=00500000 x08=00500000 lw      a5,-24(s0)
PC=00000248 [fef42023] x00=00000000 x08=00500000 x15=ffffffff sw      a5,-32(s0)
PC=0000024c [fe042223] x04=00000000 x08=00500000 x00=00000000 sw      zero,-28(s0)
PC=00000250 [00000793] x15=00000000 x00=00000000 x00=00000000 addi    a5,zero,0
PC=00000254 [00000813] x16=00000000 x00=00000000 x00=00000000 addi    a6,zero,0
PC=00000258 [fef42023] x00=00000000 x08=00500000 x15=00000000 sw      a5,-32(s0)
PC=0000025c [ff042223] x04=00000000 x08=00500000 x16=00000000 sw      a6,-28(s0)
PC=00000260 [00000793] x15=00000000 x00=00000000 x00=00000000 addi    a5,zero,0
PC=00000264 [00078513] x10=00000000 x15=00000000 x00=00000000 addi    a0,a5,0
PC=00000268 [01c12403] x08=00000000 x02=004fffe0 x28=00000000 lw      s0,28(sp)
PC=0000026c [02010113] x02=00500000 x02=004fffe0 x00=00000000 addi    sp,sp,32
PC=00000270 [00008067] x00=00000274 x01=000001e0 x00=00000000 jalr    zero,ra,0
PC=000001e0 [200002b7] x05=20000000 x00=00000274 x00=00000274 lui     t0,536870912
PC=000001e4 [00100073] x00=00000274 x00=00000274 x01=000001e0 ebreak 
