PC=000001d8 [00500137] x02=00500000 x00=00000000 x05=00000000 lui     sp,5242880
PC=000001dc [00c000ef] x01=000001e0 x00=00000000 x12=00000000 jal     ra,12
PC=000001e8 [fe010113] x02=004fffe0 x02=00500000 x00=00000000 addi    sp,sp,-32
PC=000001ec [00812e23] x28=00000000 x02=004fffe0 x08=00000000 sw      s0,28(sp)
PC=000001f0 [02010413] x08=00500000 x02=004fffe0 x00=00000000 addi    s0,sp,32
PC=000001f4 [0ff00793] x15=000000ff x00=00000000 x31=00000000 addi    a5,zero,255
PC=000001f8 [fef41723] x14=00000000 x08=00500000 x15=000000ff sh      a5,-18(s0)
PC=000001fc [f0000793] x15=ffffff00 x00=00000000 x00=00000000 addi    a5,zero,-256
PC=00000200 [fef41623] x12=00000000 x08=00500000 x15=ffffff00 sh      a5,-20(s0)
PC=00000204 [fee45703] x14=000000ff x08=00500000 x14=00000000 lhu     a4,-18(s0)
PC=00000208 [fec45783] x15=ffffff00 x08=00500000 x12=00000000 lhu     a5,-20(s0)
PC=0000020c [40f707b3] x15=000001ff x14=000000ff x15=ffffff00 sub     a5,a4,a5
PC=00000210 [01079793] x15=01ff0000 x15=000001ff x16=00000000 slli    a5,a5,16
PC=00000214 [0107d793] x15=000001ff x15=01ff0000 x16=00000000 srli    a5,a5,16
PC=00000218 [fef41523] x10=00000000 x08=00500000 x15=000001ff sh      a5,-22(s0)
PC=0000021c [fe041523] x10=00000000 x08=00500000 x00=00000000 sh      zero,-22(s0)
PC=00000220 [fec00793] x15=ffffffec x00=00000000 x12=00000000 addi    a5,zero,-20
PC=00000224 [fef41723] x14=000000ff x08=00500000 x15=ffffffec sh      a5,-18(s0)
PC=00000228 [fe200793] x15=ffffffe2 x00=00000000 x02=004fffe0 addi    a5,zero,-30
PC=0000022c [fef41623] x12=00000000 x08=00500000 x15=ffffffe2 sh      a5,-20(s0)
PC=00000230 [fee45703] x14=ffffffec x08=00500000 x14=000000ff lhu     a4,-18(s0)
PC=00000234 [fec45783] x15=ffffffe2 x08=00500000 x12=00000000 lhu     a5,-20(s0)
PC=00000238 [40f707b3] x15=0000000a x14=ffffffec x15=ffffffe2 sub     a5,a4,a5
PC=0000023c [01079793] x15=000a0000 x15=0000000a x16=00000000 slli    a5,a5,16
PC=00000240 [0107d793] x15=0000000a x15=000a0000 x16=00000000 srli    a5,a5,16
PC=00000244 [fef41523] x10=00000000 x08=00500000 x15=0000000a sh      a5,-22(s0)
PC=00000248 [fe041523] x10=00000000 x08=00500000 x00=00000000 sh      zero,-22(s0)
PC=0000024c [ffe00793] x15=fffffffe x00=00000000 x30=00000000 addi    a5,zero,-2
PC=00000250 [fef41723] x14=ffffffec x08=00500000 x15=fffffffe sh      a5,-18(s0)
PC=00000254 [00200793] x15=00000002 x00=00000000 x02=004fffe0 addi    a5,zero,2
PC=00000258 [fef41623] x12=00000000 x08=00500000 x15=00000002 sh      a5,-20(s0)
PC=0000025c [fee45703] x14=fffffffe x08=00500000 x14=ffffffec lhu     a4,-18(s0)
PC=00000260 [fec45783] x15=00000002 x08=00500000 x12=00000000 lhu     a5,-20(s0)
PC=00000264 [40f707b3] x15=fffffffc x14=fffffffe x15=00000002 sub     a5,a4,a5
PC=00000268 [01079793] x15=fffc0000 x15=fffffffc x16=00000000 slli    a5,a5,16
PC=0000026c [0107d793] x15=fffffffc x15=fffc0000 x16=00000000 srli    a5,a5,16
PC=00000270 [fef41523] x10=00000000 x08=00500000 x15=fffffffc sh      a5,-22(s0)
PC=00000274 [fe041523] x10=00000000 x08=00500000 x00=00000000 sh      zero,-22(s0)
PC=00000278 [00a00793] x15=0000000a x00=00000000 x10=00000000 addi    a5,zero,10
PC=0000027c [fef41723] x14=fffffffe x08=00500000 x15=0000000a sh      a5,-18(s0)
PC=00000280 [ffb00793] x15=fffffffb x00=00000000 x27=00000000 addi    a5,zero,-5
PC=00000284 [fef41623] x12=00000000 x08=00500000 x15=fffffffb sh      a5,-20(s0)
PC=00000288 [fee45703] x14=0000000a x08=00500000 x14=fffffffe lhu     a4,-18(s0)
PC=0000028c [fec45783] x15=fffffffb x08=00500000 x12=00000000 lhu     a5,-20(s0)
PC=00000290 [40f707b3] x15=0000000f x14=0000000a x15=fffffffb sub     a5,a4,a5
PC=00000294 [01079793] x15=000f0000 x15=0000000f x16=00000000 slli    a5,a5,16
PC=00000298 [0107d793] x15=0000000f x15=000f0000 x16=00000000 srli    a5,a5,16
PC=0000029c [fef41523] x10=00000000 x08=00500000 x15=0000000f sh      a5,-22(s0)
PC=000002a0 [fe041523] x10=00000000 x08=00500000 x00=00000000 sh      zero,-22(s0)
PC=000002a4 [00500793] x15=00000005 x00=00000000 x05=00000000 addi    a5,zero,5
PC=000002a8 [fef41723] x14=0000000a x08=00500000 x15=00000005 sh      a5,-18(s0)
PC=000002ac [ff600793] x15=fffffff6 x00=00000000 x22=00000000 addi    a5,zero,-10
PC=000002b0 [fef41623] x12=00000000 x08=00500000 x15=fffffff6 sh      a5,-20(s0)
PC=000002b4 [fee45703] x14=00000005 x08=00500000 x14=0000000a lhu     a4,-18(s0)
PC=000002b8 [fec45783] x15=fffffff6 x08=00500000 x12=00000000 lhu     a5,-20(s0)
PC=000002bc [40f707b3] x15=0000000f x14=00000005 x15=fffffff6 sub     a5,a4,a5
PC=000002c0 [01079793] x15=000f0000 x15=0000000f x16=00000000 slli    a5,a5,16
PC=000002c4 [0107d793] x15=0000000f x15=000f0000 x16=00000000 srli    a5,a5,16
PC=000002c8 [fef41523] x10=00000000 x08=00500000 x15=0000000f sh      a5,-22(s0)
PC=000002cc [fe041523] x10=00000000 x08=00500000 x00=00000000 sh      zero,-22(s0)
PC=000002d0 [000017b7] x15=00001000 x00=00000000 x00=00000000 lui     a5,4096
PC=000002d4 [f0f78793] x15=00000f0f x15=00001000 x15=00001000 addi    a5,a5,-241
PC=000002d8 [fef41723] x14=00000005 x08=00500000 x15=00000f0f sh      a5,-18(s0)
PC=000002dc [fffff7b7] x15=fffff000 x31=00000000 x31=00000000 lui     a5,-4096
PC=000002e0 [0f078793] x15=fffff0f0 x15=fffff000 x16=00000000 addi    a5,a5,240
PC=000002e4 [fef41623] x12=00000000 x08=00500000 x15=fffff0f0 sh      a5,-20(s0)
PC=000002e8 [fee45703] x14=00000f0f x08=00500000 x14=00000005 lhu     a4,-18(s0)
PC=000002ec [fec45783] x15=fffff0f0 x08=00500000 x12=00000000 lhu     a5,-20(s0)
PC=000002f0 [40f707b3] x15=00001e1f x14=00000f0f x15=fffff0f0 sub     a5,a4,a5
PC=000002f4 [01079793] x15=1e1f0000 x15=00001e1f x16=00000000 slli    a5,a5,16
PC=000002f8 [0107d793] x15=00001e1f x15=1e1f0000 x16=00000000 srli    a5,a5,16
PC=000002fc [fef41523] x10=00000000 x08=00500000 x15=00001e1f sh      a5,-22(s0)
PC=00000300 [fe041523] x10=00000000 x08=00500000 x00=00000000 sh      zero,-22(s0)
PC=00000304 [ffffb7b7] x15=ffffb000 x31=00000000 x31=00000000 lui     a5,-20480
PC=00000308 [aaa78793] x15=ffffaaaa x15=ffffb000 x10=00000000 addi    a5,a5,-1366
PC=0000030c [fef41723] x14=00000f0f x08=00500000 x15=ffffaaaa sh      a5,-18(s0)
PC=00000310 [000057b7] x15=00005000 x00=00000000 x00=00000000 lui     a5,20480
PC=00000314 [55578793] x15=00005555 x15=00005000 x21=00000000 addi    a5,a5,1365
PC=00000318 [fef41623] x12=00000000 x08=00500000 x15=00005555 sh      a5,-20(s0)
PC=0000031c [fee45703] x14=ffffaaaa x08=00500000 x14=00000f0f lhu     a4,-18(s0)
PC=00000320 [fec45783] x15=00005555 x08=00500000 x12=00000000 lhu     a5,-20(s0)
PC=00000324 [40f707b3] x15=ffff5555 x14=ffffaaaa x15=00005555 sub     a5,a4,a5
PC=00000328 [01079793] x15=55550000 x15=ffff5555 x16=00000000 slli    a5,a5,16
PC=0000032c [0107d793] x15=ffff5555 x15=55550000 x16=00000000 srli    a5,a5,16
PC=00000330 [fef41523] x10=00000000 x08=00500000 x15=ffff5555 sh      a5,-22(s0)
PC=00000334 [fe041523] x10=00000000 x08=00500000 x00=00000000 sh      zero,-22(s0)
PC=00000338 [00f00793] x15=0000000f x00=00000000 x15=ffff5555 addi    a5,zero,15
PC=0000033c [fef41423] x08=00500000 x08=00500000 x15=0000000f sh      a5,-24(s0)
PC=00000340 [fe845783] x15=0000000f x08=00500000 x08=00500000 lhu     a5,-24(s0)
PC=00000344 [fff78793] x15=0000000e x15=0000000f x31=00000000 addi    a5,a5,-1
PC=00000348 [01079793] x15=000e0000 x15=0000000e x16=00000000 slli    a5,a5,16
PC=0000034c [0107d793] x15=0000000e x15=000e0000 x16=00000000 srli    a5,a5,16
PC=00000350 [fef41423] x08=00500000 x08=00500000 x15=0000000e sh      a5,-24(s0)
PC=00000354 [fe845783] x15=0000000e x08=00500000 x08=00500000 lhu     a5,-24(s0)
PC=00000358 [ffe78793] x15=0000000c x15=0000000e x30=00000000 addi    a5,a5,-2
PC=0000035c [01079793] x15=000c0000 x15=0000000c x16=00000000 slli    a5,a5,16
PC=00000360 [0107d793] x15=0000000c x15=000c0000 x16=00000000 srli    a5,a5,16
PC=00000364 [fef41423] x08=00500000 x08=00500000 x15=0000000c sh      a5,-24(s0)
PC=00000368 [fe845783] x15=0000000c x08=00500000 x08=00500000 lhu     a5,-24(s0)
PC=0000036c [ffd78793] x15=00000009 x15=0000000c x29=00000000 addi    a5,a5,-3
PC=00000370 [01079793] x15=00090000 x15=00000009 x16=00000000 slli    a5,a5,16
PC=00000374 [0107d793] x15=00000009 x15=00090000 x16=00000000 srli    a5,a5,16
PC=00000378 [fef41423] x08=00500000 x08=00500000 x15=00000009 sh      a5,-24(s0)
PC=0000037c [fe845783] x15=00000009 x08=00500000 x08=00500000 lhu     a5,-24(s0)
PC=00000380 [ffc78793] x15=00000005 x15=00000009 x28=00000000 addi    a5,a5,-4
PC=00000384 [01079793] x15=00050000 x15=00000005 x16=00000000 slli    a5,a5,16
PC=00000388 [0107d793] x15=00000005 x15=00050000 x16=00000000 srli    a5,a5,16
PC=0000038c [fef41423] x08=00500000 x08=00500000 x15=00000005 sh      a5,-24(s0)
PC=00000390 [fe845783] x15=00000005 x08=00500000 x08=00500000 lhu     a5,-24(s0)
PC=00000394 [ffb78793] x15=00000000 x15=00000005 x27=00000000 addi    a5,a5,-5
PC=00000398 [01079793] x15=00000000 x15=00000000 x16=00000000 slli    a5,a5,16
PC=0000039c [0107d793] x15=00000000 x15=00000000 x16=00000000 srli    a5,a5,16
PC=000003a0 [fef41423] x08=00500000 x08=00500000 x15=00000000 sh      a5,-24(s0)
PC=000003a4 [fe041423] x08=00500000 x08=00500000 x00=00000000 sh      zero,-24(s0)
PC=000003a8 [0ff00793] x15=000000ff x00=00000000 x31=00000000 addi    a5,zero,255
PC=000003ac [fef41323] x06=00000000 x08=00500000 x15=000000ff sh      a5,-26(s0)
PC=000003b0 [f0000793] x15=ffffff00 x00=00000000 x00=00000000 addi    a5,zero,-256
PC=000003b4 [fef41223] x04=00000000 x08=00500000 x15=ffffff00 sh      a5,-28(s0)
PC=000003b8 [fe645783] x15=000000ff x08=00500000 x06=00000000 lhu     a5,-26(s0)
PC=000003bc [00078713] x14=000000ff x15=000000ff x00=00000000 addi    a4,a5,0
PC=000003c0 [fe445783] x15=ffffff00 x08=00500000 x04=00000000 lhu     a5,-28(s0)
PC=000003c4 [40f707b3] x15=000001ff x14=000000ff x15=ffffff00 sub     a5,a4,a5
PC=000003c8 [fef41123] x02=004fffe0 x08=00500000 x15=000001ff sh      a5,-30(s0)
PC=000003cc [fe041123] x02=004fffe0 x08=00500000 x00=00000000 sh      zero,-30(s0)
PC=000003d0 [fec00793] x15=ffffffec x00=00000000 x12=00000000 addi    a5,zero,-20
PC=000003d4 [fef41323] x06=00000000 x08=00500000 x15=ffffffec sh      a5,-26(s0)
PC=000003d8 [fe200793] x15=ffffffe2 x00=00000000 x02=004fffe0 addi    a5,zero,-30
PC=000003dc [fef41223] x04=00000000 x08=00500000 x15=ffffffe2 sh      a5,-28(s0)
PC=000003e0 [fe645783] x15=ffffffec x08=00500000 x06=00000000 lhu     a5,-26(s0)
PC=000003e4 [00078713] x14=ffffffec x15=ffffffec x00=00000000 addi    a4,a5,0
PC=000003e8 [fe445783] x15=ffffffe2 x08=00500000 x04=00000000 lhu     a5,-28(s0)
PC=000003ec [40f707b3] x15=0000000a x14=ffffffec x15=ffffffe2 sub     a5,a4,a5
PC=000003f0 [fef41123] x02=004fffe0 x08=00500000 x15=0000000a sh      a5,-30(s0)
PC=000003f4 [fe041123] x02=004fffe0 x08=00500000 x00=00000000 sh      zero,-30(s0)
PC=000003f8 [ffe00793] x15=fffffffe x00=00000000 x30=00000000 addi    a5,zero,-2
PC=000003fc [fef41323] x06=00000000 x08=00500000 x15=fffffffe sh      a5,-26(s0)
PC=00000400 [00200793] x15=00000002 x00=00000000 x02=004fffe0 addi    a5,zero,2
PC=00000404 [fef41223] x04=00000000 x08=00500000 x15=00000002 sh      a5,-28(s0)
PC=00000408 [fe645783] x15=fffffffe x08=00500000 x06=00000000 lhu     a5,-26(s0)
PC=0000040c [00078713] x14=fffffffe x15=fffffffe x00=00000000 addi    a4,a5,0
PC=00000410 [fe445783] x15=00000002 x08=00500000 x04=00000000 lhu     a5,-28(s0)
PC=00000414 [40f707b3] x15=fffffffc x14=fffffffe x15=00000002 sub     a5,a4,a5
PC=00000418 [fef41123] x02=004fffe0 x08=00500000 x15=fffffffc sh      a5,-30(s0)
PC=0000041c [fe041123] x02=004fffe0 x08=00500000 x00=00000000 sh      zero,-30(s0)
PC=00000420 [00a00793] x15=0000000a x00=00000000 x10=00000000 addi    a5,zero,10
PC=00000424 [fef41323] x06=00000000 x08=00500000 x15=0000000a sh      a5,-26(s0)
PC=00000428 [ffb00793] x15=fffffffb x00=00000000 x27=00000000 addi    a5,zero,-5
PC=0000042c [fef41223] x04=00000000 x08=00500000 x15=fffffffb sh      a5,-28(s0)
PC=00000430 [fe645783] x15=0000000a x08=00500000 x06=00000000 lhu     a5,-26(s0)
PC=00000434 [00078713] x14=0000000a x15=0000000a x00=00000000 addi    a4,a5,0
PC=00000438 [fe445783] x15=fffffffb x08=00500000 x04=00000000 lhu     a5,-28(s0)
PC=0000043c [40f707b3] x15=0000000f x14=0000000a x15=fffffffb sub     a5,a4,a5
PC=00000440 [fef41123] x02=004fffe0 x08=00500000 x15=0000000f sh      a5,-30(s0)
PC=00000444 [fe041123] x02=004fffe0 x08=00500000 x00=00000000 sh      zero,-30(s0)
PC=00000448 [00500793] x15=00000005 x00=00000000 x05=00000000 addi    a5,zero,5
PC=0000044c [fef41323] x06=00000000 x08=00500000 x15=00000005 sh      a5,-26(s0)
PC=00000450 [ff600793] x15=fffffff6 x00=00000000 x22=00000000 addi    a5,zero,-10
PC=00000454 [fef41223] x04=00000000 x08=00500000 x15=fffffff6 sh      a5,-28(s0)
PC=00000458 [fe645783] x15=00000005 x08=00500000 x06=00000000 lhu     a5,-26(s0)
PC=0000045c [00078713] x14=00000005 x15=00000005 x00=00000000 addi    a4,a5,0
PC=00000460 [fe445783] x15=fffffff6 x08=00500000 x04=00000000 lhu     a5,-28(s0)
PC=00000464 [40f707b3] x15=0000000f x14=00000005 x15=fffffff6 sub     a5,a4,a5
PC=00000468 [fef41123] x02=004fffe0 x08=00500000 x15=0000000f sh      a5,-30(s0)
PC=0000046c [fe041123] x02=004fffe0 x08=00500000 x00=00000000 sh      zero,-30(s0)
PC=00000470 [000017b7] x15=00001000 x00=00000000 x00=00000000 lui     a5,4096
PC=00000474 [f0f78793] x15=00000f0f x15=00001000 x15=00001000 addi    a5,a5,-241
PC=00000478 [fef41323] x06=00000000 x08=00500000 x15=00000f0f sh      a5,-26(s0)
PC=0000047c [fffff7b7] x15=fffff000 x31=00000000 x31=00000000 lui     a5,-4096
PC=00000480 [0f078793] x15=fffff0f0 x15=fffff000 x16=00000000 addi    a5,a5,240
PC=00000484 [fef41223] x04=00000000 x08=00500000 x15=fffff0f0 sh      a5,-28(s0)
PC=00000488 [fe645783] x15=00000f0f x08=00500000 x06=00000000 lhu     a5,-26(s0)
PC=0000048c [00078713] x14=00000f0f x15=00000f0f x00=00000000 addi    a4,a5,0
PC=00000490 [fe445783] x15=fffff0f0 x08=00500000 x04=00000000 lhu     a5,-28(s0)
PC=00000494 [40f707b3] x15=00001e1f x14=00000f0f x15=fffff0f0 sub     a5,a4,a5
PC=00000498 [fef41123] x02=004fffe0 x08=00500000 x15=00001e1f sh      a5,-30(s0)
PC=0000049c [fe041123] x02=004fffe0 x08=00500000 x00=00000000 sh      zero,-30(s0)
PC=000004a0 [ffffb7b7] x15=ffffb000 x31=00000000 x31=00000000 lui     a5,-20480
PC=000004a4 [aaa78793] x15=ffffaaaa x15=ffffb000 x10=00000000 addi    a5,a5,-1366
PC=000004a8 [fef41323] x06=00000000 x08=00500000 x15=ffffaaaa sh      a5,-26(s0)
PC=000004ac [000057b7] x15=00005000 x00=00000000 x00=00000000 lui     a5,20480
PC=000004b0 [55578793] x15=00005555 x15=00005000 x21=00000000 addi    a5,a5,1365
PC=000004b4 [fef41223] x04=00000000 x08=00500000 x15=00005555 sh      a5,-28(s0)
PC=000004b8 [fe645783] x15=ffffaaaa x08=00500000 x06=00000000 lhu     a5,-26(s0)
PC=000004bc [00078713] x14=ffffaaaa x15=ffffaaaa x00=00000000 addi    a4,a5,0
PC=000004c0 [fe445783] x15=00005555 x08=00500000 x04=00000000 lhu     a5,-28(s0)
PC=000004c4 [40f707b3] x15=ffff5555 x14=ffffaaaa x15=00005555 sub     a5,a4,a5
PC=000004c8 [fef41123] x02=004fffe0 x08=00500000 x15=ffff5555 sh      a5,-30(s0)
PC=000004cc [fe041123] x02=004fffe0 x08=00500000 x00=00000000 sh      zero,-30(s0)
PC=000004d0 [00f00793] x15=0000000f x00=00000000 x15=ffff5555 addi    a5,zero,15
PC=000004d4 [fef41023] x00=00000000 x08=00500000 x15=0000000f sh      a5,-32(s0)
PC=000004d8 [fe045783] x15=0000000f x08=00500000 x00=00000000 lhu     a5,-32(s0)
PC=000004dc [fff78793] x15=0000000e x15=0000000f x31=00000000 addi    a5,a5,-1
PC=000004e0 [fef41023] x00=00000000 x08=00500000 x15=0000000e sh      a5,-32(s0)
PC=000004e4 [fe045783] x15=0000000e x08=00500000 x00=00000000 lhu     a5,-32(s0)
PC=000004e8 [ffe78793] x15=0000000c x15=0000000e x30=00000000 addi    a5,a5,-2
PC=000004ec [fef41023] x00=00000000 x08=00500000 x15=0000000c sh      a5,-32(s0)
PC=000004f0 [fe045783] x15=0000000c x08=00500000 x00=00000000 lhu     a5,-32(s0)
PC=000004f4 [ffd78793] x15=00000009 x15=0000000c x29=00000000 addi    a5,a5,-3
PC=000004f8 [fef41023] x00=00000000 x08=00500000 x15=00000009 sh      a5,-32(s0)
PC=000004fc [fe045783] x15=00000009 x08=00500000 x00=00000000 lhu     a5,-32(s0)
PC=00000500 [ffc78793] x15=00000005 x15=00000009 x28=00000000 addi    a5,a5,-4
PC=00000504 [fef41023] x00=00000000 x08=00500000 x15=00000005 sh      a5,-32(s0)
PC=00000508 [fe045783] x15=00000005 x08=00500000 x00=00000000 lhu     a5,-32(s0)
PC=0000050c [ffb78793] x15=00000000 x15=00000005 x27=00000000 addi    a5,a5,-5
PC=00000510 [fef41023] x00=00000000 x08=00500000 x15=00000000 sh      a5,-32(s0)
PC=00000514 [fe041023] x00=00000000 x08=00500000 x00=00000000 sh      zero,-32(s0)
PC=00000518 [fe041423] x08=00500000 x08=00500000 x00=00000000 sh      zero,-24(s0)
PC=0000051c [fe845783] x15=00000000 x08=00500000 x08=00500000 lhu     a5,-24(s0)
PC=00000520 [00178793] x15=00000001 x15=00000000 x01=000001e0 addi    a5,a5,1
PC=00000524 [01079793] x15=00010000 x15=00000001 x16=00000000 slli    a5,a5,16
PC=00000528 [0107d793] x15=00000001 x15=00010000 x16=00000000 srli    a5,a5,16
PC=0000052c [fef41423] x08=00500000 x08=00500000 x15=00000001 sh      a5,-24(s0)
PC=00000530 [fe845783] x15=00000001 x08=00500000 x08=00500000 lhu     a5,-24(s0)
PC=00000534 [00278793] x15=00000003 x15=00000001 x02=004fffe0 addi    a5,a5,2
PC=00000538 [01079793] x15=00030000 x15=00000003 x16=00000000 slli    a5,a5,16
PC=0000053c [0107d793] x15=00000003 x15=00030000 x16=00000000 srli    a5,a5,16
PC=00000540 [fef41423] x08=00500000 x08=00500000 x15=00000003 sh      a5,-24(s0)
PC=00000544 [fe845783] x15=00000003 x08=00500000 x08=00500000 lhu     a5,-24(s0)
PC=00000548 [00378793] x15=00000006 x15=00000003 x03=00000000 addi    a5,a5,3
PC=0000054c [01079793] x15=00060000 x15=00000006 x16=00000000 slli    a5,a5,16
PC=00000550 [0107d793] x15=00000006 x15=00060000 x16=00000000 srli    a5,a5,16
PC=00000554 [fef41423] x08=00500000 x08=00500000 x15=00000006 sh      a5,-24(s0)
PC=00000558 [fe845783] x15=00000006 x08=00500000 x08=00500000 lhu     a5,-24(s0)
PC=0000055c [00478793] x15=0000000a x15=00000006 x04=00000000 addi    a5,a5,4
PC=00000560 [01079793] x15=000a0000 x15=0000000a x16=00000000 slli    a5,a5,16
PC=00000564 [0107d793] x15=0000000a x15=000a0000 x16=00000000 srli    a5,a5,16
PC=00000568 [fef41423] x08=00500000 x08=00500000 x15=0000000a sh      a5,-24(s0)
PC=0000056c [fe845783] x15=0000000a x08=00500000 x08=00500000 lhu     a5,-24(s0)
PC=00000570 [00578793] x15=0000000f x15=0000000a x05=00000000 addi    a5,a5,5
PC=00000574 [01079793] x15=000f0000 x15=0000000f x16=00000000 slli    a5,a5,16
PC=00000578 [0107d793] x15=0000000f x15=000f0000 x16=00000000 srli    a5,a5,16
PC=0000057c [fef41423] x08=00500000 x08=00500000 x15=0000000f sh      a5,-24(s0)
PC=00000580 [fe041423] x08=00500000 x08=00500000 x00=00000000 sh      zero,-24(s0)
PC=00000584 [fe041023] x00=00000000 x08=00500000 x00=00000000 sh      zero,-32(s0)
PC=00000588 [fe045783] x15=00000000 x08=00500000 x00=00000000 lhu     a5,-32(s0)
PC=0000058c [00178793] x15=00000001 x15=00000000 x01=000001e0 addi    a5,a5,1
PC=00000590 [fef41023] x00=00000000 x08=00500000 x15=00000001 sh      a5,-32(s0)
PC=00000594 [fe045783] x15=00000001 x08=00500000 x00=00000000 lhu     a5,-32(s0)
PC=00000598 [00278793] x15=00000003 x15=00000001 x02=004fffe0 addi    a5,a5,2
PC=0000059c [fef41023] x00=00000000 x08=00500000 x15=00000003 sh      a5,-32(s0)
PC=000005a0 [fe045783] x15=00000003 x08=00500000 x00=00000000 lhu     a5,-32(s0)
PC=000005a4 [00378793] x15=00000006 x15=00000003 x03=00000000 addi    a5,a5,3
PC=000005a8 [fef41023] x00=00000000 x08=00500000 x15=00000006 sh      a5,-32(s0)
PC=000005ac [fe045783] x15=00000006 x08=00500000 x00=00000000 lhu     a5,-32(s0)
PC=000005b0 [00478793] x15=0000000a x15=00000006 x04=00000000 addi    a5,a5,4
PC=000005b4 [fef41023] x00=00000000 x08=00500000 x15=0000000a sh      a5,-32(s0)
PC=000005b8 [fe045783] x15=0000000a x08=00500000 x00=00000000 lhu     a5,-32(s0)
PC=000005bc [00578793] x15=0000000f x15=0000000a x05=00000000 addi    a5,a5,5
PC=000005c0 [fef41023] x00=00000000 x08=00500000 x15=0000000f sh      a5,-32(s0)
PC=000005c4 [fe041023] x00=00000000 x08=00500000 x00=00000000 sh      zero,-32(s0)
PC=000005c8 [00000793] x15=00000000 x00=00000000 x00=00000000 addi    a5,zero,0
PC=000005cc [00078513] x10=00000000 x15=00000000 x00=00000000 addi    a0,a5,0
PC=000005d0 [01c12403] x08=00000000 x02=004fffe0 x28=00000000 lw      s0,28(sp)
PC=000005d4 [02010113] x02=00500000 x02=004fffe0 x00=00000000 addi    sp,sp,32
PC=000005d8 [00008067] x00=000005dc x01=000001e0 x00=00000000 jalr    zero,ra,0
PC=000001e0 [200002b7] x05=20000000 x00=000005dc x00=000005dc lui     t0,536870912
PC=000001e4 [00100073] x00=000005dc x00=000005dc x01=000001e0 ebreak 
