PC=000001d8 [00500137] x02=00500000 x00=00000000 x05=00000000 lui     sp,5242880
PC=000001dc [00c000ef] x01=000001e0 x00=00000000 x12=00000000 jal     ra,12
PC=000001e8 [fd010113] x02=004fffd0 x02=00500000 x16=00000000 addi    sp,sp,-48
PC=000001ec [02812623] x12=00000000 x02=004fffd0 x08=00000000 sw      s0,44(sp)
PC=000001f0 [03010413] x08=00500000 x02=004fffd0 x16=00000000 addi    s0,sp,48
PC=000001f4 [000107b7] x15=00010000 x02=004fffd0 x00=00000000 lui     a5,65536
PC=000001f8 [fff78793] x15=0000ffff x15=00010000 x31=00000000 addi    a5,a5,-1
PC=000001fc [fef42623] x12=00000000 x08=00500000 x15=0000ffff sw      a5,-20(s0)
PC=00000200 [ffff07b7] x15=ffff0000 x30=00000000 x31=00000000 lui     a5,-65536
PC=00000204 [fef42423] x08=00500000 x08=00500000 x15=ffff0000 sw      a5,-24(s0)
PC=00000208 [fec42703] x14=0000ffff x08=00500000 x12=00000000 lw      a4,-20(s0)
PC=0000020c [fe842783] x15=ffff0000 x08=00500000 x08=00500000 lw      a5,-24(s0)
PC=00000210 [40f707b3] x15=0001ffff x14=0000ffff x15=ffff0000 sub     a5,a4,a5
PC=00000214 [fef42223] x04=00000000 x08=00500000 x15=0001ffff sw      a5,-28(s0)
PC=00000218 [fe042223] x04=00000000 x08=00500000 x00=00000000 sw      zero,-28(s0)
PC=0000021c [fec00793] x15=ffffffec x00=00000000 x12=00000000 addi    a5,zero,-20
PC=00000220 [fef42623] x12=00000000 x08=00500000 x15=ffffffec sw      a5,-20(s0)
PC=00000224 [fe200793] x15=ffffffe2 x00=00000000 x02=004fffd0 addi    a5,zero,-30
PC=00000228 [fef42423] x08=00500000 x08=00500000 x15=ffffffe2 sw      a5,-24(s0)
PC=0000022c [fec42703] x14=ffffffec x08=00500000 x12=00000000 lw      a4,-20(s0)
PC=00000230 [fe842783] x15=ffffffe2 x08=00500000 x08=00500000 lw      a5,-24(s0)
PC=00000234 [40f707b3] x15=0000000a x14=ffffffec x15=ffffffe2 sub     a5,a4,a5
PC=00000238 [fef42223] x04=00000000 x08=00500000 x15=0000000a sw      a5,-28(s0)
PC=0000023c [fe042223] x04=00000000 x08=00500000 x00=00000000 sw      zero,-28(s0)
PC=00000240 [ffe00793] x15=fffffffe x00=00000000 x30=00000000 addi    a5,zero,-2
PC=00000244 [fef42623] x12=00000000 x08=00500000 x15=fffffffe sw      a5,-20(s0)
PC=00000248 [00200793] x15=00000002 x00=00000000 x02=004fffd0 addi    a5,zero,2
PC=0000024c [fef42423] x08=00500000 x08=00500000 x15=00000002 sw      a5,-24(s0)
PC=00000250 [fec42703] x14=fffffffe x08=00500000 x12=00000000 lw      a4,-20(s0)
PC=00000254 [fe842783] x15=00000002 x08=00500000 x08=00500000 lw      a5,-24(s0)
PC=00000258 [40f707b3] x15=fffffffc x14=fffffffe x15=00000002 sub     a5,a4,a5
PC=0000025c [fef42223] x04=00000000 x08=00500000 x15=fffffffc sw      a5,-28(s0)
PC=00000260 [fe042223] x04=00000000 x08=00500000 x00=00000000 sw      zero,-28(s0)
PC=00000264 [00a00793] x15=0000000a x00=00000000 x10=00000000 addi    a5,zero,10
PC=00000268 [fef42623] x12=00000000 x08=00500000 x15=0000000a sw      a5,-20(s0)
PC=0000026c [ffb00793] x15=fffffffb x00=00000000 x27=00000000 addi    a5,zero,-5
PC=00000270 [fef42423] x08=00500000 x08=00500000 x15=fffffffb sw      a5,-24(s0)
PC=00000274 [fec42703] x14=0000000a x08=00500000 x12=00000000 lw      a4,-20(s0)
PC=00000278 [fe842783] x15=fffffffb x08=00500000 x08=00500000 lw      a5,-24(s0)
PC=0000027c [40f707b3] x15=0000000f x14=0000000a x15=fffffffb sub     a5,a4,a5
PC=00000280 [fef42223] x04=00000000 x08=00500000 x15=0000000f sw      a5,-28(s0)
PC=00000284 [fe042223] x04=00000000 x08=00500000 x00=00000000 sw      zero,-28(s0)
PC=00000288 [00500793] x15=00000005 x00=00000000 x05=00000000 addi    a5,zero,5
PC=0000028c [fef42623] x12=00000000 x08=00500000 x15=00000005 sw      a5,-20(s0)
PC=00000290 [ff600793] x15=fffffff6 x00=00000000 x22=00000000 addi    a5,zero,-10
PC=00000294 [fef42423] x08=00500000 x08=00500000 x15=fffffff6 sw      a5,-24(s0)
PC=00000298 [fec42703] x14=00000005 x08=00500000 x12=00000000 lw      a4,-20(s0)
PC=0000029c [fe842783] x15=fffffff6 x08=00500000 x08=00500000 lw      a5,-24(s0)
PC=000002a0 [40f707b3] x15=0000000f x14=00000005 x15=fffffff6 sub     a5,a4,a5
PC=000002a4 [fef42223] x04=00000000 x08=00500000 x15=0000000f sw      a5,-28(s0)
PC=000002a8 [fe042223] x04=00000000 x08=00500000 x00=00000000 sw      zero,-28(s0)
PC=000002ac [0f0f17b7] x15=0f0f1000 x30=00000000 x16=00000000 lui     a5,252645376
PC=000002b0 [f0f78793] x15=0f0f0f0f x15=0f0f1000 x15=0f0f1000 addi    a5,a5,-241
PC=000002b4 [fef42623] x12=00000000 x08=00500000 x15=0f0f0f0f sw      a5,-20(s0)
PC=000002b8 [f0f0f7b7] x15=f0f0f000 x01=000001e0 x15=0f0f0f0f lui     a5,-252645376
PC=000002bc [0f078793] x15=f0f0f0f0 x15=f0f0f000 x16=00000000 addi    a5,a5,240
PC=000002c0 [fef42423] x08=00500000 x08=00500000 x15=f0f0f0f0 sw      a5,-24(s0)
PC=000002c4 [fec42703] x14=0f0f0f0f x08=00500000 x12=00000000 lw      a4,-20(s0)
PC=000002c8 [fe842783] x15=f0f0f0f0 x08=00500000 x08=00500000 lw      a5,-24(s0)
PC=000002cc [40f707b3] x15=1e1e1e1f x14=0f0f0f0f x15=f0f0f0f0 sub     a5,a4,a5
PC=000002d0 [fef42223] x04=00000000 x08=00500000 x15=1e1e1e1f sw      a5,-28(s0)
PC=000002d4 [fe042223] x04=00000000 x08=00500000 x00=00000000 sw      zero,-28(s0)
PC=000002d8 [aaaab7b7] x15=aaaab000 x21=00000000 x10=00000000 lui     a5,-1431654400
PC=000002dc [aaa78793] x15=aaaaaaaa x15=aaaab000 x10=00000000 addi    a5,a5,-1366
PC=000002e0 [fef42623] x12=00000000 x08=00500000 x15=aaaaaaaa sw      a5,-20(s0)
PC=000002e4 [555557b7] x15=55555000 x10=00000000 x21=00000000 lui     a5,1431654400
PC=000002e8 [55578793] x15=55555555 x15=55555000 x21=00000000 addi    a5,a5,1365
PC=000002ec [fef42423] x08=00500000 x08=00500000 x15=55555555 sw      a5,-24(s0)
PC=000002f0 [fec42703] x14=aaaaaaaa x08=00500000 x12=00000000 lw      a4,-20(s0)
PC=000002f4 [fe842783] x15=55555555 x08=00500000 x08=00500000 lw      a5,-24(s0)
PC=000002f8 [40f707b3] x15=55555555 x14=aaaaaaaa x15=55555555 sub     a5,a4,a5
PC=000002fc [fef42223] x04=00000000 x08=00500000 x15=55555555 sw      a5,-28(s0)
PC=00000300 [fe042223] x04=00000000 x08=00500000 x00=00000000 sw      zero,-28(s0)
PC=00000304 [00f00793] x15=0000000f x00=00000000 x15=55555555 addi    a5,zero,15
PC=00000308 [fef42023] x00=00000000 x08=00500000 x15=0000000f sw      a5,-32(s0)
PC=0000030c [fe042783] x15=0000000f x08=00500000 x00=00000000 lw      a5,-32(s0)
PC=00000310 [fff78793] x15=0000000e x15=0000000f x31=00000000 addi    a5,a5,-1
PC=00000314 [fef42023] x00=00000000 x08=00500000 x15=0000000e sw      a5,-32(s0)
PC=00000318 [fe042783] x15=0000000e x08=00500000 x00=00000000 lw      a5,-32(s0)
PC=0000031c [ffe78793] x15=0000000c x15=0000000e x30=00000000 addi    a5,a5,-2
PC=00000320 [fef42023] x00=00000000 x08=00500000 x15=0000000c sw      a5,-32(s0)
PC=00000324 [fe042783] x15=0000000c x08=00500000 x00=00000000 lw      a5,-32(s0)
PC=00000328 [ffd78793] x15=00000009 x15=0000000c x29=00000000 addi    a5,a5,-3
PC=0000032c [fef42023] x00=00000000 x08=00500000 x15=00000009 sw      a5,-32(s0)
PC=00000330 [fe042783] x15=00000009 x08=00500000 x00=00000000 lw      a5,-32(s0)
PC=00000334 [ffc78793] x15=00000005 x15=00000009 x28=00000000 addi    a5,a5,-4
PC=00000338 [fef42023] x00=00000000 x08=00500000 x15=00000005 sw      a5,-32(s0)
PC=0000033c [fe042783] x15=00000005 x08=00500000 x00=00000000 lw      a5,-32(s0)
PC=00000340 [ffb78793] x15=00000000 x15=00000005 x27=00000000 addi    a5,a5,-5
PC=00000344 [fef42023] x00=00000000 x08=00500000 x15=00000000 sw      a5,-32(s0)
PC=00000348 [fe042023] x00=00000000 x08=00500000 x00=00000000 sw      zero,-32(s0)
PC=0000034c [000107b7] x15=00010000 x02=004fffd0 x00=00000000 lui     a5,65536
PC=00000350 [fff78793] x15=0000ffff x15=00010000 x31=00000000 addi    a5,a5,-1
PC=00000354 [fcf42e23] x28=00000000 x08=00500000 x15=0000ffff sw      a5,-36(s0)
PC=00000358 [ffff07b7] x15=ffff0000 x30=00000000 x31=00000000 lui     a5,-65536
PC=0000035c [fcf42c23] x24=00000000 x08=00500000 x15=ffff0000 sw      a5,-40(s0)
PC=00000360 [fdc42703] x14=0000ffff x08=00500000 x28=00000000 lw      a4,-36(s0)
PC=00000364 [fd842783] x15=ffff0000 x08=00500000 x24=00000000 lw      a5,-40(s0)
PC=00000368 [40f707b3] x15=0001ffff x14=0000ffff x15=ffff0000 sub     a5,a4,a5
PC=0000036c [fcf42a23] x20=00000000 x08=00500000 x15=0001ffff sw      a5,-44(s0)
PC=00000370 [fc042a23] x20=00000000 x08=00500000 x00=00000000 sw      zero,-44(s0)
PC=00000374 [fec00793] x15=ffffffec x00=00000000 x12=00000000 addi    a5,zero,-20
PC=00000378 [fcf42e23] x28=00000000 x08=00500000 x15=ffffffec sw      a5,-36(s0)
PC=0000037c [fe200793] x15=ffffffe2 x00=00000000 x02=004fffd0 addi    a5,zero,-30
PC=00000380 [fcf42c23] x24=00000000 x08=00500000 x15=ffffffe2 sw      a5,-40(s0)
PC=00000384 [fdc42703] x14=ffffffec x08=00500000 x28=00000000 lw      a4,-36(s0)
PC=00000388 [fd842783] x15=ffffffe2 x08=00500000 x24=00000000 lw      a5,-40(s0)
PC=0000038c [40f707b3] x15=0000000a x14=ffffffec x15=ffffffe2 sub     a5,a4,a5
PC=00000390 [fcf42a23] x20=00000000 x08=00500000 x15=0000000a sw      a5,-44(s0)
PC=00000394 [fc042a23] x20=00000000 x08=00500000 x00=00000000 sw      zero,-44(s0)
PC=00000398 [ffe00793] x15=fffffffe x00=00000000 x30=00000000 addi    a5,zero,-2
PC=0000039c [fcf42e23] x28=00000000 x08=00500000 x15=fffffffe sw      a5,-36(s0)
PC=000003a0 [00200793] x15=00000002 x00=00000000 x02=004fffd0 addi    a5,zero,2
PC=000003a4 [fcf42c23] x24=00000000 x08=00500000 x15=00000002 sw      a5,-40(s0)
PC=000003a8 [fdc42703] x14=fffffffe x08=00500000 x28=00000000 lw      a4,-36(s0)
PC=000003ac [fd842783] x15=00000002 x08=00500000 x24=00000000 lw      a5,-40(s0)
PC=000003b0 [40f707b3] x15=fffffffc x14=fffffffe x15=00000002 sub     a5,a4,a5
PC=000003b4 [fcf42a23] x20=00000000 x08=00500000 x15=fffffffc sw      a5,-44(s0)
PC=000003b8 [fc042a23] x20=00000000 x08=00500000 x00=00000000 sw      zero,-44(s0)
PC=000003bc [00a00793] x15=0000000a x00=00000000 x10=00000000 addi    a5,zero,10
PC=000003c0 [fcf42e23] x28=00000000 x08=00500000 x15=0000000a sw      a5,-36(s0)
PC=000003c4 [ffb00793] x15=fffffffb x00=00000000 x27=00000000 addi    a5,zero,-5
PC=000003c8 [fcf42c23] x24=00000000 x08=00500000 x15=fffffffb sw      a5,-40(s0)
PC=000003cc [fdc42703] x14=0000000a x08=00500000 x28=00000000 lw      a4,-36(s0)
PC=000003d0 [fd842783] x15=fffffffb x08=00500000 x24=00000000 lw      a5,-40(s0)
PC=000003d4 [40f707b3] x15=0000000f x14=0000000a x15=fffffffb sub     a5,a4,a5
PC=000003d8 [fcf42a23] x20=00000000 x08=00500000 x15=0000000f sw      a5,-44(s0)
PC=000003dc [fc042a23] x20=00000000 x08=00500000 x00=00000000 sw      zero,-44(s0)
PC=000003e0 [00500793] x15=00000005 x00=00000000 x05=00000000 addi    a5,zero,5
PC=000003e4 [fcf42e23] x28=00000000 x08=00500000 x15=00000005 sw      a5,-36(s0)
PC=000003e8 [ff600793] x15=fffffff6 x00=00000000 x22=00000000 addi    a5,zero,-10
PC=000003ec [fcf42c23] x24=00000000 x08=00500000 x15=fffffff6 sw      a5,-40(s0)
PC=000003f0 [fdc42703] x14=00000005 x08=00500000 x28=00000000 lw      a4,-36(s0)
PC=000003f4 [fd842783] x15=fffffff6 x08=00500000 x24=00000000 lw      a5,-40(s0)
PC=000003f8 [40f707b3] x15=0000000f x14=00000005 x15=fffffff6 sub     a5,a4,a5
PC=000003fc [fcf42a23] x20=00000000 x08=00500000 x15=0000000f sw      a5,-44(s0)
PC=00000400 [fc042a23] x20=00000000 x08=00500000 x00=00000000 sw      zero,-44(s0)
PC=00000404 [0f0f17b7] x15=0f0f1000 x30=00000000 x16=00000000 lui     a5,252645376
PC=00000408 [f0f78793] x15=0f0f0f0f x15=0f0f1000 x15=0f0f1000 addi    a5,a5,-241
PC=0000040c [fcf42e23] x28=00000000 x08=00500000 x15=0f0f0f0f sw      a5,-36(s0)
PC=00000410 [f0f0f7b7] x15=f0f0f000 x01=000001e0 x15=0f0f0f0f lui     a5,-252645376
PC=00000414 [0f078793] x15=f0f0f0f0 x15=f0f0f000 x16=00000000 addi    a5,a5,240
PC=00000418 [fcf42c23] x24=00000000 x08=00500000 x15=f0f0f0f0 sw      a5,-40(s0)
PC=0000041c [fdc42703] x14=0f0f0f0f x08=00500000 x28=00000000 lw      a4,-36(s0)
PC=00000420 [fd842783] x15=f0f0f0f0 x08=00500000 x24=00000000 lw      a5,-40(s0)
PC=00000424 [40f707b3] x15=1e1e1e1f x14=0f0f0f0f x15=f0f0f0f0 sub     a5,a4,a5
PC=00000428 [fcf42a23] x20=00000000 x08=00500000 x15=1e1e1e1f sw      a5,-44(s0)
PC=0000042c [fc042a23] x20=00000000 x08=00500000 x00=00000000 sw      zero,-44(s0)
PC=00000430 [aaaab7b7] x15=aaaab000 x21=00000000 x10=00000000 lui     a5,-1431654400
PC=00000434 [aaa78793] x15=aaaaaaaa x15=aaaab000 x10=00000000 addi    a5,a5,-1366
PC=00000438 [fcf42e23] x28=00000000 x08=00500000 x15=aaaaaaaa sw      a5,-36(s0)
PC=0000043c [555557b7] x15=55555000 x10=00000000 x21=00000000 lui     a5,1431654400
PC=00000440 [55578793] x15=55555555 x15=55555000 x21=00000000 addi    a5,a5,1365
PC=00000444 [fcf42c23] x24=00000000 x08=00500000 x15=55555555 sw      a5,-40(s0)
PC=00000448 [fdc42703] x14=aaaaaaaa x08=00500000 x28=00000000 lw      a4,-36(s0)
PC=0000044c [fd842783] x15=55555555 x08=00500000 x24=00000000 lw      a5,-40(s0)
PC=00000450 [40f707b3] x15=55555555 x14=aaaaaaaa x15=55555555 sub     a5,a4,a5
PC=00000454 [fcf42a23] x20=00000000 x08=00500000 x15=55555555 sw      a5,-44(s0)
PC=00000458 [fc042a23] x20=00000000 x08=00500000 x00=00000000 sw      zero,-44(s0)
PC=0000045c [00f00793] x15=0000000f x00=00000000 x15=55555555 addi    a5,zero,15
PC=00000460 [fcf42823] x16=00000000 x08=00500000 x15=0000000f sw      a5,-48(s0)
PC=00000464 [fd042783] x15=0000000f x08=00500000 x16=00000000 lw      a5,-48(s0)
PC=00000468 [fff78793] x15=0000000e x15=0000000f x31=00000000 addi    a5,a5,-1
PC=0000046c [fcf42823] x16=00000000 x08=00500000 x15=0000000e sw      a5,-48(s0)
PC=00000470 [fd042783] x15=0000000e x08=00500000 x16=00000000 lw      a5,-48(s0)
PC=00000474 [ffe78793] x15=0000000c x15=0000000e x30=00000000 addi    a5,a5,-2
PC=00000478 [fcf42823] x16=00000000 x08=00500000 x15=0000000c sw      a5,-48(s0)
PC=0000047c [fd042783] x15=0000000c x08=00500000 x16=00000000 lw      a5,-48(s0)
PC=00000480 [ffd78793] x15=00000009 x15=0000000c x29=00000000 addi    a5,a5,-3
PC=00000484 [fcf42823] x16=00000000 x08=00500000 x15=00000009 sw      a5,-48(s0)
PC=00000488 [fd042783] x15=00000009 x08=00500000 x16=00000000 lw      a5,-48(s0)
PC=0000048c [ffc78793] x15=00000005 x15=00000009 x28=00000000 addi    a5,a5,-4
PC=00000490 [fcf42823] x16=00000000 x08=00500000 x15=00000005 sw      a5,-48(s0)
PC=00000494 [fd042783] x15=00000005 x08=00500000 x16=00000000 lw      a5,-48(s0)
PC=00000498 [ffb78793] x15=00000000 x15=00000005 x27=00000000 addi    a5,a5,-5
PC=0000049c [fcf42823] x16=00000000 x08=00500000 x15=00000000 sw      a5,-48(s0)
PC=000004a0 [fc042823] x16=00000000 x08=00500000 x00=00000000 sw      zero,-48(s0)
PC=000004a4 [fe042023] x00=00000000 x08=00500000 x00=00000000 sw      zero,-32(s0)
PC=000004a8 [fe042783] x15=00000000 x08=00500000 x00=00000000 lw      a5,-32(s0)
PC=000004ac [00178793] x15=00000001 x15=00000000 x01=000001e0 addi    a5,a5,1
PC=000004b0 [fef42023] x00=00000000 x08=00500000 x15=00000001 sw      a5,-32(s0)
PC=000004b4 [fe042783] x15=00000001 x08=00500000 x00=00000000 lw      a5,-32(s0)
PC=000004b8 [00278793] x15=00000003 x15=00000001 x02=004fffd0 addi    a5,a5,2
PC=000004bc [fef42023] x00=00000000 x08=00500000 x15=00000003 sw      a5,-32(s0)
PC=000004c0 [fe042783] x15=00000003 x08=00500000 x00=00000000 lw      a5,-32(s0)
PC=000004c4 [00378793] x15=00000006 x15=00000003 x03=00000000 addi    a5,a5,3
PC=000004c8 [fef42023] x00=00000000 x08=00500000 x15=00000006 sw      a5,-32(s0)
PC=000004cc [fe042783] x15=00000006 x08=00500000 x00=00000000 lw      a5,-32(s0)
PC=000004d0 [00478793] x15=0000000a x15=00000006 x04=00000000 addi    a5,a5,4
PC=000004d4 [fef42023] x00=00000000 x08=00500000 x15=0000000a sw      a5,-32(s0)
PC=000004d8 [fe042783] x15=0000000a x08=00500000 x00=00000000 lw      a5,-32(s0)
PC=000004dc [00578793] x15=0000000f x15=0000000a x05=00000000 addi    a5,a5,5
PC=000004e0 [fef42023] x00=00000000 x08=00500000 x15=0000000f sw      a5,-32(s0)
PC=000004e4 [fe042023] x00=00000000 x08=00500000 x00=00000000 sw      zero,-32(s0)
PC=000004e8 [fc042823] x16=00000000 x08=00500000 x00=00000000 sw      zero,-48(s0)
PC=000004ec [fd042783] x15=00000000 x08=00500000 x16=00000000 lw      a5,-48(s0)
PC=000004f0 [00178793] x15=00000001 x15=00000000 x01=000001e0 addi    a5,a5,1
PC=000004f4 [fcf42823] x16=00000000 x08=00500000 x15=00000001 sw      a5,-48(s0)
PC=000004f8 [fd042783] x15=00000001 x08=00500000 x16=00000000 lw      a5,-48(s0)
PC=000004fc [00278793] x15=00000003 x15=00000001 x02=004fffd0 addi    a5,a5,2
PC=00000500 [fcf42823] x16=00000000 x08=00500000 x15=00000003 sw      a5,-48(s0)
PC=00000504 [fd042783] x15=00000003 x08=00500000 x16=00000000 lw      a5,-48(s0)
PC=00000508 [00378793] x15=00000006 x15=00000003 x03=00000000 addi    a5,a5,3
PC=0000050c [fcf42823] x16=00000000 x08=00500000 x15=00000006 sw      a5,-48(s0)
PC=00000510 [fd042783] x15=00000006 x08=00500000 x16=00000000 lw      a5,-48(s0)
PC=00000514 [00478793] x15=0000000a x15=00000006 x04=00000000 addi    a5,a5,4
PC=00000518 [fcf42823] x16=00000000 x08=00500000 x15=0000000a sw      a5,-48(s0)
PC=0000051c [fd042783] x15=0000000a x08=00500000 x16=00000000 lw      a5,-48(s0)
PC=00000520 [00578793] x15=0000000f x15=0000000a x05=00000000 addi    a5,a5,5
PC=00000524 [fcf42823] x16=00000000 x08=00500000 x15=0000000f sw      a5,-48(s0)
PC=00000528 [fc042823] x16=00000000 x08=00500000 x00=00000000 sw      zero,-48(s0)
PC=0000052c [00000793] x15=00000000 x00=00000000 x00=00000000 addi    a5,zero,0
PC=00000530 [00078513] x10=00000000 x15=00000000 x00=00000000 addi    a0,a5,0
PC=00000534 [02c12403] x08=00000000 x02=004fffd0 x12=00000000 lw      s0,44(sp)
PC=00000538 [03010113] x02=00500000 x02=004fffd0 x16=00000000 addi    sp,sp,48
PC=0000053c [00008067] x00=00000540 x01=000001e0 x00=00000000 jalr    zero,ra,0
PC=000001e0 [200002b7] x05=20000000 x00=00000540 x00=00000540 lui     t0,536870912
PC=000001e4 [00100073] x00=00000540 x00=00000540 x01=000001e0 ebreak 
