PC=000001d8 [00500137] x02=00500000 x00=00000000 x05=00000000 lui     sp,5242880
PC=000001dc [00c000ef] x01=000001e0 x00=00000000 x12=00000000 jal     ra,12
PC=000001e8 [ee010113] x02=004ffee0 x02=00500000 x00=00000000 addi    sp,sp,-288
PC=000001ec [10812e23] x28=00000000 x02=004ffee0 x08=00000000 sw      s0,284(sp)
PC=000001f0 [11212c23] x24=00000000 x02=004ffee0 x18=00000000 sw      s2,280(sp)
PC=000001f4 [11312a23] x20=00000000 x02=004ffee0 x19=00000000 sw      s3,276(sp)
PC=000001f8 [11412823] x16=00000000 x02=004ffee0 x20=00000000 sw      s4,272(sp)
PC=000001fc [11512623] x12=00000000 x02=004ffee0 x21=00000000 sw      s5,268(sp)
PC=00000200 [11612423] x08=00000000 x02=004ffee0 x22=00000000 sw      s6,264(sp)
PC=00000204 [11712223] x04=00000000 x02=004ffee0 x23=00000000 sw      s7,260(sp)
PC=00000208 [11812023] x00=00000000 x02=004ffee0 x24=00000000 sw      s8,256(sp)
PC=0000020c [0f912e23] x28=00000000 x02=004ffee0 x25=00000000 sw      s9,252(sp)
PC=00000210 [0fa12c23] x24=00000000 x02=004ffee0 x26=00000000 sw      s10,248(sp)
PC=00000214 [0fb12a23] x20=00000000 x02=004ffee0 x27=00000000 sw      s11,244(sp)
PC=00000218 [12010413] x08=00500000 x02=004ffee0 x00=00000000 addi    s0,sp,288
PC=0000021c [00200793] x15=00000002 x00=00000000 x02=004ffee0 addi    a5,zero,2
PC=00000220 [fcf42623] x12=00000000 x08=00500000 x15=00000002 sw      a5,-52(s0)
PC=00000224 [00400793] x15=00000004 x00=00000000 x04=00000000 addi    a5,zero,4
PC=00000228 [fcf42423] x08=00500000 x08=00500000 x15=00000004 sw      a5,-56(s0)
PC=0000022c [fcc42783] x15=00000000 x08=00500000 x12=00000000 lw      a5,-52(s0)
PC=00000230 [00078513] x10=00000000 x15=00000000 x00=00000000 addi    a0,a5,0
PC=00000234 [41f7d793] x15=00000000 x15=00000000 x31=00000000 srai    a5,a5,31
PC=00000238 [00078593] x11=00000000 x15=00000000 x00=00000000 addi    a1,a5,0
PC=0000023c [fc842783] x15=00000000 x08=00500000 x08=00500000 lw      a5,-56(s0)
PC=00000240 [00078613] x12=00000000 x15=00000000 x00=00000000 addi    a2,a5,0
PC=00000244 [41f7d793] x15=00000000 x15=00000000 x31=00000000 srai    a5,a5,31
PC=00000248 [00078693] x13=00000000 x15=00000000 x00=00000000 addi    a3,a5,0
PC=0000024c [02c58733] x14=00000000 x11=00000000 x12=00000000 mul     a4,a1,a2
PC=00000250 [02a687b3] x15=00000000 x13=00000000 x10=00000000 mul     a5,a3,a0
PC=00000254 [00f70733] x14=00000000 x14=00000000 x15=00000000 add     a4,a4,a5
PC=00000258 [02c507b3] x15=00000000 x10=00000000 x12=00000000 mul     a5,a0,a2
PC=0000025c [02c538b3] x17=00000000 x10=00000000 x12=00000000 mulhu   a7,a0,a2
PC=00000260 [00078813] x16=00000000 x15=00000000 x00=00000000 addi    a6,a5,0
PC=00000264 [011707b3] x15=00000000 x14=00000000 x17=00000000 add     a5,a4,a7
PC=00000268 [00078893] x17=00000000 x15=00000000 x00=00000000 addi    a7,a5,0
PC=0000026c [fd042023] x00=00000000 x08=00500000 x16=00000000 sw      a6,-64(s0)
PC=00000270 [fd142223] x04=00000000 x08=00500000 x17=00000000 sw      a7,-60(s0)
PC=00000274 [fd042023] x00=00000000 x08=00500000 x16=00000000 sw      a6,-64(s0)
PC=00000278 [fd142223] x04=00000000 x08=00500000 x17=00000000 sw      a7,-60(s0)
PC=0000027c [00000613] x12=00000000 x00=00000000 x00=00000000 addi    a2,zero,0
PC=00000280 [00000693] x13=00000000 x00=00000000 x00=00000000 addi    a3,zero,0
PC=00000284 [fcc42023] x00=00000000 x08=00500000 x12=00000000 sw      a2,-64(s0)
PC=00000288 [fcd42223] x04=00000000 x08=00500000 x13=00000000 sw      a3,-60(s0)
PC=0000028c [fff00793] x15=ffffffff x00=00000000 x31=00000000 addi    a5,zero,-1
PC=00000290 [fcf42623] x12=00000000 x08=00500000 x15=ffffffff sw      a5,-52(s0)
PC=00000294 [fff00793] x15=ffffffff x00=00000000 x31=00000000 addi    a5,zero,-1
PC=00000298 [fcf42423] x08=00500000 x08=00500000 x15=ffffffff sw      a5,-56(s0)
PC=0000029c [fcc42783] x15=00000000 x08=00500000 x12=00000000 lw      a5,-52(s0)
PC=000002a0 [00078e13] x28=00000000 x15=00000000 x00=00000000 addi    t3,a5,0
PC=000002a4 [41f7d793] x15=00000000 x15=00000000 x31=00000000 srai    a5,a5,31
PC=000002a8 [00078e93] x29=00000000 x15=00000000 x00=00000000 addi    t4,a5,0
PC=000002ac [fc842783] x15=00000000 x08=00500000 x08=00500000 lw      a5,-56(s0)
PC=000002b0 [00078313] x06=00000000 x15=00000000 x00=00000000 addi    t1,a5,0
PC=000002b4 [41f7d793] x15=00000000 x15=00000000 x31=00000000 srai    a5,a5,31
PC=000002b8 [00078393] x07=00000000 x15=00000000 x00=00000000 addi    t2,a5,0
PC=000002bc [026e8733] x14=00000000 x29=00000000 x06=00000000 mul     a4,t4,t1
PC=000002c0 [03c387b3] x15=00000000 x07=00000000 x28=00000000 mul     a5,t2,t3
PC=000002c4 [00f70733] x14=00000000 x14=00000000 x15=00000000 add     a4,a4,a5
PC=000002c8 [026e07b3] x15=00000000 x28=00000000 x06=00000000 mul     a5,t3,t1
PC=000002cc [026e3fb3] x31=00000000 x28=00000000 x06=00000000 mulhu   t6,t3,t1
PC=000002d0 [00078f13] x30=00000000 x15=00000000 x00=00000000 addi    t5,a5,0
PC=000002d4 [01f707b3] x15=00000000 x14=00000000 x31=00000000 add     a5,a4,t6
PC=000002d8 [00078f93] x31=00000000 x15=00000000 x00=00000000 addi    t6,a5,0
PC=000002dc [fde42023] x00=00000000 x08=00500000 x30=00000000 sw      t5,-64(s0)
PC=000002e0 [fdf42223] x04=00000000 x08=00500000 x31=00000000 sw      t6,-60(s0)
PC=000002e4 [fde42023] x00=00000000 x08=00500000 x30=00000000 sw      t5,-64(s0)
PC=000002e8 [fdf42223] x04=00000000 x08=00500000 x31=00000000 sw      t6,-60(s0)
PC=000002ec [fcc42023] x00=00000000 x08=00500000 x12=00000000 sw      a2,-64(s0)
PC=000002f0 [fcd42223] x04=00000000 x08=00500000 x13=00000000 sw      a3,-60(s0)
PC=000002f4 [fff00793] x15=ffffffff x00=00000000 x31=00000000 addi    a5,zero,-1
PC=000002f8 [fcf42623] x12=00000000 x08=00500000 x15=ffffffff sw      a5,-52(s0)
PC=000002fc [00100793] x15=00000001 x00=00000000 x01=000001e0 addi    a5,zero,1
PC=00000300 [fcf42423] x08=00500000 x08=00500000 x15=00000001 sw      a5,-56(s0)
PC=00000304 [fcc42783] x15=00000000 x08=00500000 x12=00000000 lw      a5,-52(s0)
PC=00000308 [00078a13] x20=00000000 x15=00000000 x00=00000000 addi    s4,a5,0
PC=0000030c [41f7d793] x15=00000000 x15=00000000 x31=00000000 srai    a5,a5,31
PC=00000310 [00078a93] x21=00000000 x15=00000000 x00=00000000 addi    s5,a5,0
PC=00000314 [fc842783] x15=00000000 x08=00500000 x08=00500000 lw      a5,-56(s0)
PC=00000318 [00078913] x18=00000000 x15=00000000 x00=00000000 addi    s2,a5,0
PC=0000031c [41f7d793] x15=00000000 x15=00000000 x31=00000000 srai    a5,a5,31
PC=00000320 [00078993] x19=00000000 x15=00000000 x00=00000000 addi    s3,a5,0
PC=00000324 [032a8733] x14=00000000 x21=00000000 x18=00000000 mul     a4,s5,s2
PC=00000328 [034987b3] x15=00000000 x19=00000000 x20=00000000 mul     a5,s3,s4
PC=0000032c [00f70733] x14=00000000 x14=00000000 x15=00000000 add     a4,a4,a5
PC=00000330 [032a07b3] x15=00000000 x20=00000000 x18=00000000 mul     a5,s4,s2
PC=00000334 [032a3bb3] x23=00000000 x20=00000000 x18=00000000 mulhu   s7,s4,s2
PC=00000338 [00078b13] x22=00000000 x15=00000000 x00=00000000 addi    s6,a5,0
PC=0000033c [017707b3] x15=00000000 x14=00000000 x23=00000000 add     a5,a4,s7
PC=00000340 [00078b93] x23=00000000 x15=00000000 x00=00000000 addi    s7,a5,0
PC=00000344 [fd642023] x00=00000000 x08=00500000 x22=00000000 sw      s6,-64(s0)
PC=00000348 [fd742223] x04=00000000 x08=00500000 x23=00000000 sw      s7,-60(s0)
PC=0000034c [fd642023] x00=00000000 x08=00500000 x22=00000000 sw      s6,-64(s0)
PC=00000350 [fd742223] x04=00000000 x08=00500000 x23=00000000 sw      s7,-60(s0)
PC=00000354 [fcc42023] x00=00000000 x08=00500000 x12=00000000 sw      a2,-64(s0)
PC=00000358 [fcd42223] x04=00000000 x08=00500000 x13=00000000 sw      a3,-60(s0)
PC=0000035c [fff00793] x15=ffffffff x00=00000000 x31=00000000 addi    a5,zero,-1
PC=00000360 [fcf42623] x12=00000000 x08=00500000 x15=ffffffff sw      a5,-52(s0)
PC=00000364 [00a00793] x15=0000000a x00=00000000 x10=00000000 addi    a5,zero,10
PC=00000368 [fcf42423] x08=00500000 x08=00500000 x15=0000000a sw      a5,-56(s0)
PC=0000036c [fcc42783] x15=00000000 x08=00500000 x12=00000000 lw      a5,-52(s0)
PC=00000370 [00078d13] x26=00000000 x15=00000000 x00=00000000 addi    s10,a5,0
PC=00000374 [41f7d793] x15=00000000 x15=00000000 x31=00000000 srai    a5,a5,31
PC=00000378 [00078d93] x27=00000000 x15=00000000 x00=00000000 addi    s11,a5,0
PC=0000037c [fc842783] x15=00000000 x08=00500000 x08=00500000 lw      a5,-56(s0)
PC=00000380 [00078c13] x24=00000000 x15=00000000 x00=00000000 addi    s8,a5,0
PC=00000384 [41f7d793] x15=00000000 x15=00000000 x31=00000000 srai    a5,a5,31
PC=00000388 [00078c93] x25=00000000 x15=00000000 x00=00000000 addi    s9,a5,0
PC=0000038c [038d8733] x14=00000000 x27=00000000 x24=00000000 mul     a4,s11,s8
PC=00000390 [03ac87b3] x15=00000000 x25=00000000 x26=00000000 mul     a5,s9,s10
PC=00000394 [00f70733] x14=00000000 x14=00000000 x15=00000000 add     a4,a4,a5
PC=00000398 [038d07b3] x15=00000000 x26=00000000 x24=00000000 mul     a5,s10,s8
PC=0000039c [038d35b3] x11=00000000 x26=00000000 x24=00000000 mulhu   a1,s10,s8
PC=000003a0 [fab42e23] x28=00000000 x08=00500000 x11=00000000 sw      a1,-68(s0)
PC=000003a4 [faf42c23] x24=00000000 x08=00500000 x15=00000000 sw      a5,-72(s0)
PC=000003a8 [fbc42783] x15=00000000 x08=00500000 x28=00000000 lw      a5,-68(s0)
PC=000003ac [00f707b3] x15=00000000 x14=00000000 x15=00000000 add     a5,a4,a5
PC=000003b0 [faf42e23] x28=00000000 x08=00500000 x15=00000000 sw      a5,-68(s0)
PC=000003b4 [fb842783] x15=00000000 x08=00500000 x24=00000000 lw      a5,-72(s0)
PC=000003b8 [fbc42803] x16=00000000 x08=00500000 x28=00000000 lw      a6,-68(s0)
PC=000003bc [fcf42023] x00=00000000 x08=00500000 x15=00000000 sw      a5,-64(s0)
PC=000003c0 [fd042223] x04=00000000 x08=00500000 x16=00000000 sw      a6,-60(s0)
PC=000003c4 [fcf42023] x00=00000000 x08=00500000 x15=00000000 sw      a5,-64(s0)
PC=000003c8 [fd042223] x04=00000000 x08=00500000 x16=00000000 sw      a6,-60(s0)
PC=000003cc [fcc42023] x00=00000000 x08=00500000 x12=00000000 sw      a2,-64(s0)
PC=000003d0 [fcd42223] x04=00000000 x08=00500000 x13=00000000 sw      a3,-60(s0)
PC=000003d4 [ffe00793] x15=fffffffe x00=00000000 x30=00000000 addi    a5,zero,-2
PC=000003d8 [fcf42623] x12=00000000 x08=00500000 x15=fffffffe sw      a5,-52(s0)
PC=000003dc [ffc00793] x15=fffffffc x00=00000000 x28=00000000 addi    a5,zero,-4
PC=000003e0 [fcf42423] x08=00500000 x08=00500000 x15=fffffffc sw      a5,-56(s0)
PC=000003e4 [fcc42783] x15=00000000 x08=00500000 x12=00000000 lw      a5,-52(s0)
PC=000003e8 [f6f42423] x08=00500000 x08=00500000 x15=00000000 sw      a5,-152(s0)
PC=000003ec [41f7d793] x15=00000000 x15=00000000 x31=00000000 srai    a5,a5,31
PC=000003f0 [f6f42623] x12=00000000 x08=00500000 x15=00000000 sw      a5,-148(s0)
PC=000003f4 [fc842783] x15=00000000 x08=00500000 x08=00500000 lw      a5,-56(s0)
PC=000003f8 [f6f42023] x00=00000000 x08=00500000 x15=00000000 sw      a5,-160(s0)
PC=000003fc [41f7d793] x15=00000000 x15=00000000 x31=00000000 srai    a5,a5,31
PC=00000400 [f6f42223] x04=00000000 x08=00500000 x15=00000000 sw      a5,-156(s0)
PC=00000404 [f6842303] x06=00000000 x08=00500000 x08=00500000 lw      t1,-152(s0)
PC=00000408 [f6c42383] x07=00000000 x08=00500000 x12=00000000 lw      t2,-148(s0)
PC=0000040c [00038793] x15=00000000 x07=00000000 x00=00000000 addi    a5,t2,0
PC=00000410 [f6042803] x16=00000000 x08=00500000 x00=00000000 lw      a6,-160(s0)
PC=00000414 [f6442883] x17=00000000 x08=00500000 x04=00000000 lw      a7,-156(s0)
PC=00000418 [00080713] x14=00000000 x16=00000000 x00=00000000 addi    a4,a6,0
PC=0000041c [02e78733] x14=00000000 x15=00000000 x14=00000000 mul     a4,a5,a4
PC=00000420 [00088793] x15=00000000 x17=00000000 x00=00000000 addi    a5,a7,0
PC=00000424 [00030593] x11=00000000 x06=00000000 x00=00000000 addi    a1,t1,0
PC=00000428 [02b787b3] x15=00000000 x15=00000000 x11=00000000 mul     a5,a5,a1
PC=0000042c [00f70733] x14=00000000 x14=00000000 x15=00000000 add     a4,a4,a5
PC=00000430 [00030793] x15=00000000 x06=00000000 x00=00000000 addi    a5,t1,0
PC=00000434 [00080593] x11=00000000 x16=00000000 x00=00000000 addi    a1,a6,0
PC=00000438 [02b787b3] x15=00000000 x15=00000000 x11=00000000 mul     a5,a5,a1
PC=0000043c [00030593] x11=00000000 x06=00000000 x00=00000000 addi    a1,t1,0
PC=00000440 [00080513] x10=00000000 x16=00000000 x00=00000000 addi    a0,a6,0
PC=00000444 [02a5b5b3] x11=00000000 x11=00000000 x10=00000000 mulhu   a1,a1,a0
PC=00000448 [fab42a23] x20=00000000 x08=00500000 x11=00000000 sw      a1,-76(s0)
PC=0000044c [faf42823] x16=00000000 x08=00500000 x15=00000000 sw      a5,-80(s0)
PC=00000450 [fb442783] x15=00000000 x08=00500000 x20=00000000 lw      a5,-76(s0)
PC=00000454 [00f707b3] x15=00000000 x14=00000000 x15=00000000 add     a5,a4,a5
PC=00000458 [faf42a23] x20=00000000 x08=00500000 x15=00000000 sw      a5,-76(s0)
PC=0000045c [fb042783] x15=00000000 x08=00500000 x16=00000000 lw      a5,-80(s0)
PC=00000460 [fb442803] x16=00000000 x08=00500000 x20=00000000 lw      a6,-76(s0)
PC=00000464 [fcf42023] x00=00000000 x08=00500000 x15=00000000 sw      a5,-64(s0)
PC=00000468 [fd042223] x04=00000000 x08=00500000 x16=00000000 sw      a6,-60(s0)
PC=0000046c [fcf42023] x00=00000000 x08=00500000 x15=00000000 sw      a5,-64(s0)
PC=00000470 [fd042223] x04=00000000 x08=00500000 x16=00000000 sw      a6,-60(s0)
PC=00000474 [fcc42023] x00=00000000 x08=00500000 x12=00000000 sw      a2,-64(s0)
PC=00000478 [fcd42223] x04=00000000 x08=00500000 x13=00000000 sw      a3,-60(s0)
PC=0000047c [00a00793] x15=0000000a x00=00000000 x10=00000000 addi    a5,zero,10
PC=00000480 [fcf42623] x12=00000000 x08=00500000 x15=0000000a sw      a5,-52(s0)
PC=00000484 [00b00793] x15=0000000b x00=00000000 x11=00000000 addi    a5,zero,11
PC=00000488 [fcf42423] x08=00500000 x08=00500000 x15=0000000b sw      a5,-56(s0)
PC=0000048c [fcc42783] x15=00000000 x08=00500000 x12=00000000 lw      a5,-52(s0)
PC=00000490 [f4f42c23] x24=00000000 x08=00500000 x15=00000000 sw      a5,-168(s0)
PC=00000494 [41f7d793] x15=00000000 x15=00000000 x31=00000000 srai    a5,a5,31
PC=00000498 [f4f42e23] x28=00000000 x08=00500000 x15=00000000 sw      a5,-164(s0)
PC=0000049c [fc842783] x15=00000000 x08=00500000 x08=00500000 lw      a5,-56(s0)
PC=000004a0 [f4f42823] x16=00000000 x08=00500000 x15=00000000 sw      a5,-176(s0)
PC=000004a4 [41f7d793] x15=00000000 x15=00000000 x31=00000000 srai    a5,a5,31
PC=000004a8 [f4f42a23] x20=00000000 x08=00500000 x15=00000000 sw      a5,-172(s0)
PC=000004ac [f5842303] x06=00000000 x08=00500000 x24=00000000 lw      t1,-168(s0)
PC=000004b0 [f5c42383] x07=00000000 x08=00500000 x28=00000000 lw      t2,-164(s0)
PC=000004b4 [00038793] x15=00000000 x07=00000000 x00=00000000 addi    a5,t2,0
PC=000004b8 [f5042803] x16=00000000 x08=00500000 x16=00000000 lw      a6,-176(s0)
PC=000004bc [f5442883] x17=00000000 x08=00500000 x20=00000000 lw      a7,-172(s0)
PC=000004c0 [00080713] x14=00000000 x16=00000000 x00=00000000 addi    a4,a6,0
PC=000004c4 [02e78733] x14=00000000 x15=00000000 x14=00000000 mul     a4,a5,a4
PC=000004c8 [00088793] x15=00000000 x17=00000000 x00=00000000 addi    a5,a7,0
PC=000004cc [00030593] x11=00000000 x06=00000000 x00=00000000 addi    a1,t1,0
PC=000004d0 [02b787b3] x15=00000000 x15=00000000 x11=00000000 mul     a5,a5,a1
PC=000004d4 [00f70733] x14=00000000 x14=00000000 x15=00000000 add     a4,a4,a5
PC=000004d8 [00030793] x15=00000000 x06=00000000 x00=00000000 addi    a5,t1,0
PC=000004dc [00080593] x11=00000000 x16=00000000 x00=00000000 addi    a1,a6,0
PC=000004e0 [02b787b3] x15=00000000 x15=00000000 x11=00000000 mul     a5,a5,a1
PC=000004e4 [00030593] x11=00000000 x06=00000000 x00=00000000 addi    a1,t1,0
PC=000004e8 [00080513] x10=00000000 x16=00000000 x00=00000000 addi    a0,a6,0
PC=000004ec [02a5b5b3] x11=00000000 x11=00000000 x10=00000000 mulhu   a1,a1,a0
PC=000004f0 [fab42623] x12=00000000 x08=00500000 x11=00000000 sw      a1,-84(s0)
PC=000004f4 [faf42423] x08=00500000 x08=00500000 x15=00000000 sw      a5,-88(s0)
PC=000004f8 [fac42783] x15=00000000 x08=00500000 x12=00000000 lw      a5,-84(s0)
PC=000004fc [00f707b3] x15=00000000 x14=00000000 x15=00000000 add     a5,a4,a5
PC=00000500 [faf42623] x12=00000000 x08=00500000 x15=00000000 sw      a5,-84(s0)
PC=00000504 [fa842783] x15=00000000 x08=00500000 x08=00500000 lw      a5,-88(s0)
PC=00000508 [fac42803] x16=00000000 x08=00500000 x12=00000000 lw      a6,-84(s0)
PC=0000050c [fcf42023] x00=00000000 x08=00500000 x15=00000000 sw      a5,-64(s0)
PC=00000510 [fd042223] x04=00000000 x08=00500000 x16=00000000 sw      a6,-60(s0)
PC=00000514 [fcf42023] x00=00000000 x08=00500000 x15=00000000 sw      a5,-64(s0)
PC=00000518 [fd042223] x04=00000000 x08=00500000 x16=00000000 sw      a6,-60(s0)
PC=0000051c [fcc42023] x00=00000000 x08=00500000 x12=00000000 sw      a2,-64(s0)
PC=00000520 [fcd42223] x04=00000000 x08=00500000 x13=00000000 sw      a3,-60(s0)
PC=00000524 [ff600793] x15=fffffff6 x00=00000000 x22=00000000 addi    a5,zero,-10
PC=00000528 [fcf42623] x12=00000000 x08=00500000 x15=fffffff6 sw      a5,-52(s0)
PC=0000052c [00b00793] x15=0000000b x00=00000000 x11=00000000 addi    a5,zero,11
PC=00000530 [fcf42423] x08=00500000 x08=00500000 x15=0000000b sw      a5,-56(s0)
PC=00000534 [fcc42783] x15=00000000 x08=00500000 x12=00000000 lw      a5,-52(s0)
PC=00000538 [f4f42423] x08=00500000 x08=00500000 x15=00000000 sw      a5,-184(s0)
PC=0000053c [41f7d793] x15=00000000 x15=00000000 x31=00000000 srai    a5,a5,31
PC=00000540 [f4f42623] x12=00000000 x08=00500000 x15=00000000 sw      a5,-180(s0)
PC=00000544 [fc842783] x15=00000000 x08=00500000 x08=00500000 lw      a5,-56(s0)
PC=00000548 [f4f42023] x00=00000000 x08=00500000 x15=00000000 sw      a5,-192(s0)
PC=0000054c [41f7d793] x15=00000000 x15=00000000 x31=00000000 srai    a5,a5,31
PC=00000550 [f4f42223] x04=00000000 x08=00500000 x15=00000000 sw      a5,-188(s0)
PC=00000554 [f4842303] x06=00000000 x08=00500000 x08=00500000 lw      t1,-184(s0)
PC=00000558 [f4c42383] x07=00000000 x08=00500000 x12=00000000 lw      t2,-180(s0)
PC=0000055c [00038793] x15=00000000 x07=00000000 x00=00000000 addi    a5,t2,0
PC=00000560 [f4042803] x16=00000000 x08=00500000 x00=00000000 lw      a6,-192(s0)
PC=00000564 [f4442883] x17=00000000 x08=00500000 x04=00000000 lw      a7,-188(s0)
PC=00000568 [00080713] x14=00000000 x16=00000000 x00=00000000 addi    a4,a6,0
PC=0000056c [02e78733] x14=00000000 x15=00000000 x14=00000000 mul     a4,a5,a4
PC=00000570 [00088793] x15=00000000 x17=00000000 x00=00000000 addi    a5,a7,0
PC=00000574 [00030593] x11=00000000 x06=00000000 x00=00000000 addi    a1,t1,0
PC=00000578 [02b787b3] x15=00000000 x15=00000000 x11=00000000 mul     a5,a5,a1
PC=0000057c [00f70733] x14=00000000 x14=00000000 x15=00000000 add     a4,a4,a5
PC=00000580 [00030793] x15=00000000 x06=00000000 x00=00000000 addi    a5,t1,0
PC=00000584 [00080593] x11=00000000 x16=00000000 x00=00000000 addi    a1,a6,0
PC=00000588 [02b787b3] x15=00000000 x15=00000000 x11=00000000 mul     a5,a5,a1
PC=0000058c [00030593] x11=00000000 x06=00000000 x00=00000000 addi    a1,t1,0
PC=00000590 [00080513] x10=00000000 x16=00000000 x00=00000000 addi    a0,a6,0
PC=00000594 [02a5b5b3] x11=00000000 x11=00000000 x10=00000000 mulhu   a1,a1,a0
PC=00000598 [fab42223] x04=00000000 x08=00500000 x11=00000000 sw      a1,-92(s0)
PC=0000059c [faf42023] x00=00000000 x08=00500000 x15=00000000 sw      a5,-96(s0)
PC=000005a0 [fa442783] x15=00000000 x08=00500000 x04=00000000 lw      a5,-92(s0)
PC=000005a4 [00f707b3] x15=00000000 x14=00000000 x15=00000000 add     a5,a4,a5
PC=000005a8 [faf42223] x04=00000000 x08=00500000 x15=00000000 sw      a5,-92(s0)
PC=000005ac [fa042783] x15=00000000 x08=00500000 x00=00000000 lw      a5,-96(s0)
PC=000005b0 [fa442803] x16=00000000 x08=00500000 x04=00000000 lw      a6,-92(s0)
PC=000005b4 [fcf42023] x00=00000000 x08=00500000 x15=00000000 sw      a5,-64(s0)
PC=000005b8 [fd042223] x04=00000000 x08=00500000 x16=00000000 sw      a6,-60(s0)
PC=000005bc [fcf42023] x00=00000000 x08=00500000 x15=00000000 sw      a5,-64(s0)
PC=000005c0 [fd042223] x04=00000000 x08=00500000 x16=00000000 sw      a6,-60(s0)
PC=000005c4 [fcc42023] x00=00000000 x08=00500000 x12=00000000 sw      a2,-64(s0)
PC=000005c8 [fcd42223] x04=00000000 x08=00500000 x13=00000000 sw      a3,-60(s0)
PC=000005cc [0000f7b7] x15=0000f000 x01=000001e0 x00=00000000 lui     a5,61440
PC=000005d0 [fcf42623] x12=00000000 x08=00500000 x15=0000f000 sw      a5,-52(s0)
PC=000005d4 [0000f7b7] x15=0000f000 x01=000001e0 x00=00000000 lui     a5,61440
PC=000005d8 [00178793] x15=0000f001 x15=0000f000 x01=000001e0 addi    a5,a5,1
PC=000005dc [fcf42423] x08=00500000 x08=00500000 x15=0000f001 sw      a5,-56(s0)
PC=000005e0 [fcc42783] x15=00000000 x08=00500000 x12=00000000 lw      a5,-52(s0)
PC=000005e4 [f2f42c23] x24=00000000 x08=00500000 x15=00000000 sw      a5,-200(s0)
PC=000005e8 [41f7d793] x15=00000000 x15=00000000 x31=00000000 srai    a5,a5,31
PC=000005ec [f2f42e23] x28=00000000 x08=00500000 x15=00000000 sw      a5,-196(s0)
PC=000005f0 [fc842783] x15=00000000 x08=00500000 x08=00500000 lw      a5,-56(s0)
PC=000005f4 [f2f42823] x16=00000000 x08=00500000 x15=00000000 sw      a5,-208(s0)
PC=000005f8 [41f7d793] x15=00000000 x15=00000000 x31=00000000 srai    a5,a5,31
PC=000005fc [f2f42a23] x20=00000000 x08=00500000 x15=00000000 sw      a5,-204(s0)
PC=00000600 [f3842303] x06=00000000 x08=00500000 x24=00000000 lw      t1,-200(s0)
PC=00000604 [f3c42383] x07=00000000 x08=00500000 x28=00000000 lw      t2,-196(s0)
PC=00000608 [00038793] x15=00000000 x07=00000000 x00=00000000 addi    a5,t2,0
PC=0000060c [f3042803] x16=00000000 x08=00500000 x16=00000000 lw      a6,-208(s0)
PC=00000610 [f3442883] x17=00000000 x08=00500000 x20=00000000 lw      a7,-204(s0)
PC=00000614 [00080713] x14=00000000 x16=00000000 x00=00000000 addi    a4,a6,0
PC=00000618 [02e78733] x14=00000000 x15=00000000 x14=00000000 mul     a4,a5,a4
PC=0000061c [00088793] x15=00000000 x17=00000000 x00=00000000 addi    a5,a7,0
PC=00000620 [00030593] x11=00000000 x06=00000000 x00=00000000 addi    a1,t1,0
PC=00000624 [02b787b3] x15=00000000 x15=00000000 x11=00000000 mul     a5,a5,a1
PC=00000628 [00f70733] x14=00000000 x14=00000000 x15=00000000 add     a4,a4,a5
PC=0000062c [00030793] x15=00000000 x06=00000000 x00=00000000 addi    a5,t1,0
PC=00000630 [00080593] x11=00000000 x16=00000000 x00=00000000 addi    a1,a6,0
PC=00000634 [02b787b3] x15=00000000 x15=00000000 x11=00000000 mul     a5,a5,a1
PC=00000638 [00030593] x11=00000000 x06=00000000 x00=00000000 addi    a1,t1,0
PC=0000063c [00080513] x10=00000000 x16=00000000 x00=00000000 addi    a0,a6,0
PC=00000640 [02a5b5b3] x11=00000000 x11=00000000 x10=00000000 mulhu   a1,a1,a0
PC=00000644 [f8b42e23] x28=00000000 x08=00500000 x11=00000000 sw      a1,-100(s0)
PC=00000648 [f8f42c23] x24=00000000 x08=00500000 x15=00000000 sw      a5,-104(s0)
PC=0000064c [f9c42783] x15=00000000 x08=00500000 x28=00000000 lw      a5,-100(s0)
PC=00000650 [00f707b3] x15=00000000 x14=00000000 x15=00000000 add     a5,a4,a5
PC=00000654 [f8f42e23] x28=00000000 x08=00500000 x15=00000000 sw      a5,-100(s0)
PC=00000658 [f9842783] x15=00000000 x08=00500000 x24=00000000 lw      a5,-104(s0)
PC=0000065c [f9c42803] x16=00000000 x08=00500000 x28=00000000 lw      a6,-100(s0)
PC=00000660 [fcf42023] x00=00000000 x08=00500000 x15=00000000 sw      a5,-64(s0)
PC=00000664 [fd042223] x04=00000000 x08=00500000 x16=00000000 sw      a6,-60(s0)
PC=00000668 [fcf42023] x00=00000000 x08=00500000 x15=00000000 sw      a5,-64(s0)
PC=0000066c [fd042223] x04=00000000 x08=00500000 x16=00000000 sw      a6,-60(s0)
PC=00000670 [fcc42023] x00=00000000 x08=00500000 x12=00000000 sw      a2,-64(s0)
PC=00000674 [fcd42223] x04=00000000 x08=00500000 x13=00000000 sw      a3,-60(s0)
PC=00000678 [555557b7] x15=55555000 x10=00000000 x21=00000000 lui     a5,1431654400
PC=0000067c [55578793] x15=55555555 x15=55555000 x21=00000000 addi    a5,a5,1365
PC=00000680 [fcf42623] x12=00000000 x08=00500000 x15=55555555 sw      a5,-52(s0)
PC=00000684 [333337b7] x15=33333000 x06=00000000 x19=00000000 lui     a5,858992640
PC=00000688 [33378793] x15=33333333 x15=33333000 x19=00000000 addi    a5,a5,819
PC=0000068c [fcf42423] x08=00500000 x08=00500000 x15=33333333 sw      a5,-56(s0)
PC=00000690 [fcc42783] x15=00000000 x08=00500000 x12=00000000 lw      a5,-52(s0)
PC=00000694 [f2f42423] x08=00500000 x08=00500000 x15=00000000 sw      a5,-216(s0)
PC=00000698 [41f7d793] x15=00000000 x15=00000000 x31=00000000 srai    a5,a5,31
PC=0000069c [f2f42623] x12=00000000 x08=00500000 x15=00000000 sw      a5,-212(s0)
PC=000006a0 [fc842783] x15=00000000 x08=00500000 x08=00500000 lw      a5,-56(s0)
PC=000006a4 [f2f42023] x00=00000000 x08=00500000 x15=00000000 sw      a5,-224(s0)
PC=000006a8 [41f7d793] x15=00000000 x15=00000000 x31=00000000 srai    a5,a5,31
PC=000006ac [f2f42223] x04=00000000 x08=00500000 x15=00000000 sw      a5,-220(s0)
PC=000006b0 [f2842303] x06=00000000 x08=00500000 x08=00500000 lw      t1,-216(s0)
PC=000006b4 [f2c42383] x07=00000000 x08=00500000 x12=00000000 lw      t2,-212(s0)
PC=000006b8 [00038793] x15=00000000 x07=00000000 x00=00000000 addi    a5,t2,0
PC=000006bc [f2042803] x16=00000000 x08=00500000 x00=00000000 lw      a6,-224(s0)
PC=000006c0 [f2442883] x17=00000000 x08=00500000 x04=00000000 lw      a7,-220(s0)
PC=000006c4 [00080713] x14=00000000 x16=00000000 x00=00000000 addi    a4,a6,0
PC=000006c8 [02e78733] x14=00000000 x15=00000000 x14=00000000 mul     a4,a5,a4
PC=000006cc [00088793] x15=00000000 x17=00000000 x00=00000000 addi    a5,a7,0
PC=000006d0 [00030593] x11=00000000 x06=00000000 x00=00000000 addi    a1,t1,0
PC=000006d4 [02b787b3] x15=00000000 x15=00000000 x11=00000000 mul     a5,a5,a1
PC=000006d8 [00f70733] x14=00000000 x14=00000000 x15=00000000 add     a4,a4,a5
PC=000006dc [00030793] x15=00000000 x06=00000000 x00=00000000 addi    a5,t1,0
PC=000006e0 [00080593] x11=00000000 x16=00000000 x00=00000000 addi    a1,a6,0
PC=000006e4 [02b787b3] x15=00000000 x15=00000000 x11=00000000 mul     a5,a5,a1
PC=000006e8 [00030593] x11=00000000 x06=00000000 x00=00000000 addi    a1,t1,0
PC=000006ec [00080513] x10=00000000 x16=00000000 x00=00000000 addi    a0,a6,0
PC=000006f0 [02a5b5b3] x11=00000000 x11=00000000 x10=00000000 mulhu   a1,a1,a0
PC=000006f4 [f8b42a23] x20=00000000 x08=00500000 x11=00000000 sw      a1,-108(s0)
PC=000006f8 [f8f42823] x16=00000000 x08=00500000 x15=00000000 sw      a5,-112(s0)
PC=000006fc [f9442783] x15=00000000 x08=00500000 x20=00000000 lw      a5,-108(s0)
PC=00000700 [00f707b3] x15=00000000 x14=00000000 x15=00000000 add     a5,a4,a5
PC=00000704 [f8f42a23] x20=00000000 x08=00500000 x15=00000000 sw      a5,-108(s0)
PC=00000708 [f9042783] x15=00000000 x08=00500000 x16=00000000 lw      a5,-112(s0)
PC=0000070c [f9442803] x16=00000000 x08=00500000 x20=00000000 lw      a6,-108(s0)
PC=00000710 [fcf42023] x00=00000000 x08=00500000 x15=00000000 sw      a5,-64(s0)
PC=00000714 [fd042223] x04=00000000 x08=00500000 x16=00000000 sw      a6,-60(s0)
PC=00000718 [fcf42023] x00=00000000 x08=00500000 x15=00000000 sw      a5,-64(s0)
PC=0000071c [fd042223] x04=00000000 x08=00500000 x16=00000000 sw      a6,-60(s0)
PC=00000720 [fcc42023] x00=00000000 x08=00500000 x12=00000000 sw      a2,-64(s0)
PC=00000724 [fcd42223] x04=00000000 x08=00500000 x13=00000000 sw      a3,-60(s0)
PC=00000728 [000057b7] x15=00005000 x00=00000000 x00=00000000 lui     a5,20480
PC=0000072c [35378793] x15=00005353 x15=00005000 x19=00000000 addi    a5,a5,851
PC=00000730 [fcf42623] x12=00000000 x08=00500000 x15=00005353 sw      a5,-52(s0)
PC=00000734 [000087b7] x15=00008000 x01=000001e0 x00=00000000 lui     a5,32768
PC=00000738 [fcf42423] x08=00500000 x08=00500000 x15=00008000 sw      a5,-56(s0)
PC=0000073c [fcc42783] x15=00000000 x08=00500000 x12=00000000 lw      a5,-52(s0)
PC=00000740 [f0f42c23] x24=00000000 x08=00500000 x15=00000000 sw      a5,-232(s0)
PC=00000744 [41f7d793] x15=00000000 x15=00000000 x31=00000000 srai    a5,a5,31
PC=00000748 [f0f42e23] x28=00000000 x08=00500000 x15=00000000 sw      a5,-228(s0)
PC=0000074c [fc842783] x15=00000000 x08=00500000 x08=00500000 lw      a5,-56(s0)
PC=00000750 [f0f42823] x16=00000000 x08=00500000 x15=00000000 sw      a5,-240(s0)
PC=00000754 [41f7d793] x15=00000000 x15=00000000 x31=00000000 srai    a5,a5,31
PC=00000758 [f0f42a23] x20=00000000 x08=00500000 x15=00000000 sw      a5,-236(s0)
PC=0000075c [f1842303] x06=00000000 x08=00500000 x24=00000000 lw      t1,-232(s0)
PC=00000760 [f1c42383] x07=00000000 x08=00500000 x28=00000000 lw      t2,-228(s0)
PC=00000764 [00038793] x15=00000000 x07=00000000 x00=00000000 addi    a5,t2,0
PC=00000768 [f1042803] x16=00000000 x08=00500000 x16=00000000 lw      a6,-240(s0)
PC=0000076c [f1442883] x17=00000000 x08=00500000 x20=00000000 lw      a7,-236(s0)
PC=00000770 [00080713] x14=00000000 x16=00000000 x00=00000000 addi    a4,a6,0
PC=00000774 [02e78733] x14=00000000 x15=00000000 x14=00000000 mul     a4,a5,a4
PC=00000778 [00088793] x15=00000000 x17=00000000 x00=00000000 addi    a5,a7,0
PC=0000077c [00030593] x11=00000000 x06=00000000 x00=00000000 addi    a1,t1,0
PC=00000780 [02b787b3] x15=00000000 x15=00000000 x11=00000000 mul     a5,a5,a1
PC=00000784 [00f707b3] x15=00000000 x14=00000000 x15=00000000 add     a5,a4,a5
PC=00000788 [00030713] x14=00000000 x06=00000000 x00=00000000 addi    a4,t1,0
PC=0000078c [00080593] x11=00000000 x16=00000000 x00=00000000 addi    a1,a6,0
PC=00000790 [02b70733] x14=00000000 x14=00000000 x11=00000000 mul     a4,a4,a1
PC=00000794 [00030593] x11=00000000 x06=00000000 x00=00000000 addi    a1,t1,0
PC=00000798 [00080513] x10=00000000 x16=00000000 x00=00000000 addi    a0,a6,0
PC=0000079c [02a5b5b3] x11=00000000 x11=00000000 x10=00000000 mulhu   a1,a1,a0
PC=000007a0 [f8b42623] x12=00000000 x08=00500000 x11=00000000 sw      a1,-116(s0)
PC=000007a4 [f8e42423] x08=00500000 x08=00500000 x14=00000000 sw      a4,-120(s0)
PC=000007a8 [f8c42703] x14=00000000 x08=00500000 x12=00000000 lw      a4,-116(s0)
PC=000007ac [00e787b3] x15=00000000 x15=00000000 x14=00000000 add     a5,a5,a4
PC=000007b0 [f8f42623] x12=00000000 x08=00500000 x15=00000000 sw      a5,-116(s0)
PC=000007b4 [f8842783] x15=00000000 x08=00500000 x08=00500000 lw      a5,-120(s0)
PC=000007b8 [f8c42803] x16=00000000 x08=00500000 x12=00000000 lw      a6,-116(s0)
PC=000007bc [fcf42023] x00=00000000 x08=00500000 x15=00000000 sw      a5,-64(s0)
PC=000007c0 [fd042223] x04=00000000 x08=00500000 x16=00000000 sw      a6,-60(s0)
PC=000007c4 [fcf42023] x00=00000000 x08=00500000 x15=00000000 sw      a5,-64(s0)
PC=000007c8 [fd042223] x04=00000000 x08=00500000 x16=00000000 sw      a6,-60(s0)
PC=000007cc [fcc42023] x00=00000000 x08=00500000 x12=00000000 sw      a2,-64(s0)
PC=000007d0 [fcd42223] x04=00000000 x08=00500000 x13=00000000 sw      a3,-60(s0)
PC=000007d4 [fffff7b7] x15=fffff000 x31=00000000 x31=00000000 lui     a5,-4096
PC=000007d8 [fcf42623] x12=00000000 x08=00500000 x15=fffff000 sw      a5,-52(s0)
PC=000007dc [fffff7b7] x15=fffff000 x31=00000000 x31=00000000 lui     a5,-4096
PC=000007e0 [00178793] x15=fffff001 x15=fffff000 x01=000001e0 addi    a5,a5,1
PC=000007e4 [fcf42423] x08=00500000 x08=00500000 x15=fffff001 sw      a5,-56(s0)
PC=000007e8 [fcc42783] x15=00000000 x08=00500000 x12=00000000 lw      a5,-52(s0)
PC=000007ec [f0f42423] x08=00500000 x08=00500000 x15=00000000 sw      a5,-248(s0)
PC=000007f0 [41f7d793] x15=00000000 x15=00000000 x31=00000000 srai    a5,a5,31
PC=000007f4 [f0f42623] x12=00000000 x08=00500000 x15=00000000 sw      a5,-244(s0)
PC=000007f8 [fc842783] x15=00000000 x08=00500000 x08=00500000 lw      a5,-56(s0)
PC=000007fc [f0f42023] x00=00000000 x08=00500000 x15=00000000 sw      a5,-256(s0)
PC=00000800 [41f7d793] x15=00000000 x15=00000000 x31=00000000 srai    a5,a5,31
PC=00000804 [f0f42223] x04=00000000 x08=00500000 x15=00000000 sw      a5,-252(s0)
PC=00000808 [f0842303] x06=00000000 x08=00500000 x08=00500000 lw      t1,-248(s0)
PC=0000080c [f0c42383] x07=00000000 x08=00500000 x12=00000000 lw      t2,-244(s0)
PC=00000810 [00038793] x15=00000000 x07=00000000 x00=00000000 addi    a5,t2,0
PC=00000814 [f0042803] x16=00000000 x08=00500000 x00=00000000 lw      a6,-256(s0)
PC=00000818 [f0442883] x17=00000000 x08=00500000 x04=00000000 lw      a7,-252(s0)
PC=0000081c [00080713] x14=00000000 x16=00000000 x00=00000000 addi    a4,a6,0
PC=00000820 [02e78733] x14=00000000 x15=00000000 x14=00000000 mul     a4,a5,a4
PC=00000824 [00088793] x15=00000000 x17=00000000 x00=00000000 addi    a5,a7,0
PC=00000828 [00030593] x11=00000000 x06=00000000 x00=00000000 addi    a1,t1,0
PC=0000082c [02b787b3] x15=00000000 x15=00000000 x11=00000000 mul     a5,a5,a1
PC=00000830 [00f707b3] x15=00000000 x14=00000000 x15=00000000 add     a5,a4,a5
PC=00000834 [00030713] x14=00000000 x06=00000000 x00=00000000 addi    a4,t1,0
PC=00000838 [00080593] x11=00000000 x16=00000000 x00=00000000 addi    a1,a6,0
PC=0000083c [02b70733] x14=00000000 x14=00000000 x11=00000000 mul     a4,a4,a1
PC=00000840 [00030593] x11=00000000 x06=00000000 x00=00000000 addi    a1,t1,0
PC=00000844 [00080513] x10=00000000 x16=00000000 x00=00000000 addi    a0,a6,0
PC=00000848 [02a5b5b3] x11=00000000 x11=00000000 x10=00000000 mulhu   a1,a1,a0
PC=0000084c [f8b42223] x04=00000000 x08=00500000 x11=00000000 sw      a1,-124(s0)
PC=00000850 [f8e42023] x00=00000000 x08=00500000 x14=00000000 sw      a4,-128(s0)
PC=00000854 [f8442703] x14=00000000 x08=00500000 x04=00000000 lw      a4,-124(s0)
PC=00000858 [00e787b3] x15=00000000 x15=00000000 x14=00000000 add     a5,a5,a4
PC=0000085c [f8f42223] x04=00000000 x08=00500000 x15=00000000 sw      a5,-124(s0)
PC=00000860 [f8042783] x15=00000000 x08=00500000 x00=00000000 lw      a5,-128(s0)
PC=00000864 [f8442803] x16=00000000 x08=00500000 x04=00000000 lw      a6,-124(s0)
PC=00000868 [fcf42023] x00=00000000 x08=00500000 x15=00000000 sw      a5,-64(s0)
PC=0000086c [fd042223] x04=00000000 x08=00500000 x16=00000000 sw      a6,-60(s0)
PC=00000870 [fcf42023] x00=00000000 x08=00500000 x15=00000000 sw      a5,-64(s0)
PC=00000874 [fd042223] x04=00000000 x08=00500000 x16=00000000 sw      a6,-60(s0)
PC=00000878 [fcc42023] x00=00000000 x08=00500000 x12=00000000 sw      a2,-64(s0)
PC=0000087c [fcd42223] x04=00000000 x08=00500000 x13=00000000 sw      a3,-60(s0)
PC=00000880 [000057b7] x15=00005000 x00=00000000 x00=00000000 lui     a5,20480
PC=00000884 [55578793] x15=00005555 x15=00005000 x21=00000000 addi    a5,a5,1365
PC=00000888 [fcf42623] x12=00000000 x08=00500000 x15=00005555 sw      a5,-52(s0)
PC=0000088c [333307b7] x15=33330000 x06=00000000 x19=00000000 lui     a5,858980352
PC=00000890 [fcf42423] x08=00500000 x08=00500000 x15=33330000 sw      a5,-56(s0)
PC=00000894 [fcc42783] x15=00000000 x08=00500000 x12=00000000 lw      a5,-52(s0)
PC=00000898 [eef42c23] x24=00000000 x08=00500000 x15=00000000 sw      a5,-264(s0)
PC=0000089c [41f7d793] x15=00000000 x15=00000000 x31=00000000 srai    a5,a5,31
PC=000008a0 [eef42e23] x28=00000000 x08=00500000 x15=00000000 sw      a5,-260(s0)
PC=000008a4 [fc842783] x15=00000000 x08=00500000 x08=00500000 lw      a5,-56(s0)
PC=000008a8 [eef42823] x16=00000000 x08=00500000 x15=00000000 sw      a5,-272(s0)
PC=000008ac [41f7d793] x15=00000000 x15=00000000 x31=00000000 srai    a5,a5,31
PC=000008b0 [eef42a23] x20=00000000 x08=00500000 x15=00000000 sw      a5,-268(s0)
PC=000008b4 [ef842303] x06=00000000 x08=00500000 x24=00000000 lw      t1,-264(s0)
PC=000008b8 [efc42383] x07=00000000 x08=00500000 x28=00000000 lw      t2,-260(s0)
PC=000008bc [00038793] x15=00000000 x07=00000000 x00=00000000 addi    a5,t2,0
PC=000008c0 [ef042803] x16=00000000 x08=00500000 x16=00000000 lw      a6,-272(s0)
PC=000008c4 [ef442883] x17=00000000 x08=00500000 x20=00000000 lw      a7,-268(s0)
PC=000008c8 [00080713] x14=00000000 x16=00000000 x00=00000000 addi    a4,a6,0
PC=000008cc [02e78733] x14=00000000 x15=00000000 x14=00000000 mul     a4,a5,a4
PC=000008d0 [00088793] x15=00000000 x17=00000000 x00=00000000 addi    a5,a7,0
PC=000008d4 [00030593] x11=00000000 x06=00000000 x00=00000000 addi    a1,t1,0
PC=000008d8 [02b787b3] x15=00000000 x15=00000000 x11=00000000 mul     a5,a5,a1
PC=000008dc [00f707b3] x15=00000000 x14=00000000 x15=00000000 add     a5,a4,a5
PC=000008e0 [00030713] x14=00000000 x06=00000000 x00=00000000 addi    a4,t1,0
PC=000008e4 [00080593] x11=00000000 x16=00000000 x00=00000000 addi    a1,a6,0
PC=000008e8 [02b70733] x14=00000000 x14=00000000 x11=00000000 mul     a4,a4,a1
PC=000008ec [00030593] x11=00000000 x06=00000000 x00=00000000 addi    a1,t1,0
PC=000008f0 [00080513] x10=00000000 x16=00000000 x00=00000000 addi    a0,a6,0
PC=000008f4 [02a5b5b3] x11=00000000 x11=00000000 x10=00000000 mulhu   a1,a1,a0
PC=000008f8 [f6b42e23] x28=00000000 x08=00500000 x11=00000000 sw      a1,-132(s0)
PC=000008fc [f6e42c23] x24=00000000 x08=00500000 x14=00000000 sw      a4,-136(s0)
PC=00000900 [f7c42703] x14=00000000 x08=00500000 x28=00000000 lw      a4,-132(s0)
PC=00000904 [00e787b3] x15=00000000 x15=00000000 x14=00000000 add     a5,a5,a4
PC=00000908 [f6f42e23] x28=00000000 x08=00500000 x15=00000000 sw      a5,-132(s0)
PC=0000090c [f7842783] x15=00000000 x08=00500000 x24=00000000 lw      a5,-136(s0)
PC=00000910 [f7c42803] x16=00000000 x08=00500000 x28=00000000 lw      a6,-132(s0)
PC=00000914 [fcf42023] x00=00000000 x08=00500000 x15=00000000 sw      a5,-64(s0)
PC=00000918 [fd042223] x04=00000000 x08=00500000 x16=00000000 sw      a6,-60(s0)
PC=0000091c [fcf42023] x00=00000000 x08=00500000 x15=00000000 sw      a5,-64(s0)
PC=00000920 [fd042223] x04=00000000 x08=00500000 x16=00000000 sw      a6,-60(s0)
PC=00000924 [fcc42023] x00=00000000 x08=00500000 x12=00000000 sw      a2,-64(s0)
PC=00000928 [fcd42223] x04=00000000 x08=00500000 x13=00000000 sw      a3,-60(s0)
PC=0000092c [535357b7] x15=53535000 x06=00000000 x21=00000000 lui     a5,1397968896
PC=00000930 [35378793] x15=53535353 x15=53535000 x19=00000000 addi    a5,a5,851
PC=00000934 [fcf42623] x12=00000000 x08=00500000 x15=53535353 sw      a5,-52(s0)
PC=00000938 [800087b7] x15=80008000 x01=000001e0 x00=00000000 lui     a5,-2147450880
PC=0000093c [fcf42423] x08=00500000 x08=00500000 x15=80008000 sw      a5,-56(s0)
PC=00000940 [fcc42783] x15=00000000 x08=00500000 x12=00000000 lw      a5,-52(s0)
PC=00000944 [eef42423] x08=00500000 x08=00500000 x15=00000000 sw      a5,-280(s0)
PC=00000948 [41f7d793] x15=00000000 x15=00000000 x31=00000000 srai    a5,a5,31
PC=0000094c [eef42623] x12=00000000 x08=00500000 x15=00000000 sw      a5,-276(s0)
PC=00000950 [fc842783] x15=00000000 x08=00500000 x08=00500000 lw      a5,-56(s0)
PC=00000954 [eef42023] x00=00000000 x08=00500000 x15=00000000 sw      a5,-288(s0)
PC=00000958 [41f7d793] x15=00000000 x15=00000000 x31=00000000 srai    a5,a5,31
PC=0000095c [eef42223] x04=00000000 x08=00500000 x15=00000000 sw      a5,-284(s0)
PC=00000960 [ee842303] x06=00000000 x08=00500000 x08=00500000 lw      t1,-280(s0)
PC=00000964 [eec42383] x07=00000000 x08=00500000 x12=00000000 lw      t2,-276(s0)
PC=00000968 [00038793] x15=00000000 x07=00000000 x00=00000000 addi    a5,t2,0
PC=0000096c [ee042803] x16=00000000 x08=00500000 x00=00000000 lw      a6,-288(s0)
PC=00000970 [ee442883] x17=00000000 x08=00500000 x04=00000000 lw      a7,-284(s0)
PC=00000974 [00080713] x14=00000000 x16=00000000 x00=00000000 addi    a4,a6,0
PC=00000978 [02e78733] x14=00000000 x15=00000000 x14=00000000 mul     a4,a5,a4
PC=0000097c [00088793] x15=00000000 x17=00000000 x00=00000000 addi    a5,a7,0
PC=00000980 [00030593] x11=00000000 x06=00000000 x00=00000000 addi    a1,t1,0
PC=00000984 [02b787b3] x15=00000000 x15=00000000 x11=00000000 mul     a5,a5,a1
PC=00000988 [00f707b3] x15=00000000 x14=00000000 x15=00000000 add     a5,a4,a5
PC=0000098c [00030713] x14=00000000 x06=00000000 x00=00000000 addi    a4,t1,0
PC=00000990 [00080593] x11=00000000 x16=00000000 x00=00000000 addi    a1,a6,0
PC=00000994 [02b70733] x14=00000000 x14=00000000 x11=00000000 mul     a4,a4,a1
PC=00000998 [00030593] x11=00000000 x06=00000000 x00=00000000 addi    a1,t1,0
PC=0000099c [00080513] x10=00000000 x16=00000000 x00=00000000 addi    a0,a6,0
PC=000009a0 [02a5b5b3] x11=00000000 x11=00000000 x10=00000000 mulhu   a1,a1,a0
PC=000009a4 [f6b42a23] x20=00000000 x08=00500000 x11=00000000 sw      a1,-140(s0)
PC=000009a8 [f6e42823] x16=00000000 x08=00500000 x14=00000000 sw      a4,-144(s0)
PC=000009ac [f7442703] x14=00000000 x08=00500000 x20=00000000 lw      a4,-140(s0)
PC=000009b0 [00e787b3] x15=00000000 x15=00000000 x14=00000000 add     a5,a5,a4
PC=000009b4 [f6f42a23] x20=00000000 x08=00500000 x15=00000000 sw      a5,-140(s0)
PC=000009b8 [f7042783] x15=00000000 x08=00500000 x16=00000000 lw      a5,-144(s0)
PC=000009bc [f7442803] x16=00000000 x08=00500000 x20=00000000 lw      a6,-140(s0)
PC=000009c0 [fcf42023] x00=00000000 x08=00500000 x15=00000000 sw      a5,-64(s0)
PC=000009c4 [fd042223] x04=00000000 x08=00500000 x16=00000000 sw      a6,-60(s0)
PC=000009c8 [fcf42023] x00=00000000 x08=00500000 x15=00000000 sw      a5,-64(s0)
PC=000009cc [fd042223] x04=00000000 x08=00500000 x16=00000000 sw      a6,-60(s0)
PC=000009d0 [fcc42023] x00=00000000 x08=00500000 x12=00000000 sw      a2,-64(s0)
PC=000009d4 [fcd42223] x04=00000000 x08=00500000 x13=00000000 sw      a3,-60(s0)
PC=000009d8 [00000793] x15=00000000 x00=00000000 x00=00000000 addi    a5,zero,0
PC=000009dc [00078513] x10=00000000 x15=00000000 x00=00000000 addi    a0,a5,0
PC=000009e0 [11c12403] x08=00000000 x02=004ffee0 x28=00000000 lw      s0,284(sp)
PC=000009e4 [11812903] x18=00000000 x02=004ffee0 x24=00000000 lw      s2,280(sp)
PC=000009e8 [11412983] x19=00000000 x02=004ffee0 x20=00000000 lw      s3,276(sp)
PC=000009ec [11012a03] x20=00000000 x02=004ffee0 x16=00000000 lw      s4,272(sp)
PC=000009f0 [10c12a83] x21=00000000 x02=004ffee0 x12=00000000 lw      s5,268(sp)
PC=000009f4 [10812b03] x22=00000000 x02=004ffee0 x08=00000000 lw      s6,264(sp)
PC=000009f8 [10412b83] x23=00000000 x02=004ffee0 x04=00000000 lw      s7,260(sp)
PC=000009fc [10012c03] x24=00000000 x02=004ffee0 x00=00000000 lw      s8,256(sp)
PC=00000a00 [0fc12c83] x25=00000000 x02=004ffee0 x28=00000000 lw      s9,252(sp)
PC=00000a04 [0f812d03] x26=00000000 x02=004ffee0 x24=00000000 lw      s10,248(sp)
PC=00000a08 [0f412d83] x27=00000000 x02=004ffee0 x20=00000000 lw      s11,244(sp)
PC=00000a0c [12010113] x02=00500000 x02=004ffee0 x00=00000000 addi    sp,sp,288
PC=00000a10 [00008067] x00=00000a14 x01=000001e0 x00=00000000 jalr    zero,ra,0
PC=000001e0 [200002b7] x05=20000000 x00=00000a14 x00=00000a14 lui     t0,536870912
PC=000001e4 [00100073] x00=00000a14 x00=00000a14 x01=000001e0 ebreak 
