PC=000001d8 [00500137] x02=00500000 x00=00000000 x05=00000000 lui     sp,5242880
PC=000001dc [00c000ef] x01=000001e0 x00=00000000 x12=00000000 jal     ra,12
PC=000001e8 [ee010113] x02=004ffee0 x02=00500000 x00=00000000 addi    sp,sp,-288
PC=000001ec [10812e23] x28=00000000 x02=004ffee0 x08=00000000 sw      s0,284(sp)
PC=000001f0 [11212c23] x24=00000000 x02=004ffee0 x18=00000000 sw      s2,280(sp)
PC=000001f4 [11312a23] x20=00000000 x02=004ffee0 x19=00000000 sw      s3,276(sp)
PC=000001f8 [11412823] x16=00000000 x02=004ffee0 x20=00000000 sw      s4,272(sp)
PC=000001fc [11512623] x12=00000000 x02=004ffee0 x21=00000000 sw      s5,268(sp)
PC=00000200 [11612423] x08=00000000 x02=004ffee0 x22=00000000 sw      s6,264(sp)
PC=00000204 [11712223] x04=00000000 x02=004ffee0 x23=00000000 sw      s7,260(sp)
PC=00000208 [11812023] x00=00000000 x02=004ffee0 x24=00000000 sw      s8,256(sp)
PC=0000020c [0f912e23] x28=00000000 x02=004ffee0 x25=00000000 sw      s9,252(sp)
PC=00000210 [0fa12c23] x24=00000000 x02=004ffee0 x26=00000000 sw      s10,248(sp)
PC=00000214 [0fb12a23] x20=00000000 x02=004ffee0 x27=00000000 sw      s11,244(sp)
PC=00000218 [12010413] x08=00500000 x02=004ffee0 x00=00000000 addi    s0,sp,288
PC=0000021c [00200793] x15=00000002 x00=00000000 x02=004ffee0 addi    a5,zero,2
PC=00000220 [fcf42623] x12=00000000 x08=00500000 x15=00000002 sw      a5,-52(s0)
PC=00000224 [00400793] x15=00000004 x00=00000000 x04=00000000 addi    a5,zero,4
PC=00000228 [fcf42423] x08=00500000 x08=00500000 x15=00000004 sw      a5,-56(s0)
PC=0000022c [fcc42783] x15=00000002 x08=00500000 x12=00000000 lw      a5,-52(s0)
PC=00000230 [00078513] x10=00000002 x15=00000002 x00=00000000 addi    a0,a5,0
PC=00000234 [00000593] x11=00000000 x00=00000000 x00=00000000 addi    a1,zero,0
PC=00000238 [fc842783] x15=00000004 x08=00500000 x08=00500000 lw      a5,-56(s0)
PC=0000023c [00078613] x12=00000004 x15=00000004 x00=00000000 addi    a2,a5,0
PC=00000240 [00000693] x13=00000000 x00=00000000 x00=00000000 addi    a3,zero,0
PC=00000244 [02c58733] x14=00000000 x11=00000000 x12=00000004 mul     a4,a1,a2
PC=00000248 [02a687b3] x15=00000000 x13=00000000 x10=00000002 mul     a5,a3,a0
PC=0000024c [00f70733] x14=00000000 x14=00000000 x15=00000000 add     a4,a4,a5
PC=00000250 [02c507b3] x15=00000008 x10=00000002 x12=00000004 mul     a5,a0,a2
PC=00000254 [02c538b3] x17=00000008 x10=00000002 x12=00000004 mulhu   a7,a0,a2
PC=00000258 [00078813] x16=00000008 x15=00000008 x00=00000000 addi    a6,a5,0
PC=0000025c [011707b3] x15=00000008 x14=00000000 x17=00000008 add     a5,a4,a7
PC=00000260 [00078893] x17=00000008 x15=00000008 x00=00000000 addi    a7,a5,0
PC=00000264 [fd042023] x00=00000000 x08=00500000 x16=00000008 sw      a6,-64(s0)
PC=00000268 [fd142223] x04=00000000 x08=00500000 x17=00000008 sw      a7,-60(s0)
PC=0000026c [fd042023] x00=00000000 x08=00500000 x16=00000008 sw      a6,-64(s0)
PC=00000270 [fd142223] x04=00000000 x08=00500000 x17=00000008 sw      a7,-60(s0)
PC=00000274 [00000613] x12=00000000 x00=00000000 x00=00000000 addi    a2,zero,0
PC=00000278 [00000693] x13=00000000 x00=00000000 x00=00000000 addi    a3,zero,0
PC=0000027c [fcc42023] x00=00000000 x08=00500000 x12=00000000 sw      a2,-64(s0)
PC=00000280 [fcd42223] x04=00000000 x08=00500000 x13=00000000 sw      a3,-60(s0)
PC=00000284 [fff00793] x15=ffffffff x00=00000000 x31=00000000 addi    a5,zero,-1
PC=00000288 [fcf42623] x12=00000000 x08=00500000 x15=ffffffff sw      a5,-52(s0)
PC=0000028c [fff00793] x15=ffffffff x00=00000000 x31=00000000 addi    a5,zero,-1
PC=00000290 [fcf42423] x08=00500000 x08=00500000 x15=ffffffff sw      a5,-56(s0)
PC=00000294 [fcc42783] x15=ffffffff x08=00500000 x12=00000000 lw      a5,-52(s0)
PC=00000298 [00078e13] x28=ffffffff x15=ffffffff x00=00000000 addi    t3,a5,0
PC=0000029c [00000e93] x29=00000000 x00=00000000 x00=00000000 addi    t4,zero,0
PC=000002a0 [fc842783] x15=ffffffff x08=00500000 x08=00500000 lw      a5,-56(s0)
PC=000002a4 [00078313] x06=ffffffff x15=ffffffff x00=00000000 addi    t1,a5,0
PC=000002a8 [00000393] x07=00000000 x00=00000000 x00=00000000 addi    t2,zero,0
PC=000002ac [026e8733] x14=00000000 x29=00000000 x06=ffffffff mul     a4,t4,t1
PC=000002b0 [03c387b3] x15=00000000 x07=00000000 x28=ffffffff mul     a5,t2,t3
PC=000002b4 [00f70733] x14=00000000 x14=00000000 x15=00000000 add     a4,a4,a5
PC=000002b8 [026e07b3] x15=00000001 x28=ffffffff x06=ffffffff mul     a5,t3,t1
PC=000002bc [026e3fb3] x31=00000001 x28=ffffffff x06=ffffffff mulhu   t6,t3,t1
PC=000002c0 [00078f13] x30=00000001 x15=00000001 x00=00000000 addi    t5,a5,0
PC=000002c4 [01f707b3] x15=00000001 x14=00000000 x31=00000001 add     a5,a4,t6
PC=000002c8 [00078f93] x31=00000001 x15=00000001 x00=00000000 addi    t6,a5,0
PC=000002cc [fde42023] x00=00000000 x08=00500000 x30=00000001 sw      t5,-64(s0)
PC=000002d0 [fdf42223] x04=00000000 x08=00500000 x31=00000001 sw      t6,-60(s0)
PC=000002d4 [fde42023] x00=00000000 x08=00500000 x30=00000001 sw      t5,-64(s0)
PC=000002d8 [fdf42223] x04=00000000 x08=00500000 x31=00000001 sw      t6,-60(s0)
PC=000002dc [fcc42023] x00=00000000 x08=00500000 x12=00000000 sw      a2,-64(s0)
PC=000002e0 [fcd42223] x04=00000000 x08=00500000 x13=00000000 sw      a3,-60(s0)
PC=000002e4 [fff00793] x15=ffffffff x00=00000000 x31=00000001 addi    a5,zero,-1
PC=000002e8 [fcf42623] x12=00000000 x08=00500000 x15=ffffffff sw      a5,-52(s0)
PC=000002ec [00100793] x15=00000001 x00=00000000 x01=000001e0 addi    a5,zero,1
PC=000002f0 [fcf42423] x08=00500000 x08=00500000 x15=00000001 sw      a5,-56(s0)
PC=000002f4 [fcc42783] x15=ffffffff x08=00500000 x12=00000000 lw      a5,-52(s0)
PC=000002f8 [00078a13] x20=ffffffff x15=ffffffff x00=00000000 addi    s4,a5,0
PC=000002fc [00000a93] x21=00000000 x00=00000000 x00=00000000 addi    s5,zero,0
PC=00000300 [fc842783] x15=00000001 x08=00500000 x08=00500000 lw      a5,-56(s0)
PC=00000304 [00078913] x18=00000001 x15=00000001 x00=00000000 addi    s2,a5,0
PC=00000308 [00000993] x19=00000000 x00=00000000 x00=00000000 addi    s3,zero,0
PC=0000030c [032a8733] x14=00000000 x21=00000000 x18=00000001 mul     a4,s5,s2
PC=00000310 [034987b3] x15=00000000 x19=00000000 x20=ffffffff mul     a5,s3,s4
PC=00000314 [00f70733] x14=00000000 x14=00000000 x15=00000000 add     a4,a4,a5
PC=00000318 [032a07b3] x15=ffffffff x20=ffffffff x18=00000001 mul     a5,s4,s2
PC=0000031c [032a3bb3] x23=ffffffff x20=ffffffff x18=00000001 mulhu   s7,s4,s2
PC=00000320 [00078b13] x22=ffffffff x15=ffffffff x00=00000000 addi    s6,a5,0
PC=00000324 [017707b3] x15=ffffffff x14=00000000 x23=ffffffff add     a5,a4,s7
PC=00000328 [00078b93] x23=ffffffff x15=ffffffff x00=00000000 addi    s7,a5,0
PC=0000032c [fd642023] x00=00000000 x08=00500000 x22=ffffffff sw      s6,-64(s0)
PC=00000330 [fd742223] x04=00000000 x08=00500000 x23=ffffffff sw      s7,-60(s0)
PC=00000334 [fd642023] x00=00000000 x08=00500000 x22=ffffffff sw      s6,-64(s0)
PC=00000338 [fd742223] x04=00000000 x08=00500000 x23=ffffffff sw      s7,-60(s0)
PC=0000033c [fcc42023] x00=00000000 x08=00500000 x12=00000000 sw      a2,-64(s0)
PC=00000340 [fcd42223] x04=00000000 x08=00500000 x13=00000000 sw      a3,-60(s0)
PC=00000344 [fff00793] x15=ffffffff x00=00000000 x31=00000001 addi    a5,zero,-1
PC=00000348 [fcf42623] x12=00000000 x08=00500000 x15=ffffffff sw      a5,-52(s0)
PC=0000034c [00a00793] x15=0000000a x00=00000000 x10=00000002 addi    a5,zero,10
PC=00000350 [fcf42423] x08=00500000 x08=00500000 x15=0000000a sw      a5,-56(s0)
PC=00000354 [fcc42783] x15=ffffffff x08=00500000 x12=00000000 lw      a5,-52(s0)
PC=00000358 [00078d13] x26=ffffffff x15=ffffffff x00=00000000 addi    s10,a5,0
PC=0000035c [00000d93] x27=00000000 x00=00000000 x00=00000000 addi    s11,zero,0
PC=00000360 [fc842783] x15=0000000a x08=00500000 x08=00500000 lw      a5,-56(s0)
PC=00000364 [00078c13] x24=0000000a x15=0000000a x00=00000000 addi    s8,a5,0
PC=00000368 [00000c93] x25=00000000 x00=00000000 x00=00000000 addi    s9,zero,0
PC=0000036c [038d8733] x14=00000000 x27=00000000 x24=0000000a mul     a4,s11,s8
PC=00000370 [03ac87b3] x15=00000000 x25=00000000 x26=ffffffff mul     a5,s9,s10
PC=00000374 [00f70733] x14=00000000 x14=00000000 x15=00000000 add     a4,a4,a5
PC=00000378 [038d07b3] x15=fffffff6 x26=ffffffff x24=0000000a mul     a5,s10,s8
PC=0000037c [038d35b3] x11=fffffff6 x26=ffffffff x24=0000000a mulhu   a1,s10,s8
PC=00000380 [fab42e23] x28=ffffffff x08=00500000 x11=fffffff6 sw      a1,-68(s0)
PC=00000384 [faf42c23] x24=0000000a x08=00500000 x15=fffffff6 sw      a5,-72(s0)
PC=00000388 [fbc42783] x15=fffffff6 x08=00500000 x28=ffffffff lw      a5,-68(s0)
PC=0000038c [00f707b3] x15=fffffff6 x14=00000000 x15=fffffff6 add     a5,a4,a5
PC=00000390 [faf42e23] x28=ffffffff x08=00500000 x15=fffffff6 sw      a5,-68(s0)
PC=00000394 [fb842783] x15=fffffff6 x08=00500000 x24=0000000a lw      a5,-72(s0)
PC=00000398 [fbc42803] x16=fffffff6 x08=00500000 x28=ffffffff lw      a6,-68(s0)
PC=0000039c [fcf42023] x00=00000000 x08=00500000 x15=fffffff6 sw      a5,-64(s0)
PC=000003a0 [fd042223] x04=00000000 x08=00500000 x16=fffffff6 sw      a6,-60(s0)
PC=000003a4 [fcf42023] x00=00000000 x08=00500000 x15=fffffff6 sw      a5,-64(s0)
PC=000003a8 [fd042223] x04=00000000 x08=00500000 x16=fffffff6 sw      a6,-60(s0)
PC=000003ac [fcc42023] x00=00000000 x08=00500000 x12=00000000 sw      a2,-64(s0)
PC=000003b0 [fcd42223] x04=00000000 x08=00500000 x13=00000000 sw      a3,-60(s0)
PC=000003b4 [ffe00793] x15=fffffffe x00=00000000 x30=00000001 addi    a5,zero,-2
PC=000003b8 [fcf42623] x12=00000000 x08=00500000 x15=fffffffe sw      a5,-52(s0)
PC=000003bc [ffc00793] x15=fffffffc x00=00000000 x28=ffffffff addi    a5,zero,-4
PC=000003c0 [fcf42423] x08=00500000 x08=00500000 x15=fffffffc sw      a5,-56(s0)
PC=000003c4 [fcc42783] x15=fffffffe x08=00500000 x12=00000000 lw      a5,-52(s0)
PC=000003c8 [f6f42423] x08=00500000 x08=00500000 x15=fffffffe sw      a5,-152(s0)
PC=000003cc [f6042623] x12=00000000 x08=00500000 x00=00000000 sw      zero,-148(s0)
PC=000003d0 [fc842783] x15=fffffffc x08=00500000 x08=00500000 lw      a5,-56(s0)
PC=000003d4 [f6f42023] x00=00000000 x08=00500000 x15=fffffffc sw      a5,-160(s0)
PC=000003d8 [f6042223] x04=00000000 x08=00500000 x00=00000000 sw      zero,-156(s0)
PC=000003dc [f6842303] x06=fffffffe x08=00500000 x08=00500000 lw      t1,-152(s0)
PC=000003e0 [f6c42383] x07=00000000 x08=00500000 x12=00000000 lw      t2,-148(s0)
PC=000003e4 [00038793] x15=00000000 x07=00000000 x00=00000000 addi    a5,t2,0
PC=000003e8 [f6042803] x16=fffffffc x08=00500000 x00=00000000 lw      a6,-160(s0)
PC=000003ec [f6442883] x17=00000000 x08=00500000 x04=00000000 lw      a7,-156(s0)
PC=000003f0 [00080713] x14=fffffffc x16=fffffffc x00=00000000 addi    a4,a6,0
PC=000003f4 [02e78733] x14=00000000 x15=00000000 x14=fffffffc mul     a4,a5,a4
PC=000003f8 [00088793] x15=00000000 x17=00000000 x00=00000000 addi    a5,a7,0
PC=000003fc [00030593] x11=fffffffe x06=fffffffe x00=00000000 addi    a1,t1,0
PC=00000400 [02b787b3] x15=00000000 x15=00000000 x11=fffffffe mul     a5,a5,a1
PC=00000404 [00f70733] x14=00000000 x14=00000000 x15=00000000 add     a4,a4,a5
PC=00000408 [00030793] x15=fffffffe x06=fffffffe x00=00000000 addi    a5,t1,0
PC=0000040c [00080593] x11=fffffffc x16=fffffffc x00=00000000 addi    a1,a6,0
PC=00000410 [02b787b3] x15=00000008 x15=fffffffe x11=fffffffc mul     a5,a5,a1
PC=00000414 [00030593] x11=fffffffe x06=fffffffe x00=00000000 addi    a1,t1,0
PC=00000418 [00080513] x10=fffffffc x16=fffffffc x00=00000000 addi    a0,a6,0
PC=0000041c [02a5b5b3] x11=00000008 x11=fffffffe x10=fffffffc mulhu   a1,a1,a0
PC=00000420 [fab42a23] x20=ffffffff x08=00500000 x11=00000008 sw      a1,-76(s0)
PC=00000424 [faf42823] x16=fffffffc x08=00500000 x15=00000008 sw      a5,-80(s0)
PC=00000428 [fb442783] x15=00000008 x08=00500000 x20=ffffffff lw      a5,-76(s0)
PC=0000042c [00f707b3] x15=00000008 x14=00000000 x15=00000008 add     a5,a4,a5
PC=00000430 [faf42a23] x20=ffffffff x08=00500000 x15=00000008 sw      a5,-76(s0)
PC=00000434 [fb042783] x15=00000008 x08=00500000 x16=fffffffc lw      a5,-80(s0)
PC=00000438 [fb442803] x16=00000008 x08=00500000 x20=ffffffff lw      a6,-76(s0)
PC=0000043c [fcf42023] x00=00000000 x08=00500000 x15=00000008 sw      a5,-64(s0)
PC=00000440 [fd042223] x04=00000000 x08=00500000 x16=00000008 sw      a6,-60(s0)
PC=00000444 [fcf42023] x00=00000000 x08=00500000 x15=00000008 sw      a5,-64(s0)
PC=00000448 [fd042223] x04=00000000 x08=00500000 x16=00000008 sw      a6,-60(s0)
PC=0000044c [fcc42023] x00=00000000 x08=00500000 x12=00000000 sw      a2,-64(s0)
PC=00000450 [fcd42223] x04=00000000 x08=00500000 x13=00000000 sw      a3,-60(s0)
PC=00000454 [00a00793] x15=0000000a x00=00000000 x10=fffffffc addi    a5,zero,10
PC=00000458 [fcf42623] x12=00000000 x08=00500000 x15=0000000a sw      a5,-52(s0)
PC=0000045c [00b00793] x15=0000000b x00=00000000 x11=00000008 addi    a5,zero,11
PC=00000460 [fcf42423] x08=00500000 x08=00500000 x15=0000000b sw      a5,-56(s0)
PC=00000464 [fcc42783] x15=0000000a x08=00500000 x12=00000000 lw      a5,-52(s0)
PC=00000468 [f4f42c23] x24=0000000a x08=00500000 x15=0000000a sw      a5,-168(s0)
PC=0000046c [f4042e23] x28=ffffffff x08=00500000 x00=00000000 sw      zero,-164(s0)
PC=00000470 [fc842783] x15=0000000b x08=00500000 x08=00500000 lw      a5,-56(s0)
PC=00000474 [f4f42823] x16=00000008 x08=00500000 x15=0000000b sw      a5,-176(s0)
PC=00000478 [f4042a23] x20=ffffffff x08=00500000 x00=00000000 sw      zero,-172(s0)
PC=0000047c [f5842303] x06=0000000a x08=00500000 x24=0000000a lw      t1,-168(s0)
PC=00000480 [f5c42383] x07=00000000 x08=00500000 x28=ffffffff lw      t2,-164(s0)
PC=00000484 [00038793] x15=00000000 x07=00000000 x00=00000000 addi    a5,t2,0
PC=00000488 [f5042803] x16=0000000b x08=00500000 x16=00000008 lw      a6,-176(s0)
PC=0000048c [f5442883] x17=00000000 x08=00500000 x20=ffffffff lw      a7,-172(s0)
PC=00000490 [00080713] x14=0000000b x16=0000000b x00=00000000 addi    a4,a6,0
PC=00000494 [02e78733] x14=00000000 x15=00000000 x14=0000000b mul     a4,a5,a4
PC=00000498 [00088793] x15=00000000 x17=00000000 x00=00000000 addi    a5,a7,0
PC=0000049c [00030593] x11=0000000a x06=0000000a x00=00000000 addi    a1,t1,0
PC=000004a0 [02b787b3] x15=00000000 x15=00000000 x11=0000000a mul     a5,a5,a1
PC=000004a4 [00f70733] x14=00000000 x14=00000000 x15=00000000 add     a4,a4,a5
PC=000004a8 [00030793] x15=0000000a x06=0000000a x00=00000000 addi    a5,t1,0
PC=000004ac [00080593] x11=0000000b x16=0000000b x00=00000000 addi    a1,a6,0
PC=000004b0 [02b787b3] x15=0000006e x15=0000000a x11=0000000b mul     a5,a5,a1
PC=000004b4 [00030593] x11=0000000a x06=0000000a x00=00000000 addi    a1,t1,0
PC=000004b8 [00080513] x10=0000000b x16=0000000b x00=00000000 addi    a0,a6,0
PC=000004bc [02a5b5b3] x11=0000006e x11=0000000a x10=0000000b mulhu   a1,a1,a0
PC=000004c0 [fab42623] x12=00000000 x08=00500000 x11=0000006e sw      a1,-84(s0)
PC=000004c4 [faf42423] x08=00500000 x08=00500000 x15=0000006e sw      a5,-88(s0)
PC=000004c8 [fac42783] x15=0000006e x08=00500000 x12=00000000 lw      a5,-84(s0)
PC=000004cc [00f707b3] x15=0000006e x14=00000000 x15=0000006e add     a5,a4,a5
PC=000004d0 [faf42623] x12=00000000 x08=00500000 x15=0000006e sw      a5,-84(s0)
PC=000004d4 [fa842783] x15=0000006e x08=00500000 x08=00500000 lw      a5,-88(s0)
PC=000004d8 [fac42803] x16=0000006e x08=00500000 x12=00000000 lw      a6,-84(s0)
PC=000004dc [fcf42023] x00=00000000 x08=00500000 x15=0000006e sw      a5,-64(s0)
PC=000004e0 [fd042223] x04=00000000 x08=00500000 x16=0000006e sw      a6,-60(s0)
PC=000004e4 [fcf42023] x00=00000000 x08=00500000 x15=0000006e sw      a5,-64(s0)
PC=000004e8 [fd042223] x04=00000000 x08=00500000 x16=0000006e sw      a6,-60(s0)
PC=000004ec [fcc42023] x00=00000000 x08=00500000 x12=00000000 sw      a2,-64(s0)
PC=000004f0 [fcd42223] x04=00000000 x08=00500000 x13=00000000 sw      a3,-60(s0)
PC=000004f4 [ff600793] x15=fffffff6 x00=00000000 x22=ffffffff addi    a5,zero,-10
PC=000004f8 [fcf42623] x12=00000000 x08=00500000 x15=fffffff6 sw      a5,-52(s0)
PC=000004fc [00b00793] x15=0000000b x00=00000000 x11=0000006e addi    a5,zero,11
PC=00000500 [fcf42423] x08=00500000 x08=00500000 x15=0000000b sw      a5,-56(s0)
PC=00000504 [fcc42783] x15=fffffff6 x08=00500000 x12=00000000 lw      a5,-52(s0)
PC=00000508 [f4f42423] x08=00500000 x08=00500000 x15=fffffff6 sw      a5,-184(s0)
PC=0000050c [f4042623] x12=00000000 x08=00500000 x00=00000000 sw      zero,-180(s0)
PC=00000510 [fc842783] x15=0000000b x08=00500000 x08=00500000 lw      a5,-56(s0)
PC=00000514 [f4f42023] x00=00000000 x08=00500000 x15=0000000b sw      a5,-192(s0)
PC=00000518 [f4042223] x04=00000000 x08=00500000 x00=00000000 sw      zero,-188(s0)
PC=0000051c [f4842303] x06=fffffff6 x08=00500000 x08=00500000 lw      t1,-184(s0)
PC=00000520 [f4c42383] x07=00000000 x08=00500000 x12=00000000 lw      t2,-180(s0)
PC=00000524 [00038793] x15=00000000 x07=00000000 x00=00000000 addi    a5,t2,0
PC=00000528 [f4042803] x16=0000000b x08=00500000 x00=00000000 lw      a6,-192(s0)
PC=0000052c [f4442883] x17=00000000 x08=00500000 x04=00000000 lw      a7,-188(s0)
PC=00000530 [00080713] x14=0000000b x16=0000000b x00=00000000 addi    a4,a6,0
PC=00000534 [02e78733] x14=00000000 x15=00000000 x14=0000000b mul     a4,a5,a4
PC=00000538 [00088793] x15=00000000 x17=00000000 x00=00000000 addi    a5,a7,0
PC=0000053c [00030593] x11=fffffff6 x06=fffffff6 x00=00000000 addi    a1,t1,0
PC=00000540 [02b787b3] x15=00000000 x15=00000000 x11=fffffff6 mul     a5,a5,a1
PC=00000544 [00f70733] x14=00000000 x14=00000000 x15=00000000 add     a4,a4,a5
PC=00000548 [00030793] x15=fffffff6 x06=fffffff6 x00=00000000 addi    a5,t1,0
PC=0000054c [00080593] x11=0000000b x16=0000000b x00=00000000 addi    a1,a6,0
PC=00000550 [02b787b3] x15=ffffff92 x15=fffffff6 x11=0000000b mul     a5,a5,a1
PC=00000554 [00030593] x11=fffffff6 x06=fffffff6 x00=00000000 addi    a1,t1,0
PC=00000558 [00080513] x10=0000000b x16=0000000b x00=00000000 addi    a0,a6,0
PC=0000055c [02a5b5b3] x11=ffffff92 x11=fffffff6 x10=0000000b mulhu   a1,a1,a0
PC=00000560 [fab42223] x04=00000000 x08=00500000 x11=ffffff92 sw      a1,-92(s0)
PC=00000564 [faf42023] x00=00000000 x08=00500000 x15=ffffff92 sw      a5,-96(s0)
PC=00000568 [fa442783] x15=ffffff92 x08=00500000 x04=00000000 lw      a5,-92(s0)
PC=0000056c [00f707b3] x15=ffffff92 x14=00000000 x15=ffffff92 add     a5,a4,a5
PC=00000570 [faf42223] x04=00000000 x08=00500000 x15=ffffff92 sw      a5,-92(s0)
PC=00000574 [fa042783] x15=ffffff92 x08=00500000 x00=00000000 lw      a5,-96(s0)
PC=00000578 [fa442803] x16=ffffff92 x08=00500000 x04=00000000 lw      a6,-92(s0)
PC=0000057c [fcf42023] x00=00000000 x08=00500000 x15=ffffff92 sw      a5,-64(s0)
PC=00000580 [fd042223] x04=00000000 x08=00500000 x16=ffffff92 sw      a6,-60(s0)
PC=00000584 [fcf42023] x00=00000000 x08=00500000 x15=ffffff92 sw      a5,-64(s0)
PC=00000588 [fd042223] x04=00000000 x08=00500000 x16=ffffff92 sw      a6,-60(s0)
PC=0000058c [fcc42023] x00=00000000 x08=00500000 x12=00000000 sw      a2,-64(s0)
PC=00000590 [fcd42223] x04=00000000 x08=00500000 x13=00000000 sw      a3,-60(s0)
PC=00000594 [0000f7b7] x15=0000f000 x01=000001e0 x00=00000000 lui     a5,61440
PC=00000598 [fcf42623] x12=00000000 x08=00500000 x15=0000f000 sw      a5,-52(s0)
PC=0000059c [0000f7b7] x15=0000f000 x01=000001e0 x00=00000000 lui     a5,61440
PC=000005a0 [00178793] x15=0000f001 x15=0000f000 x01=000001e0 addi    a5,a5,1
PC=000005a4 [fcf42423] x08=00500000 x08=00500000 x15=0000f001 sw      a5,-56(s0)
PC=000005a8 [fcc42783] x15=0000f000 x08=00500000 x12=00000000 lw      a5,-52(s0)
PC=000005ac [f2f42c23] x24=0000000a x08=00500000 x15=0000f000 sw      a5,-200(s0)
PC=000005b0 [f2042e23] x28=ffffffff x08=00500000 x00=00000000 sw      zero,-196(s0)
PC=000005b4 [fc842783] x15=0000f001 x08=00500000 x08=00500000 lw      a5,-56(s0)
PC=000005b8 [f2f42823] x16=ffffff92 x08=00500000 x15=0000f001 sw      a5,-208(s0)
PC=000005bc [f2042a23] x20=ffffffff x08=00500000 x00=00000000 sw      zero,-204(s0)
PC=000005c0 [f3842303] x06=0000f000 x08=00500000 x24=0000000a lw      t1,-200(s0)
PC=000005c4 [f3c42383] x07=00000000 x08=00500000 x28=ffffffff lw      t2,-196(s0)
PC=000005c8 [00038793] x15=00000000 x07=00000000 x00=00000000 addi    a5,t2,0
PC=000005cc [f3042803] x16=0000f001 x08=00500000 x16=ffffff92 lw      a6,-208(s0)
PC=000005d0 [f3442883] x17=00000000 x08=00500000 x20=ffffffff lw      a7,-204(s0)
PC=000005d4 [00080713] x14=0000f001 x16=0000f001 x00=00000000 addi    a4,a6,0
PC=000005d8 [02e78733] x14=00000000 x15=00000000 x14=0000f001 mul     a4,a5,a4
PC=000005dc [00088793] x15=00000000 x17=00000000 x00=00000000 addi    a5,a7,0
PC=000005e0 [00030593] x11=0000f000 x06=0000f000 x00=00000000 addi    a1,t1,0
PC=000005e4 [02b787b3] x15=00000000 x15=00000000 x11=0000f000 mul     a5,a5,a1
PC=000005e8 [00f70733] x14=00000000 x14=00000000 x15=00000000 add     a4,a4,a5
PC=000005ec [00030793] x15=0000f000 x06=0000f000 x00=00000000 addi    a5,t1,0
PC=000005f0 [00080593] x11=0000f001 x16=0000f001 x00=00000000 addi    a1,a6,0
PC=000005f4 [02b787b3] x15=e100f000 x15=0000f000 x11=0000f001 mul     a5,a5,a1
PC=000005f8 [00030593] x11=0000f000 x06=0000f000 x00=00000000 addi    a1,t1,0
PC=000005fc [00080513] x10=0000f001 x16=0000f001 x00=00000000 addi    a0,a6,0
PC=00000600 [02a5b5b3] x11=e100f000 x11=0000f000 x10=0000f001 mulhu   a1,a1,a0
PC=00000604 [f8b42e23] x28=ffffffff x08=00500000 x11=e100f000 sw      a1,-100(s0)
PC=00000608 [f8f42c23] x24=0000000a x08=00500000 x15=e100f000 sw      a5,-104(s0)
PC=0000060c [f9c42783] x15=e100f000 x08=00500000 x28=ffffffff lw      a5,-100(s0)
PC=00000610 [00f707b3] x15=e100f000 x14=00000000 x15=e100f000 add     a5,a4,a5
PC=00000614 [f8f42e23] x28=ffffffff x08=00500000 x15=e100f000 sw      a5,-100(s0)
PC=00000618 [f9842783] x15=e100f000 x08=00500000 x24=0000000a lw      a5,-104(s0)
PC=0000061c [f9c42803] x16=e100f000 x08=00500000 x28=ffffffff lw      a6,-100(s0)
PC=00000620 [fcf42023] x00=00000000 x08=00500000 x15=e100f000 sw      a5,-64(s0)
PC=00000624 [fd042223] x04=00000000 x08=00500000 x16=e100f000 sw      a6,-60(s0)
PC=00000628 [fcf42023] x00=00000000 x08=00500000 x15=e100f000 sw      a5,-64(s0)
PC=0000062c [fd042223] x04=00000000 x08=00500000 x16=e100f000 sw      a6,-60(s0)
PC=00000630 [fcc42023] x00=00000000 x08=00500000 x12=00000000 sw      a2,-64(s0)
PC=00000634 [fcd42223] x04=00000000 x08=00500000 x13=00000000 sw      a3,-60(s0)
PC=00000638 [555557b7] x15=55555000 x10=0000f001 x21=00000000 lui     a5,1431654400
PC=0000063c [55578793] x15=55555555 x15=55555000 x21=00000000 addi    a5,a5,1365
PC=00000640 [fcf42623] x12=00000000 x08=00500000 x15=55555555 sw      a5,-52(s0)
PC=00000644 [333337b7] x15=33333000 x06=0000f000 x19=00000000 lui     a5,858992640
PC=00000648 [33378793] x15=33333333 x15=33333000 x19=00000000 addi    a5,a5,819
PC=0000064c [fcf42423] x08=00500000 x08=00500000 x15=33333333 sw      a5,-56(s0)
PC=00000650 [fcc42783] x15=55555555 x08=00500000 x12=00000000 lw      a5,-52(s0)
PC=00000654 [f2f42423] x08=00500000 x08=00500000 x15=55555555 sw      a5,-216(s0)
PC=00000658 [f2042623] x12=00000000 x08=00500000 x00=00000000 sw      zero,-212(s0)
PC=0000065c [fc842783] x15=33333333 x08=00500000 x08=00500000 lw      a5,-56(s0)
PC=00000660 [f2f42023] x00=00000000 x08=00500000 x15=33333333 sw      a5,-224(s0)
PC=00000664 [f2042223] x04=00000000 x08=00500000 x00=00000000 sw      zero,-220(s0)
PC=00000668 [f2842303] x06=55555555 x08=00500000 x08=00500000 lw      t1,-216(s0)
PC=0000066c [f2c42383] x07=00000000 x08=00500000 x12=00000000 lw      t2,-212(s0)
PC=00000670 [00038793] x15=00000000 x07=00000000 x00=00000000 addi    a5,t2,0
PC=00000674 [f2042803] x16=33333333 x08=00500000 x00=00000000 lw      a6,-224(s0)
PC=00000678 [f2442883] x17=00000000 x08=00500000 x04=00000000 lw      a7,-220(s0)
PC=0000067c [00080713] x14=33333333 x16=33333333 x00=00000000 addi    a4,a6,0
PC=00000680 [02e78733] x14=00000000 x15=00000000 x14=33333333 mul     a4,a5,a4
PC=00000684 [00088793] x15=00000000 x17=00000000 x00=00000000 addi    a5,a7,0
PC=00000688 [00030593] x11=55555555 x06=55555555 x00=00000000 addi    a1,t1,0
PC=0000068c [02b787b3] x15=00000000 x15=00000000 x11=55555555 mul     a5,a5,a1
PC=00000690 [00f70733] x14=00000000 x14=00000000 x15=00000000 add     a4,a4,a5
PC=00000694 [00030793] x15=55555555 x06=55555555 x00=00000000 addi    a5,t1,0
PC=00000698 [00080593] x11=33333333 x16=33333333 x00=00000000 addi    a1,a6,0
PC=0000069c [02b787b3] x15=eeeeeeef x15=55555555 x11=33333333 mul     a5,a5,a1
PC=000006a0 [00030593] x11=55555555 x06=55555555 x00=00000000 addi    a1,t1,0
PC=000006a4 [00080513] x10=33333333 x16=33333333 x00=00000000 addi    a0,a6,0
PC=000006a8 [02a5b5b3] x11=eeeeeeef x11=55555555 x10=33333333 mulhu   a1,a1,a0
PC=000006ac [f8b42a23] x20=ffffffff x08=00500000 x11=eeeeeeef sw      a1,-108(s0)
PC=000006b0 [f8f42823] x16=33333333 x08=00500000 x15=eeeeeeef sw      a5,-112(s0)
PC=000006b4 [f9442783] x15=eeeeeeef x08=00500000 x20=ffffffff lw      a5,-108(s0)
PC=000006b8 [00f707b3] x15=eeeeeeef x14=00000000 x15=eeeeeeef add     a5,a4,a5
PC=000006bc [f8f42a23] x20=ffffffff x08=00500000 x15=eeeeeeef sw      a5,-108(s0)
PC=000006c0 [f9042783] x15=eeeeeeef x08=00500000 x16=33333333 lw      a5,-112(s0)
PC=000006c4 [f9442803] x16=eeeeeeef x08=00500000 x20=ffffffff lw      a6,-108(s0)
PC=000006c8 [fcf42023] x00=00000000 x08=00500000 x15=eeeeeeef sw      a5,-64(s0)
PC=000006cc [fd042223] x04=00000000 x08=00500000 x16=eeeeeeef sw      a6,-60(s0)
PC=000006d0 [fcf42023] x00=00000000 x08=00500000 x15=eeeeeeef sw      a5,-64(s0)
PC=000006d4 [fd042223] x04=00000000 x08=00500000 x16=eeeeeeef sw      a6,-60(s0)
PC=000006d8 [fcc42023] x00=00000000 x08=00500000 x12=00000000 sw      a2,-64(s0)
PC=000006dc [fcd42223] x04=00000000 x08=00500000 x13=00000000 sw      a3,-60(s0)
PC=000006e0 [000057b7] x15=00005000 x00=00000000 x00=00000000 lui     a5,20480
PC=000006e4 [35378793] x15=00005353 x15=00005000 x19=00000000 addi    a5,a5,851
PC=000006e8 [fcf42623] x12=00000000 x08=00500000 x15=00005353 sw      a5,-52(s0)
PC=000006ec [000087b7] x15=00008000 x01=000001e0 x00=00000000 lui     a5,32768
PC=000006f0 [fcf42423] x08=00500000 x08=00500000 x15=00008000 sw      a5,-56(s0)
PC=000006f4 [fcc42783] x15=00005353 x08=00500000 x12=00000000 lw      a5,-52(s0)
PC=000006f8 [f0f42c23] x24=0000000a x08=00500000 x15=00005353 sw      a5,-232(s0)
PC=000006fc [f0042e23] x28=ffffffff x08=00500000 x00=00000000 sw      zero,-228(s0)
PC=00000700 [fc842783] x15=00008000 x08=00500000 x08=00500000 lw      a5,-56(s0)
PC=00000704 [f0f42823] x16=eeeeeeef x08=00500000 x15=00008000 sw      a5,-240(s0)
PC=00000708 [f0042a23] x20=ffffffff x08=00500000 x00=00000000 sw      zero,-236(s0)
PC=0000070c [f1842303] x06=00005353 x08=00500000 x24=0000000a lw      t1,-232(s0)
PC=00000710 [f1c42383] x07=00000000 x08=00500000 x28=ffffffff lw      t2,-228(s0)
PC=00000714 [00038793] x15=00000000 x07=00000000 x00=00000000 addi    a5,t2,0
PC=00000718 [f1042803] x16=00008000 x08=00500000 x16=eeeeeeef lw      a6,-240(s0)
PC=0000071c [f1442883] x17=00000000 x08=00500000 x20=ffffffff lw      a7,-236(s0)
PC=00000720 [00080713] x14=00008000 x16=00008000 x00=00000000 addi    a4,a6,0
PC=00000724 [02e78733] x14=00000000 x15=00000000 x14=00008000 mul     a4,a5,a4
PC=00000728 [00088793] x15=00000000 x17=00000000 x00=00000000 addi    a5,a7,0
PC=0000072c [00030593] x11=00005353 x06=00005353 x00=00000000 addi    a1,t1,0
PC=00000730 [02b787b3] x15=00000000 x15=00000000 x11=00005353 mul     a5,a5,a1
PC=00000734 [00f707b3] x15=00000000 x14=00000000 x15=00000000 add     a5,a4,a5
PC=00000738 [00030713] x14=00005353 x06=00005353 x00=00000000 addi    a4,t1,0
PC=0000073c [00080593] x11=00008000 x16=00008000 x00=00000000 addi    a1,a6,0
PC=00000740 [02b70733] x14=29a98000 x14=00005353 x11=00008000 mul     a4,a4,a1
PC=00000744 [00030593] x11=00005353 x06=00005353 x00=00000000 addi    a1,t1,0
PC=00000748 [00080513] x10=00008000 x16=00008000 x00=00000000 addi    a0,a6,0
PC=0000074c [02a5b5b3] x11=29a98000 x11=00005353 x10=00008000 mulhu   a1,a1,a0
PC=00000750 [f8b42623] x12=00000000 x08=00500000 x11=29a98000 sw      a1,-116(s0)
PC=00000754 [f8e42423] x08=00500000 x08=00500000 x14=29a98000 sw      a4,-120(s0)
PC=00000758 [f8c42703] x14=29a98000 x08=00500000 x12=00000000 lw      a4,-116(s0)
PC=0000075c [00e787b3] x15=29a98000 x15=00000000 x14=29a98000 add     a5,a5,a4
PC=00000760 [f8f42623] x12=00000000 x08=00500000 x15=29a98000 sw      a5,-116(s0)
PC=00000764 [f8842783] x15=29a98000 x08=00500000 x08=00500000 lw      a5,-120(s0)
PC=00000768 [f8c42803] x16=29a98000 x08=00500000 x12=00000000 lw      a6,-116(s0)
PC=0000076c [fcf42023] x00=00000000 x08=00500000 x15=29a98000 sw      a5,-64(s0)
PC=00000770 [fd042223] x04=00000000 x08=00500000 x16=29a98000 sw      a6,-60(s0)
PC=00000774 [fcf42023] x00=00000000 x08=00500000 x15=29a98000 sw      a5,-64(s0)
PC=00000778 [fd042223] x04=00000000 x08=00500000 x16=29a98000 sw      a6,-60(s0)
PC=0000077c [fcc42023] x00=00000000 x08=00500000 x12=00000000 sw      a2,-64(s0)
PC=00000780 [fcd42223] x04=00000000 x08=00500000 x13=00000000 sw      a3,-60(s0)
PC=00000784 [fffff7b7] x15=fffff000 x31=00000001 x31=00000001 lui     a5,-4096
PC=00000788 [fcf42623] x12=00000000 x08=00500000 x15=fffff000 sw      a5,-52(s0)
PC=0000078c [fffff7b7] x15=fffff000 x31=00000001 x31=00000001 lui     a5,-4096
PC=00000790 [00178793] x15=fffff001 x15=fffff000 x01=000001e0 addi    a5,a5,1
PC=00000794 [fcf42423] x08=00500000 x08=00500000 x15=fffff001 sw      a5,-56(s0)
PC=00000798 [fcc42783] x15=fffff000 x08=00500000 x12=00000000 lw      a5,-52(s0)
PC=0000079c [f0f42423] x08=00500000 x08=00500000 x15=fffff000 sw      a5,-248(s0)
PC=000007a0 [f0042623] x12=00000000 x08=00500000 x00=00000000 sw      zero,-244(s0)
PC=000007a4 [fc842783] x15=fffff001 x08=00500000 x08=00500000 lw      a5,-56(s0)
PC=000007a8 [f0f42023] x00=00000000 x08=00500000 x15=fffff001 sw      a5,-256(s0)
PC=000007ac [f0042223] x04=00000000 x08=00500000 x00=00000000 sw      zero,-252(s0)
PC=000007b0 [f0842303] x06=fffff000 x08=00500000 x08=00500000 lw      t1,-248(s0)
PC=000007b4 [f0c42383] x07=00000000 x08=00500000 x12=00000000 lw      t2,-244(s0)
PC=000007b8 [00038793] x15=00000000 x07=00000000 x00=00000000 addi    a5,t2,0
PC=000007bc [f0042803] x16=fffff001 x08=00500000 x00=00000000 lw      a6,-256(s0)
PC=000007c0 [f0442883] x17=00000000 x08=00500000 x04=00000000 lw      a7,-252(s0)
PC=000007c4 [00080713] x14=fffff001 x16=fffff001 x00=00000000 addi    a4,a6,0
PC=000007c8 [02e78733] x14=00000000 x15=00000000 x14=fffff001 mul     a4,a5,a4
PC=000007cc [00088793] x15=00000000 x17=00000000 x00=00000000 addi    a5,a7,0
PC=000007d0 [00030593] x11=fffff000 x06=fffff000 x00=00000000 addi    a1,t1,0
PC=000007d4 [02b787b3] x15=00000000 x15=00000000 x11=fffff000 mul     a5,a5,a1
PC=000007d8 [00f707b3] x15=00000000 x14=00000000 x15=00000000 add     a5,a4,a5
PC=000007dc [00030713] x14=fffff000 x06=fffff000 x00=00000000 addi    a4,t1,0
PC=000007e0 [00080593] x11=fffff001 x16=fffff001 x00=00000000 addi    a1,a6,0
PC=000007e4 [02b70733] x14=00fff000 x14=fffff000 x11=fffff001 mul     a4,a4,a1
PC=000007e8 [00030593] x11=fffff000 x06=fffff000 x00=00000000 addi    a1,t1,0
PC=000007ec [00080513] x10=fffff001 x16=fffff001 x00=00000000 addi    a0,a6,0
PC=000007f0 [02a5b5b3] x11=00fff000 x11=fffff000 x10=fffff001 mulhu   a1,a1,a0
PC=000007f4 [f8b42223] x04=00000000 x08=00500000 x11=00fff000 sw      a1,-124(s0)
PC=000007f8 [f8e42023] x00=00000000 x08=00500000 x14=00fff000 sw      a4,-128(s0)
PC=000007fc [f8442703] x14=00fff000 x08=00500000 x04=00000000 lw      a4,-124(s0)
PC=00000800 [00e787b3] x15=00fff000 x15=00000000 x14=00fff000 add     a5,a5,a4
PC=00000804 [f8f42223] x04=00000000 x08=00500000 x15=00fff000 sw      a5,-124(s0)
PC=00000808 [f8042783] x15=00fff000 x08=00500000 x00=00000000 lw      a5,-128(s0)
PC=0000080c [f8442803] x16=00fff000 x08=00500000 x04=00000000 lw      a6,-124(s0)
PC=00000810 [fcf42023] x00=00000000 x08=00500000 x15=00fff000 sw      a5,-64(s0)
PC=00000814 [fd042223] x04=00000000 x08=00500000 x16=00fff000 sw      a6,-60(s0)
PC=00000818 [fcf42023] x00=00000000 x08=00500000 x15=00fff000 sw      a5,-64(s0)
PC=0000081c [fd042223] x04=00000000 x08=00500000 x16=00fff000 sw      a6,-60(s0)
PC=00000820 [fcc42023] x00=00000000 x08=00500000 x12=00000000 sw      a2,-64(s0)
PC=00000824 [fcd42223] x04=00000000 x08=00500000 x13=00000000 sw      a3,-60(s0)
PC=00000828 [000057b7] x15=00005000 x00=00000000 x00=00000000 lui     a5,20480
PC=0000082c [55578793] x15=00005555 x15=00005000 x21=00000000 addi    a5,a5,1365
PC=00000830 [fcf42623] x12=00000000 x08=00500000 x15=00005555 sw      a5,-52(s0)
PC=00000834 [333307b7] x15=33330000 x06=fffff000 x19=00000000 lui     a5,858980352
PC=00000838 [fcf42423] x08=00500000 x08=00500000 x15=33330000 sw      a5,-56(s0)
PC=0000083c [fcc42783] x15=00005555 x08=00500000 x12=00000000 lw      a5,-52(s0)
PC=00000840 [eef42c23] x24=0000000a x08=00500000 x15=00005555 sw      a5,-264(s0)
PC=00000844 [ee042e23] x28=ffffffff x08=00500000 x00=00000000 sw      zero,-260(s0)
PC=00000848 [fc842783] x15=33330000 x08=00500000 x08=00500000 lw      a5,-56(s0)
PC=0000084c [eef42823] x16=00fff000 x08=00500000 x15=33330000 sw      a5,-272(s0)
PC=00000850 [ee042a23] x20=ffffffff x08=00500000 x00=00000000 sw      zero,-268(s0)
PC=00000854 [ef842303] x06=00005555 x08=00500000 x24=0000000a lw      t1,-264(s0)
PC=00000858 [efc42383] x07=00000000 x08=00500000 x28=ffffffff lw      t2,-260(s0)
PC=0000085c [00038793] x15=00000000 x07=00000000 x00=00000000 addi    a5,t2,0
PC=00000860 [ef042803] x16=33330000 x08=00500000 x16=00fff000 lw      a6,-272(s0)
PC=00000864 [ef442883] x17=00000000 x08=00500000 x20=ffffffff lw      a7,-268(s0)
PC=00000868 [00080713] x14=33330000 x16=33330000 x00=00000000 addi    a4,a6,0
PC=0000086c [02e78733] x14=00000000 x15=00000000 x14=33330000 mul     a4,a5,a4
PC=00000870 [00088793] x15=00000000 x17=00000000 x00=00000000 addi    a5,a7,0
PC=00000874 [00030593] x11=00005555 x06=00005555 x00=00000000 addi    a1,t1,0
PC=00000878 [02b787b3] x15=00000000 x15=00000000 x11=00005555 mul     a5,a5,a1
PC=0000087c [00f707b3] x15=00000000 x14=00000000 x15=00000000 add     a5,a4,a5
PC=00000880 [00030713] x14=00005555 x06=00005555 x00=00000000 addi    a4,t1,0
PC=00000884 [00080593] x11=33330000 x16=33330000 x00=00000000 addi    a1,a6,0
PC=00000888 [02b70733] x14=eeef0000 x14=00005555 x11=33330000 mul     a4,a4,a1
PC=0000088c [00030593] x11=00005555 x06=00005555 x00=00000000 addi    a1,t1,0
PC=00000890 [00080513] x10=33330000 x16=33330000 x00=00000000 addi    a0,a6,0
PC=00000894 [02a5b5b3] x11=eeef0000 x11=00005555 x10=33330000 mulhu   a1,a1,a0
PC=00000898 [f6b42e23] x28=ffffffff x08=00500000 x11=eeef0000 sw      a1,-132(s0)
PC=0000089c [f6e42c23] x24=0000000a x08=00500000 x14=eeef0000 sw      a4,-136(s0)
PC=000008a0 [f7c42703] x14=eeef0000 x08=00500000 x28=ffffffff lw      a4,-132(s0)
PC=000008a4 [00e787b3] x15=eeef0000 x15=00000000 x14=eeef0000 add     a5,a5,a4
PC=000008a8 [f6f42e23] x28=ffffffff x08=00500000 x15=eeef0000 sw      a5,-132(s0)
PC=000008ac [f7842783] x15=eeef0000 x08=00500000 x24=0000000a lw      a5,-136(s0)
PC=000008b0 [f7c42803] x16=eeef0000 x08=00500000 x28=ffffffff lw      a6,-132(s0)
PC=000008b4 [fcf42023] x00=00000000 x08=00500000 x15=eeef0000 sw      a5,-64(s0)
PC=000008b8 [fd042223] x04=00000000 x08=00500000 x16=eeef0000 sw      a6,-60(s0)
PC=000008bc [fcf42023] x00=00000000 x08=00500000 x15=eeef0000 sw      a5,-64(s0)
PC=000008c0 [fd042223] x04=00000000 x08=00500000 x16=eeef0000 sw      a6,-60(s0)
PC=000008c4 [fcc42023] x00=00000000 x08=00500000 x12=00000000 sw      a2,-64(s0)
PC=000008c8 [fcd42223] x04=00000000 x08=00500000 x13=00000000 sw      a3,-60(s0)
PC=000008cc [535357b7] x15=53535000 x06=00005555 x21=00000000 lui     a5,1397968896
PC=000008d0 [35378793] x15=53535353 x15=53535000 x19=00000000 addi    a5,a5,851
PC=000008d4 [fcf42623] x12=00000000 x08=00500000 x15=53535353 sw      a5,-52(s0)
PC=000008d8 [800087b7] x15=80008000 x01=000001e0 x00=00000000 lui     a5,-2147450880
PC=000008dc [fcf42423] x08=00500000 x08=00500000 x15=80008000 sw      a5,-56(s0)
PC=000008e0 [fcc42783] x15=53535353 x08=00500000 x12=00000000 lw      a5,-52(s0)
PC=000008e4 [eef42423] x08=00500000 x08=00500000 x15=53535353 sw      a5,-280(s0)
PC=000008e8 [ee042623] x12=00000000 x08=00500000 x00=00000000 sw      zero,-276(s0)
PC=000008ec [fc842783] x15=80008000 x08=00500000 x08=00500000 lw      a5,-56(s0)
PC=000008f0 [eef42023] x00=00000000 x08=00500000 x15=80008000 sw      a5,-288(s0)
PC=000008f4 [ee042223] x04=00000000 x08=00500000 x00=00000000 sw      zero,-284(s0)
PC=000008f8 [ee842303] x06=53535353 x08=00500000 x08=00500000 lw      t1,-280(s0)
PC=000008fc [eec42383] x07=00000000 x08=00500000 x12=00000000 lw      t2,-276(s0)
PC=00000900 [00038793] x15=00000000 x07=00000000 x00=00000000 addi    a5,t2,0
PC=00000904 [ee042803] x16=80008000 x08=00500000 x00=00000000 lw      a6,-288(s0)
PC=00000908 [ee442883] x17=00000000 x08=00500000 x04=00000000 lw      a7,-284(s0)
PC=0000090c [00080713] x14=80008000 x16=80008000 x00=00000000 addi    a4,a6,0
PC=00000910 [02e78733] x14=00000000 x15=00000000 x14=80008000 mul     a4,a5,a4
PC=00000914 [00088793] x15=00000000 x17=00000000 x00=00000000 addi    a5,a7,0
PC=00000918 [00030593] x11=53535353 x06=53535353 x00=00000000 addi    a1,t1,0
PC=0000091c [02b787b3] x15=00000000 x15=00000000 x11=53535353 mul     a5,a5,a1
PC=00000920 [00f707b3] x15=00000000 x14=00000000 x15=00000000 add     a5,a4,a5
PC=00000924 [00030713] x14=53535353 x06=53535353 x00=00000000 addi    a4,t1,0
PC=00000928 [00080593] x11=80008000 x16=80008000 x00=00000000 addi    a1,a6,0
PC=0000092c [02b70733] x14=29a98000 x14=53535353 x11=80008000 mul     a4,a4,a1
PC=00000930 [00030593] x11=53535353 x06=53535353 x00=00000000 addi    a1,t1,0
PC=00000934 [00080513] x10=80008000 x16=80008000 x00=00000000 addi    a0,a6,0
PC=00000938 [02a5b5b3] x11=29a98000 x11=53535353 x10=80008000 mulhu   a1,a1,a0
PC=0000093c [f6b42a23] x20=ffffffff x08=00500000 x11=29a98000 sw      a1,-140(s0)
PC=00000940 [f6e42823] x16=80008000 x08=00500000 x14=29a98000 sw      a4,-144(s0)
PC=00000944 [f7442703] x14=29a98000 x08=00500000 x20=ffffffff lw      a4,-140(s0)
PC=00000948 [00e787b3] x15=29a98000 x15=00000000 x14=29a98000 add     a5,a5,a4
PC=0000094c [f6f42a23] x20=ffffffff x08=00500000 x15=29a98000 sw      a5,-140(s0)
PC=00000950 [f7042783] x15=29a98000 x08=00500000 x16=80008000 lw      a5,-144(s0)
PC=00000954 [f7442803] x16=29a98000 x08=00500000 x20=ffffffff lw      a6,-140(s0)
PC=00000958 [fcf42023] x00=00000000 x08=00500000 x15=29a98000 sw      a5,-64(s0)
PC=0000095c [fd042223] x04=00000000 x08=00500000 x16=29a98000 sw      a6,-60(s0)
PC=00000960 [fcf42023] x00=00000000 x08=00500000 x15=29a98000 sw      a5,-64(s0)
PC=00000964 [fd042223] x04=00000000 x08=00500000 x16=29a98000 sw      a6,-60(s0)
PC=00000968 [fcc42023] x00=00000000 x08=00500000 x12=00000000 sw      a2,-64(s0)
PC=0000096c [fcd42223] x04=00000000 x08=00500000 x13=00000000 sw      a3,-60(s0)
PC=00000970 [00000793] x15=00000000 x00=00000000 x00=00000000 addi    a5,zero,0
PC=00000974 [00078513] x10=00000000 x15=00000000 x00=00000000 addi    a0,a5,0
PC=00000978 [11c12403] x08=00000000 x02=004ffee0 x28=ffffffff lw      s0,284(sp)
PC=0000097c [11812903] x18=00000000 x02=004ffee0 x24=0000000a lw      s2,280(sp)
PC=00000980 [11412983] x19=00000000 x02=004ffee0 x20=ffffffff lw      s3,276(sp)
PC=00000984 [11012a03] x20=00000000 x02=004ffee0 x16=29a98000 lw      s4,272(sp)
PC=00000988 [10c12a83] x21=00000000 x02=004ffee0 x12=00000000 lw      s5,268(sp)
PC=0000098c [10812b03] x22=00000000 x02=004ffee0 x08=00000000 lw      s6,264(sp)
PC=00000990 [10412b83] x23=00000000 x02=004ffee0 x04=00000000 lw      s7,260(sp)
PC=00000994 [10012c03] x24=00000000 x02=004ffee0 x00=00000000 lw      s8,256(sp)
PC=00000998 [0fc12c83] x25=00000000 x02=004ffee0 x28=ffffffff lw      s9,252(sp)
PC=0000099c [0f812d03] x26=00000000 x02=004ffee0 x24=00000000 lw      s10,248(sp)
PC=000009a0 [0f412d83] x27=00000000 x02=004ffee0 x20=00000000 lw      s11,244(sp)
PC=000009a4 [12010113] x02=00500000 x02=004ffee0 x00=00000000 addi    sp,sp,288
PC=000009a8 [00008067] x00=000009ac x01=000001e0 x00=00000000 jalr    zero,ra,0
PC=000001e0 [200002b7] x05=20000000 x00=000009ac x00=000009ac lui     t0,536870912
PC=000001e4 [00100073] x00=000009ac x00=000009ac x01=000001e0 ebreak 
