PC=000001d8 [00500137] x02=00500000 x00=00000000 x05=00000000 lui     sp,5242880
PC=000001dc [00c000ef] x01=000001e0 x00=00000000 x12=00000000 jal     ra,12
PC=000001e8 [f9010113] x02=004fff90 x02=00500000 x16=00000000 addi    sp,sp,-112
PC=000001ec [06812623] x12=00000000 x02=004fff90 x08=00000000 sw      s0,108(sp)
PC=000001f0 [07010413] x08=00500000 x02=004fff90 x16=00000000 addi    s0,sp,112
PC=000001f4 [00100313] x06=00000001 x00=00000000 x01=000001e0 addi    t1,zero,1
PC=000001f8 [fe6407a3] x15=00000000 x08=00500000 x06=00000001 sb      t1,-17(s0)
PC=000001fc [00200313] x06=00000002 x00=00000000 x02=004fff90 addi    t1,zero,2
PC=00000200 [fe640723] x14=00000000 x08=00500000 x06=00000002 sb      t1,-18(s0)
PC=00000204 [00300313] x06=00000003 x00=00000000 x03=00000000 addi    t1,zero,3
PC=00000208 [fe6406a3] x13=00000000 x08=00500000 x06=00000003 sb      t1,-19(s0)
PC=0000020c [00400313] x06=00000004 x00=00000000 x04=00000000 addi    t1,zero,4
PC=00000210 [fe640623] x12=00000000 x08=00500000 x06=00000004 sb      t1,-20(s0)
PC=00000214 [00500313] x06=00000005 x00=00000000 x05=00000000 addi    t1,zero,5
PC=00000218 [fe6405a3] x11=00000000 x08=00500000 x06=00000005 sb      t1,-21(s0)
PC=0000021c [fef44e03] x28=00000001 x08=00500000 x15=00000000 lbu     t3,-17(s0)
PC=00000220 [fee44303] x06=00000002 x08=00500000 x14=00000000 lbu     t1,-18(s0)
PC=00000224 [026e0333] x06=00000002 x28=00000001 x06=00000002 mul     t1,t3,t1
PC=00000228 [0ff37e13] x28=00000002 x06=00000002 x31=00000000 andi    t3,t1,255
PC=0000022c [fed44303] x06=00000003 x08=00500000 x13=00000000 lbu     t1,-19(s0)
PC=00000230 [026e0333] x06=00000006 x28=00000002 x06=00000003 mul     t1,t3,t1
PC=00000234 [0ff37e13] x28=00000006 x06=00000006 x31=00000000 andi    t3,t1,255
PC=00000238 [fec44303] x06=00000004 x08=00500000 x12=00000000 lbu     t1,-20(s0)
PC=0000023c [026e0333] x06=00000018 x28=00000006 x06=00000004 mul     t1,t3,t1
PC=00000240 [0ff37e13] x28=00000018 x06=00000018 x31=00000000 andi    t3,t1,255
PC=00000244 [feb44303] x06=00000005 x08=00500000 x11=00000000 lbu     t1,-21(s0)
PC=00000248 [026e0333] x06=00000078 x28=00000018 x06=00000005 mul     t1,t3,t1
PC=0000024c [0ff37313] x06=00000078 x06=00000078 x31=00000000 andi    t1,t1,255
PC=00000250 [fe640523] x10=00000000 x08=00500000 x06=00000078 sb      t1,-22(s0)
PC=00000254 [fe040523] x10=00000000 x08=00500000 x00=00000000 sb      zero,-22(s0)
PC=00000258 [00100313] x06=00000001 x00=00000000 x01=000001e0 addi    t1,zero,1
PC=0000025c [fe641423] x08=00500000 x08=00500000 x06=00000001 sh      t1,-24(s0)
PC=00000260 [00200313] x06=00000002 x00=00000000 x02=004fff90 addi    t1,zero,2
PC=00000264 [fe641323] x06=00000002 x08=00500000 x06=00000002 sh      t1,-26(s0)
PC=00000268 [00300313] x06=00000003 x00=00000000 x03=00000000 addi    t1,zero,3
PC=0000026c [fe641223] x04=00000000 x08=00500000 x06=00000003 sh      t1,-28(s0)
PC=00000270 [00400313] x06=00000004 x00=00000000 x04=00000000 addi    t1,zero,4
PC=00000274 [fe641123] x02=004fff90 x08=00500000 x06=00000004 sh      t1,-30(s0)
PC=00000278 [00500313] x06=00000005 x00=00000000 x05=00000000 addi    t1,zero,5
PC=0000027c [fe641023] x00=00000000 x08=00500000 x06=00000005 sh      t1,-32(s0)
PC=00000280 [fe845e03] x28=00000001 x08=00500000 x08=00500000 lhu     t3,-24(s0)
PC=00000284 [fe645303] x06=00000002 x08=00500000 x06=00000005 lhu     t1,-26(s0)
PC=00000288 [026e0333] x06=00000002 x28=00000001 x06=00000002 mul     t1,t3,t1
PC=0000028c [01031e13] x28=00020000 x06=00000002 x16=00000000 slli    t3,t1,16
PC=00000290 [010e5e13] x28=00000002 x28=00020000 x16=00000000 srli    t3,t3,16
PC=00000294 [fe445303] x06=00000003 x08=00500000 x04=00000000 lhu     t1,-28(s0)
PC=00000298 [026e0333] x06=00000006 x28=00000002 x06=00000003 mul     t1,t3,t1
PC=0000029c [01031e13] x28=00060000 x06=00000006 x16=00000000 slli    t3,t1,16
PC=000002a0 [010e5e13] x28=00000006 x28=00060000 x16=00000000 srli    t3,t3,16
PC=000002a4 [fe245303] x06=00000004 x08=00500000 x02=004fff90 lhu     t1,-30(s0)
PC=000002a8 [026e0333] x06=00000018 x28=00000006 x06=00000004 mul     t1,t3,t1
PC=000002ac [01031e13] x28=00180000 x06=00000018 x16=00000000 slli    t3,t1,16
PC=000002b0 [010e5e13] x28=00000018 x28=00180000 x16=00000000 srli    t3,t3,16
PC=000002b4 [fe045303] x06=00000005 x08=00500000 x00=00000000 lhu     t1,-32(s0)
PC=000002b8 [026e0333] x06=00000078 x28=00000018 x06=00000005 mul     t1,t3,t1
PC=000002bc [01031313] x06=00780000 x06=00000078 x16=00000000 slli    t1,t1,16
PC=000002c0 [01035313] x06=00000078 x06=00780000 x16=00000000 srli    t1,t1,16
PC=000002c4 [fc641f23] x30=00000000 x08=00500000 x06=00000078 sh      t1,-34(s0)
PC=000002c8 [fc041f23] x30=00000000 x08=00500000 x00=00000000 sh      zero,-34(s0)
PC=000002cc [00100313] x06=00000001 x00=00000000 x01=000001e0 addi    t1,zero,1
PC=000002d0 [fc642c23] x24=00000000 x08=00500000 x06=00000001 sw      t1,-40(s0)
PC=000002d4 [00200313] x06=00000002 x00=00000000 x02=004fff90 addi    t1,zero,2
PC=000002d8 [fc642a23] x20=00000000 x08=00500000 x06=00000002 sw      t1,-44(s0)
PC=000002dc [00300313] x06=00000003 x00=00000000 x03=00000000 addi    t1,zero,3
PC=000002e0 [fc642823] x16=00000000 x08=00500000 x06=00000003 sw      t1,-48(s0)
PC=000002e4 [00400313] x06=00000004 x00=00000000 x04=00000000 addi    t1,zero,4
PC=000002e8 [fc642623] x12=00000000 x08=00500000 x06=00000004 sw      t1,-52(s0)
PC=000002ec [00500313] x06=00000005 x00=00000000 x05=00000000 addi    t1,zero,5
PC=000002f0 [fc642423] x08=00500000 x08=00500000 x06=00000005 sw      t1,-56(s0)
PC=000002f4 [fd842e03] x28=00000001 x08=00500000 x24=00000000 lw      t3,-40(s0)
PC=000002f8 [fd442303] x06=00000002 x08=00500000 x20=00000000 lw      t1,-44(s0)
PC=000002fc [026e0e33] x28=00000002 x28=00000001 x06=00000002 mul     t3,t3,t1
PC=00000300 [fd042303] x06=00000003 x08=00500000 x16=00000000 lw      t1,-48(s0)
PC=00000304 [026e0e33] x28=00000006 x28=00000002 x06=00000003 mul     t3,t3,t1
PC=00000308 [fcc42303] x06=00000004 x08=00500000 x12=00000000 lw      t1,-52(s0)
PC=0000030c [026e0333] x06=00000018 x28=00000006 x06=00000004 mul     t1,t3,t1
PC=00000310 [fc842e03] x28=00000005 x08=00500000 x08=00500000 lw      t3,-56(s0)
PC=00000314 [026e0333] x06=00000078 x28=00000005 x06=00000018 mul     t1,t3,t1
PC=00000318 [fc642223] x04=00000000 x08=00500000 x06=00000078 sw      t1,-60(s0)
PC=0000031c [fc042223] x04=00000000 x08=00500000 x00=00000000 sw      zero,-60(s0)
PC=00000320 [00100313] x06=00000001 x00=00000000 x01=000001e0 addi    t1,zero,1
PC=00000324 [00000393] x07=00000000 x00=00000000 x00=00000000 addi    t2,zero,0
PC=00000328 [fa642c23] x24=00000000 x08=00500000 x06=00000001 sw      t1,-72(s0)
PC=0000032c [fa742e23] x28=00000005 x08=00500000 x07=00000000 sw      t2,-68(s0)
PC=00000330 [00200313] x06=00000002 x00=00000000 x02=004fff90 addi    t1,zero,2
PC=00000334 [00000393] x07=00000000 x00=00000000 x00=00000000 addi    t2,zero,0
PC=00000338 [fa642823] x16=00000000 x08=00500000 x06=00000002 sw      t1,-80(s0)
PC=0000033c [fa742a23] x20=00000000 x08=00500000 x07=00000000 sw      t2,-76(s0)
PC=00000340 [00300313] x06=00000003 x00=00000000 x03=00000000 addi    t1,zero,3
PC=00000344 [00000393] x07=00000000 x00=00000000 x00=00000000 addi    t2,zero,0
PC=00000348 [fa642423] x08=00500000 x08=00500000 x06=00000003 sw      t1,-88(s0)
PC=0000034c [fa742623] x12=00000000 x08=00500000 x07=00000000 sw      t2,-84(s0)
PC=00000350 [00400313] x06=00000004 x00=00000000 x04=00000000 addi    t1,zero,4
PC=00000354 [00000393] x07=00000000 x00=00000000 x00=00000000 addi    t2,zero,0
PC=00000358 [fa642023] x00=00000000 x08=00500000 x06=00000004 sw      t1,-96(s0)
PC=0000035c [fa742223] x04=00000000 x08=00500000 x07=00000000 sw      t2,-92(s0)
PC=00000360 [00500313] x06=00000005 x00=00000000 x05=00000000 addi    t1,zero,5
PC=00000364 [00000393] x07=00000000 x00=00000000 x00=00000000 addi    t2,zero,0
PC=00000368 [f8642c23] x24=00000000 x08=00500000 x06=00000005 sw      t1,-104(s0)
PC=0000036c [f8742e23] x28=00000005 x08=00500000 x07=00000000 sw      t2,-100(s0)
PC=00000370 [fbc42e03] x28=00000000 x08=00500000 x28=00000005 lw      t3,-68(s0)
PC=00000374 [fb042303] x06=00000002 x08=00500000 x16=00000000 lw      t1,-80(s0)
PC=00000378 [026e0e33] x28=00000000 x28=00000000 x06=00000002 mul     t3,t3,t1
PC=0000037c [fb442e83] x29=00000000 x08=00500000 x20=00000000 lw      t4,-76(s0)
PC=00000380 [fb842303] x06=00000001 x08=00500000 x24=00000000 lw      t1,-72(s0)
PC=00000384 [026e8333] x06=00000000 x29=00000000 x06=00000001 mul     t1,t4,t1
PC=00000388 [006e0eb3] x29=00000000 x28=00000000 x06=00000000 add     t4,t3,t1
PC=0000038c [fb842e03] x28=00000001 x08=00500000 x24=00000000 lw      t3,-72(s0)
PC=00000390 [fb042303] x06=00000002 x08=00500000 x16=00000000 lw      t1,-80(s0)
PC=00000394 [026e0f33] x30=00000002 x28=00000001 x06=00000002 mul     t5,t3,t1
PC=00000398 [026e35b3] x11=00000002 x28=00000001 x06=00000002 mulhu   a1,t3,t1
PC=0000039c [000f0513] x10=00000002 x30=00000002 x00=00000000 addi    a0,t5,0
PC=000003a0 [00be8333] x06=00000002 x29=00000000 x11=00000002 add     t1,t4,a1
PC=000003a4 [00030593] x11=00000002 x06=00000002 x00=00000000 addi    a1,t1,0
PC=000003a8 [fa842303] x06=00000003 x08=00500000 x08=00500000 lw      t1,-88(s0)
PC=000003ac [02b30e33] x28=00000006 x06=00000003 x11=00000002 mul     t3,t1,a1
PC=000003b0 [fac42303] x06=00000000 x08=00500000 x12=00000000 lw      t1,-84(s0)
PC=000003b4 [02a30333] x06=00000000 x06=00000000 x10=00000002 mul     t1,t1,a0
PC=000003b8 [006e0e33] x28=00000006 x28=00000006 x06=00000000 add     t3,t3,t1
PC=000003bc [fa842303] x06=00000003 x08=00500000 x08=00500000 lw      t1,-88(s0)
PC=000003c0 [02a30eb3] x29=00000006 x06=00000003 x10=00000002 mul     t4,t1,a0
PC=000003c4 [02a336b3] x13=00000006 x06=00000003 x10=00000002 mulhu   a3,t1,a0
PC=000003c8 [000e8613] x12=00000006 x29=00000006 x00=00000000 addi    a2,t4,0
PC=000003cc [00de05b3] x11=0000000c x28=00000006 x13=00000006 add     a1,t3,a3
PC=000003d0 [00058693] x13=0000000c x11=0000000c x00=00000000 addi    a3,a1,0
PC=000003d4 [fa042583] x11=00000004 x08=00500000 x00=00000000 lw      a1,-96(s0)
PC=000003d8 [02d58533] x10=00000030 x11=00000004 x13=0000000c mul     a0,a1,a3
PC=000003dc [fa442583] x11=00000000 x08=00500000 x04=00000000 lw      a1,-92(s0)
PC=000003e0 [02c585b3] x11=00000000 x11=00000000 x12=00000006 mul     a1,a1,a2
PC=000003e4 [00b50533] x10=00000030 x10=00000030 x11=00000000 add     a0,a0,a1
PC=000003e8 [fa042583] x11=00000004 x08=00500000 x00=00000000 lw      a1,-96(s0)
PC=000003ec [02c58333] x06=00000018 x11=00000004 x12=00000006 mul     t1,a1,a2
PC=000003f0 [02c5b7b3] x15=00000018 x11=00000004 x12=00000006 mulhu   a5,a1,a2
PC=000003f4 [00030713] x14=00000018 x06=00000018 x00=00000000 addi    a4,t1,0
PC=000003f8 [00f506b3] x13=00000048 x10=00000030 x15=00000018 add     a3,a0,a5
PC=000003fc [00068793] x15=00000048 x13=00000048 x00=00000000 addi    a5,a3,0
PC=00000400 [f9c42683] x13=00000000 x08=00500000 x28=00000006 lw      a3,-100(s0)
PC=00000404 [02e68633] x12=00000000 x13=00000000 x14=00000018 mul     a2,a3,a4
PC=00000408 [f9842683] x13=00000005 x08=00500000 x24=00000000 lw      a3,-104(s0)
PC=0000040c [02f686b3] x13=00000168 x13=00000005 x15=00000048 mul     a3,a3,a5
PC=00000410 [00d60633] x12=00000168 x12=00000000 x13=00000168 add     a2,a2,a3
PC=00000414 [f9842683] x13=00000005 x08=00500000 x24=00000000 lw      a3,-104(s0)
PC=00000418 [02e685b3] x11=00000078 x13=00000005 x14=00000018 mul     a1,a3,a4
PC=0000041c [02e6b8b3] x17=00000078 x13=00000005 x14=00000018 mulhu   a7,a3,a4
PC=00000420 [00058813] x16=00000078 x11=00000078 x00=00000000 addi    a6,a1,0
PC=00000424 [011607b3] x15=000001e0 x12=00000168 x17=00000078 add     a5,a2,a7
PC=00000428 [00078893] x17=000001e0 x15=000001e0 x00=00000000 addi    a7,a5,0
PC=0000042c [f9042823] x16=00000078 x08=00500000 x16=00000078 sw      a6,-112(s0)
PC=00000430 [f9142a23] x20=00000000 x08=00500000 x17=000001e0 sw      a7,-108(s0)
PC=00000434 [f9042823] x16=00000078 x08=00500000 x16=00000078 sw      a6,-112(s0)
PC=00000438 [f9142a23] x20=00000000 x08=00500000 x17=000001e0 sw      a7,-108(s0)
PC=0000043c [00000613] x12=00000000 x00=00000000 x00=00000000 addi    a2,zero,0
PC=00000440 [00000693] x13=00000000 x00=00000000 x00=00000000 addi    a3,zero,0
PC=00000444 [f8c42823] x16=00000078 x08=00500000 x12=00000000 sw      a2,-112(s0)
PC=00000448 [f8d42a23] x20=00000000 x08=00500000 x13=00000000 sw      a3,-108(s0)
PC=0000044c [00500793] x15=00000005 x00=00000000 x05=00000000 addi    a5,zero,5
PC=00000450 [fef407a3] x15=00000005 x08=00500000 x15=00000005 sb      a5,-17(s0)
PC=00000454 [fef40783] x15=00000005 x08=00500000 x15=00000005 lb      a5,-17(s0)
PC=00000458 [01079793] x15=00050000 x15=00000005 x16=00000078 slli    a5,a5,16
PC=0000045c [0107d793] x15=00000005 x15=00050000 x16=00000078 srli    a5,a5,16
PC=00000460 [00078713] x14=00000005 x15=00000005 x00=00000000 addi    a4,a5,0
PC=00000464 [00070793] x15=00000005 x14=00000005 x00=00000000 addi    a5,a4,0
PC=00000468 [00379793] x15=00000028 x15=00000005 x03=00000000 slli    a5,a5,3
PC=0000046c [40e787b3] x15=00000023 x15=00000028 x14=00000005 sub     a5,a5,a4
PC=00000470 [01079793] x15=00230000 x15=00000023 x16=00000078 slli    a5,a5,16
PC=00000474 [0107d793] x15=00000023 x15=00230000 x16=00000078 srli    a5,a5,16
PC=00000478 [fcf41f23] x30=00000002 x08=00500000 x15=00000023 sh      a5,-34(s0)
PC=0000047c [fc041f23] x30=00000002 x08=00500000 x00=00000000 sh      zero,-34(s0)
PC=00000480 [00500793] x15=00000005 x00=00000000 x05=00000000 addi    a5,zero,5
PC=00000484 [fef41423] x08=00500000 x08=00500000 x15=00000005 sh      a5,-24(s0)
PC=00000488 [fe841703] x14=00000005 x08=00500000 x08=00500000 lh      a4,-24(s0)
PC=0000048c [00070793] x15=00000005 x14=00000005 x00=00000000 addi    a5,a4,0
PC=00000490 [00379793] x15=00000028 x15=00000005 x03=00000000 slli    a5,a5,3
PC=00000494 [40e787b3] x15=00000023 x15=00000028 x14=00000005 sub     a5,a5,a4
PC=00000498 [fcf42223] x04=00000000 x08=00500000 x15=00000023 sw      a5,-60(s0)
PC=0000049c [fc042223] x04=00000000 x08=00500000 x00=00000000 sw      zero,-60(s0)
PC=000004a0 [00500793] x15=00000005 x00=00000000 x05=00000000 addi    a5,zero,5
PC=000004a4 [fcf42c23] x24=00000000 x08=00500000 x15=00000005 sw      a5,-40(s0)
PC=000004a8 [fd842703] x14=00000005 x08=00500000 x24=00000000 lw      a4,-40(s0)
PC=000004ac [00070793] x15=00000005 x14=00000005 x00=00000000 addi    a5,a4,0
PC=000004b0 [00379793] x15=00000028 x15=00000005 x03=00000000 slli    a5,a5,3
PC=000004b4 [40e787b3] x15=00000023 x15=00000028 x14=00000005 sub     a5,a5,a4
PC=000004b8 [f8f42823] x16=00000078 x08=00500000 x15=00000023 sw      a5,-112(s0)
PC=000004bc [41f7d793] x15=00000000 x15=00000023 x31=00000000 srai    a5,a5,31
PC=000004c0 [f8f42a23] x20=00000000 x08=00500000 x15=00000000 sw      a5,-108(s0)
PC=000004c4 [f8c42823] x16=00000078 x08=00500000 x12=00000000 sw      a2,-112(s0)
PC=000004c8 [f8d42a23] x20=00000000 x08=00500000 x13=00000000 sw      a3,-108(s0)
PC=000004cc [01100793] x15=00000011 x00=00000000 x17=000001e0 addi    a5,zero,17
PC=000004d0 [fef407a3] x15=00000011 x08=00500000 x15=00000011 sb      a5,-17(s0)
PC=000004d4 [fef40783] x15=00000011 x08=00500000 x15=00000011 lb      a5,-17(s0)
PC=000004d8 [01079793] x15=00110000 x15=00000011 x16=00000078 slli    a5,a5,16
PC=000004dc [0107d793] x15=00000011 x15=00110000 x16=00000078 srli    a5,a5,16
PC=000004e0 [40f007b3] x15=ffffffef x00=00000000 x15=00000011 sub     a5,zero,a5
PC=000004e4 [01079793] x15=ffef0000 x15=ffffffef x16=00000078 slli    a5,a5,16
PC=000004e8 [0107d793] x15=ffffffef x15=ffef0000 x16=00000078 srli    a5,a5,16
PC=000004ec [fcf41f23] x30=00000002 x08=00500000 x15=ffffffef sh      a5,-34(s0)
PC=000004f0 [fc041f23] x30=00000002 x08=00500000 x00=00000000 sh      zero,-34(s0)
PC=000004f4 [01100793] x15=00000011 x00=00000000 x17=000001e0 addi    a5,zero,17
PC=000004f8 [fef41423] x08=00500000 x08=00500000 x15=00000011 sh      a5,-24(s0)
PC=000004fc [fe841783] x15=00000011 x08=00500000 x08=00500000 lh      a5,-24(s0)
PC=00000500 [40f007b3] x15=ffffffef x00=00000000 x15=00000011 sub     a5,zero,a5
PC=00000504 [fcf42223] x04=00000000 x08=00500000 x15=ffffffef sw      a5,-60(s0)
PC=00000508 [fc042223] x04=00000000 x08=00500000 x00=00000000 sw      zero,-60(s0)
PC=0000050c [01100793] x15=00000011 x00=00000000 x17=000001e0 addi    a5,zero,17
PC=00000510 [fcf42c23] x24=00000000 x08=00500000 x15=00000011 sw      a5,-40(s0)
PC=00000514 [fd842783] x15=00000011 x08=00500000 x24=00000000 lw      a5,-40(s0)
PC=00000518 [40f007b3] x15=ffffffef x00=00000000 x15=00000011 sub     a5,zero,a5
PC=0000051c [f8f42823] x16=00000078 x08=00500000 x15=ffffffef sw      a5,-112(s0)
PC=00000520 [41f7d793] x15=ffffffff x15=ffffffef x31=00000000 srai    a5,a5,31
PC=00000524 [f8f42a23] x20=00000000 x08=00500000 x15=ffffffff sw      a5,-108(s0)
PC=00000528 [f8c42823] x16=00000078 x08=00500000 x12=00000000 sw      a2,-112(s0)
PC=0000052c [f8d42a23] x20=00000000 x08=00500000 x13=00000000 sw      a3,-108(s0)
PC=00000530 [00000793] x15=00000000 x00=00000000 x00=00000000 addi    a5,zero,0
PC=00000534 [00078513] x10=00000000 x15=00000000 x00=00000000 addi    a0,a5,0
PC=00000538 [06c12403] x08=00000000 x02=004fff90 x12=00000000 lw      s0,108(sp)
PC=0000053c [07010113] x02=00500000 x02=004fff90 x16=00000078 addi    sp,sp,112
PC=00000540 [00008067] x00=00000544 x01=000001e0 x00=00000000 jalr    zero,ra,0
PC=000001e0 [200002b7] x05=20000000 x00=00000544 x00=00000544 lui     t0,536870912
PC=000001e4 [00100073] x00=00000544 x00=00000544 x01=000001e0 ebreak 
