PC=000001d8 [00500137] x02=00500000 x00=00000000 x05=00000000 lui     sp,5242880
PC=000001dc [00c000ef] x01=000001e0 x00=00000000 x12=00000000 jal     ra,12
PC=000001e8 [f9010113] x02=004fff90 x02=00500000 x16=00000000 addi    sp,sp,-112
PC=000001ec [06812623] x12=00000000 x02=004fff90 x08=00000000 sw      s0,108(sp)
PC=000001f0 [07010413] x08=00500000 x02=004fff90 x16=00000000 addi    s0,sp,112
PC=000001f4 [00100313] x06=00000001 x00=00000000 x01=000001e0 addi    t1,zero,1
PC=000001f8 [fe6407a3] x15=00000000 x08=00500000 x06=00000001 sb      t1,-17(s0)
PC=000001fc [00200313] x06=00000002 x00=00000000 x02=004fff90 addi    t1,zero,2
PC=00000200 [fe640723] x14=00000000 x08=00500000 x06=00000002 sb      t1,-18(s0)
PC=00000204 [00300313] x06=00000003 x00=00000000 x03=00000000 addi    t1,zero,3
PC=00000208 [fe6406a3] x13=00000000 x08=00500000 x06=00000003 sb      t1,-19(s0)
PC=0000020c [00400313] x06=00000004 x00=00000000 x04=00000000 addi    t1,zero,4
PC=00000210 [fe640623] x12=00000000 x08=00500000 x06=00000004 sb      t1,-20(s0)
PC=00000214 [00500313] x06=00000005 x00=00000000 x05=00000000 addi    t1,zero,5
PC=00000218 [fe6405a3] x11=00000000 x08=00500000 x06=00000005 sb      t1,-21(s0)
PC=0000021c [fef44303] x06=00000001 x08=00500000 x15=00000000 lbu     t1,-17(s0)
PC=00000220 [00030e13] x28=00000001 x06=00000001 x00=00000000 addi    t3,t1,0
PC=00000224 [fee44303] x06=00000002 x08=00500000 x14=00000000 lbu     t1,-18(s0)
PC=00000228 [026e0333] x06=00000002 x28=00000001 x06=00000002 mul     t1,t3,t1
PC=0000022c [0ff37313] x06=00000002 x06=00000002 x31=00000000 andi    t1,t1,255
PC=00000230 [fed44e03] x28=00000003 x08=00500000 x13=00000000 lbu     t3,-19(s0)
PC=00000234 [03c30333] x06=00000006 x06=00000002 x28=00000003 mul     t1,t1,t3
PC=00000238 [0ff37313] x06=00000006 x06=00000006 x31=00000000 andi    t1,t1,255
PC=0000023c [fec44e03] x28=00000004 x08=00500000 x12=00000000 lbu     t3,-20(s0)
PC=00000240 [03c30333] x06=00000018 x06=00000006 x28=00000004 mul     t1,t1,t3
PC=00000244 [0ff37313] x06=00000018 x06=00000018 x31=00000000 andi    t1,t1,255
PC=00000248 [feb44e03] x28=00000005 x08=00500000 x11=00000000 lbu     t3,-21(s0)
PC=0000024c [03c30333] x06=00000078 x06=00000018 x28=00000005 mul     t1,t1,t3
PC=00000250 [fe640523] x10=00000000 x08=00500000 x06=00000078 sb      t1,-22(s0)
PC=00000254 [fe040523] x10=00000000 x08=00500000 x00=00000000 sb      zero,-22(s0)
PC=00000258 [00100313] x06=00000001 x00=00000000 x01=000001e0 addi    t1,zero,1
PC=0000025c [fe641423] x08=00500000 x08=00500000 x06=00000001 sh      t1,-24(s0)
PC=00000260 [00200313] x06=00000002 x00=00000000 x02=004fff90 addi    t1,zero,2
PC=00000264 [fe641323] x06=00000002 x08=00500000 x06=00000002 sh      t1,-26(s0)
PC=00000268 [00300313] x06=00000003 x00=00000000 x03=00000000 addi    t1,zero,3
PC=0000026c [fe641223] x04=00000000 x08=00500000 x06=00000003 sh      t1,-28(s0)
PC=00000270 [00400313] x06=00000004 x00=00000000 x04=00000000 addi    t1,zero,4
PC=00000274 [fe641123] x02=004fff90 x08=00500000 x06=00000004 sh      t1,-30(s0)
PC=00000278 [00500313] x06=00000005 x00=00000000 x05=00000000 addi    t1,zero,5
PC=0000027c [fe641023] x00=00000000 x08=00500000 x06=00000005 sh      t1,-32(s0)
PC=00000280 [fe845303] x06=00000000 x08=00500000 x08=00500000 lhu     t1,-24(s0)
PC=00000284 [00030e13] x28=00000000 x06=00000000 x00=00000000 addi    t3,t1,0
PC=00000288 [fe645303] x06=00000000 x08=00500000 x06=00000000 lhu     t1,-26(s0)
PC=0000028c [026e0333] x06=00000000 x28=00000000 x06=00000000 mul     t1,t3,t1
PC=00000290 [01031313] x06=00000000 x06=00000000 x16=00000000 slli    t1,t1,16
PC=00000294 [01035313] x06=00000000 x06=00000000 x16=00000000 srli    t1,t1,16
PC=00000298 [fe445e03] x28=00000000 x08=00500000 x04=00000000 lhu     t3,-28(s0)
PC=0000029c [03c30333] x06=00000000 x06=00000000 x28=00000000 mul     t1,t1,t3
PC=000002a0 [01031313] x06=00000000 x06=00000000 x16=00000000 slli    t1,t1,16
PC=000002a4 [01035313] x06=00000000 x06=00000000 x16=00000000 srli    t1,t1,16
PC=000002a8 [fe245e03] x28=00000000 x08=00500000 x02=004fff90 lhu     t3,-30(s0)
PC=000002ac [03c30333] x06=00000000 x06=00000000 x28=00000000 mul     t1,t1,t3
PC=000002b0 [01031313] x06=00000000 x06=00000000 x16=00000000 slli    t1,t1,16
PC=000002b4 [01035313] x06=00000000 x06=00000000 x16=00000000 srli    t1,t1,16
PC=000002b8 [fe045e03] x28=00000000 x08=00500000 x00=00000000 lhu     t3,-32(s0)
PC=000002bc [03c30333] x06=00000000 x06=00000000 x28=00000000 mul     t1,t1,t3
PC=000002c0 [fc641f23] x30=00000000 x08=00500000 x06=00000000 sh      t1,-34(s0)
PC=000002c4 [fc041f23] x30=00000000 x08=00500000 x00=00000000 sh      zero,-34(s0)
PC=000002c8 [00100313] x06=00000001 x00=00000000 x01=000001e0 addi    t1,zero,1
PC=000002cc [fc642c23] x24=00000000 x08=00500000 x06=00000001 sw      t1,-40(s0)
PC=000002d0 [00200313] x06=00000002 x00=00000000 x02=004fff90 addi    t1,zero,2
PC=000002d4 [fc642a23] x20=00000000 x08=00500000 x06=00000002 sw      t1,-44(s0)
PC=000002d8 [00300313] x06=00000003 x00=00000000 x03=00000000 addi    t1,zero,3
PC=000002dc [fc642823] x16=00000000 x08=00500000 x06=00000003 sw      t1,-48(s0)
PC=000002e0 [00400313] x06=00000004 x00=00000000 x04=00000000 addi    t1,zero,4
PC=000002e4 [fc642623] x12=00000000 x08=00500000 x06=00000004 sw      t1,-52(s0)
PC=000002e8 [00500313] x06=00000005 x00=00000000 x05=00000000 addi    t1,zero,5
PC=000002ec [fc642423] x08=00500000 x08=00500000 x06=00000005 sw      t1,-56(s0)
PC=000002f0 [fd842e03] x28=00000000 x08=00500000 x24=00000000 lw      t3,-40(s0)
PC=000002f4 [fd442303] x06=00000000 x08=00500000 x20=00000000 lw      t1,-44(s0)
PC=000002f8 [026e0e33] x28=00000000 x28=00000000 x06=00000000 mul     t3,t3,t1
PC=000002fc [fd042303] x06=00000000 x08=00500000 x16=00000000 lw      t1,-48(s0)
PC=00000300 [026e0e33] x28=00000000 x28=00000000 x06=00000000 mul     t3,t3,t1
PC=00000304 [fcc42303] x06=00000000 x08=00500000 x12=00000000 lw      t1,-52(s0)
PC=00000308 [026e0333] x06=00000000 x28=00000000 x06=00000000 mul     t1,t3,t1
PC=0000030c [fc842e03] x28=00000000 x08=00500000 x08=00500000 lw      t3,-56(s0)
PC=00000310 [026e0333] x06=00000000 x28=00000000 x06=00000000 mul     t1,t3,t1
PC=00000314 [fc642223] x04=00000000 x08=00500000 x06=00000000 sw      t1,-60(s0)
PC=00000318 [fc042223] x04=00000000 x08=00500000 x00=00000000 sw      zero,-60(s0)
PC=0000031c [00100313] x06=00000001 x00=00000000 x01=000001e0 addi    t1,zero,1
PC=00000320 [00000393] x07=00000000 x00=00000000 x00=00000000 addi    t2,zero,0
PC=00000324 [fa642c23] x24=00000000 x08=00500000 x06=00000001 sw      t1,-72(s0)
PC=00000328 [fa742e23] x28=00000000 x08=00500000 x07=00000000 sw      t2,-68(s0)
PC=0000032c [00200313] x06=00000002 x00=00000000 x02=004fff90 addi    t1,zero,2
PC=00000330 [00000393] x07=00000000 x00=00000000 x00=00000000 addi    t2,zero,0
PC=00000334 [fa642823] x16=00000000 x08=00500000 x06=00000002 sw      t1,-80(s0)
PC=00000338 [fa742a23] x20=00000000 x08=00500000 x07=00000000 sw      t2,-76(s0)
PC=0000033c [00300313] x06=00000003 x00=00000000 x03=00000000 addi    t1,zero,3
PC=00000340 [00000393] x07=00000000 x00=00000000 x00=00000000 addi    t2,zero,0
PC=00000344 [fa642423] x08=00500000 x08=00500000 x06=00000003 sw      t1,-88(s0)
PC=00000348 [fa742623] x12=00000000 x08=00500000 x07=00000000 sw      t2,-84(s0)
PC=0000034c [00400313] x06=00000004 x00=00000000 x04=00000000 addi    t1,zero,4
PC=00000350 [00000393] x07=00000000 x00=00000000 x00=00000000 addi    t2,zero,0
PC=00000354 [fa642023] x00=00000000 x08=00500000 x06=00000004 sw      t1,-96(s0)
PC=00000358 [fa742223] x04=00000000 x08=00500000 x07=00000000 sw      t2,-92(s0)
PC=0000035c [00500313] x06=00000005 x00=00000000 x05=00000000 addi    t1,zero,5
PC=00000360 [00000393] x07=00000000 x00=00000000 x00=00000000 addi    t2,zero,0
PC=00000364 [f8642c23] x24=00000000 x08=00500000 x06=00000005 sw      t1,-104(s0)
PC=00000368 [f8742e23] x28=00000000 x08=00500000 x07=00000000 sw      t2,-100(s0)
PC=0000036c [fbc42e03] x28=00000000 x08=00500000 x28=00000000 lw      t3,-68(s0)
PC=00000370 [fb042303] x06=00000000 x08=00500000 x16=00000000 lw      t1,-80(s0)
PC=00000374 [026e0e33] x28=00000000 x28=00000000 x06=00000000 mul     t3,t3,t1
PC=00000378 [fb442e83] x29=00000000 x08=00500000 x20=00000000 lw      t4,-76(s0)
PC=0000037c [fb842303] x06=00000000 x08=00500000 x24=00000000 lw      t1,-72(s0)
PC=00000380 [026e8333] x06=00000000 x29=00000000 x06=00000000 mul     t1,t4,t1
PC=00000384 [006e0eb3] x29=00000000 x28=00000000 x06=00000000 add     t4,t3,t1
PC=00000388 [fb842e03] x28=00000000 x08=00500000 x24=00000000 lw      t3,-72(s0)
PC=0000038c [fb042303] x06=00000000 x08=00500000 x16=00000000 lw      t1,-80(s0)
PC=00000390 [026e0f33] x30=00000000 x28=00000000 x06=00000000 mul     t5,t3,t1
PC=00000394 [026e35b3] x11=00000000 x28=00000000 x06=00000000 mulhu   a1,t3,t1
PC=00000398 [000f0513] x10=00000000 x30=00000000 x00=00000000 addi    a0,t5,0
PC=0000039c [00be8333] x06=00000000 x29=00000000 x11=00000000 add     t1,t4,a1
PC=000003a0 [00030593] x11=00000000 x06=00000000 x00=00000000 addi    a1,t1,0
PC=000003a4 [fa842303] x06=00000000 x08=00500000 x08=00500000 lw      t1,-88(s0)
PC=000003a8 [02b30e33] x28=00000000 x06=00000000 x11=00000000 mul     t3,t1,a1
PC=000003ac [fac42303] x06=00000000 x08=00500000 x12=00000000 lw      t1,-84(s0)
PC=000003b0 [02a30333] x06=00000000 x06=00000000 x10=00000000 mul     t1,t1,a0
PC=000003b4 [006e0e33] x28=00000000 x28=00000000 x06=00000000 add     t3,t3,t1
PC=000003b8 [fa842303] x06=00000000 x08=00500000 x08=00500000 lw      t1,-88(s0)
PC=000003bc [02a30eb3] x29=00000000 x06=00000000 x10=00000000 mul     t4,t1,a0
PC=000003c0 [02a336b3] x13=00000000 x06=00000000 x10=00000000 mulhu   a3,t1,a0
PC=000003c4 [000e8613] x12=00000000 x29=00000000 x00=00000000 addi    a2,t4,0
PC=000003c8 [00de05b3] x11=00000000 x28=00000000 x13=00000000 add     a1,t3,a3
PC=000003cc [00058693] x13=00000000 x11=00000000 x00=00000000 addi    a3,a1,0
PC=000003d0 [fa042583] x11=00000000 x08=00500000 x00=00000000 lw      a1,-96(s0)
PC=000003d4 [02d58533] x10=00000000 x11=00000000 x13=00000000 mul     a0,a1,a3
PC=000003d8 [fa442583] x11=00000000 x08=00500000 x04=00000000 lw      a1,-92(s0)
PC=000003dc [02c585b3] x11=00000000 x11=00000000 x12=00000000 mul     a1,a1,a2
PC=000003e0 [00b50533] x10=00000000 x10=00000000 x11=00000000 add     a0,a0,a1
PC=000003e4 [fa042583] x11=00000000 x08=00500000 x00=00000000 lw      a1,-96(s0)
PC=000003e8 [02c58333] x06=00000000 x11=00000000 x12=00000000 mul     t1,a1,a2
PC=000003ec [02c5b7b3] x15=00000000 x11=00000000 x12=00000000 mulhu   a5,a1,a2
PC=000003f0 [00030713] x14=00000000 x06=00000000 x00=00000000 addi    a4,t1,0
PC=000003f4 [00f506b3] x13=00000000 x10=00000000 x15=00000000 add     a3,a0,a5
PC=000003f8 [00068793] x15=00000000 x13=00000000 x00=00000000 addi    a5,a3,0
PC=000003fc [f9c42683] x13=00000000 x08=00500000 x28=00000000 lw      a3,-100(s0)
PC=00000400 [02e68633] x12=00000000 x13=00000000 x14=00000000 mul     a2,a3,a4
PC=00000404 [f9842683] x13=00000000 x08=00500000 x24=00000000 lw      a3,-104(s0)
PC=00000408 [02f686b3] x13=00000000 x13=00000000 x15=00000000 mul     a3,a3,a5
PC=0000040c [00d60633] x12=00000000 x12=00000000 x13=00000000 add     a2,a2,a3
PC=00000410 [f9842683] x13=00000000 x08=00500000 x24=00000000 lw      a3,-104(s0)
PC=00000414 [02e685b3] x11=00000000 x13=00000000 x14=00000000 mul     a1,a3,a4
PC=00000418 [02e6b8b3] x17=00000000 x13=00000000 x14=00000000 mulhu   a7,a3,a4
PC=0000041c [00058813] x16=00000000 x11=00000000 x00=00000000 addi    a6,a1,0
PC=00000420 [011607b3] x15=00000000 x12=00000000 x17=00000000 add     a5,a2,a7
PC=00000424 [00078893] x17=00000000 x15=00000000 x00=00000000 addi    a7,a5,0
PC=00000428 [f9042823] x16=00000000 x08=00500000 x16=00000000 sw      a6,-112(s0)
PC=0000042c [f9142a23] x20=00000000 x08=00500000 x17=00000000 sw      a7,-108(s0)
PC=00000430 [f9042823] x16=00000000 x08=00500000 x16=00000000 sw      a6,-112(s0)
PC=00000434 [f9142a23] x20=00000000 x08=00500000 x17=00000000 sw      a7,-108(s0)
PC=00000438 [00000613] x12=00000000 x00=00000000 x00=00000000 addi    a2,zero,0
PC=0000043c [00000693] x13=00000000 x00=00000000 x00=00000000 addi    a3,zero,0
PC=00000440 [f8c42823] x16=00000000 x08=00500000 x12=00000000 sw      a2,-112(s0)
PC=00000444 [f8d42a23] x20=00000000 x08=00500000 x13=00000000 sw      a3,-108(s0)
PC=00000448 [00500793] x15=00000005 x00=00000000 x05=00000000 addi    a5,zero,5
PC=0000044c [fef407a3] x15=00000005 x08=00500000 x15=00000005 sb      a5,-17(s0)
PC=00000450 [fef44783] x15=00000005 x08=00500000 x15=00000005 lbu     a5,-17(s0)
PC=00000454 [01079793] x15=00050000 x15=00000005 x16=00000000 slli    a5,a5,16
PC=00000458 [0107d793] x15=00000005 x15=00050000 x16=00000000 srli    a5,a5,16
PC=0000045c [00078713] x14=00000005 x15=00000005 x00=00000000 addi    a4,a5,0
PC=00000460 [00070793] x15=00000005 x14=00000005 x00=00000000 addi    a5,a4,0
PC=00000464 [00379793] x15=00000028 x15=00000005 x03=00000000 slli    a5,a5,3
PC=00000468 [40e787b3] x15=00000023 x15=00000028 x14=00000005 sub     a5,a5,a4
PC=0000046c [fcf41f23] x30=00000000 x08=00500000 x15=00000023 sh      a5,-34(s0)
PC=00000470 [fc041f23] x30=00000000 x08=00500000 x00=00000000 sh      zero,-34(s0)
PC=00000474 [00500793] x15=00000005 x00=00000000 x05=00000000 addi    a5,zero,5
PC=00000478 [fef41423] x08=00500000 x08=00500000 x15=00000005 sh      a5,-24(s0)
PC=0000047c [fe845703] x14=00000000 x08=00500000 x08=00500000 lhu     a4,-24(s0)
PC=00000480 [00070793] x15=00000000 x14=00000000 x00=00000000 addi    a5,a4,0
PC=00000484 [00379793] x15=00000000 x15=00000000 x03=00000000 slli    a5,a5,3
PC=00000488 [40e787b3] x15=00000000 x15=00000000 x14=00000000 sub     a5,a5,a4
PC=0000048c [fcf42223] x04=00000000 x08=00500000 x15=00000000 sw      a5,-60(s0)
PC=00000490 [fc042223] x04=00000000 x08=00500000 x00=00000000 sw      zero,-60(s0)
PC=00000494 [00500793] x15=00000005 x00=00000000 x05=00000000 addi    a5,zero,5
PC=00000498 [fcf42c23] x24=00000000 x08=00500000 x15=00000005 sw      a5,-40(s0)
PC=0000049c [fd842703] x14=00000000 x08=00500000 x24=00000000 lw      a4,-40(s0)
PC=000004a0 [00070793] x15=00000000 x14=00000000 x00=00000000 addi    a5,a4,0
PC=000004a4 [00379793] x15=00000000 x15=00000000 x03=00000000 slli    a5,a5,3
PC=000004a8 [40e787b3] x15=00000000 x15=00000000 x14=00000000 sub     a5,a5,a4
PC=000004ac [f8f42823] x16=00000000 x08=00500000 x15=00000000 sw      a5,-112(s0)
PC=000004b0 [f8042a23] x20=00000000 x08=00500000 x00=00000000 sw      zero,-108(s0)
PC=000004b4 [f8c42823] x16=00000000 x08=00500000 x12=00000000 sw      a2,-112(s0)
PC=000004b8 [f8d42a23] x20=00000000 x08=00500000 x13=00000000 sw      a3,-108(s0)
PC=000004bc [01100793] x15=00000011 x00=00000000 x17=00000000 addi    a5,zero,17
PC=000004c0 [fef407a3] x15=00000011 x08=00500000 x15=00000011 sb      a5,-17(s0)
PC=000004c4 [fef44783] x15=00000011 x08=00500000 x15=00000011 lbu     a5,-17(s0)
PC=000004c8 [01079793] x15=00110000 x15=00000011 x16=00000000 slli    a5,a5,16
PC=000004cc [0107d793] x15=00000011 x15=00110000 x16=00000000 srli    a5,a5,16
PC=000004d0 [00078713] x14=00000011 x15=00000011 x00=00000000 addi    a4,a5,0
PC=000004d4 [00070793] x15=00000011 x14=00000011 x00=00000000 addi    a5,a4,0
PC=000004d8 [00279793] x15=00000044 x15=00000011 x02=004fff90 slli    a5,a5,2
PC=000004dc [00e787b3] x15=00000055 x15=00000044 x14=00000011 add     a5,a5,a4
PC=000004e0 [fcf41f23] x30=00000000 x08=00500000 x15=00000055 sh      a5,-34(s0)
PC=000004e4 [fc041f23] x30=00000000 x08=00500000 x00=00000000 sh      zero,-34(s0)
PC=000004e8 [01100793] x15=00000011 x00=00000000 x17=00000000 addi    a5,zero,17
PC=000004ec [fef41423] x08=00500000 x08=00500000 x15=00000011 sh      a5,-24(s0)
PC=000004f0 [fe845703] x14=00000000 x08=00500000 x08=00500000 lhu     a4,-24(s0)
PC=000004f4 [00070793] x15=00000000 x14=00000000 x00=00000000 addi    a5,a4,0
PC=000004f8 [00279793] x15=00000000 x15=00000000 x02=004fff90 slli    a5,a5,2
PC=000004fc [00e787b3] x15=00000000 x15=00000000 x14=00000000 add     a5,a5,a4
PC=00000500 [fcf42223] x04=00000000 x08=00500000 x15=00000000 sw      a5,-60(s0)
PC=00000504 [fc042223] x04=00000000 x08=00500000 x00=00000000 sw      zero,-60(s0)
PC=00000508 [01100793] x15=00000011 x00=00000000 x17=00000000 addi    a5,zero,17
PC=0000050c [fcf42c23] x24=00000000 x08=00500000 x15=00000011 sw      a5,-40(s0)
PC=00000510 [fd842703] x14=00000000 x08=00500000 x24=00000000 lw      a4,-40(s0)
PC=00000514 [00070793] x15=00000000 x14=00000000 x00=00000000 addi    a5,a4,0
PC=00000518 [00279793] x15=00000000 x15=00000000 x02=004fff90 slli    a5,a5,2
PC=0000051c [00e787b3] x15=00000000 x15=00000000 x14=00000000 add     a5,a5,a4
PC=00000520 [f8f42823] x16=00000000 x08=00500000 x15=00000000 sw      a5,-112(s0)
PC=00000524 [f8042a23] x20=00000000 x08=00500000 x00=00000000 sw      zero,-108(s0)
PC=00000528 [f8c42823] x16=00000000 x08=00500000 x12=00000000 sw      a2,-112(s0)
PC=0000052c [f8d42a23] x20=00000000 x08=00500000 x13=00000000 sw      a3,-108(s0)
PC=00000530 [00000793] x15=00000000 x00=00000000 x00=00000000 addi    a5,zero,0
PC=00000534 [00078513] x10=00000000 x15=00000000 x00=00000000 addi    a0,a5,0
PC=00000538 [06c12403] x08=00000000 x02=004fff90 x12=00000000 lw      s0,108(sp)
PC=0000053c [07010113] x02=00500000 x02=004fff90 x16=00000000 addi    sp,sp,112
PC=00000540 [00008067] x00=00000544 x01=000001e0 x00=00000000 jalr    zero,ra,0
PC=000001e0 [200002b7] x05=20000000 x00=00000544 x00=00000544 lui     t0,536870912
PC=000001e4 [00100073] x00=00000544 x00=00000544 x01=000001e0 ebreak 
