PC=000001d8 [00500137] x02=00500000 x00=00000000 x05=00000000 lui     sp,5242880
PC=000001dc [00c000ef] x01=000001e0 x00=00000000 x12=00000000 jal     ra,12
PC=000001e8 [e9010113] x02=004ffe90 x02=00500000 x16=00000000 addi    sp,sp,-368
PC=000001ec [16812623] x12=00000000 x02=004ffe90 x08=00000000 sw      s0,364(sp)
PC=000001f0 [17212423] x08=00000000 x02=004ffe90 x18=00000000 sw      s2,360(sp)
PC=000001f4 [17312223] x04=00000000 x02=004ffe90 x19=00000000 sw      s3,356(sp)
PC=000001f8 [17412023] x00=00000000 x02=004ffe90 x20=00000000 sw      s4,352(sp)
PC=000001fc [15512e23] x28=00000000 x02=004ffe90 x21=00000000 sw      s5,348(sp)
PC=00000200 [15612c23] x24=00000000 x02=004ffe90 x22=00000000 sw      s6,344(sp)
PC=00000204 [15712a23] x20=00000000 x02=004ffe90 x23=00000000 sw      s7,340(sp)
PC=00000208 [15812823] x16=00000000 x02=004ffe90 x24=00000000 sw      s8,336(sp)
PC=0000020c [15912623] x12=00000000 x02=004ffe90 x25=00000000 sw      s9,332(sp)
PC=00000210 [15a12423] x08=00000000 x02=004ffe90 x26=00000000 sw      s10,328(sp)
PC=00000214 [15b12223] x04=00000000 x02=004ffe90 x27=00000000 sw      s11,324(sp)
PC=00000218 [17010413] x08=00500000 x02=004ffe90 x16=00000000 addi    s0,sp,368
PC=0000021c [fff00713] x14=ffffffff x00=00000000 x31=00000000 addi    a4,zero,-1
PC=00000220 [fff00793] x15=ffffffff x00=00000000 x31=00000000 addi    a5,zero,-1
PC=00000224 [fce42423] x08=00500000 x08=00500000 x14=ffffffff sw      a4,-56(s0)
PC=00000228 [fcf42623] x12=00000000 x08=00500000 x15=ffffffff sw      a5,-52(s0)
PC=0000022c [fff00713] x14=ffffffff x00=00000000 x31=00000000 addi    a4,zero,-1
PC=00000230 [fff00793] x15=ffffffff x00=00000000 x31=00000000 addi    a5,zero,-1
PC=00000234 [fce42023] x00=00000000 x08=00500000 x14=ffffffff sw      a4,-64(s0)
PC=00000238 [fcf42223] x04=00000000 x08=00500000 x15=ffffffff sw      a5,-60(s0)
PC=0000023c [fc842703] x14=ffffffff x08=00500000 x08=00500000 lw      a4,-56(s0)
PC=00000240 [fc042783] x15=ffffffff x08=00500000 x00=00000000 lw      a5,-64(s0)
PC=00000244 [00f76633] x12=ffffffff x14=ffffffff x15=ffffffff or      a2,a4,a5
PC=00000248 [fcc42703] x14=ffffffff x08=00500000 x12=ffffffff lw      a4,-52(s0)
PC=0000024c [fc442783] x15=ffffffff x08=00500000 x04=00000000 lw      a5,-60(s0)
PC=00000250 [00f766b3] x13=ffffffff x14=ffffffff x15=ffffffff or      a3,a4,a5
PC=00000254 [fac42c23] x24=00000000 x08=00500000 x12=ffffffff sw      a2,-72(s0)
PC=00000258 [fad42e23] x28=00000000 x08=00500000 x13=ffffffff sw      a3,-68(s0)
PC=0000025c [00000613] x12=00000000 x00=00000000 x00=00000000 addi    a2,zero,0
PC=00000260 [00000693] x13=00000000 x00=00000000 x00=00000000 addi    a3,zero,0
PC=00000264 [fac42c23] x24=00000000 x08=00500000 x12=00000000 sw      a2,-72(s0)
PC=00000268 [fad42e23] x28=00000000 x08=00500000 x13=00000000 sw      a3,-68(s0)
PC=0000026c [fc842703] x14=ffffffff x08=00500000 x08=00500000 lw      a4,-56(s0)
PC=00000270 [fc042783] x15=ffffffff x08=00500000 x00=00000000 lw      a5,-64(s0)
PC=00000274 [00f77833] x16=ffffffff x14=ffffffff x15=ffffffff and     a6,a4,a5
PC=00000278 [fcc42703] x14=ffffffff x08=00500000 x12=00000000 lw      a4,-52(s0)
PC=0000027c [fc442783] x15=ffffffff x08=00500000 x04=00000000 lw      a5,-60(s0)
PC=00000280 [00f778b3] x17=ffffffff x14=ffffffff x15=ffffffff and     a7,a4,a5
PC=00000284 [fb042823] x16=ffffffff x08=00500000 x16=ffffffff sw      a6,-80(s0)
PC=00000288 [fb142a23] x20=00000000 x08=00500000 x17=ffffffff sw      a7,-76(s0)
PC=0000028c [fac42823] x16=ffffffff x08=00500000 x12=00000000 sw      a2,-80(s0)
PC=00000290 [fad42a23] x20=00000000 x08=00500000 x13=00000000 sw      a3,-76(s0)
PC=00000294 [fc842703] x14=ffffffff x08=00500000 x08=00500000 lw      a4,-56(s0)
PC=00000298 [fc042783] x15=ffffffff x08=00500000 x00=00000000 lw      a5,-64(s0)
PC=0000029c [00f74e33] x28=00000000 x14=ffffffff x15=ffffffff xor     t3,a4,a5
PC=000002a0 [fcc42703] x14=ffffffff x08=00500000 x12=00000000 lw      a4,-52(s0)
PC=000002a4 [fc442783] x15=ffffffff x08=00500000 x04=00000000 lw      a5,-60(s0)
PC=000002a8 [00f74eb3] x29=00000000 x14=ffffffff x15=ffffffff xor     t4,a4,a5
PC=000002ac [fbc42423] x08=00500000 x08=00500000 x28=00000000 sw      t3,-88(s0)
PC=000002b0 [fbd42623] x12=00000000 x08=00500000 x29=00000000 sw      t4,-84(s0)
PC=000002b4 [fac42423] x08=00500000 x08=00500000 x12=00000000 sw      a2,-88(s0)
PC=000002b8 [fad42623] x12=00000000 x08=00500000 x13=00000000 sw      a3,-84(s0)
PC=000002bc [fc842703] x14=ffffffff x08=00500000 x08=00500000 lw      a4,-56(s0)
PC=000002c0 [fc042783] x15=ffffffff x08=00500000 x00=00000000 lw      a5,-64(s0)
PC=000002c4 [00f76533] x10=ffffffff x14=ffffffff x15=ffffffff or      a0,a4,a5
PC=000002c8 [fcc42703] x14=ffffffff x08=00500000 x12=00000000 lw      a4,-52(s0)
PC=000002cc [fc442783] x15=ffffffff x08=00500000 x04=00000000 lw      a5,-60(s0)
PC=000002d0 [00f765b3] x11=ffffffff x14=ffffffff x15=ffffffff or      a1,a4,a5
PC=000002d4 [fff54793] x15=00000000 x10=ffffffff x31=00000000 xori    a5,a0,-1
PC=000002d8 [faf42023] x00=00000000 x08=00500000 x15=00000000 sw      a5,-96(s0)
PC=000002dc [fff5c793] x15=00000000 x11=ffffffff x31=00000000 xori    a5,a1,-1
PC=000002e0 [faf42223] x04=00000000 x08=00500000 x15=00000000 sw      a5,-92(s0)
PC=000002e4 [fac42023] x00=00000000 x08=00500000 x12=00000000 sw      a2,-96(s0)
PC=000002e8 [fad42223] x04=00000000 x08=00500000 x13=00000000 sw      a3,-92(s0)
PC=000002ec [fc842703] x14=ffffffff x08=00500000 x08=00500000 lw      a4,-56(s0)
PC=000002f0 [fc042783] x15=ffffffff x08=00500000 x00=00000000 lw      a5,-64(s0)
PC=000002f4 [00f77333] x06=ffffffff x14=ffffffff x15=ffffffff and     t1,a4,a5
PC=000002f8 [fcc42703] x14=ffffffff x08=00500000 x12=00000000 lw      a4,-52(s0)
PC=000002fc [fc442783] x15=ffffffff x08=00500000 x04=00000000 lw      a5,-60(s0)
PC=00000300 [00f773b3] x07=ffffffff x14=ffffffff x15=ffffffff and     t2,a4,a5
PC=00000304 [fff34793] x15=00000000 x06=ffffffff x31=00000000 xori    a5,t1,-1
PC=00000308 [f8f42c23] x24=00000000 x08=00500000 x15=00000000 sw      a5,-104(s0)
PC=0000030c [fff3c793] x15=00000000 x07=ffffffff x31=00000000 xori    a5,t2,-1
PC=00000310 [f8f42e23] x28=00000000 x08=00500000 x15=00000000 sw      a5,-100(s0)
PC=00000314 [f8c42c23] x24=00000000 x08=00500000 x12=00000000 sw      a2,-104(s0)
PC=00000318 [f8d42e23] x28=00000000 x08=00500000 x13=00000000 sw      a3,-100(s0)
PC=0000031c [fc842703] x14=ffffffff x08=00500000 x08=00500000 lw      a4,-56(s0)
PC=00000320 [fc042783] x15=ffffffff x08=00500000 x00=00000000 lw      a5,-64(s0)
PC=00000324 [00f74f33] x30=00000000 x14=ffffffff x15=ffffffff xor     t5,a4,a5
PC=00000328 [fcc42703] x14=ffffffff x08=00500000 x12=00000000 lw      a4,-52(s0)
PC=0000032c [fc442783] x15=ffffffff x08=00500000 x04=00000000 lw      a5,-60(s0)
PC=00000330 [00f74fb3] x31=00000000 x14=ffffffff x15=ffffffff xor     t6,a4,a5
PC=00000334 [ffff4793] x15=ffffffff x30=00000000 x31=00000000 xori    a5,t5,-1
PC=00000338 [f8f42823] x16=ffffffff x08=00500000 x15=ffffffff sw      a5,-112(s0)
PC=0000033c [ffffc793] x15=ffffffff x31=00000000 x31=00000000 xori    a5,t6,-1
PC=00000340 [f8f42a23] x20=00000000 x08=00500000 x15=ffffffff sw      a5,-108(s0)
PC=00000344 [f8c42823] x16=ffffffff x08=00500000 x12=00000000 sw      a2,-112(s0)
PC=00000348 [f8d42a23] x20=00000000 x08=00500000 x13=00000000 sw      a3,-108(s0)
PC=0000034c [fc842783] x15=ffffffff x08=00500000 x08=00500000 lw      a5,-56(s0)
PC=00000350 [fff7cb13] x22=00000000 x15=ffffffff x31=00000000 xori    s6,a5,-1
PC=00000354 [fcc42783] x15=ffffffff x08=00500000 x12=00000000 lw      a5,-52(s0)
PC=00000358 [fff7cb93] x23=00000000 x15=ffffffff x31=00000000 xori    s7,a5,-1
PC=0000035c [f9642423] x08=00500000 x08=00500000 x22=00000000 sw      s6,-120(s0)
PC=00000360 [f9742623] x12=00000000 x08=00500000 x23=00000000 sw      s7,-116(s0)
PC=00000364 [f8c42423] x08=00500000 x08=00500000 x12=00000000 sw      a2,-120(s0)
PC=00000368 [f8d42623] x12=00000000 x08=00500000 x13=00000000 sw      a3,-116(s0)
PC=0000036c [fc042783] x15=ffffffff x08=00500000 x00=00000000 lw      a5,-64(s0)
PC=00000370 [fff7cd13] x26=00000000 x15=ffffffff x31=00000000 xori    s10,a5,-1
PC=00000374 [fc442783] x15=ffffffff x08=00500000 x04=00000000 lw      a5,-60(s0)
PC=00000378 [fff7cd93] x27=00000000 x15=ffffffff x31=00000000 xori    s11,a5,-1
PC=0000037c [f9a42023] x00=00000000 x08=00500000 x26=00000000 sw      s10,-128(s0)
PC=00000380 [f9b42223] x04=00000000 x08=00500000 x27=00000000 sw      s11,-124(s0)
PC=00000384 [f8c42023] x00=00000000 x08=00500000 x12=00000000 sw      a2,-128(s0)
PC=00000388 [f8d42223] x04=00000000 x08=00500000 x13=00000000 sw      a3,-124(s0)
PC=0000038c [00000797] x15=0000038c x00=00000000 x00=00000000 auipc   a5,0
PC=00000390 [7fc78793] x15=00000b88 x15=0000038c x28=00000000 addi    a5,a5,2044
PC=00000394 [0007a703] x14=00000000 x15=00000b88 x00=00000000 lw      a4,0(a5)
PC=00000398 [0047a783] x15=00000000 x15=00000b88 x04=00000000 lw      a5,4(a5)
PC=0000039c [fce42423] x08=00500000 x08=00500000 x14=00000000 sw      a4,-56(s0)
PC=000003a0 [fcf42623] x12=00000000 x08=00500000 x15=00000000 sw      a5,-52(s0)
PC=000003a4 [00000797] x15=000003a4 x00=00000000 x00=00000000 auipc   a5,0
PC=000003a8 [7ec78793] x15=00000b90 x15=000003a4 x12=00000000 addi    a5,a5,2028
PC=000003ac [0007a703] x14=00000000 x15=00000b90 x00=00000000 lw      a4,0(a5)
PC=000003b0 [0047a783] x15=00000000 x15=00000b90 x04=00000000 lw      a5,4(a5)
PC=000003b4 [fce42023] x00=00000000 x08=00500000 x14=00000000 sw      a4,-64(s0)
PC=000003b8 [fcf42223] x04=00000000 x08=00500000 x15=00000000 sw      a5,-60(s0)
PC=000003bc [fc842703] x14=00000000 x08=00500000 x08=00500000 lw      a4,-56(s0)
PC=000003c0 [fc042783] x15=00000000 x08=00500000 x00=00000000 lw      a5,-64(s0)
PC=000003c4 [00f767b3] x15=00000000 x14=00000000 x15=00000000 or      a5,a4,a5
PC=000003c8 [f2f42823] x16=ffffffff x08=00500000 x15=00000000 sw      a5,-208(s0)
PC=000003cc [fcc42703] x14=00000000 x08=00500000 x12=00000000 lw      a4,-52(s0)
PC=000003d0 [fc442783] x15=00000000 x08=00500000 x04=00000000 lw      a5,-60(s0)
PC=000003d4 [00f767b3] x15=00000000 x14=00000000 x15=00000000 or      a5,a4,a5
PC=000003d8 [f2f42a23] x20=00000000 x08=00500000 x15=00000000 sw      a5,-204(s0)
PC=000003dc [f3042783] x15=00000000 x08=00500000 x16=ffffffff lw      a5,-208(s0)
PC=000003e0 [f3442803] x16=00000000 x08=00500000 x20=00000000 lw      a6,-204(s0)
PC=000003e4 [faf42c23] x24=00000000 x08=00500000 x15=00000000 sw      a5,-72(s0)
PC=000003e8 [fb042e23] x28=00000000 x08=00500000 x16=00000000 sw      a6,-68(s0)
PC=000003ec [fac42c23] x24=00000000 x08=00500000 x12=00000000 sw      a2,-72(s0)
PC=000003f0 [fad42e23] x28=00000000 x08=00500000 x13=00000000 sw      a3,-68(s0)
PC=000003f4 [fc842703] x14=00000000 x08=00500000 x08=00500000 lw      a4,-56(s0)
PC=000003f8 [fc042783] x15=00000000 x08=00500000 x00=00000000 lw      a5,-64(s0)
PC=000003fc [00f777b3] x15=00000000 x14=00000000 x15=00000000 and     a5,a4,a5
PC=00000400 [f2f42423] x08=00500000 x08=00500000 x15=00000000 sw      a5,-216(s0)
PC=00000404 [fcc42703] x14=00000000 x08=00500000 x12=00000000 lw      a4,-52(s0)
PC=00000408 [fc442783] x15=00000000 x08=00500000 x04=00000000 lw      a5,-60(s0)
PC=0000040c [00f777b3] x15=00000000 x14=00000000 x15=00000000 and     a5,a4,a5
PC=00000410 [f2f42623] x12=00000000 x08=00500000 x15=00000000 sw      a5,-212(s0)
PC=00000414 [f2842783] x15=00000000 x08=00500000 x08=00500000 lw      a5,-216(s0)
PC=00000418 [f2c42803] x16=00000000 x08=00500000 x12=00000000 lw      a6,-212(s0)
PC=0000041c [faf42823] x16=00000000 x08=00500000 x15=00000000 sw      a5,-80(s0)
PC=00000420 [fb042a23] x20=00000000 x08=00500000 x16=00000000 sw      a6,-76(s0)
PC=00000424 [fac42823] x16=00000000 x08=00500000 x12=00000000 sw      a2,-80(s0)
PC=00000428 [fad42a23] x20=00000000 x08=00500000 x13=00000000 sw      a3,-76(s0)
PC=0000042c [fc842703] x14=00000000 x08=00500000 x08=00500000 lw      a4,-56(s0)
PC=00000430 [fc042783] x15=00000000 x08=00500000 x00=00000000 lw      a5,-64(s0)
PC=00000434 [00f747b3] x15=00000000 x14=00000000 x15=00000000 xor     a5,a4,a5
PC=00000438 [f2f42023] x00=00000000 x08=00500000 x15=00000000 sw      a5,-224(s0)
PC=0000043c [fcc42703] x14=00000000 x08=00500000 x12=00000000 lw      a4,-52(s0)
PC=00000440 [fc442783] x15=00000000 x08=00500000 x04=00000000 lw      a5,-60(s0)
PC=00000444 [00f747b3] x15=00000000 x14=00000000 x15=00000000 xor     a5,a4,a5
PC=00000448 [f2f42223] x04=00000000 x08=00500000 x15=00000000 sw      a5,-220(s0)
PC=0000044c [f2042783] x15=00000000 x08=00500000 x00=00000000 lw      a5,-224(s0)
PC=00000450 [f2442803] x16=00000000 x08=00500000 x04=00000000 lw      a6,-220(s0)
PC=00000454 [faf42423] x08=00500000 x08=00500000 x15=00000000 sw      a5,-88(s0)
PC=00000458 [fb042623] x12=00000000 x08=00500000 x16=00000000 sw      a6,-84(s0)
PC=0000045c [fac42423] x08=00500000 x08=00500000 x12=00000000 sw      a2,-88(s0)
PC=00000460 [fad42623] x12=00000000 x08=00500000 x13=00000000 sw      a3,-84(s0)
PC=00000464 [fc842703] x14=00000000 x08=00500000 x08=00500000 lw      a4,-56(s0)
PC=00000468 [fc042783] x15=00000000 x08=00500000 x00=00000000 lw      a5,-64(s0)
PC=0000046c [00f76933] x18=00000000 x14=00000000 x15=00000000 or      s2,a4,a5
PC=00000470 [fcc42703] x14=00000000 x08=00500000 x12=00000000 lw      a4,-52(s0)
PC=00000474 [fc442783] x15=00000000 x08=00500000 x04=00000000 lw      a5,-60(s0)
PC=00000478 [00f769b3] x19=00000000 x14=00000000 x15=00000000 or      s3,a4,a5
PC=0000047c [fff94793] x15=ffffffff x18=00000000 x31=00000000 xori    a5,s2,-1
PC=00000480 [faf42023] x00=00000000 x08=00500000 x15=ffffffff sw      a5,-96(s0)
PC=00000484 [fff9c793] x15=ffffffff x19=00000000 x31=00000000 xori    a5,s3,-1
PC=00000488 [faf42223] x04=00000000 x08=00500000 x15=ffffffff sw      a5,-92(s0)
PC=0000048c [fac42023] x00=00000000 x08=00500000 x12=00000000 sw      a2,-96(s0)
PC=00000490 [fad42223] x04=00000000 x08=00500000 x13=00000000 sw      a3,-92(s0)
PC=00000494 [fc842703] x14=00000000 x08=00500000 x08=00500000 lw      a4,-56(s0)
PC=00000498 [fc042783] x15=00000000 x08=00500000 x00=00000000 lw      a5,-64(s0)
PC=0000049c [00f77a33] x20=00000000 x14=00000000 x15=00000000 and     s4,a4,a5
PC=000004a0 [fcc42703] x14=00000000 x08=00500000 x12=00000000 lw      a4,-52(s0)
PC=000004a4 [fc442783] x15=00000000 x08=00500000 x04=00000000 lw      a5,-60(s0)
PC=000004a8 [00f77ab3] x21=00000000 x14=00000000 x15=00000000 and     s5,a4,a5
PC=000004ac [fffa4793] x15=ffffffff x20=00000000 x31=00000000 xori    a5,s4,-1
PC=000004b0 [f8f42c23] x24=00000000 x08=00500000 x15=ffffffff sw      a5,-104(s0)
PC=000004b4 [fffac793] x15=ffffffff x21=00000000 x31=00000000 xori    a5,s5,-1
PC=000004b8 [f8f42e23] x28=00000000 x08=00500000 x15=ffffffff sw      a5,-100(s0)
PC=000004bc [f8c42c23] x24=00000000 x08=00500000 x12=00000000 sw      a2,-104(s0)
PC=000004c0 [f8d42e23] x28=00000000 x08=00500000 x13=00000000 sw      a3,-100(s0)
PC=000004c4 [fc842703] x14=00000000 x08=00500000 x08=00500000 lw      a4,-56(s0)
PC=000004c8 [fc042783] x15=00000000 x08=00500000 x00=00000000 lw      a5,-64(s0)
PC=000004cc [00f74c33] x24=00000000 x14=00000000 x15=00000000 xor     s8,a4,a5
PC=000004d0 [fcc42703] x14=00000000 x08=00500000 x12=00000000 lw      a4,-52(s0)
PC=000004d4 [fc442783] x15=00000000 x08=00500000 x04=00000000 lw      a5,-60(s0)
PC=000004d8 [00f74cb3] x25=00000000 x14=00000000 x15=00000000 xor     s9,a4,a5
PC=000004dc [fffc4793] x15=ffffffff x24=00000000 x31=00000000 xori    a5,s8,-1
PC=000004e0 [f8f42823] x16=00000000 x08=00500000 x15=ffffffff sw      a5,-112(s0)
PC=000004e4 [fffcc793] x15=ffffffff x25=00000000 x31=00000000 xori    a5,s9,-1
PC=000004e8 [f8f42a23] x20=00000000 x08=00500000 x15=ffffffff sw      a5,-108(s0)
PC=000004ec [f8c42823] x16=00000000 x08=00500000 x12=00000000 sw      a2,-112(s0)
PC=000004f0 [f8d42a23] x20=00000000 x08=00500000 x13=00000000 sw      a3,-108(s0)
PC=000004f4 [fc842783] x15=00000000 x08=00500000 x08=00500000 lw      a5,-56(s0)
PC=000004f8 [fff7c793] x15=ffffffff x15=00000000 x31=00000000 xori    a5,a5,-1
PC=000004fc [f0f42c23] x24=00000000 x08=00500000 x15=ffffffff sw      a5,-232(s0)
PC=00000500 [fcc42783] x15=00000000 x08=00500000 x12=00000000 lw      a5,-52(s0)
PC=00000504 [fff7c793] x15=ffffffff x15=00000000 x31=00000000 xori    a5,a5,-1
PC=00000508 [f0f42e23] x28=00000000 x08=00500000 x15=ffffffff sw      a5,-228(s0)
PC=0000050c [f1842783] x15=ffffffff x08=00500000 x24=00000000 lw      a5,-232(s0)
PC=00000510 [f1c42803] x16=ffffffff x08=00500000 x28=00000000 lw      a6,-228(s0)
PC=00000514 [f8f42423] x08=00500000 x08=00500000 x15=ffffffff sw      a5,-120(s0)
PC=00000518 [f9042623] x12=00000000 x08=00500000 x16=ffffffff sw      a6,-116(s0)
PC=0000051c [f8c42423] x08=00500000 x08=00500000 x12=00000000 sw      a2,-120(s0)
PC=00000520 [f8d42623] x12=00000000 x08=00500000 x13=00000000 sw      a3,-116(s0)
PC=00000524 [fc042783] x15=00000000 x08=00500000 x00=00000000 lw      a5,-64(s0)
PC=00000528 [fff7c793] x15=ffffffff x15=00000000 x31=00000000 xori    a5,a5,-1
PC=0000052c [f0f42823] x16=ffffffff x08=00500000 x15=ffffffff sw      a5,-240(s0)
PC=00000530 [fc442783] x15=00000000 x08=00500000 x04=00000000 lw      a5,-60(s0)
PC=00000534 [fff7c793] x15=ffffffff x15=00000000 x31=00000000 xori    a5,a5,-1
PC=00000538 [f0f42a23] x20=00000000 x08=00500000 x15=ffffffff sw      a5,-236(s0)
PC=0000053c [f1042783] x15=ffffffff x08=00500000 x16=ffffffff lw      a5,-240(s0)
PC=00000540 [f1442803] x16=ffffffff x08=00500000 x20=00000000 lw      a6,-236(s0)
PC=00000544 [f8f42023] x00=00000000 x08=00500000 x15=ffffffff sw      a5,-128(s0)
PC=00000548 [f9042223] x04=00000000 x08=00500000 x16=ffffffff sw      a6,-124(s0)
PC=0000054c [f8c42023] x00=00000000 x08=00500000 x12=00000000 sw      a2,-128(s0)
PC=00000550 [f8d42223] x04=00000000 x08=00500000 x13=00000000 sw      a3,-124(s0)
PC=00000554 [fff00713] x14=ffffffff x00=00000000 x31=00000000 addi    a4,zero,-1
PC=00000558 [fff00793] x15=ffffffff x00=00000000 x31=00000000 addi    a5,zero,-1
PC=0000055c [fce42423] x08=00500000 x08=00500000 x14=ffffffff sw      a4,-56(s0)
PC=00000560 [fcf42623] x12=00000000 x08=00500000 x15=ffffffff sw      a5,-52(s0)
PC=00000564 [fcc42023] x00=00000000 x08=00500000 x12=00000000 sw      a2,-64(s0)
PC=00000568 [fcd42223] x04=00000000 x08=00500000 x13=00000000 sw      a3,-60(s0)
PC=0000056c [fc842703] x14=ffffffff x08=00500000 x08=00500000 lw      a4,-56(s0)
PC=00000570 [fc042783] x15=00000000 x08=00500000 x00=00000000 lw      a5,-64(s0)
PC=00000574 [00f767b3] x15=ffffffff x14=ffffffff x15=00000000 or      a5,a4,a5
PC=00000578 [f0f42423] x08=00500000 x08=00500000 x15=ffffffff sw      a5,-248(s0)
PC=0000057c [fcc42703] x14=ffffffff x08=00500000 x12=00000000 lw      a4,-52(s0)
PC=00000580 [fc442783] x15=00000000 x08=00500000 x04=00000000 lw      a5,-60(s0)
PC=00000584 [00f767b3] x15=ffffffff x14=ffffffff x15=00000000 or      a5,a4,a5
PC=00000588 [f0f42623] x12=00000000 x08=00500000 x15=ffffffff sw      a5,-244(s0)
PC=0000058c [f0842783] x15=ffffffff x08=00500000 x08=00500000 lw      a5,-248(s0)
PC=00000590 [f0c42803] x16=ffffffff x08=00500000 x12=00000000 lw      a6,-244(s0)
PC=00000594 [faf42c23] x24=00000000 x08=00500000 x15=ffffffff sw      a5,-72(s0)
PC=00000598 [fb042e23] x28=00000000 x08=00500000 x16=ffffffff sw      a6,-68(s0)
PC=0000059c [fac42c23] x24=00000000 x08=00500000 x12=00000000 sw      a2,-72(s0)
PC=000005a0 [fad42e23] x28=00000000 x08=00500000 x13=00000000 sw      a3,-68(s0)
PC=000005a4 [fc842703] x14=ffffffff x08=00500000 x08=00500000 lw      a4,-56(s0)
PC=000005a8 [fc042783] x15=00000000 x08=00500000 x00=00000000 lw      a5,-64(s0)
PC=000005ac [00f777b3] x15=00000000 x14=ffffffff x15=00000000 and     a5,a4,a5
PC=000005b0 [f0f42023] x00=00000000 x08=00500000 x15=00000000 sw      a5,-256(s0)
PC=000005b4 [fcc42703] x14=ffffffff x08=00500000 x12=00000000 lw      a4,-52(s0)
PC=000005b8 [fc442783] x15=00000000 x08=00500000 x04=00000000 lw      a5,-60(s0)
PC=000005bc [00f777b3] x15=00000000 x14=ffffffff x15=00000000 and     a5,a4,a5
PC=000005c0 [f0f42223] x04=00000000 x08=00500000 x15=00000000 sw      a5,-252(s0)
PC=000005c4 [f0042783] x15=00000000 x08=00500000 x00=00000000 lw      a5,-256(s0)
PC=000005c8 [f0442803] x16=00000000 x08=00500000 x04=00000000 lw      a6,-252(s0)
PC=000005cc [faf42823] x16=00000000 x08=00500000 x15=00000000 sw      a5,-80(s0)
PC=000005d0 [fb042a23] x20=00000000 x08=00500000 x16=00000000 sw      a6,-76(s0)
PC=000005d4 [fac42823] x16=00000000 x08=00500000 x12=00000000 sw      a2,-80(s0)
PC=000005d8 [fad42a23] x20=00000000 x08=00500000 x13=00000000 sw      a3,-76(s0)
PC=000005dc [fc842703] x14=ffffffff x08=00500000 x08=00500000 lw      a4,-56(s0)
PC=000005e0 [fc042783] x15=00000000 x08=00500000 x00=00000000 lw      a5,-64(s0)
PC=000005e4 [00f747b3] x15=ffffffff x14=ffffffff x15=00000000 xor     a5,a4,a5
PC=000005e8 [eef42c23] x24=00000000 x08=00500000 x15=ffffffff sw      a5,-264(s0)
PC=000005ec [fcc42703] x14=ffffffff x08=00500000 x12=00000000 lw      a4,-52(s0)
PC=000005f0 [fc442783] x15=00000000 x08=00500000 x04=00000000 lw      a5,-60(s0)
PC=000005f4 [00f747b3] x15=ffffffff x14=ffffffff x15=00000000 xor     a5,a4,a5
PC=000005f8 [eef42e23] x28=00000000 x08=00500000 x15=ffffffff sw      a5,-260(s0)
PC=000005fc [ef842783] x15=ffffffff x08=00500000 x24=00000000 lw      a5,-264(s0)
PC=00000600 [efc42803] x16=ffffffff x08=00500000 x28=00000000 lw      a6,-260(s0)
PC=00000604 [faf42423] x08=00500000 x08=00500000 x15=ffffffff sw      a5,-88(s0)
PC=00000608 [fb042623] x12=00000000 x08=00500000 x16=ffffffff sw      a6,-84(s0)
PC=0000060c [fac42423] x08=00500000 x08=00500000 x12=00000000 sw      a2,-88(s0)
PC=00000610 [fad42623] x12=00000000 x08=00500000 x13=00000000 sw      a3,-84(s0)
PC=00000614 [fc842703] x14=ffffffff x08=00500000 x08=00500000 lw      a4,-56(s0)
PC=00000618 [fc042783] x15=00000000 x08=00500000 x00=00000000 lw      a5,-64(s0)
PC=0000061c [00f767b3] x15=ffffffff x14=ffffffff x15=00000000 or      a5,a4,a5
PC=00000620 [f6f42c23] x24=00000000 x08=00500000 x15=ffffffff sw      a5,-136(s0)
PC=00000624 [fcc42703] x14=ffffffff x08=00500000 x12=00000000 lw      a4,-52(s0)
PC=00000628 [fc442783] x15=00000000 x08=00500000 x04=00000000 lw      a5,-60(s0)
PC=0000062c [00f767b3] x15=ffffffff x14=ffffffff x15=00000000 or      a5,a4,a5
PC=00000630 [f6f42e23] x28=00000000 x08=00500000 x15=ffffffff sw      a5,-132(s0)
PC=00000634 [f7842503] x10=ffffffff x08=00500000 x24=00000000 lw      a0,-136(s0)
PC=00000638 [f7c42583] x11=ffffffff x08=00500000 x28=00000000 lw      a1,-132(s0)
PC=0000063c [00050793] x15=ffffffff x10=ffffffff x00=00000000 addi    a5,a0,0
PC=00000640 [fff7c793] x15=00000000 x15=ffffffff x31=00000000 xori    a5,a5,-1
PC=00000644 [faf42023] x00=00000000 x08=00500000 x15=00000000 sw      a5,-96(s0)
PC=00000648 [00058793] x15=ffffffff x11=ffffffff x00=00000000 addi    a5,a1,0
PC=0000064c [fff7c793] x15=00000000 x15=ffffffff x31=00000000 xori    a5,a5,-1
PC=00000650 [faf42223] x04=00000000 x08=00500000 x15=00000000 sw      a5,-92(s0)
PC=00000654 [fac42023] x00=00000000 x08=00500000 x12=00000000 sw      a2,-96(s0)
PC=00000658 [fad42223] x04=00000000 x08=00500000 x13=00000000 sw      a3,-92(s0)
PC=0000065c [fc842703] x14=ffffffff x08=00500000 x08=00500000 lw      a4,-56(s0)
PC=00000660 [fc042783] x15=00000000 x08=00500000 x00=00000000 lw      a5,-64(s0)
PC=00000664 [00f777b3] x15=00000000 x14=ffffffff x15=00000000 and     a5,a4,a5
PC=00000668 [f6f42823] x16=ffffffff x08=00500000 x15=00000000 sw      a5,-144(s0)
PC=0000066c [fcc42703] x14=ffffffff x08=00500000 x12=00000000 lw      a4,-52(s0)
PC=00000670 [fc442783] x15=00000000 x08=00500000 x04=00000000 lw      a5,-60(s0)
PC=00000674 [00f777b3] x15=00000000 x14=ffffffff x15=00000000 and     a5,a4,a5
PC=00000678 [f6f42a23] x20=00000000 x08=00500000 x15=00000000 sw      a5,-140(s0)
PC=0000067c [f7042503] x10=00000000 x08=00500000 x16=ffffffff lw      a0,-144(s0)
PC=00000680 [f7442583] x11=00000000 x08=00500000 x20=00000000 lw      a1,-140(s0)
PC=00000684 [00050793] x15=00000000 x10=00000000 x00=00000000 addi    a5,a0,0
PC=00000688 [fff7c793] x15=ffffffff x15=00000000 x31=00000000 xori    a5,a5,-1
PC=0000068c [f8f42c23] x24=00000000 x08=00500000 x15=ffffffff sw      a5,-104(s0)
PC=00000690 [00058793] x15=00000000 x11=00000000 x00=00000000 addi    a5,a1,0
PC=00000694 [fff7c793] x15=ffffffff x15=00000000 x31=00000000 xori    a5,a5,-1
PC=00000698 [f8f42e23] x28=00000000 x08=00500000 x15=ffffffff sw      a5,-100(s0)
PC=0000069c [f8c42c23] x24=00000000 x08=00500000 x12=00000000 sw      a2,-104(s0)
PC=000006a0 [f8d42e23] x28=00000000 x08=00500000 x13=00000000 sw      a3,-100(s0)
PC=000006a4 [fc842703] x14=ffffffff x08=00500000 x08=00500000 lw      a4,-56(s0)
PC=000006a8 [fc042783] x15=00000000 x08=00500000 x00=00000000 lw      a5,-64(s0)
PC=000006ac [00f747b3] x15=ffffffff x14=ffffffff x15=00000000 xor     a5,a4,a5
PC=000006b0 [f6f42423] x08=00500000 x08=00500000 x15=ffffffff sw      a5,-152(s0)
PC=000006b4 [fcc42703] x14=ffffffff x08=00500000 x12=00000000 lw      a4,-52(s0)
PC=000006b8 [fc442783] x15=00000000 x08=00500000 x04=00000000 lw      a5,-60(s0)
PC=000006bc [00f747b3] x15=ffffffff x14=ffffffff x15=00000000 xor     a5,a4,a5
PC=000006c0 [f6f42623] x12=00000000 x08=00500000 x15=ffffffff sw      a5,-148(s0)
PC=000006c4 [f6842503] x10=ffffffff x08=00500000 x08=00500000 lw      a0,-152(s0)
PC=000006c8 [f6c42583] x11=ffffffff x08=00500000 x12=00000000 lw      a1,-148(s0)
PC=000006cc [00050793] x15=ffffffff x10=ffffffff x00=00000000 addi    a5,a0,0
PC=000006d0 [fff7c793] x15=00000000 x15=ffffffff x31=00000000 xori    a5,a5,-1
PC=000006d4 [f8f42823] x16=ffffffff x08=00500000 x15=00000000 sw      a5,-112(s0)
PC=000006d8 [00058793] x15=ffffffff x11=ffffffff x00=00000000 addi    a5,a1,0
PC=000006dc [fff7c793] x15=00000000 x15=ffffffff x31=00000000 xori    a5,a5,-1
PC=000006e0 [f8f42a23] x20=00000000 x08=00500000 x15=00000000 sw      a5,-108(s0)
PC=000006e4 [f8c42823] x16=ffffffff x08=00500000 x12=00000000 sw      a2,-112(s0)
PC=000006e8 [f8d42a23] x20=00000000 x08=00500000 x13=00000000 sw      a3,-108(s0)
PC=000006ec [fc842783] x15=ffffffff x08=00500000 x08=00500000 lw      a5,-56(s0)
PC=000006f0 [fff7c793] x15=00000000 x15=ffffffff x31=00000000 xori    a5,a5,-1
PC=000006f4 [eef42823] x16=ffffffff x08=00500000 x15=00000000 sw      a5,-272(s0)
PC=000006f8 [fcc42783] x15=ffffffff x08=00500000 x12=00000000 lw      a5,-52(s0)
PC=000006fc [fff7c793] x15=00000000 x15=ffffffff x31=00000000 xori    a5,a5,-1
PC=00000700 [eef42a23] x20=00000000 x08=00500000 x15=00000000 sw      a5,-268(s0)
PC=00000704 [ef042783] x15=00000000 x08=00500000 x16=ffffffff lw      a5,-272(s0)
PC=00000708 [ef442803] x16=00000000 x08=00500000 x20=00000000 lw      a6,-268(s0)
PC=0000070c [f8f42423] x08=00500000 x08=00500000 x15=00000000 sw      a5,-120(s0)
PC=00000710 [f9042623] x12=00000000 x08=00500000 x16=00000000 sw      a6,-116(s0)
PC=00000714 [f8c42423] x08=00500000 x08=00500000 x12=00000000 sw      a2,-120(s0)
PC=00000718 [f8d42623] x12=00000000 x08=00500000 x13=00000000 sw      a3,-116(s0)
PC=0000071c [fc042783] x15=00000000 x08=00500000 x00=00000000 lw      a5,-64(s0)
PC=00000720 [fff7c793] x15=ffffffff x15=00000000 x31=00000000 xori    a5,a5,-1
PC=00000724 [eef42423] x08=00500000 x08=00500000 x15=ffffffff sw      a5,-280(s0)
PC=00000728 [fc442783] x15=00000000 x08=00500000 x04=00000000 lw      a5,-60(s0)
PC=0000072c [fff7c793] x15=ffffffff x15=00000000 x31=00000000 xori    a5,a5,-1
PC=00000730 [eef42623] x12=00000000 x08=00500000 x15=ffffffff sw      a5,-276(s0)
PC=00000734 [ee842783] x15=ffffffff x08=00500000 x08=00500000 lw      a5,-280(s0)
PC=00000738 [eec42803] x16=ffffffff x08=00500000 x12=00000000 lw      a6,-276(s0)
PC=0000073c [f8f42023] x00=00000000 x08=00500000 x15=ffffffff sw      a5,-128(s0)
PC=00000740 [f9042223] x04=00000000 x08=00500000 x16=ffffffff sw      a6,-124(s0)
PC=00000744 [f8c42023] x00=00000000 x08=00500000 x12=00000000 sw      a2,-128(s0)
PC=00000748 [f8d42223] x04=00000000 x08=00500000 x13=00000000 sw      a3,-124(s0)
PC=0000074c [00000797] x15=0000074c x00=00000000 x00=00000000 auipc   a5,0
PC=00000750 [44c78793] x15=00000b98 x15=0000074c x12=00000000 addi    a5,a5,1100
PC=00000754 [0007a703] x14=00000000 x15=00000b98 x00=00000000 lw      a4,0(a5)
PC=00000758 [0047a783] x15=00000000 x15=00000b98 x04=00000000 lw      a5,4(a5)
PC=0000075c [fce42423] x08=00500000 x08=00500000 x14=00000000 sw      a4,-56(s0)
PC=00000760 [fcf42623] x12=00000000 x08=00500000 x15=00000000 sw      a5,-52(s0)
PC=00000764 [00000797] x15=00000764 x00=00000000 x00=00000000 auipc   a5,0
PC=00000768 [43c78793] x15=00000ba0 x15=00000764 x28=00000000 addi    a5,a5,1084
PC=0000076c [0007a703] x14=00000000 x15=00000ba0 x00=00000000 lw      a4,0(a5)
PC=00000770 [0047a783] x15=00000000 x15=00000ba0 x04=00000000 lw      a5,4(a5)
PC=00000774 [fce42023] x00=00000000 x08=00500000 x14=00000000 sw      a4,-64(s0)
PC=00000778 [fcf42223] x04=00000000 x08=00500000 x15=00000000 sw      a5,-60(s0)
PC=0000077c [fc842703] x14=00000000 x08=00500000 x08=00500000 lw      a4,-56(s0)
PC=00000780 [fc042783] x15=00000000 x08=00500000 x00=00000000 lw      a5,-64(s0)
PC=00000784 [00f767b3] x15=00000000 x14=00000000 x15=00000000 or      a5,a4,a5
PC=00000788 [eef42023] x00=00000000 x08=00500000 x15=00000000 sw      a5,-288(s0)
PC=0000078c [fcc42703] x14=00000000 x08=00500000 x12=00000000 lw      a4,-52(s0)
PC=00000790 [fc442783] x15=00000000 x08=00500000 x04=00000000 lw      a5,-60(s0)
PC=00000794 [00f767b3] x15=00000000 x14=00000000 x15=00000000 or      a5,a4,a5
PC=00000798 [eef42223] x04=00000000 x08=00500000 x15=00000000 sw      a5,-284(s0)
PC=0000079c [ee042783] x15=00000000 x08=00500000 x00=00000000 lw      a5,-288(s0)
PC=000007a0 [ee442803] x16=00000000 x08=00500000 x04=00000000 lw      a6,-284(s0)
PC=000007a4 [faf42c23] x24=00000000 x08=00500000 x15=00000000 sw      a5,-72(s0)
PC=000007a8 [fb042e23] x28=00000000 x08=00500000 x16=00000000 sw      a6,-68(s0)
PC=000007ac [fac42c23] x24=00000000 x08=00500000 x12=00000000 sw      a2,-72(s0)
PC=000007b0 [fad42e23] x28=00000000 x08=00500000 x13=00000000 sw      a3,-68(s0)
PC=000007b4 [fc842703] x14=00000000 x08=00500000 x08=00500000 lw      a4,-56(s0)
PC=000007b8 [fc042783] x15=00000000 x08=00500000 x00=00000000 lw      a5,-64(s0)
PC=000007bc [00f777b3] x15=00000000 x14=00000000 x15=00000000 and     a5,a4,a5
PC=000007c0 [ecf42c23] x24=00000000 x08=00500000 x15=00000000 sw      a5,-296(s0)
PC=000007c4 [fcc42703] x14=00000000 x08=00500000 x12=00000000 lw      a4,-52(s0)
PC=000007c8 [fc442783] x15=00000000 x08=00500000 x04=00000000 lw      a5,-60(s0)
PC=000007cc [00f777b3] x15=00000000 x14=00000000 x15=00000000 and     a5,a4,a5
PC=000007d0 [ecf42e23] x28=00000000 x08=00500000 x15=00000000 sw      a5,-292(s0)
PC=000007d4 [ed842783] x15=00000000 x08=00500000 x24=00000000 lw      a5,-296(s0)
PC=000007d8 [edc42803] x16=00000000 x08=00500000 x28=00000000 lw      a6,-292(s0)
PC=000007dc [faf42823] x16=00000000 x08=00500000 x15=00000000 sw      a5,-80(s0)
PC=000007e0 [fb042a23] x20=00000000 x08=00500000 x16=00000000 sw      a6,-76(s0)
PC=000007e4 [fac42823] x16=00000000 x08=00500000 x12=00000000 sw      a2,-80(s0)
PC=000007e8 [fad42a23] x20=00000000 x08=00500000 x13=00000000 sw      a3,-76(s0)
PC=000007ec [fc842703] x14=00000000 x08=00500000 x08=00500000 lw      a4,-56(s0)
PC=000007f0 [fc042783] x15=00000000 x08=00500000 x00=00000000 lw      a5,-64(s0)
PC=000007f4 [00f747b3] x15=00000000 x14=00000000 x15=00000000 xor     a5,a4,a5
PC=000007f8 [ecf42823] x16=00000000 x08=00500000 x15=00000000 sw      a5,-304(s0)
PC=000007fc [fcc42703] x14=00000000 x08=00500000 x12=00000000 lw      a4,-52(s0)
PC=00000800 [fc442783] x15=00000000 x08=00500000 x04=00000000 lw      a5,-60(s0)
PC=00000804 [00f747b3] x15=00000000 x14=00000000 x15=00000000 xor     a5,a4,a5
PC=00000808 [ecf42a23] x20=00000000 x08=00500000 x15=00000000 sw      a5,-300(s0)
PC=0000080c [ed042783] x15=00000000 x08=00500000 x16=00000000 lw      a5,-304(s0)
PC=00000810 [ed442803] x16=00000000 x08=00500000 x20=00000000 lw      a6,-300(s0)
PC=00000814 [faf42423] x08=00500000 x08=00500000 x15=00000000 sw      a5,-88(s0)
PC=00000818 [fb042623] x12=00000000 x08=00500000 x16=00000000 sw      a6,-84(s0)
PC=0000081c [fac42423] x08=00500000 x08=00500000 x12=00000000 sw      a2,-88(s0)
PC=00000820 [fad42623] x12=00000000 x08=00500000 x13=00000000 sw      a3,-84(s0)
PC=00000824 [fc842703] x14=00000000 x08=00500000 x08=00500000 lw      a4,-56(s0)
PC=00000828 [fc042783] x15=00000000 x08=00500000 x00=00000000 lw      a5,-64(s0)
PC=0000082c [00f767b3] x15=00000000 x14=00000000 x15=00000000 or      a5,a4,a5
PC=00000830 [f6f42023] x00=00000000 x08=00500000 x15=00000000 sw      a5,-160(s0)
PC=00000834 [fcc42703] x14=00000000 x08=00500000 x12=00000000 lw      a4,-52(s0)
PC=00000838 [fc442783] x15=00000000 x08=00500000 x04=00000000 lw      a5,-60(s0)
PC=0000083c [00f767b3] x15=00000000 x14=00000000 x15=00000000 or      a5,a4,a5
PC=00000840 [f6f42223] x04=00000000 x08=00500000 x15=00000000 sw      a5,-156(s0)
PC=00000844 [f6042503] x10=00000000 x08=00500000 x00=00000000 lw      a0,-160(s0)
PC=00000848 [f6442583] x11=00000000 x08=00500000 x04=00000000 lw      a1,-156(s0)
PC=0000084c [00050793] x15=00000000 x10=00000000 x00=00000000 addi    a5,a0,0
PC=00000850 [fff7c793] x15=ffffffff x15=00000000 x31=00000000 xori    a5,a5,-1
PC=00000854 [faf42023] x00=00000000 x08=00500000 x15=ffffffff sw      a5,-96(s0)
PC=00000858 [00058793] x15=00000000 x11=00000000 x00=00000000 addi    a5,a1,0
PC=0000085c [fff7c793] x15=ffffffff x15=00000000 x31=00000000 xori    a5,a5,-1
PC=00000860 [faf42223] x04=00000000 x08=00500000 x15=ffffffff sw      a5,-92(s0)
PC=00000864 [fac42023] x00=00000000 x08=00500000 x12=00000000 sw      a2,-96(s0)
PC=00000868 [fad42223] x04=00000000 x08=00500000 x13=00000000 sw      a3,-92(s0)
PC=0000086c [fc842703] x14=00000000 x08=00500000 x08=00500000 lw      a4,-56(s0)
PC=00000870 [fc042783] x15=00000000 x08=00500000 x00=00000000 lw      a5,-64(s0)
PC=00000874 [00f777b3] x15=00000000 x14=00000000 x15=00000000 and     a5,a4,a5
PC=00000878 [f4f42c23] x24=00000000 x08=00500000 x15=00000000 sw      a5,-168(s0)
PC=0000087c [fcc42703] x14=00000000 x08=00500000 x12=00000000 lw      a4,-52(s0)
PC=00000880 [fc442783] x15=00000000 x08=00500000 x04=00000000 lw      a5,-60(s0)
PC=00000884 [00f777b3] x15=00000000 x14=00000000 x15=00000000 and     a5,a4,a5
PC=00000888 [f4f42e23] x28=00000000 x08=00500000 x15=00000000 sw      a5,-164(s0)
PC=0000088c [f5842503] x10=00000000 x08=00500000 x24=00000000 lw      a0,-168(s0)
PC=00000890 [f5c42583] x11=00000000 x08=00500000 x28=00000000 lw      a1,-164(s0)
PC=00000894 [00050793] x15=00000000 x10=00000000 x00=00000000 addi    a5,a0,0
PC=00000898 [fff7c793] x15=ffffffff x15=00000000 x31=00000000 xori    a5,a5,-1
PC=0000089c [f8f42c23] x24=00000000 x08=00500000 x15=ffffffff sw      a5,-104(s0)
PC=000008a0 [00058793] x15=00000000 x11=00000000 x00=00000000 addi    a5,a1,0
PC=000008a4 [fff7c793] x15=ffffffff x15=00000000 x31=00000000 xori    a5,a5,-1
PC=000008a8 [f8f42e23] x28=00000000 x08=00500000 x15=ffffffff sw      a5,-100(s0)
PC=000008ac [f8c42c23] x24=00000000 x08=00500000 x12=00000000 sw      a2,-104(s0)
PC=000008b0 [f8d42e23] x28=00000000 x08=00500000 x13=00000000 sw      a3,-100(s0)
PC=000008b4 [fc842703] x14=00000000 x08=00500000 x08=00500000 lw      a4,-56(s0)
PC=000008b8 [fc042783] x15=00000000 x08=00500000 x00=00000000 lw      a5,-64(s0)
PC=000008bc [00f747b3] x15=00000000 x14=00000000 x15=00000000 xor     a5,a4,a5
PC=000008c0 [f4f42823] x16=00000000 x08=00500000 x15=00000000 sw      a5,-176(s0)
PC=000008c4 [fcc42703] x14=00000000 x08=00500000 x12=00000000 lw      a4,-52(s0)
PC=000008c8 [fc442783] x15=00000000 x08=00500000 x04=00000000 lw      a5,-60(s0)
PC=000008cc [00f747b3] x15=00000000 x14=00000000 x15=00000000 xor     a5,a4,a5
PC=000008d0 [f4f42a23] x20=00000000 x08=00500000 x15=00000000 sw      a5,-172(s0)
PC=000008d4 [f5042503] x10=00000000 x08=00500000 x16=00000000 lw      a0,-176(s0)
PC=000008d8 [f5442583] x11=00000000 x08=00500000 x20=00000000 lw      a1,-172(s0)
PC=000008dc [00050793] x15=00000000 x10=00000000 x00=00000000 addi    a5,a0,0
PC=000008e0 [fff7c793] x15=ffffffff x15=00000000 x31=00000000 xori    a5,a5,-1
PC=000008e4 [f8f42823] x16=00000000 x08=00500000 x15=ffffffff sw      a5,-112(s0)
PC=000008e8 [00058793] x15=00000000 x11=00000000 x00=00000000 addi    a5,a1,0
PC=000008ec [fff7c793] x15=ffffffff x15=00000000 x31=00000000 xori    a5,a5,-1
PC=000008f0 [f8f42a23] x20=00000000 x08=00500000 x15=ffffffff sw      a5,-108(s0)
PC=000008f4 [f8c42823] x16=00000000 x08=00500000 x12=00000000 sw      a2,-112(s0)
PC=000008f8 [f8d42a23] x20=00000000 x08=00500000 x13=00000000 sw      a3,-108(s0)
PC=000008fc [fc842783] x15=00000000 x08=00500000 x08=00500000 lw      a5,-56(s0)
PC=00000900 [fff7c793] x15=ffffffff x15=00000000 x31=00000000 xori    a5,a5,-1
PC=00000904 [ecf42423] x08=00500000 x08=00500000 x15=ffffffff sw      a5,-312(s0)
PC=00000908 [fcc42783] x15=00000000 x08=00500000 x12=00000000 lw      a5,-52(s0)
PC=0000090c [fff7c793] x15=ffffffff x15=00000000 x31=00000000 xori    a5,a5,-1
PC=00000910 [ecf42623] x12=00000000 x08=00500000 x15=ffffffff sw      a5,-308(s0)
PC=00000914 [ec842783] x15=ffffffff x08=00500000 x08=00500000 lw      a5,-312(s0)
PC=00000918 [ecc42803] x16=ffffffff x08=00500000 x12=00000000 lw      a6,-308(s0)
PC=0000091c [f8f42423] x08=00500000 x08=00500000 x15=ffffffff sw      a5,-120(s0)
PC=00000920 [f9042623] x12=00000000 x08=00500000 x16=ffffffff sw      a6,-116(s0)
PC=00000924 [f8c42423] x08=00500000 x08=00500000 x12=00000000 sw      a2,-120(s0)
PC=00000928 [f8d42623] x12=00000000 x08=00500000 x13=00000000 sw      a3,-116(s0)
PC=0000092c [fc042783] x15=00000000 x08=00500000 x00=00000000 lw      a5,-64(s0)
PC=00000930 [fff7c793] x15=ffffffff x15=00000000 x31=00000000 xori    a5,a5,-1
PC=00000934 [ecf42023] x00=00000000 x08=00500000 x15=ffffffff sw      a5,-320(s0)
PC=00000938 [fc442783] x15=00000000 x08=00500000 x04=00000000 lw      a5,-60(s0)
PC=0000093c [fff7c793] x15=ffffffff x15=00000000 x31=00000000 xori    a5,a5,-1
PC=00000940 [ecf42223] x04=00000000 x08=00500000 x15=ffffffff sw      a5,-316(s0)
PC=00000944 [ec042783] x15=ffffffff x08=00500000 x00=00000000 lw      a5,-320(s0)
PC=00000948 [ec442803] x16=ffffffff x08=00500000 x04=00000000 lw      a6,-316(s0)
PC=0000094c [f8f42023] x00=00000000 x08=00500000 x15=ffffffff sw      a5,-128(s0)
PC=00000950 [f9042223] x04=00000000 x08=00500000 x16=ffffffff sw      a6,-124(s0)
PC=00000954 [f8c42023] x00=00000000 x08=00500000 x12=00000000 sw      a2,-128(s0)
PC=00000958 [f8d42223] x04=00000000 x08=00500000 x13=00000000 sw      a3,-124(s0)
PC=0000095c [fcc42423] x08=00500000 x08=00500000 x12=00000000 sw      a2,-56(s0)
PC=00000960 [fcd42623] x12=00000000 x08=00500000 x13=00000000 sw      a3,-52(s0)
PC=00000964 [fcc42023] x00=00000000 x08=00500000 x12=00000000 sw      a2,-64(s0)
PC=00000968 [fcd42223] x04=00000000 x08=00500000 x13=00000000 sw      a3,-60(s0)
PC=0000096c [fc842703] x14=00000000 x08=00500000 x08=00500000 lw      a4,-56(s0)
PC=00000970 [fc042783] x15=00000000 x08=00500000 x00=00000000 lw      a5,-64(s0)
PC=00000974 [00f767b3] x15=00000000 x14=00000000 x15=00000000 or      a5,a4,a5
PC=00000978 [eaf42c23] x24=00000000 x08=00500000 x15=00000000 sw      a5,-328(s0)
PC=0000097c [fcc42703] x14=00000000 x08=00500000 x12=00000000 lw      a4,-52(s0)
PC=00000980 [fc442783] x15=00000000 x08=00500000 x04=00000000 lw      a5,-60(s0)
PC=00000984 [00f767b3] x15=00000000 x14=00000000 x15=00000000 or      a5,a4,a5
PC=00000988 [eaf42e23] x28=00000000 x08=00500000 x15=00000000 sw      a5,-324(s0)
PC=0000098c [eb842783] x15=00000000 x08=00500000 x24=00000000 lw      a5,-328(s0)
PC=00000990 [ebc42803] x16=00000000 x08=00500000 x28=00000000 lw      a6,-324(s0)
PC=00000994 [faf42c23] x24=00000000 x08=00500000 x15=00000000 sw      a5,-72(s0)
PC=00000998 [fb042e23] x28=00000000 x08=00500000 x16=00000000 sw      a6,-68(s0)
PC=0000099c [fac42c23] x24=00000000 x08=00500000 x12=00000000 sw      a2,-72(s0)
PC=000009a0 [fad42e23] x28=00000000 x08=00500000 x13=00000000 sw      a3,-68(s0)
PC=000009a4 [fc842703] x14=00000000 x08=00500000 x08=00500000 lw      a4,-56(s0)
PC=000009a8 [fc042783] x15=00000000 x08=00500000 x00=00000000 lw      a5,-64(s0)
PC=000009ac [00f777b3] x15=00000000 x14=00000000 x15=00000000 and     a5,a4,a5
PC=000009b0 [eaf42823] x16=00000000 x08=00500000 x15=00000000 sw      a5,-336(s0)
PC=000009b4 [fcc42703] x14=00000000 x08=00500000 x12=00000000 lw      a4,-52(s0)
PC=000009b8 [fc442783] x15=00000000 x08=00500000 x04=00000000 lw      a5,-60(s0)
PC=000009bc [00f777b3] x15=00000000 x14=00000000 x15=00000000 and     a5,a4,a5
PC=000009c0 [eaf42a23] x20=00000000 x08=00500000 x15=00000000 sw      a5,-332(s0)
PC=000009c4 [eb042783] x15=00000000 x08=00500000 x16=00000000 lw      a5,-336(s0)
PC=000009c8 [eb442803] x16=00000000 x08=00500000 x20=00000000 lw      a6,-332(s0)
PC=000009cc [faf42823] x16=00000000 x08=00500000 x15=00000000 sw      a5,-80(s0)
PC=000009d0 [fb042a23] x20=00000000 x08=00500000 x16=00000000 sw      a6,-76(s0)
PC=000009d4 [fac42823] x16=00000000 x08=00500000 x12=00000000 sw      a2,-80(s0)
PC=000009d8 [fad42a23] x20=00000000 x08=00500000 x13=00000000 sw      a3,-76(s0)
PC=000009dc [fc842703] x14=00000000 x08=00500000 x08=00500000 lw      a4,-56(s0)
PC=000009e0 [fc042783] x15=00000000 x08=00500000 x00=00000000 lw      a5,-64(s0)
PC=000009e4 [00f747b3] x15=00000000 x14=00000000 x15=00000000 xor     a5,a4,a5
PC=000009e8 [eaf42423] x08=00500000 x08=00500000 x15=00000000 sw      a5,-344(s0)
PC=000009ec [fcc42703] x14=00000000 x08=00500000 x12=00000000 lw      a4,-52(s0)
PC=000009f0 [fc442783] x15=00000000 x08=00500000 x04=00000000 lw      a5,-60(s0)
PC=000009f4 [00f747b3] x15=00000000 x14=00000000 x15=00000000 xor     a5,a4,a5
PC=000009f8 [eaf42623] x12=00000000 x08=00500000 x15=00000000 sw      a5,-340(s0)
PC=000009fc [ea842783] x15=00000000 x08=00500000 x08=00500000 lw      a5,-344(s0)
PC=00000a00 [eac42803] x16=00000000 x08=00500000 x12=00000000 lw      a6,-340(s0)
PC=00000a04 [faf42423] x08=00500000 x08=00500000 x15=00000000 sw      a5,-88(s0)
PC=00000a08 [fb042623] x12=00000000 x08=00500000 x16=00000000 sw      a6,-84(s0)
PC=00000a0c [fac42423] x08=00500000 x08=00500000 x12=00000000 sw      a2,-88(s0)
PC=00000a10 [fad42623] x12=00000000 x08=00500000 x13=00000000 sw      a3,-84(s0)
PC=00000a14 [fc842703] x14=00000000 x08=00500000 x08=00500000 lw      a4,-56(s0)
PC=00000a18 [fc042783] x15=00000000 x08=00500000 x00=00000000 lw      a5,-64(s0)
PC=00000a1c [00f767b3] x15=00000000 x14=00000000 x15=00000000 or      a5,a4,a5
PC=00000a20 [f4f42423] x08=00500000 x08=00500000 x15=00000000 sw      a5,-184(s0)
PC=00000a24 [fcc42703] x14=00000000 x08=00500000 x12=00000000 lw      a4,-52(s0)
PC=00000a28 [fc442783] x15=00000000 x08=00500000 x04=00000000 lw      a5,-60(s0)
PC=00000a2c [00f767b3] x15=00000000 x14=00000000 x15=00000000 or      a5,a4,a5
PC=00000a30 [f4f42623] x12=00000000 x08=00500000 x15=00000000 sw      a5,-180(s0)
PC=00000a34 [f4842503] x10=00000000 x08=00500000 x08=00500000 lw      a0,-184(s0)
PC=00000a38 [f4c42583] x11=00000000 x08=00500000 x12=00000000 lw      a1,-180(s0)
PC=00000a3c [00050793] x15=00000000 x10=00000000 x00=00000000 addi    a5,a0,0
PC=00000a40 [fff7c793] x15=ffffffff x15=00000000 x31=00000000 xori    a5,a5,-1
PC=00000a44 [faf42023] x00=00000000 x08=00500000 x15=ffffffff sw      a5,-96(s0)
PC=00000a48 [00058793] x15=00000000 x11=00000000 x00=00000000 addi    a5,a1,0
PC=00000a4c [fff7c793] x15=ffffffff x15=00000000 x31=00000000 xori    a5,a5,-1
PC=00000a50 [faf42223] x04=00000000 x08=00500000 x15=ffffffff sw      a5,-92(s0)
PC=00000a54 [fac42023] x00=00000000 x08=00500000 x12=00000000 sw      a2,-96(s0)
PC=00000a58 [fad42223] x04=00000000 x08=00500000 x13=00000000 sw      a3,-92(s0)
PC=00000a5c [fc842703] x14=00000000 x08=00500000 x08=00500000 lw      a4,-56(s0)
PC=00000a60 [fc042783] x15=00000000 x08=00500000 x00=00000000 lw      a5,-64(s0)
PC=00000a64 [00f777b3] x15=00000000 x14=00000000 x15=00000000 and     a5,a4,a5
PC=00000a68 [f4f42023] x00=00000000 x08=00500000 x15=00000000 sw      a5,-192(s0)
PC=00000a6c [fcc42703] x14=00000000 x08=00500000 x12=00000000 lw      a4,-52(s0)
PC=00000a70 [fc442783] x15=00000000 x08=00500000 x04=00000000 lw      a5,-60(s0)
PC=00000a74 [00f777b3] x15=00000000 x14=00000000 x15=00000000 and     a5,a4,a5
PC=00000a78 [f4f42223] x04=00000000 x08=00500000 x15=00000000 sw      a5,-188(s0)
PC=00000a7c [f4042503] x10=00000000 x08=00500000 x00=00000000 lw      a0,-192(s0)
PC=00000a80 [f4442583] x11=00000000 x08=00500000 x04=00000000 lw      a1,-188(s0)
PC=00000a84 [00050793] x15=00000000 x10=00000000 x00=00000000 addi    a5,a0,0
PC=00000a88 [fff7c793] x15=ffffffff x15=00000000 x31=00000000 xori    a5,a5,-1
PC=00000a8c [f8f42c23] x24=00000000 x08=00500000 x15=ffffffff sw      a5,-104(s0)
PC=00000a90 [00058793] x15=00000000 x11=00000000 x00=00000000 addi    a5,a1,0
PC=00000a94 [fff7c793] x15=ffffffff x15=00000000 x31=00000000 xori    a5,a5,-1
PC=00000a98 [f8f42e23] x28=00000000 x08=00500000 x15=ffffffff sw      a5,-100(s0)
PC=00000a9c [f8c42c23] x24=00000000 x08=00500000 x12=00000000 sw      a2,-104(s0)
PC=00000aa0 [f8d42e23] x28=00000000 x08=00500000 x13=00000000 sw      a3,-100(s0)
PC=00000aa4 [fc842703] x14=00000000 x08=00500000 x08=00500000 lw      a4,-56(s0)
PC=00000aa8 [fc042783] x15=00000000 x08=00500000 x00=00000000 lw      a5,-64(s0)
PC=00000aac [00f747b3] x15=00000000 x14=00000000 x15=00000000 xor     a5,a4,a5
PC=00000ab0 [f2f42c23] x24=00000000 x08=00500000 x15=00000000 sw      a5,-200(s0)
PC=00000ab4 [fcc42703] x14=00000000 x08=00500000 x12=00000000 lw      a4,-52(s0)
PC=00000ab8 [fc442783] x15=00000000 x08=00500000 x04=00000000 lw      a5,-60(s0)
PC=00000abc [00f747b3] x15=00000000 x14=00000000 x15=00000000 xor     a5,a4,a5
PC=00000ac0 [f2f42e23] x28=00000000 x08=00500000 x15=00000000 sw      a5,-196(s0)
PC=00000ac4 [f3842503] x10=00000000 x08=00500000 x24=00000000 lw      a0,-200(s0)
PC=00000ac8 [f3c42583] x11=00000000 x08=00500000 x28=00000000 lw      a1,-196(s0)
PC=00000acc [00050793] x15=00000000 x10=00000000 x00=00000000 addi    a5,a0,0
PC=00000ad0 [fff7c793] x15=ffffffff x15=00000000 x31=00000000 xori    a5,a5,-1
PC=00000ad4 [f8f42823] x16=00000000 x08=00500000 x15=ffffffff sw      a5,-112(s0)
PC=00000ad8 [00058793] x15=00000000 x11=00000000 x00=00000000 addi    a5,a1,0
PC=00000adc [fff7c793] x15=ffffffff x15=00000000 x31=00000000 xori    a5,a5,-1
PC=00000ae0 [f8f42a23] x20=00000000 x08=00500000 x15=ffffffff sw      a5,-108(s0)
PC=00000ae4 [f8c42823] x16=00000000 x08=00500000 x12=00000000 sw      a2,-112(s0)
PC=00000ae8 [f8d42a23] x20=00000000 x08=00500000 x13=00000000 sw      a3,-108(s0)
PC=00000aec [fc842783] x15=00000000 x08=00500000 x08=00500000 lw      a5,-56(s0)
PC=00000af0 [fff7c793] x15=ffffffff x15=00000000 x31=00000000 xori    a5,a5,-1
PC=00000af4 [eaf42023] x00=00000000 x08=00500000 x15=ffffffff sw      a5,-352(s0)
PC=00000af8 [fcc42783] x15=00000000 x08=00500000 x12=00000000 lw      a5,-52(s0)
PC=00000afc [fff7c793] x15=ffffffff x15=00000000 x31=00000000 xori    a5,a5,-1
PC=00000b00 [eaf42223] x04=00000000 x08=00500000 x15=ffffffff sw      a5,-348(s0)
PC=00000b04 [ea042783] x15=ffffffff x08=00500000 x00=00000000 lw      a5,-352(s0)
PC=00000b08 [ea442803] x16=ffffffff x08=00500000 x04=00000000 lw      a6,-348(s0)
PC=00000b0c [f8f42423] x08=00500000 x08=00500000 x15=ffffffff sw      a5,-120(s0)
PC=00000b10 [f9042623] x12=00000000 x08=00500000 x16=ffffffff sw      a6,-116(s0)
PC=00000b14 [f8c42423] x08=00500000 x08=00500000 x12=00000000 sw      a2,-120(s0)
PC=00000b18 [f8d42623] x12=00000000 x08=00500000 x13=00000000 sw      a3,-116(s0)
PC=00000b1c [fc042783] x15=00000000 x08=00500000 x00=00000000 lw      a5,-64(s0)
PC=00000b20 [fff7c793] x15=ffffffff x15=00000000 x31=00000000 xori    a5,a5,-1
PC=00000b24 [e8f42c23] x24=00000000 x08=00500000 x15=ffffffff sw      a5,-360(s0)
PC=00000b28 [fc442783] x15=00000000 x08=00500000 x04=00000000 lw      a5,-60(s0)
PC=00000b2c [fff7c793] x15=ffffffff x15=00000000 x31=00000000 xori    a5,a5,-1
PC=00000b30 [e8f42e23] x28=00000000 x08=00500000 x15=ffffffff sw      a5,-356(s0)
PC=00000b34 [e9842783] x15=ffffffff x08=00500000 x24=00000000 lw      a5,-360(s0)
PC=00000b38 [e9c42803] x16=ffffffff x08=00500000 x28=00000000 lw      a6,-356(s0)
PC=00000b3c [f8f42023] x00=00000000 x08=00500000 x15=ffffffff sw      a5,-128(s0)
PC=00000b40 [f9042223] x04=00000000 x08=00500000 x16=ffffffff sw      a6,-124(s0)
PC=00000b44 [f8c42023] x00=00000000 x08=00500000 x12=00000000 sw      a2,-128(s0)
PC=00000b48 [f8d42223] x04=00000000 x08=00500000 x13=00000000 sw      a3,-124(s0)
PC=00000b4c [00000793] x15=00000000 x00=00000000 x00=00000000 addi    a5,zero,0
PC=00000b50 [00078513] x10=00000000 x15=00000000 x00=00000000 addi    a0,a5,0
PC=00000b54 [16c12403] x08=00000000 x02=004ffe90 x12=00000000 lw      s0,364(sp)
PC=00000b58 [16812903] x18=00000000 x02=004ffe90 x08=00000000 lw      s2,360(sp)
PC=00000b5c [16412983] x19=00000000 x02=004ffe90 x04=00000000 lw      s3,356(sp)
PC=00000b60 [16012a03] x20=00000000 x02=004ffe90 x00=00000000 lw      s4,352(sp)
PC=00000b64 [15c12a83] x21=00000000 x02=004ffe90 x28=00000000 lw      s5,348(sp)
PC=00000b68 [15812b03] x22=00000000 x02=004ffe90 x24=00000000 lw      s6,344(sp)
PC=00000b6c [15412b83] x23=00000000 x02=004ffe90 x20=00000000 lw      s7,340(sp)
PC=00000b70 [15012c03] x24=00000000 x02=004ffe90 x16=ffffffff lw      s8,336(sp)
PC=00000b74 [14c12c83] x25=00000000 x02=004ffe90 x12=00000000 lw      s9,332(sp)
PC=00000b78 [14812d03] x26=00000000 x02=004ffe90 x08=00000000 lw      s10,328(sp)
PC=00000b7c [14412d83] x27=00000000 x02=004ffe90 x04=00000000 lw      s11,324(sp)
PC=00000b80 [17010113] x02=00500000 x02=004ffe90 x16=ffffffff addi    sp,sp,368
PC=00000b84 [00008067] x00=00000b88 x01=000001e0 x00=00000000 jalr    zero,ra,0
PC=000001e0 [200002b7] x05=20000000 x00=00000b88 x00=00000b88 lui     t0,536870912
PC=000001e4 [00100073] x00=00000b88 x00=00000b88 x01=000001e0 ebreak 
