PC=000001d8 [00500137] x02=00500000 x00=00000000 x05=00000000 lui     sp,5242880
PC=000001dc [00c000ef] x01=000001e0 x00=00000000 x12=00000000 jal     ra,12
PC=000001e8 [fe010113] x02=004fffe0 x02=00500000 x00=00000000 addi    sp,sp,-32
PC=000001ec [00812e23] x28=00000000 x02=004fffe0 x08=00000000 sw      s0,28(sp)
PC=000001f0 [02010413] x08=00500000 x02=004fffe0 x00=00000000 addi    s0,sp,32
PC=000001f4 [00000f17] x30=000001f4 x00=00000000 x00=00000000 auipc   t5,0
PC=000001f8 [19cf0f13] x30=00000390 x30=000001f4 x28=00000000 addi    t5,t5,412
PC=000001fc [004f2f83] x31=00000000 x30=00000390 x04=00000000 lw      t6,4(t5)
PC=00000200 [000f2f03] x30=00000000 x30=00000390 x00=00000000 lw      t5,0(t5)
PC=00000204 [ffe42423] x08=00500000 x08=00500000 x30=00000000 sw      t5,-24(s0)
PC=00000208 [fff42623] x12=00000000 x08=00500000 x31=00000000 sw      t6,-20(s0)
PC=0000020c [fe842f83] x31=00000000 x08=00500000 x08=00500000 lw      t6,-24(s0)
PC=00000210 [f0f0ff37] x30=f0f0f000 x01=000001e0 x15=00000000 lui     t5,-252645376
PC=00000214 [0f0f0f13] x30=f0f0f0f0 x30=f0f0f000 x16=00000000 addi    t5,t5,240
PC=00000218 [01efee33] x28=f0f0f0f0 x31=00000000 x30=f0f0f0f0 or      t3,t6,t5
PC=0000021c [fec42f83] x31=00000000 x08=00500000 x12=00000000 lw      t6,-20(s0)
PC=00000220 [f0f0ff37] x30=f0f0f000 x01=000001e0 x15=00000000 lui     t5,-252645376
PC=00000224 [0f0f0f13] x30=f0f0f0f0 x30=f0f0f000 x16=00000000 addi    t5,t5,240
PC=00000228 [01efeeb3] x29=f0f0f0f0 x31=00000000 x30=f0f0f0f0 or      t4,t6,t5
PC=0000022c [ffc42023] x00=00000000 x08=00500000 x28=f0f0f0f0 sw      t3,-32(s0)
PC=00000230 [ffd42223] x04=00000000 x08=00500000 x29=f0f0f0f0 sw      t4,-28(s0)
PC=00000234 [00000f13] x30=00000000 x00=00000000 x00=00000000 addi    t5,zero,0
PC=00000238 [00000f93] x31=00000000 x00=00000000 x00=00000000 addi    t6,zero,0
PC=0000023c [ffe42023] x00=00000000 x08=00500000 x30=00000000 sw      t5,-32(s0)
PC=00000240 [fff42223] x04=00000000 x08=00500000 x31=00000000 sw      t6,-28(s0)
PC=00000244 [fe842e83] x29=00000000 x08=00500000 x08=00500000 lw      t4,-24(s0)
PC=00000248 [f0f0fe37] x28=f0f0f000 x01=000001e0 x15=00000000 lui     t3,-252645376
PC=0000024c [0f0e0e13] x28=f0f0f0f0 x28=f0f0f000 x16=00000000 addi    t3,t3,240
PC=00000250 [01cef333] x06=00000000 x29=00000000 x28=f0f0f0f0 and     t1,t4,t3
PC=00000254 [fec42e83] x29=00000000 x08=00500000 x12=00000000 lw      t4,-20(s0)
PC=00000258 [f0f0fe37] x28=f0f0f000 x01=000001e0 x15=00000000 lui     t3,-252645376
PC=0000025c [0f0e0e13] x28=f0f0f0f0 x28=f0f0f000 x16=00000000 addi    t3,t3,240
PC=00000260 [01cef3b3] x07=00000000 x29=00000000 x28=f0f0f0f0 and     t2,t4,t3
PC=00000264 [fe642023] x00=00000000 x08=00500000 x06=00000000 sw      t1,-32(s0)
PC=00000268 [fe742223] x04=00000000 x08=00500000 x07=00000000 sw      t2,-28(s0)
PC=0000026c [000f0e93] x29=00000000 x30=00000000 x00=00000000 addi    t4,t5,0
PC=00000270 [000f8f13] x30=00000000 x31=00000000 x00=00000000 addi    t5,t6,0
PC=00000274 [ffd42023] x00=00000000 x08=00500000 x29=00000000 sw      t4,-32(s0)
PC=00000278 [ffe42223] x04=00000000 x08=00500000 x30=00000000 sw      t5,-28(s0)
PC=0000027c [fe842e03] x28=00000000 x08=00500000 x08=00500000 lw      t3,-24(s0)
PC=00000280 [f0f0f337] x06=f0f0f000 x01=000001e0 x15=00000000 lui     t1,-252645376
PC=00000284 [0f030313] x06=f0f0f0f0 x06=f0f0f000 x16=00000000 addi    t1,t1,240
PC=00000288 [006e4833] x16=f0f0f0f0 x28=00000000 x06=f0f0f0f0 xor     a6,t3,t1
PC=0000028c [fec42e03] x28=00000000 x08=00500000 x12=00000000 lw      t3,-20(s0)
PC=00000290 [f0f0f337] x06=f0f0f000 x01=000001e0 x15=00000000 lui     t1,-252645376
PC=00000294 [0f030313] x06=f0f0f0f0 x06=f0f0f000 x16=f0f0f0f0 addi    t1,t1,240
PC=00000298 [006e48b3] x17=f0f0f0f0 x28=00000000 x06=f0f0f0f0 xor     a7,t3,t1
PC=0000029c [ff042023] x00=00000000 x08=00500000 x16=f0f0f0f0 sw      a6,-32(s0)
PC=000002a0 [ff142223] x04=00000000 x08=00500000 x17=f0f0f0f0 sw      a7,-28(s0)
PC=000002a4 [000e8313] x06=00000000 x29=00000000 x00=00000000 addi    t1,t4,0
PC=000002a8 [000f0393] x07=00000000 x30=00000000 x00=00000000 addi    t2,t5,0
PC=000002ac [fe642023] x00=00000000 x08=00500000 x06=00000000 sw      t1,-32(s0)
PC=000002b0 [fe742223] x04=00000000 x08=00500000 x07=00000000 sw      t2,-28(s0)
PC=000002b4 [fe842883] x17=00000000 x08=00500000 x08=00500000 lw      a7,-24(s0)
PC=000002b8 [f0f0f837] x16=f0f0f000 x01=000001e0 x15=00000000 lui     a6,-252645376
PC=000002bc [0f080813] x16=f0f0f0f0 x16=f0f0f000 x16=f0f0f000 addi    a6,a6,240
PC=000002c0 [0108e633] x12=f0f0f0f0 x17=00000000 x16=f0f0f0f0 or      a2,a7,a6
PC=000002c4 [fec42883] x17=00000000 x08=00500000 x12=f0f0f0f0 lw      a7,-20(s0)
PC=000002c8 [f0f0f837] x16=f0f0f000 x01=000001e0 x15=00000000 lui     a6,-252645376
PC=000002cc [0f080813] x16=f0f0f0f0 x16=f0f0f000 x16=f0f0f000 addi    a6,a6,240
PC=000002d0 [0108e6b3] x13=f0f0f0f0 x17=00000000 x16=f0f0f0f0 or      a3,a7,a6
PC=000002d4 [fff64813] x16=0f0f0f0f x12=f0f0f0f0 x31=00000000 xori    a6,a2,-1
PC=000002d8 [ff042023] x00=00000000 x08=00500000 x16=0f0f0f0f sw      a6,-32(s0)
PC=000002dc [fff6c693] x13=0f0f0f0f x13=f0f0f0f0 x31=00000000 xori    a3,a3,-1
PC=000002e0 [fed42223] x04=00000000 x08=00500000 x13=0f0f0f0f sw      a3,-28(s0)
PC=000002e4 [00030813] x16=00000000 x06=00000000 x00=00000000 addi    a6,t1,0
PC=000002e8 [00038893] x17=00000000 x07=00000000 x00=00000000 addi    a7,t2,0
PC=000002ec [ff042023] x00=00000000 x08=00500000 x16=00000000 sw      a6,-32(s0)
PC=000002f0 [ff142223] x04=00000000 x08=00500000 x17=00000000 sw      a7,-28(s0)
PC=000002f4 [fe842603] x12=00000000 x08=00500000 x08=00500000 lw      a2,-24(s0)
PC=000002f8 [f0f0f6b7] x13=f0f0f000 x01=000001e0 x15=00000000 lui     a3,-252645376
PC=000002fc [0f068693] x13=f0f0f0f0 x13=f0f0f000 x16=00000000 addi    a3,a3,240
PC=00000300 [00d67733] x14=00000000 x12=00000000 x13=f0f0f0f0 and     a4,a2,a3
PC=00000304 [fec42603] x12=00000000 x08=00500000 x12=00000000 lw      a2,-20(s0)
PC=00000308 [f0f0f6b7] x13=f0f0f000 x01=000001e0 x15=00000000 lui     a3,-252645376
PC=0000030c [0f068693] x13=f0f0f0f0 x13=f0f0f000 x16=00000000 addi    a3,a3,240
PC=00000310 [00d677b3] x15=00000000 x12=00000000 x13=f0f0f0f0 and     a5,a2,a3
PC=00000314 [fff74693] x13=ffffffff x14=00000000 x31=00000000 xori    a3,a4,-1
PC=00000318 [fed42023] x00=00000000 x08=00500000 x13=ffffffff sw      a3,-32(s0)
PC=0000031c [fff7c793] x15=ffffffff x15=00000000 x31=00000000 xori    a5,a5,-1
PC=00000320 [fef42223] x04=00000000 x08=00500000 x15=ffffffff sw      a5,-28(s0)
PC=00000324 [ff042023] x00=00000000 x08=00500000 x16=00000000 sw      a6,-32(s0)
PC=00000328 [ff142223] x04=00000000 x08=00500000 x17=00000000 sw      a7,-28(s0)
PC=0000032c [fe842703] x14=00000000 x08=00500000 x08=00500000 lw      a4,-24(s0)
PC=00000330 [0f0f17b7] x15=0f0f1000 x30=00000000 x16=00000000 lui     a5,252645376
PC=00000334 [f0f78793] x15=0f0f0f0f x15=0f0f1000 x15=0f0f1000 addi    a5,a5,-241
PC=00000338 [00f74533] x10=0f0f0f0f x14=00000000 x15=0f0f0f0f xor     a0,a4,a5
PC=0000033c [fec42703] x14=00000000 x08=00500000 x12=00000000 lw      a4,-20(s0)
PC=00000340 [0f0f17b7] x15=0f0f1000 x30=00000000 x16=00000000 lui     a5,252645376
PC=00000344 [f0f78793] x15=0f0f0f0f x15=0f0f1000 x15=0f0f1000 addi    a5,a5,-241
PC=00000348 [00f745b3] x11=0f0f0f0f x14=00000000 x15=0f0f0f0f xor     a1,a4,a5
PC=0000034c [fea42023] x00=00000000 x08=00500000 x10=0f0f0f0f sw      a0,-32(s0)
PC=00000350 [feb42223] x04=00000000 x08=00500000 x11=0f0f0f0f sw      a1,-28(s0)
PC=00000354 [ff042023] x00=00000000 x08=00500000 x16=00000000 sw      a6,-32(s0)
PC=00000358 [ff142223] x04=00000000 x08=00500000 x17=00000000 sw      a7,-28(s0)
PC=0000035c [00000797] x15=0000035c x00=00000000 x00=00000000 auipc   a5,0
PC=00000360 [03c78793] x15=00000398 x15=0000035c x28=00000000 addi    a5,a5,60
PC=00000364 [0007a703] x14=00000000 x15=00000398 x00=00000000 lw      a4,0(a5)
PC=00000368 [0047a783] x15=00000000 x15=00000398 x04=00000000 lw      a5,4(a5)
PC=0000036c [fee42023] x00=00000000 x08=00500000 x14=00000000 sw      a4,-32(s0)
PC=00000370 [fef42223] x04=00000000 x08=00500000 x15=00000000 sw      a5,-28(s0)
PC=00000374 [ff042023] x00=00000000 x08=00500000 x16=00000000 sw      a6,-32(s0)
PC=00000378 [ff142223] x04=00000000 x08=00500000 x17=00000000 sw      a7,-28(s0)
PC=0000037c [00000793] x15=00000000 x00=00000000 x00=00000000 addi    a5,zero,0
PC=00000380 [00078513] x10=00000000 x15=00000000 x00=00000000 addi    a0,a5,0
PC=00000384 [01c12403] x08=00000000 x02=004fffe0 x28=00000000 lw      s0,28(sp)
PC=00000388 [02010113] x02=00500000 x02=004fffe0 x00=00000000 addi    sp,sp,32
PC=0000038c [00008067] x00=00000390 x01=000001e0 x00=00000000 jalr    zero,ra,0
PC=000001e0 [200002b7] x05=20000000 x00=00000390 x00=00000390 lui     t0,536870912
PC=000001e4 [00100073] x00=00000390 x00=00000390 x01=000001e0 ebreak 
