PC=000001d8 [00500137] x02=00500000 x00=00000000 x05=00000000 lui     sp,5242880
PC=000001dc [00c000ef] x01=000001e0 x00=00000000 x12=00000000 jal     ra,12
PC=000001e8 [fe010113] x02=004fffe0 x02=00500000 x00=00000000 addi    sp,sp,-32
PC=000001ec [00812e23] x28=00000000 x02=004fffe0 x08=00000000 sw      s0,28(sp)
PC=000001f0 [02010413] x08=00500000 x02=004fffe0 x00=00000000 addi    s0,sp,32
PC=000001f4 [fe000793] x15=ffffffe0 x00=00000000 x00=00000000 addi    a5,zero,-32
PC=000001f8 [fef42623] x12=00000000 x08=00500000 x15=ffffffe0 sw      a5,-20(s0)
PC=000001fc [fce00793] x15=ffffffce x00=00000000 x14=00000000 addi    a5,zero,-50
PC=00000200 [fef42423] x08=00500000 x08=00500000 x15=ffffffce sw      a5,-24(s0)
PC=00000204 [fe042223] x04=00000000 x08=00500000 x00=00000000 sw      zero,-28(s0)
PC=00000208 [fec42783] x15=ffffffe0 x08=00500000 x12=00000000 lw      a5,-20(s0)
PC=0000020c [fce7a793] x15=00000000 x15=ffffffe0 x14=00000000 slti    a5,a5,-50
PC=00000210 [0ff7f793] x15=00000000 x15=00000000 x31=00000000 andi    a5,a5,255
PC=00000214 [fef42223] x04=00000000 x08=00500000 x15=00000000 sw      a5,-28(s0)
PC=00000218 [fe042223] x04=00000000 x08=00500000 x00=00000000 sw      zero,-28(s0)
PC=0000021c [ffb00793] x15=fffffffb x00=00000000 x27=00000000 addi    a5,zero,-5
PC=00000220 [fef42423] x08=00500000 x08=00500000 x15=fffffffb sw      a5,-24(s0)
PC=00000224 [fec42783] x15=ffffffe0 x08=00500000 x12=00000000 lw      a5,-20(s0)
PC=00000228 [ffb7a793] x15=00000001 x15=ffffffe0 x27=00000000 slti    a5,a5,-5
PC=0000022c [0ff7f793] x15=00000001 x15=00000001 x31=00000000 andi    a5,a5,255
PC=00000230 [fef42223] x04=00000000 x08=00500000 x15=00000001 sw      a5,-28(s0)
PC=00000234 [fe042223] x04=00000000 x08=00500000 x00=00000000 sw      zero,-28(s0)
PC=00000238 [0c800793] x15=000000c8 x00=00000000 x08=00500000 addi    a5,zero,200
PC=0000023c [fef42623] x12=00000000 x08=00500000 x15=000000c8 sw      a5,-20(s0)
PC=00000240 [0fa00793] x15=000000fa x00=00000000 x26=00000000 addi    a5,zero,250
PC=00000244 [fef42423] x08=00500000 x08=00500000 x15=000000fa sw      a5,-24(s0)
PC=00000248 [fec42783] x15=000000c8 x08=00500000 x12=00000000 lw      a5,-20(s0)
PC=0000024c [0fa7a793] x15=00000001 x15=000000c8 x26=00000000 slti    a5,a5,250
PC=00000250 [0ff7f793] x15=00000001 x15=00000001 x31=00000000 andi    a5,a5,255
PC=00000254 [fef42223] x04=00000000 x08=00500000 x15=00000001 sw      a5,-28(s0)
PC=00000258 [fe042223] x04=00000000 x08=00500000 x00=00000000 sw      zero,-28(s0)
PC=0000025c [0d200793] x15=000000d2 x00=00000000 x18=00000000 addi    a5,zero,210
PC=00000260 [fef42423] x08=00500000 x08=00500000 x15=000000d2 sw      a5,-24(s0)
PC=00000264 [fec42783] x15=000000c8 x08=00500000 x12=00000000 lw      a5,-20(s0)
PC=00000268 [0d27a793] x15=00000001 x15=000000c8 x18=00000000 slti    a5,a5,210
PC=0000026c [0ff7f793] x15=00000001 x15=00000001 x31=00000000 andi    a5,a5,255
PC=00000270 [fef42223] x04=00000000 x08=00500000 x15=00000001 sw      a5,-28(s0)
PC=00000274 [fe042223] x04=00000000 x08=00500000 x00=00000000 sw      zero,-28(s0)
PC=00000278 [00000793] x15=00000000 x00=00000000 x00=00000000 addi    a5,zero,0
PC=0000027c [00078513] x10=00000000 x15=00000000 x00=00000000 addi    a0,a5,0
PC=00000280 [01c12403] x08=00000000 x02=004fffe0 x28=00000000 lw      s0,28(sp)
PC=00000284 [02010113] x02=00500000 x02=004fffe0 x00=00000000 addi    sp,sp,32
PC=00000288 [00008067] x00=0000028c x01=000001e0 x00=00000000 jalr    zero,ra,0
PC=000001e0 [200002b7] x05=20000000 x00=0000028c x00=0000028c lui     t0,536870912
PC=000001e4 [00100073] x00=0000028c x00=0000028c x01=000001e0 ebreak 
