PC=000001d8 [00500137] x02=00500000 x00=00000000 x05=00000000 lui     sp,5242880
PC=000001dc [00c000ef] x01=000001e0 x00=00000000 x12=00000000 jal     ra,12
PC=000001e8 [fe010113] x02=004fffe0 x02=00500000 x00=00000000 addi    sp,sp,-32
PC=000001ec [00812e23] x28=00000000 x02=004fffe0 x08=00000000 sw      s0,28(sp)
PC=000001f0 [02010413] x08=00500000 x02=004fffe0 x00=00000000 addi    s0,sp,32
PC=000001f4 [fe042623] x12=00000000 x08=00500000 x00=00000000 sw      zero,-20(s0)
PC=000001f8 [fec42783] x15=00000000 x08=00500000 x12=00000000 lw      a5,-20(s0)
PC=000001fc [01f7e793] x15=0000001f x15=00000000 x31=00000000 ori     a5,a5,31
PC=00000200 [fef42423] x08=00500000 x08=00500000 x15=0000001f sw      a5,-24(s0)
PC=00000204 [fe042423] x08=00500000 x08=00500000 x00=00000000 sw      zero,-24(s0)
PC=00000208 [fec42783] x15=00000000 x08=00500000 x12=00000000 lw      a5,-20(s0)
PC=0000020c [00f7e793] x15=0000000f x15=00000000 x15=00000000 ori     a5,a5,15
PC=00000210 [fef42423] x08=00500000 x08=00500000 x15=0000000f sw      a5,-24(s0)
PC=00000214 [fe042423] x08=00500000 x08=00500000 x00=00000000 sw      zero,-24(s0)
PC=00000218 [fec42783] x15=00000000 x08=00500000 x12=00000000 lw      a5,-20(s0)
PC=0000021c [0117e793] x15=00000011 x15=00000000 x17=00000000 ori     a5,a5,17
PC=00000220 [fef42423] x08=00500000 x08=00500000 x15=00000011 sw      a5,-24(s0)
PC=00000224 [fe042423] x08=00500000 x08=00500000 x00=00000000 sw      zero,-24(s0)
PC=00000228 [fec42783] x15=00000000 x08=00500000 x12=00000000 lw      a5,-20(s0)
PC=0000022c [1017e793] x15=00000101 x15=00000000 x01=000001e0 ori     a5,a5,257
PC=00000230 [fff7c793] x15=fffffefe x15=00000101 x31=00000000 xori    a5,a5,-1
PC=00000234 [fef42423] x08=00500000 x08=00500000 x15=fffffefe sw      a5,-24(s0)
PC=00000238 [fe042423] x08=00500000 x08=00500000 x00=00000000 sw      zero,-24(s0)
PC=0000023c [fec42783] x15=00000000 x08=00500000 x12=00000000 lw      a5,-20(s0)
PC=00000240 [1117e793] x15=00000111 x15=00000000 x17=00000000 ori     a5,a5,273
PC=00000244 [fff7c793] x15=fffffeee x15=00000111 x31=00000000 xori    a5,a5,-1
PC=00000248 [fef42423] x08=00500000 x08=00500000 x15=fffffeee sw      a5,-24(s0)
PC=0000024c [fe042423] x08=00500000 x08=00500000 x00=00000000 sw      zero,-24(s0)
PC=00000250 [fec42703] x14=00000000 x08=00500000 x12=00000000 lw      a4,-20(s0)
PC=00000254 [000017b7] x15=00001000 x00=00000000 x00=00000000 lui     a5,4096
PC=00000258 [fff78793] x15=00000fff x15=00001000 x31=00000000 addi    a5,a5,-1
PC=0000025c [00f767b3] x15=00000fff x14=00000000 x15=00000fff or      a5,a4,a5
PC=00000260 [fff7c793] x15=fffff000 x15=00000fff x31=00000000 xori    a5,a5,-1
PC=00000264 [fef42423] x08=00500000 x08=00500000 x15=fffff000 sw      a5,-24(s0)
PC=00000268 [fe042423] x08=00500000 x08=00500000 x00=00000000 sw      zero,-24(s0)
PC=0000026c [00000793] x15=00000000 x00=00000000 x00=00000000 addi    a5,zero,0
PC=00000270 [00078513] x10=00000000 x15=00000000 x00=00000000 addi    a0,a5,0
PC=00000274 [01c12403] x08=00000000 x02=004fffe0 x28=00000000 lw      s0,28(sp)
PC=00000278 [02010113] x02=00500000 x02=004fffe0 x00=00000000 addi    sp,sp,32
PC=0000027c [00008067] x00=00000280 x01=000001e0 x00=00000000 jalr    zero,ra,0
PC=000001e0 [200002b7] x05=20000000 x00=00000280 x00=00000280 lui     t0,536870912
PC=000001e4 [00100073] x00=00000280 x00=00000280 x01=000001e0 ebreak 
