PC=000001d8 [00500137] x02=00500000 x00=00000000 x05=00000000 lui     sp,5242880
PC=000001dc [00c000ef] x01=000001e0 x00=00000000 x12=00000000 jal     ra,12
PC=000001e8 [f5010113] x02=004fff50 x02=00500000 x16=00000000 addi    sp,sp,-176
PC=000001ec [0a812623] x12=00000000 x02=004fff50 x08=00000000 sw      s0,172(sp)
PC=000001f0 [0b212423] x08=00000000 x02=004fff50 x18=00000000 sw      s2,168(sp)
PC=000001f4 [0b312223] x04=00000000 x02=004fff50 x19=00000000 sw      s3,164(sp)
PC=000001f8 [0b412023] x00=00000000 x02=004fff50 x20=00000000 sw      s4,160(sp)
PC=000001fc [09512e23] x28=00000000 x02=004fff50 x21=00000000 sw      s5,156(sp)
PC=00000200 [09612c23] x24=00000000 x02=004fff50 x22=00000000 sw      s6,152(sp)
PC=00000204 [09712a23] x20=00000000 x02=004fff50 x23=00000000 sw      s7,148(sp)
PC=00000208 [09812823] x16=00000000 x02=004fff50 x24=00000000 sw      s8,144(sp)
PC=0000020c [09912623] x12=00000000 x02=004fff50 x25=00000000 sw      s9,140(sp)
PC=00000210 [09a12423] x08=00000000 x02=004fff50 x26=00000000 sw      s10,136(sp)
PC=00000214 [09b12223] x04=00000000 x02=004fff50 x27=00000000 sw      s11,132(sp)
PC=00000218 [0b010413] x08=00500000 x02=004fff50 x16=00000000 addi    s0,sp,176
PC=0000021c [fff00713] x14=ffffffff x00=00000000 x31=00000000 addi    a4,zero,-1
PC=00000220 [fff00793] x15=ffffffff x00=00000000 x31=00000000 addi    a5,zero,-1
PC=00000224 [fce42423] x08=00500000 x08=00500000 x14=ffffffff sw      a4,-56(s0)
PC=00000228 [fcf42623] x12=00000000 x08=00500000 x15=ffffffff sw      a5,-52(s0)
PC=0000022c [fcc42783] x15=00000000 x08=00500000 x12=00000000 lw      a5,-52(s0)
PC=00000230 [01f79713] x14=00000000 x15=00000000 x31=00000000 slli    a4,a5,31
PC=00000234 [fc842783] x15=00000000 x08=00500000 x08=00500000 lw      a5,-56(s0)
PC=00000238 [0017d613] x12=00000000 x15=00000000 x01=000001e0 srli    a2,a5,1
PC=0000023c [00c76633] x12=00000000 x14=00000000 x12=00000000 or      a2,a4,a2
PC=00000240 [fcc42783] x15=00000000 x08=00500000 x12=00000000 lw      a5,-52(s0)
PC=00000244 [0017d693] x13=00000000 x15=00000000 x01=000001e0 srli    a3,a5,1
PC=00000248 [fcc42423] x08=00500000 x08=00500000 x12=00000000 sw      a2,-56(s0)
PC=0000024c [fcd42623] x12=00000000 x08=00500000 x13=00000000 sw      a3,-52(s0)
PC=00000250 [00000613] x12=00000000 x00=00000000 x00=00000000 addi    a2,zero,0
PC=00000254 [00000693] x13=00000000 x00=00000000 x00=00000000 addi    a3,zero,0
PC=00000258 [fcc42423] x08=00500000 x08=00500000 x12=00000000 sw      a2,-56(s0)
PC=0000025c [fcd42623] x12=00000000 x08=00500000 x13=00000000 sw      a3,-52(s0)
PC=00000260 [fcc42423] x08=00500000 x08=00500000 x12=00000000 sw      a2,-56(s0)
PC=00000264 [fcd42623] x12=00000000 x08=00500000 x13=00000000 sw      a3,-52(s0)
PC=00000268 [fcc42783] x15=00000000 x08=00500000 x12=00000000 lw      a5,-52(s0)
PC=0000026c [01f79713] x14=00000000 x15=00000000 x31=00000000 slli    a4,a5,31
PC=00000270 [fc842783] x15=00000000 x08=00500000 x08=00500000 lw      a5,-56(s0)
PC=00000274 [0017d513] x10=00000000 x15=00000000 x01=000001e0 srli    a0,a5,1
PC=00000278 [00a76533] x10=00000000 x14=00000000 x10=00000000 or      a0,a4,a0
PC=0000027c [fcc42783] x15=00000000 x08=00500000 x12=00000000 lw      a5,-52(s0)
PC=00000280 [0017d593] x11=00000000 x15=00000000 x01=000001e0 srli    a1,a5,1
PC=00000284 [fca42423] x08=00500000 x08=00500000 x10=00000000 sw      a0,-56(s0)
PC=00000288 [fcb42623] x12=00000000 x08=00500000 x11=00000000 sw      a1,-52(s0)
PC=0000028c [fcc42423] x08=00500000 x08=00500000 x12=00000000 sw      a2,-56(s0)
PC=00000290 [fcd42623] x12=00000000 x08=00500000 x13=00000000 sw      a3,-52(s0)
PC=00000294 [00100713] x14=00000001 x00=00000000 x01=000001e0 addi    a4,zero,1
PC=00000298 [00000793] x15=00000000 x00=00000000 x00=00000000 addi    a5,zero,0
PC=0000029c [fce42423] x08=00500000 x08=00500000 x14=00000001 sw      a4,-56(s0)
PC=000002a0 [fcf42623] x12=00000000 x08=00500000 x15=00000000 sw      a5,-52(s0)
PC=000002a4 [fcc42783] x15=00000000 x08=00500000 x12=00000000 lw      a5,-52(s0)
PC=000002a8 [01f79713] x14=00000000 x15=00000000 x31=00000000 slli    a4,a5,31
PC=000002ac [fc842783] x15=00000000 x08=00500000 x08=00500000 lw      a5,-56(s0)
PC=000002b0 [0017d813] x16=00000000 x15=00000000 x01=000001e0 srli    a6,a5,1
PC=000002b4 [01076833] x16=00000000 x14=00000000 x16=00000000 or      a6,a4,a6
PC=000002b8 [fcc42783] x15=00000000 x08=00500000 x12=00000000 lw      a5,-52(s0)
PC=000002bc [0017d893] x17=00000000 x15=00000000 x01=000001e0 srli    a7,a5,1
PC=000002c0 [fd042423] x08=00500000 x08=00500000 x16=00000000 sw      a6,-56(s0)
PC=000002c4 [fd142623] x12=00000000 x08=00500000 x17=00000000 sw      a7,-52(s0)
PC=000002c8 [fcc42423] x08=00500000 x08=00500000 x12=00000000 sw      a2,-56(s0)
PC=000002cc [fcd42623] x12=00000000 x08=00500000 x13=00000000 sw      a3,-52(s0)
PC=000002d0 [00000713] x14=00000000 x00=00000000 x00=00000000 addi    a4,zero,0
PC=000002d4 [800007b7] x15=80000000 x00=00000000 x00=00000000 lui     a5,-2147483648
PC=000002d8 [fce42423] x08=00500000 x08=00500000 x14=00000000 sw      a4,-56(s0)
PC=000002dc [fcf42623] x12=00000000 x08=00500000 x15=80000000 sw      a5,-52(s0)
PC=000002e0 [fcc42783] x15=00000000 x08=00500000 x12=00000000 lw      a5,-52(s0)
PC=000002e4 [01f79713] x14=00000000 x15=00000000 x31=00000000 slli    a4,a5,31
PC=000002e8 [fc842783] x15=00000000 x08=00500000 x08=00500000 lw      a5,-56(s0)
PC=000002ec [0017d313] x06=00000000 x15=00000000 x01=000001e0 srli    t1,a5,1
PC=000002f0 [00676333] x06=00000000 x14=00000000 x06=00000000 or      t1,a4,t1
PC=000002f4 [fcc42783] x15=00000000 x08=00500000 x12=00000000 lw      a5,-52(s0)
PC=000002f8 [0017d393] x07=00000000 x15=00000000 x01=000001e0 srli    t2,a5,1
PC=000002fc [fc642423] x08=00500000 x08=00500000 x06=00000000 sw      t1,-56(s0)
PC=00000300 [fc742623] x12=00000000 x08=00500000 x07=00000000 sw      t2,-52(s0)
PC=00000304 [fcc42423] x08=00500000 x08=00500000 x12=00000000 sw      a2,-56(s0)
PC=00000308 [fcd42623] x12=00000000 x08=00500000 x13=00000000 sw      a3,-52(s0)
PC=0000030c [00000797] x15=0000030c x00=00000000 x00=00000000 auipc   a5,0
PC=00000310 [62c78793] x15=00000938 x15=0000030c x12=00000000 addi    a5,a5,1580
PC=00000314 [0007a703] x14=00000000 x15=00000938 x00=00000000 lw      a4,0(a5)
PC=00000318 [0047a783] x15=00000000 x15=00000938 x04=00000000 lw      a5,4(a5)
PC=0000031c [fce42423] x08=00500000 x08=00500000 x14=00000000 sw      a4,-56(s0)
PC=00000320 [fcf42623] x12=00000000 x08=00500000 x15=00000000 sw      a5,-52(s0)
PC=00000324 [fcc42783] x15=00000000 x08=00500000 x12=00000000 lw      a5,-52(s0)
PC=00000328 [01f79713] x14=00000000 x15=00000000 x31=00000000 slli    a4,a5,31
PC=0000032c [fc842783] x15=00000000 x08=00500000 x08=00500000 lw      a5,-56(s0)
PC=00000330 [0017de13] x28=00000000 x15=00000000 x01=000001e0 srli    t3,a5,1
PC=00000334 [01c76e33] x28=00000000 x14=00000000 x28=00000000 or      t3,a4,t3
PC=00000338 [fcc42783] x15=00000000 x08=00500000 x12=00000000 lw      a5,-52(s0)
PC=0000033c [0017de93] x29=00000000 x15=00000000 x01=000001e0 srli    t4,a5,1
PC=00000340 [fdc42423] x08=00500000 x08=00500000 x28=00000000 sw      t3,-56(s0)
PC=00000344 [fdd42623] x12=00000000 x08=00500000 x29=00000000 sw      t4,-52(s0)
PC=00000348 [fcc42423] x08=00500000 x08=00500000 x12=00000000 sw      a2,-56(s0)
PC=0000034c [fcd42623] x12=00000000 x08=00500000 x13=00000000 sw      a3,-52(s0)
PC=00000350 [c0000737] x14=c0000000 x00=00000000 x00=00000000 lui     a4,-1073741824
PC=00000354 [00300793] x15=00000003 x00=00000000 x03=00000000 addi    a5,zero,3
PC=00000358 [fce42423] x08=00500000 x08=00500000 x14=c0000000 sw      a4,-56(s0)
PC=0000035c [fcf42623] x12=00000000 x08=00500000 x15=00000003 sw      a5,-52(s0)
PC=00000360 [fcc42783] x15=00000000 x08=00500000 x12=00000000 lw      a5,-52(s0)
PC=00000364 [01e79713] x14=00000000 x15=00000000 x30=00000000 slli    a4,a5,30
PC=00000368 [fc842783] x15=00000000 x08=00500000 x08=00500000 lw      a5,-56(s0)
PC=0000036c [0027df13] x30=00000000 x15=00000000 x02=004fff50 srli    t5,a5,2
PC=00000370 [01e76f33] x30=00000000 x14=00000000 x30=00000000 or      t5,a4,t5
PC=00000374 [fcc42783] x15=00000000 x08=00500000 x12=00000000 lw      a5,-52(s0)
PC=00000378 [0027df93] x31=00000000 x15=00000000 x02=004fff50 srli    t6,a5,2
PC=0000037c [fde42423] x08=00500000 x08=00500000 x30=00000000 sw      t5,-56(s0)
PC=00000380 [fdf42623] x12=00000000 x08=00500000 x31=00000000 sw      t6,-52(s0)
PC=00000384 [fcc42423] x08=00500000 x08=00500000 x12=00000000 sw      a2,-56(s0)
PC=00000388 [fcd42623] x12=00000000 x08=00500000 x13=00000000 sw      a3,-52(s0)
PC=0000038c [fff00713] x14=ffffffff x00=00000000 x31=00000000 addi    a4,zero,-1
PC=00000390 [fff00793] x15=ffffffff x00=00000000 x31=00000000 addi    a5,zero,-1
PC=00000394 [fce42023] x00=00000000 x08=00500000 x14=ffffffff sw      a4,-64(s0)
PC=00000398 [fcf42223] x04=00000000 x08=00500000 x15=ffffffff sw      a5,-60(s0)
PC=0000039c [fc442783] x15=00000000 x08=00500000 x04=00000000 lw      a5,-60(s0)
PC=000003a0 [01f79713] x14=00000000 x15=00000000 x31=00000000 slli    a4,a5,31
PC=000003a4 [fc042783] x15=00000000 x08=00500000 x00=00000000 lw      a5,-64(s0)
PC=000003a8 [0017d913] x18=00000000 x15=00000000 x01=000001e0 srli    s2,a5,1
PC=000003ac [01276933] x18=00000000 x14=00000000 x18=00000000 or      s2,a4,s2
PC=000003b0 [fc442783] x15=00000000 x08=00500000 x04=00000000 lw      a5,-60(s0)
PC=000003b4 [4017d993] x19=00000000 x15=00000000 x01=000001e0 srai    s3,a5,1
PC=000003b8 [fd242023] x00=00000000 x08=00500000 x18=00000000 sw      s2,-64(s0)
PC=000003bc [fd342223] x04=00000000 x08=00500000 x19=00000000 sw      s3,-60(s0)
PC=000003c0 [fcc42023] x00=00000000 x08=00500000 x12=00000000 sw      a2,-64(s0)
PC=000003c4 [fcd42223] x04=00000000 x08=00500000 x13=00000000 sw      a3,-60(s0)
PC=000003c8 [fcc42023] x00=00000000 x08=00500000 x12=00000000 sw      a2,-64(s0)
PC=000003cc [fcd42223] x04=00000000 x08=00500000 x13=00000000 sw      a3,-60(s0)
PC=000003d0 [fc442783] x15=00000000 x08=00500000 x04=00000000 lw      a5,-60(s0)
PC=000003d4 [01f79713] x14=00000000 x15=00000000 x31=00000000 slli    a4,a5,31
PC=000003d8 [fc042783] x15=00000000 x08=00500000 x00=00000000 lw      a5,-64(s0)
PC=000003dc [0017da13] x20=00000000 x15=00000000 x01=000001e0 srli    s4,a5,1
PC=000003e0 [01476a33] x20=00000000 x14=00000000 x20=00000000 or      s4,a4,s4
PC=000003e4 [fc442783] x15=00000000 x08=00500000 x04=00000000 lw      a5,-60(s0)
PC=000003e8 [4017da93] x21=00000000 x15=00000000 x01=000001e0 srai    s5,a5,1
PC=000003ec [fd442023] x00=00000000 x08=00500000 x20=00000000 sw      s4,-64(s0)
PC=000003f0 [fd542223] x04=00000000 x08=00500000 x21=00000000 sw      s5,-60(s0)
PC=000003f4 [fcc42023] x00=00000000 x08=00500000 x12=00000000 sw      a2,-64(s0)
PC=000003f8 [fcd42223] x04=00000000 x08=00500000 x13=00000000 sw      a3,-60(s0)
PC=000003fc [00100713] x14=00000001 x00=00000000 x01=000001e0 addi    a4,zero,1
PC=00000400 [00000793] x15=00000000 x00=00000000 x00=00000000 addi    a5,zero,0
PC=00000404 [fce42023] x00=00000000 x08=00500000 x14=00000001 sw      a4,-64(s0)
PC=00000408 [fcf42223] x04=00000000 x08=00500000 x15=00000000 sw      a5,-60(s0)
PC=0000040c [fc442783] x15=00000000 x08=00500000 x04=00000000 lw      a5,-60(s0)
PC=00000410 [01f79713] x14=00000000 x15=00000000 x31=00000000 slli    a4,a5,31
PC=00000414 [fc042783] x15=00000000 x08=00500000 x00=00000000 lw      a5,-64(s0)
PC=00000418 [0017db13] x22=00000000 x15=00000000 x01=000001e0 srli    s6,a5,1
PC=0000041c [01676b33] x22=00000000 x14=00000000 x22=00000000 or      s6,a4,s6
PC=00000420 [fc442783] x15=00000000 x08=00500000 x04=00000000 lw      a5,-60(s0)
PC=00000424 [4017db93] x23=00000000 x15=00000000 x01=000001e0 srai    s7,a5,1
PC=00000428 [fd642023] x00=00000000 x08=00500000 x22=00000000 sw      s6,-64(s0)
PC=0000042c [fd742223] x04=00000000 x08=00500000 x23=00000000 sw      s7,-60(s0)
PC=00000430 [fcc42023] x00=00000000 x08=00500000 x12=00000000 sw      a2,-64(s0)
PC=00000434 [fcd42223] x04=00000000 x08=00500000 x13=00000000 sw      a3,-60(s0)
PC=00000438 [00000713] x14=00000000 x00=00000000 x00=00000000 addi    a4,zero,0
PC=0000043c [800007b7] x15=80000000 x00=00000000 x00=00000000 lui     a5,-2147483648
PC=00000440 [fce42023] x00=00000000 x08=00500000 x14=00000000 sw      a4,-64(s0)
PC=00000444 [fcf42223] x04=00000000 x08=00500000 x15=80000000 sw      a5,-60(s0)
PC=00000448 [fc442783] x15=00000000 x08=00500000 x04=00000000 lw      a5,-60(s0)
PC=0000044c [01f79713] x14=00000000 x15=00000000 x31=00000000 slli    a4,a5,31
PC=00000450 [fc042783] x15=00000000 x08=00500000 x00=00000000 lw      a5,-64(s0)
PC=00000454 [0017dc13] x24=00000000 x15=00000000 x01=000001e0 srli    s8,a5,1
PC=00000458 [01876c33] x24=00000000 x14=00000000 x24=00000000 or      s8,a4,s8
PC=0000045c [fc442783] x15=00000000 x08=00500000 x04=00000000 lw      a5,-60(s0)
PC=00000460 [4017dc93] x25=00000000 x15=00000000 x01=000001e0 srai    s9,a5,1
PC=00000464 [fd842023] x00=00000000 x08=00500000 x24=00000000 sw      s8,-64(s0)
PC=00000468 [fd942223] x04=00000000 x08=00500000 x25=00000000 sw      s9,-60(s0)
PC=0000046c [fcc42023] x00=00000000 x08=00500000 x12=00000000 sw      a2,-64(s0)
PC=00000470 [fcd42223] x04=00000000 x08=00500000 x13=00000000 sw      a3,-60(s0)
PC=00000474 [00000797] x15=00000474 x00=00000000 x00=00000000 auipc   a5,0
PC=00000478 [4c478793] x15=00000938 x15=00000474 x04=00000000 addi    a5,a5,1220
PC=0000047c [0007a703] x14=00000000 x15=00000938 x00=00000000 lw      a4,0(a5)
PC=00000480 [0047a783] x15=00000000 x15=00000938 x04=00000000 lw      a5,4(a5)
PC=00000484 [fce42023] x00=00000000 x08=00500000 x14=00000000 sw      a4,-64(s0)
PC=00000488 [fcf42223] x04=00000000 x08=00500000 x15=00000000 sw      a5,-60(s0)
PC=0000048c [fc442783] x15=00000000 x08=00500000 x04=00000000 lw      a5,-60(s0)
PC=00000490 [01f79713] x14=00000000 x15=00000000 x31=00000000 slli    a4,a5,31
PC=00000494 [fc042783] x15=00000000 x08=00500000 x00=00000000 lw      a5,-64(s0)
PC=00000498 [0017dd13] x26=00000000 x15=00000000 x01=000001e0 srli    s10,a5,1
PC=0000049c [01a76d33] x26=00000000 x14=00000000 x26=00000000 or      s10,a4,s10
PC=000004a0 [fc442783] x15=00000000 x08=00500000 x04=00000000 lw      a5,-60(s0)
PC=000004a4 [4017dd93] x27=00000000 x15=00000000 x01=000001e0 srai    s11,a5,1
PC=000004a8 [fda42023] x00=00000000 x08=00500000 x26=00000000 sw      s10,-64(s0)
PC=000004ac [fdb42223] x04=00000000 x08=00500000 x27=00000000 sw      s11,-60(s0)
PC=000004b0 [fcc42023] x00=00000000 x08=00500000 x12=00000000 sw      a2,-64(s0)
PC=000004b4 [fcd42223] x04=00000000 x08=00500000 x13=00000000 sw      a3,-60(s0)
PC=000004b8 [c0000737] x14=c0000000 x00=00000000 x00=00000000 lui     a4,-1073741824
PC=000004bc [00300793] x15=00000003 x00=00000000 x03=00000000 addi    a5,zero,3
PC=000004c0 [fce42023] x00=00000000 x08=00500000 x14=c0000000 sw      a4,-64(s0)
PC=000004c4 [fcf42223] x04=00000000 x08=00500000 x15=00000003 sw      a5,-60(s0)
PC=000004c8 [fc442783] x15=00000000 x08=00500000 x04=00000000 lw      a5,-60(s0)
PC=000004cc [01e79713] x14=00000000 x15=00000000 x30=00000000 slli    a4,a5,30
PC=000004d0 [fc042783] x15=00000000 x08=00500000 x00=00000000 lw      a5,-64(s0)
PC=000004d4 [0027d793] x15=00000000 x15=00000000 x02=004fff50 srli    a5,a5,2
PC=000004d8 [faf42c23] x24=00000000 x08=00500000 x15=00000000 sw      a5,-72(s0)
PC=000004dc [fb842783] x15=00000000 x08=00500000 x24=00000000 lw      a5,-72(s0)
PC=000004e0 [00f767b3] x15=00000000 x14=00000000 x15=00000000 or      a5,a4,a5
PC=000004e4 [faf42c23] x24=00000000 x08=00500000 x15=00000000 sw      a5,-72(s0)
PC=000004e8 [fc442783] x15=00000000 x08=00500000 x04=00000000 lw      a5,-60(s0)
PC=000004ec [4027d793] x15=00000000 x15=00000000 x02=004fff50 srai    a5,a5,2
PC=000004f0 [faf42e23] x28=00000000 x08=00500000 x15=00000000 sw      a5,-68(s0)
PC=000004f4 [fb842783] x15=00000000 x08=00500000 x24=00000000 lw      a5,-72(s0)
PC=000004f8 [fbc42803] x16=00000000 x08=00500000 x28=00000000 lw      a6,-68(s0)
PC=000004fc [fcf42023] x00=00000000 x08=00500000 x15=00000000 sw      a5,-64(s0)
PC=00000500 [fd042223] x04=00000000 x08=00500000 x16=00000000 sw      a6,-60(s0)
PC=00000504 [fcc42023] x00=00000000 x08=00500000 x12=00000000 sw      a2,-64(s0)
PC=00000508 [fcd42223] x04=00000000 x08=00500000 x13=00000000 sw      a3,-60(s0)
PC=0000050c [fff00713] x14=ffffffff x00=00000000 x31=00000000 addi    a4,zero,-1
PC=00000510 [fff00793] x15=ffffffff x00=00000000 x31=00000000 addi    a5,zero,-1
PC=00000514 [fce42423] x08=00500000 x08=00500000 x14=ffffffff sw      a4,-56(s0)
PC=00000518 [fcf42623] x12=00000000 x08=00500000 x15=ffffffff sw      a5,-52(s0)
PC=0000051c [fc842783] x15=00000000 x08=00500000 x08=00500000 lw      a5,-56(s0)
PC=00000520 [01f7d793] x15=00000000 x15=00000000 x31=00000000 srli    a5,a5,31
PC=00000524 [fcc42703] x14=00000000 x08=00500000 x12=00000000 lw      a4,-52(s0)
PC=00000528 [00171713] x14=00000000 x14=00000000 x01=000001e0 slli    a4,a4,1
PC=0000052c [fae42a23] x20=00000000 x08=00500000 x14=00000000 sw      a4,-76(s0)
PC=00000530 [fb442703] x14=00000000 x08=00500000 x20=00000000 lw      a4,-76(s0)
PC=00000534 [00e7e7b3] x15=00000000 x15=00000000 x14=00000000 or      a5,a5,a4
PC=00000538 [faf42a23] x20=00000000 x08=00500000 x15=00000000 sw      a5,-76(s0)
PC=0000053c [fc842783] x15=00000000 x08=00500000 x08=00500000 lw      a5,-56(s0)
PC=00000540 [00179793] x15=00000000 x15=00000000 x01=000001e0 slli    a5,a5,1
PC=00000544 [faf42823] x16=00000000 x08=00500000 x15=00000000 sw      a5,-80(s0)
PC=00000548 [fb042783] x15=00000000 x08=00500000 x16=00000000 lw      a5,-80(s0)
PC=0000054c [fb442803] x16=00000000 x08=00500000 x20=00000000 lw      a6,-76(s0)
PC=00000550 [fcf42423] x08=00500000 x08=00500000 x15=00000000 sw      a5,-56(s0)
PC=00000554 [fd042623] x12=00000000 x08=00500000 x16=00000000 sw      a6,-52(s0)
PC=00000558 [fcc42423] x08=00500000 x08=00500000 x12=00000000 sw      a2,-56(s0)
PC=0000055c [fcd42623] x12=00000000 x08=00500000 x13=00000000 sw      a3,-52(s0)
PC=00000560 [fcc42423] x08=00500000 x08=00500000 x12=00000000 sw      a2,-56(s0)
PC=00000564 [fcd42623] x12=00000000 x08=00500000 x13=00000000 sw      a3,-52(s0)
PC=00000568 [fc842783] x15=00000000 x08=00500000 x08=00500000 lw      a5,-56(s0)
PC=0000056c [01f7d793] x15=00000000 x15=00000000 x31=00000000 srli    a5,a5,31
PC=00000570 [fcc42703] x14=00000000 x08=00500000 x12=00000000 lw      a4,-52(s0)
PC=00000574 [00171713] x14=00000000 x14=00000000 x01=000001e0 slli    a4,a4,1
PC=00000578 [fae42623] x12=00000000 x08=00500000 x14=00000000 sw      a4,-84(s0)
PC=0000057c [fac42703] x14=00000000 x08=00500000 x12=00000000 lw      a4,-84(s0)
PC=00000580 [00e7e7b3] x15=00000000 x15=00000000 x14=00000000 or      a5,a5,a4
PC=00000584 [faf42623] x12=00000000 x08=00500000 x15=00000000 sw      a5,-84(s0)
PC=00000588 [fc842783] x15=00000000 x08=00500000 x08=00500000 lw      a5,-56(s0)
PC=0000058c [00179793] x15=00000000 x15=00000000 x01=000001e0 slli    a5,a5,1
PC=00000590 [faf42423] x08=00500000 x08=00500000 x15=00000000 sw      a5,-88(s0)
PC=00000594 [fa842783] x15=00000000 x08=00500000 x08=00500000 lw      a5,-88(s0)
PC=00000598 [fac42803] x16=00000000 x08=00500000 x12=00000000 lw      a6,-84(s0)
PC=0000059c [fcf42423] x08=00500000 x08=00500000 x15=00000000 sw      a5,-56(s0)
PC=000005a0 [fd042623] x12=00000000 x08=00500000 x16=00000000 sw      a6,-52(s0)
PC=000005a4 [fcc42423] x08=00500000 x08=00500000 x12=00000000 sw      a2,-56(s0)
PC=000005a8 [fcd42623] x12=00000000 x08=00500000 x13=00000000 sw      a3,-52(s0)
PC=000005ac [00100713] x14=00000001 x00=00000000 x01=000001e0 addi    a4,zero,1
PC=000005b0 [00000793] x15=00000000 x00=00000000 x00=00000000 addi    a5,zero,0
PC=000005b4 [fce42423] x08=00500000 x08=00500000 x14=00000001 sw      a4,-56(s0)
PC=000005b8 [fcf42623] x12=00000000 x08=00500000 x15=00000000 sw      a5,-52(s0)
PC=000005bc [fc842783] x15=00000000 x08=00500000 x08=00500000 lw      a5,-56(s0)
PC=000005c0 [01f7d793] x15=00000000 x15=00000000 x31=00000000 srli    a5,a5,31
PC=000005c4 [fcc42703] x14=00000000 x08=00500000 x12=00000000 lw      a4,-52(s0)
PC=000005c8 [00171713] x14=00000000 x14=00000000 x01=000001e0 slli    a4,a4,1
PC=000005cc [fae42223] x04=00000000 x08=00500000 x14=00000000 sw      a4,-92(s0)
PC=000005d0 [fa442703] x14=00000000 x08=00500000 x04=00000000 lw      a4,-92(s0)
PC=000005d4 [00e7e7b3] x15=00000000 x15=00000000 x14=00000000 or      a5,a5,a4
PC=000005d8 [faf42223] x04=00000000 x08=00500000 x15=00000000 sw      a5,-92(s0)
PC=000005dc [fc842783] x15=00000000 x08=00500000 x08=00500000 lw      a5,-56(s0)
PC=000005e0 [00179793] x15=00000000 x15=00000000 x01=000001e0 slli    a5,a5,1
PC=000005e4 [faf42023] x00=00000000 x08=00500000 x15=00000000 sw      a5,-96(s0)
PC=000005e8 [fa042783] x15=00000000 x08=00500000 x00=00000000 lw      a5,-96(s0)
PC=000005ec [fa442803] x16=00000000 x08=00500000 x04=00000000 lw      a6,-92(s0)
PC=000005f0 [fcf42423] x08=00500000 x08=00500000 x15=00000000 sw      a5,-56(s0)
PC=000005f4 [fd042623] x12=00000000 x08=00500000 x16=00000000 sw      a6,-52(s0)
PC=000005f8 [fcc42423] x08=00500000 x08=00500000 x12=00000000 sw      a2,-56(s0)
PC=000005fc [fcd42623] x12=00000000 x08=00500000 x13=00000000 sw      a3,-52(s0)
PC=00000600 [00000713] x14=00000000 x00=00000000 x00=00000000 addi    a4,zero,0
PC=00000604 [800007b7] x15=80000000 x00=00000000 x00=00000000 lui     a5,-2147483648
PC=00000608 [fce42423] x08=00500000 x08=00500000 x14=00000000 sw      a4,-56(s0)
PC=0000060c [fcf42623] x12=00000000 x08=00500000 x15=80000000 sw      a5,-52(s0)
PC=00000610 [fc842783] x15=00000000 x08=00500000 x08=00500000 lw      a5,-56(s0)
PC=00000614 [01f7d793] x15=00000000 x15=00000000 x31=00000000 srli    a5,a5,31
PC=00000618 [fcc42703] x14=00000000 x08=00500000 x12=00000000 lw      a4,-52(s0)
PC=0000061c [00171713] x14=00000000 x14=00000000 x01=000001e0 slli    a4,a4,1
PC=00000620 [f8e42e23] x28=00000000 x08=00500000 x14=00000000 sw      a4,-100(s0)
PC=00000624 [f9c42703] x14=00000000 x08=00500000 x28=00000000 lw      a4,-100(s0)
PC=00000628 [00e7e7b3] x15=00000000 x15=00000000 x14=00000000 or      a5,a5,a4
PC=0000062c [f8f42e23] x28=00000000 x08=00500000 x15=00000000 sw      a5,-100(s0)
PC=00000630 [fc842783] x15=00000000 x08=00500000 x08=00500000 lw      a5,-56(s0)
PC=00000634 [00179793] x15=00000000 x15=00000000 x01=000001e0 slli    a5,a5,1
PC=00000638 [f8f42c23] x24=00000000 x08=00500000 x15=00000000 sw      a5,-104(s0)
PC=0000063c [f9842783] x15=00000000 x08=00500000 x24=00000000 lw      a5,-104(s0)
PC=00000640 [f9c42803] x16=00000000 x08=00500000 x28=00000000 lw      a6,-100(s0)
PC=00000644 [fcf42423] x08=00500000 x08=00500000 x15=00000000 sw      a5,-56(s0)
PC=00000648 [fd042623] x12=00000000 x08=00500000 x16=00000000 sw      a6,-52(s0)
PC=0000064c [fcc42423] x08=00500000 x08=00500000 x12=00000000 sw      a2,-56(s0)
PC=00000650 [fcd42623] x12=00000000 x08=00500000 x13=00000000 sw      a3,-52(s0)
PC=00000654 [00000797] x15=00000654 x00=00000000 x00=00000000 auipc   a5,0
PC=00000658 [2e478793] x15=00000938 x15=00000654 x04=00000000 addi    a5,a5,740
PC=0000065c [0007a703] x14=00000000 x15=00000938 x00=00000000 lw      a4,0(a5)
PC=00000660 [0047a783] x15=00000000 x15=00000938 x04=00000000 lw      a5,4(a5)
PC=00000664 [fce42423] x08=00500000 x08=00500000 x14=00000000 sw      a4,-56(s0)
PC=00000668 [fcf42623] x12=00000000 x08=00500000 x15=00000000 sw      a5,-52(s0)
PC=0000066c [fc842783] x15=00000000 x08=00500000 x08=00500000 lw      a5,-56(s0)
PC=00000670 [01f7d793] x15=00000000 x15=00000000 x31=00000000 srli    a5,a5,31
PC=00000674 [fcc42703] x14=00000000 x08=00500000 x12=00000000 lw      a4,-52(s0)
PC=00000678 [00171713] x14=00000000 x14=00000000 x01=000001e0 slli    a4,a4,1
PC=0000067c [f8e42a23] x20=00000000 x08=00500000 x14=00000000 sw      a4,-108(s0)
PC=00000680 [f9442703] x14=00000000 x08=00500000 x20=00000000 lw      a4,-108(s0)
PC=00000684 [00e7e7b3] x15=00000000 x15=00000000 x14=00000000 or      a5,a5,a4
PC=00000688 [f8f42a23] x20=00000000 x08=00500000 x15=00000000 sw      a5,-108(s0)
PC=0000068c [fc842783] x15=00000000 x08=00500000 x08=00500000 lw      a5,-56(s0)
PC=00000690 [00179793] x15=00000000 x15=00000000 x01=000001e0 slli    a5,a5,1
PC=00000694 [f8f42823] x16=00000000 x08=00500000 x15=00000000 sw      a5,-112(s0)
PC=00000698 [f9042783] x15=00000000 x08=00500000 x16=00000000 lw      a5,-112(s0)
PC=0000069c [f9442803] x16=00000000 x08=00500000 x20=00000000 lw      a6,-108(s0)
PC=000006a0 [fcf42423] x08=00500000 x08=00500000 x15=00000000 sw      a5,-56(s0)
PC=000006a4 [fd042623] x12=00000000 x08=00500000 x16=00000000 sw      a6,-52(s0)
PC=000006a8 [fcc42423] x08=00500000 x08=00500000 x12=00000000 sw      a2,-56(s0)
PC=000006ac [fcd42623] x12=00000000 x08=00500000 x13=00000000 sw      a3,-52(s0)
PC=000006b0 [c0000737] x14=c0000000 x00=00000000 x00=00000000 lui     a4,-1073741824
PC=000006b4 [00300793] x15=00000003 x00=00000000 x03=00000000 addi    a5,zero,3
PC=000006b8 [fce42423] x08=00500000 x08=00500000 x14=c0000000 sw      a4,-56(s0)
PC=000006bc [fcf42623] x12=00000000 x08=00500000 x15=00000003 sw      a5,-52(s0)
PC=000006c0 [fc842783] x15=00000000 x08=00500000 x08=00500000 lw      a5,-56(s0)
PC=000006c4 [01e7d793] x15=00000000 x15=00000000 x30=00000000 srli    a5,a5,30
PC=000006c8 [fcc42703] x14=00000000 x08=00500000 x12=00000000 lw      a4,-52(s0)
PC=000006cc [00271713] x14=00000000 x14=00000000 x02=004fff50 slli    a4,a4,2
PC=000006d0 [f8e42623] x12=00000000 x08=00500000 x14=00000000 sw      a4,-116(s0)
PC=000006d4 [f8c42703] x14=00000000 x08=00500000 x12=00000000 lw      a4,-116(s0)
PC=000006d8 [00e7e7b3] x15=00000000 x15=00000000 x14=00000000 or      a5,a5,a4
PC=000006dc [f8f42623] x12=00000000 x08=00500000 x15=00000000 sw      a5,-116(s0)
PC=000006e0 [fc842783] x15=00000000 x08=00500000 x08=00500000 lw      a5,-56(s0)
PC=000006e4 [00279793] x15=00000000 x15=00000000 x02=004fff50 slli    a5,a5,2
PC=000006e8 [f8f42423] x08=00500000 x08=00500000 x15=00000000 sw      a5,-120(s0)
PC=000006ec [f8842783] x15=00000000 x08=00500000 x08=00500000 lw      a5,-120(s0)
PC=000006f0 [f8c42803] x16=00000000 x08=00500000 x12=00000000 lw      a6,-116(s0)
PC=000006f4 [fcf42423] x08=00500000 x08=00500000 x15=00000000 sw      a5,-56(s0)
PC=000006f8 [fd042623] x12=00000000 x08=00500000 x16=00000000 sw      a6,-52(s0)
PC=000006fc [fcc42423] x08=00500000 x08=00500000 x12=00000000 sw      a2,-56(s0)
PC=00000700 [fcd42623] x12=00000000 x08=00500000 x13=00000000 sw      a3,-52(s0)
PC=00000704 [fff00713] x14=ffffffff x00=00000000 x31=00000000 addi    a4,zero,-1
PC=00000708 [fff00793] x15=ffffffff x00=00000000 x31=00000000 addi    a5,zero,-1
PC=0000070c [fce42023] x00=00000000 x08=00500000 x14=ffffffff sw      a4,-64(s0)
PC=00000710 [fcf42223] x04=00000000 x08=00500000 x15=ffffffff sw      a5,-60(s0)
PC=00000714 [fc042783] x15=00000000 x08=00500000 x00=00000000 lw      a5,-64(s0)
PC=00000718 [01f7d793] x15=00000000 x15=00000000 x31=00000000 srli    a5,a5,31
PC=0000071c [fc442703] x14=00000000 x08=00500000 x04=00000000 lw      a4,-60(s0)
PC=00000720 [00171713] x14=00000000 x14=00000000 x01=000001e0 slli    a4,a4,1
PC=00000724 [f8e42223] x04=00000000 x08=00500000 x14=00000000 sw      a4,-124(s0)
PC=00000728 [f8442703] x14=00000000 x08=00500000 x04=00000000 lw      a4,-124(s0)
PC=0000072c [00e7e7b3] x15=00000000 x15=00000000 x14=00000000 or      a5,a5,a4
PC=00000730 [f8f42223] x04=00000000 x08=00500000 x15=00000000 sw      a5,-124(s0)
PC=00000734 [fc042783] x15=00000000 x08=00500000 x00=00000000 lw      a5,-64(s0)
PC=00000738 [00179793] x15=00000000 x15=00000000 x01=000001e0 slli    a5,a5,1
PC=0000073c [f8f42023] x00=00000000 x08=00500000 x15=00000000 sw      a5,-128(s0)
PC=00000740 [f8042783] x15=00000000 x08=00500000 x00=00000000 lw      a5,-128(s0)
PC=00000744 [f8442803] x16=00000000 x08=00500000 x04=00000000 lw      a6,-124(s0)
PC=00000748 [fcf42023] x00=00000000 x08=00500000 x15=00000000 sw      a5,-64(s0)
PC=0000074c [fd042223] x04=00000000 x08=00500000 x16=00000000 sw      a6,-60(s0)
PC=00000750 [fcc42023] x00=00000000 x08=00500000 x12=00000000 sw      a2,-64(s0)
PC=00000754 [fcd42223] x04=00000000 x08=00500000 x13=00000000 sw      a3,-60(s0)
PC=00000758 [fcc42023] x00=00000000 x08=00500000 x12=00000000 sw      a2,-64(s0)
PC=0000075c [fcd42223] x04=00000000 x08=00500000 x13=00000000 sw      a3,-60(s0)
PC=00000760 [fc042783] x15=00000000 x08=00500000 x00=00000000 lw      a5,-64(s0)
PC=00000764 [01f7d793] x15=00000000 x15=00000000 x31=00000000 srli    a5,a5,31
PC=00000768 [fc442703] x14=00000000 x08=00500000 x04=00000000 lw      a4,-60(s0)
PC=0000076c [00171713] x14=00000000 x14=00000000 x01=000001e0 slli    a4,a4,1
PC=00000770 [f6e42e23] x28=00000000 x08=00500000 x14=00000000 sw      a4,-132(s0)
PC=00000774 [f7c42703] x14=00000000 x08=00500000 x28=00000000 lw      a4,-132(s0)
PC=00000778 [00e7e7b3] x15=00000000 x15=00000000 x14=00000000 or      a5,a5,a4
PC=0000077c [f6f42e23] x28=00000000 x08=00500000 x15=00000000 sw      a5,-132(s0)
PC=00000780 [fc042783] x15=00000000 x08=00500000 x00=00000000 lw      a5,-64(s0)
PC=00000784 [00179793] x15=00000000 x15=00000000 x01=000001e0 slli    a5,a5,1
PC=00000788 [f6f42c23] x24=00000000 x08=00500000 x15=00000000 sw      a5,-136(s0)
PC=0000078c [f7842783] x15=00000000 x08=00500000 x24=00000000 lw      a5,-136(s0)
PC=00000790 [f7c42803] x16=00000000 x08=00500000 x28=00000000 lw      a6,-132(s0)
PC=00000794 [fcf42023] x00=00000000 x08=00500000 x15=00000000 sw      a5,-64(s0)
PC=00000798 [fd042223] x04=00000000 x08=00500000 x16=00000000 sw      a6,-60(s0)
PC=0000079c [fcc42023] x00=00000000 x08=00500000 x12=00000000 sw      a2,-64(s0)
PC=000007a0 [fcd42223] x04=00000000 x08=00500000 x13=00000000 sw      a3,-60(s0)
PC=000007a4 [00100713] x14=00000001 x00=00000000 x01=000001e0 addi    a4,zero,1
PC=000007a8 [00000793] x15=00000000 x00=00000000 x00=00000000 addi    a5,zero,0
PC=000007ac [fce42023] x00=00000000 x08=00500000 x14=00000001 sw      a4,-64(s0)
PC=000007b0 [fcf42223] x04=00000000 x08=00500000 x15=00000000 sw      a5,-60(s0)
PC=000007b4 [fc042783] x15=00000000 x08=00500000 x00=00000000 lw      a5,-64(s0)
PC=000007b8 [01f7d793] x15=00000000 x15=00000000 x31=00000000 srli    a5,a5,31
PC=000007bc [fc442703] x14=00000000 x08=00500000 x04=00000000 lw      a4,-60(s0)
PC=000007c0 [00171713] x14=00000000 x14=00000000 x01=000001e0 slli    a4,a4,1
PC=000007c4 [f6e42a23] x20=00000000 x08=00500000 x14=00000000 sw      a4,-140(s0)
PC=000007c8 [f7442703] x14=00000000 x08=00500000 x20=00000000 lw      a4,-140(s0)
PC=000007cc [00e7e7b3] x15=00000000 x15=00000000 x14=00000000 or      a5,a5,a4
PC=000007d0 [f6f42a23] x20=00000000 x08=00500000 x15=00000000 sw      a5,-140(s0)
PC=000007d4 [fc042783] x15=00000000 x08=00500000 x00=00000000 lw      a5,-64(s0)
PC=000007d8 [00179793] x15=00000000 x15=00000000 x01=000001e0 slli    a5,a5,1
PC=000007dc [f6f42823] x16=00000000 x08=00500000 x15=00000000 sw      a5,-144(s0)
PC=000007e0 [f7042783] x15=00000000 x08=00500000 x16=00000000 lw      a5,-144(s0)
PC=000007e4 [f7442803] x16=00000000 x08=00500000 x20=00000000 lw      a6,-140(s0)
PC=000007e8 [fcf42023] x00=00000000 x08=00500000 x15=00000000 sw      a5,-64(s0)
PC=000007ec [fd042223] x04=00000000 x08=00500000 x16=00000000 sw      a6,-60(s0)
PC=000007f0 [fcc42023] x00=00000000 x08=00500000 x12=00000000 sw      a2,-64(s0)
PC=000007f4 [fcd42223] x04=00000000 x08=00500000 x13=00000000 sw      a3,-60(s0)
PC=000007f8 [00000713] x14=00000000 x00=00000000 x00=00000000 addi    a4,zero,0
PC=000007fc [800007b7] x15=80000000 x00=00000000 x00=00000000 lui     a5,-2147483648
PC=00000800 [fce42023] x00=00000000 x08=00500000 x14=00000000 sw      a4,-64(s0)
PC=00000804 [fcf42223] x04=00000000 x08=00500000 x15=80000000 sw      a5,-60(s0)
PC=00000808 [fc042783] x15=00000000 x08=00500000 x00=00000000 lw      a5,-64(s0)
PC=0000080c [01f7d793] x15=00000000 x15=00000000 x31=00000000 srli    a5,a5,31
PC=00000810 [fc442703] x14=00000000 x08=00500000 x04=00000000 lw      a4,-60(s0)
PC=00000814 [00171713] x14=00000000 x14=00000000 x01=000001e0 slli    a4,a4,1
PC=00000818 [f6e42623] x12=00000000 x08=00500000 x14=00000000 sw      a4,-148(s0)
PC=0000081c [f6c42703] x14=00000000 x08=00500000 x12=00000000 lw      a4,-148(s0)
PC=00000820 [00e7e7b3] x15=00000000 x15=00000000 x14=00000000 or      a5,a5,a4
PC=00000824 [f6f42623] x12=00000000 x08=00500000 x15=00000000 sw      a5,-148(s0)
PC=00000828 [fc042783] x15=00000000 x08=00500000 x00=00000000 lw      a5,-64(s0)
PC=0000082c [00179793] x15=00000000 x15=00000000 x01=000001e0 slli    a5,a5,1
PC=00000830 [f6f42423] x08=00500000 x08=00500000 x15=00000000 sw      a5,-152(s0)
PC=00000834 [f6842783] x15=00000000 x08=00500000 x08=00500000 lw      a5,-152(s0)
PC=00000838 [f6c42803] x16=00000000 x08=00500000 x12=00000000 lw      a6,-148(s0)
PC=0000083c [fcf42023] x00=00000000 x08=00500000 x15=00000000 sw      a5,-64(s0)
PC=00000840 [fd042223] x04=00000000 x08=00500000 x16=00000000 sw      a6,-60(s0)
PC=00000844 [fcc42023] x00=00000000 x08=00500000 x12=00000000 sw      a2,-64(s0)
PC=00000848 [fcd42223] x04=00000000 x08=00500000 x13=00000000 sw      a3,-60(s0)
PC=0000084c [00000797] x15=0000084c x00=00000000 x00=00000000 auipc   a5,0
PC=00000850 [0ec78793] x15=00000938 x15=0000084c x12=00000000 addi    a5,a5,236
PC=00000854 [0007a703] x14=00000000 x15=00000938 x00=00000000 lw      a4,0(a5)
PC=00000858 [0047a783] x15=00000000 x15=00000938 x04=00000000 lw      a5,4(a5)
PC=0000085c [fce42023] x00=00000000 x08=00500000 x14=00000000 sw      a4,-64(s0)
PC=00000860 [fcf42223] x04=00000000 x08=00500000 x15=00000000 sw      a5,-60(s0)
PC=00000864 [fc042783] x15=00000000 x08=00500000 x00=00000000 lw      a5,-64(s0)
PC=00000868 [01f7d793] x15=00000000 x15=00000000 x31=00000000 srli    a5,a5,31
PC=0000086c [fc442703] x14=00000000 x08=00500000 x04=00000000 lw      a4,-60(s0)
PC=00000870 [00171713] x14=00000000 x14=00000000 x01=000001e0 slli    a4,a4,1
PC=00000874 [f6e42223] x04=00000000 x08=00500000 x14=00000000 sw      a4,-156(s0)
PC=00000878 [f6442703] x14=00000000 x08=00500000 x04=00000000 lw      a4,-156(s0)
PC=0000087c [00e7e7b3] x15=00000000 x15=00000000 x14=00000000 or      a5,a5,a4
PC=00000880 [f6f42223] x04=00000000 x08=00500000 x15=00000000 sw      a5,-156(s0)
PC=00000884 [fc042783] x15=00000000 x08=00500000 x00=00000000 lw      a5,-64(s0)
PC=00000888 [00179793] x15=00000000 x15=00000000 x01=000001e0 slli    a5,a5,1
PC=0000088c [f6f42023] x00=00000000 x08=00500000 x15=00000000 sw      a5,-160(s0)
PC=00000890 [f6042783] x15=00000000 x08=00500000 x00=00000000 lw      a5,-160(s0)
PC=00000894 [f6442803] x16=00000000 x08=00500000 x04=00000000 lw      a6,-156(s0)
PC=00000898 [fcf42023] x00=00000000 x08=00500000 x15=00000000 sw      a5,-64(s0)
PC=0000089c [fd042223] x04=00000000 x08=00500000 x16=00000000 sw      a6,-60(s0)
PC=000008a0 [fcc42023] x00=00000000 x08=00500000 x12=00000000 sw      a2,-64(s0)
PC=000008a4 [fcd42223] x04=00000000 x08=00500000 x13=00000000 sw      a3,-60(s0)
PC=000008a8 [c0000737] x14=c0000000 x00=00000000 x00=00000000 lui     a4,-1073741824
PC=000008ac [00300793] x15=00000003 x00=00000000 x03=00000000 addi    a5,zero,3
PC=000008b0 [fce42023] x00=00000000 x08=00500000 x14=c0000000 sw      a4,-64(s0)
PC=000008b4 [fcf42223] x04=00000000 x08=00500000 x15=00000003 sw      a5,-60(s0)
PC=000008b8 [fc042783] x15=00000000 x08=00500000 x00=00000000 lw      a5,-64(s0)
PC=000008bc [01e7d793] x15=00000000 x15=00000000 x30=00000000 srli    a5,a5,30
PC=000008c0 [fc442703] x14=00000000 x08=00500000 x04=00000000 lw      a4,-60(s0)
PC=000008c4 [00271713] x14=00000000 x14=00000000 x02=004fff50 slli    a4,a4,2
PC=000008c8 [f4e42e23] x28=00000000 x08=00500000 x14=00000000 sw      a4,-164(s0)
PC=000008cc [f5c42703] x14=00000000 x08=00500000 x28=00000000 lw      a4,-164(s0)
PC=000008d0 [00e7e7b3] x15=00000000 x15=00000000 x14=00000000 or      a5,a5,a4
PC=000008d4 [f4f42e23] x28=00000000 x08=00500000 x15=00000000 sw      a5,-164(s0)
PC=000008d8 [fc042783] x15=00000000 x08=00500000 x00=00000000 lw      a5,-64(s0)
PC=000008dc [00279793] x15=00000000 x15=00000000 x02=004fff50 slli    a5,a5,2
PC=000008e0 [f4f42c23] x24=00000000 x08=00500000 x15=00000000 sw      a5,-168(s0)
PC=000008e4 [f5842783] x15=00000000 x08=00500000 x24=00000000 lw      a5,-168(s0)
PC=000008e8 [f5c42803] x16=00000000 x08=00500000 x28=00000000 lw      a6,-164(s0)
PC=000008ec [fcf42023] x00=00000000 x08=00500000 x15=00000000 sw      a5,-64(s0)
PC=000008f0 [fd042223] x04=00000000 x08=00500000 x16=00000000 sw      a6,-60(s0)
PC=000008f4 [fcc42023] x00=00000000 x08=00500000 x12=00000000 sw      a2,-64(s0)
PC=000008f8 [fcd42223] x04=00000000 x08=00500000 x13=00000000 sw      a3,-60(s0)
PC=000008fc [00000793] x15=00000000 x00=00000000 x00=00000000 addi    a5,zero,0
PC=00000900 [00078513] x10=00000000 x15=00000000 x00=00000000 addi    a0,a5,0
PC=00000904 [0ac12403] x08=00000000 x02=004fff50 x12=00000000 lw      s0,172(sp)
PC=00000908 [0a812903] x18=00000000 x02=004fff50 x08=00000000 lw      s2,168(sp)
PC=0000090c [0a412983] x19=00000000 x02=004fff50 x04=00000000 lw      s3,164(sp)
PC=00000910 [0a012a03] x20=00000000 x02=004fff50 x00=00000000 lw      s4,160(sp)
PC=00000914 [09c12a83] x21=00000000 x02=004fff50 x28=00000000 lw      s5,156(sp)
PC=00000918 [09812b03] x22=00000000 x02=004fff50 x24=00000000 lw      s6,152(sp)
PC=0000091c [09412b83] x23=00000000 x02=004fff50 x20=00000000 lw      s7,148(sp)
PC=00000920 [09012c03] x24=00000000 x02=004fff50 x16=00000000 lw      s8,144(sp)
PC=00000924 [08c12c83] x25=00000000 x02=004fff50 x12=00000000 lw      s9,140(sp)
PC=00000928 [08812d03] x26=00000000 x02=004fff50 x08=00000000 lw      s10,136(sp)
PC=0000092c [08412d83] x27=00000000 x02=004fff50 x04=00000000 lw      s11,132(sp)
PC=00000930 [0b010113] x02=00500000 x02=004fff50 x16=00000000 addi    sp,sp,176
PC=00000934 [00008067] x00=00000938 x01=000001e0 x00=00000000 jalr    zero,ra,0
PC=000001e0 [200002b7] x05=20000000 x00=00000938 x00=00000938 lui     t0,536870912
PC=000001e4 [00100073] x00=00000938 x00=00000938 x01=000001e0 ebreak 
