PC=000001d8 [00500137] x02=00500000 x00=00000000 x05=00000000 lui     sp,5242880
PC=000001dc [00c000ef] x01=000001e0 x00=00000000 x12=00000000 jal     ra,12
PC=000001e8 [f6010113] x02=004fff60 x02=00500000 x00=00000000 addi    sp,sp,-160
PC=000001ec [08812e23] x28=00000000 x02=004fff60 x08=00000000 sw      s0,156(sp)
PC=000001f0 [09212c23] x24=00000000 x02=004fff60 x18=00000000 sw      s2,152(sp)
PC=000001f4 [09312a23] x20=00000000 x02=004fff60 x19=00000000 sw      s3,148(sp)
PC=000001f8 [09412823] x16=00000000 x02=004fff60 x20=00000000 sw      s4,144(sp)
PC=000001fc [09512623] x12=00000000 x02=004fff60 x21=00000000 sw      s5,140(sp)
PC=00000200 [09612423] x08=00000000 x02=004fff60 x22=00000000 sw      s6,136(sp)
PC=00000204 [09712223] x04=00000000 x02=004fff60 x23=00000000 sw      s7,132(sp)
PC=00000208 [09812023] x00=00000000 x02=004fff60 x24=00000000 sw      s8,128(sp)
PC=0000020c [07912e23] x28=00000000 x02=004fff60 x25=00000000 sw      s9,124(sp)
PC=00000210 [07a12c23] x24=00000000 x02=004fff60 x26=00000000 sw      s10,120(sp)
PC=00000214 [07b12a23] x20=00000000 x02=004fff60 x27=00000000 sw      s11,116(sp)
PC=00000218 [0a010413] x08=00500000 x02=004fff60 x00=00000000 addi    s0,sp,160
PC=0000021c [00000797] x15=0000021c x00=00000000 x00=00000000 auipc   a5,0
PC=00000220 [2fc78793] x15=00000518 x15=0000021c x28=00000000 addi    a5,a5,764
PC=00000224 [0007a703] x14=00000000 x15=00000518 x00=00000000 lw      a4,0(a5)
PC=00000228 [0047a783] x15=00000000 x15=00000518 x04=00000000 lw      a5,4(a5)
PC=0000022c [fce42423] x08=00500000 x08=00500000 x14=00000000 sw      a4,-56(s0)
PC=00000230 [fcf42623] x12=00000000 x08=00500000 x15=00000000 sw      a5,-52(s0)
PC=00000234 [fcc42783] x15=00000000 x08=00500000 x12=00000000 lw      a5,-52(s0)
PC=00000238 [0187da13] x20=00000000 x15=00000000 x24=00000000 srli    s4,a5,24
PC=0000023c [00000a93] x21=00000000 x00=00000000 x00=00000000 addi    s5,zero,0
PC=00000240 [fcc42783] x15=00000000 x08=00500000 x12=00000000 lw      a5,-52(s0)
PC=00000244 [0087d813] x16=00000000 x15=00000000 x08=00500000 srli    a6,a5,8
PC=00000248 [00000893] x17=00000000 x00=00000000 x00=00000000 addi    a7,zero,0
PC=0000024c [000107b7] x15=00010000 x02=004fff60 x00=00000000 lui     a5,65536
PC=00000250 [f0078793] x15=0000ff00 x15=00010000 x00=00000000 addi    a5,a5,-256
PC=00000254 [00f87633] x12=00000000 x16=00000000 x15=0000ff00 and     a2,a6,a5
PC=00000258 [0008f693] x13=00000000 x17=00000000 x00=00000000 andi    a3,a7,0
PC=0000025c [00ca67b3] x15=00000000 x20=00000000 x12=00000000 or      a5,s4,a2
PC=00000260 [faf42423] x08=00500000 x08=00500000 x15=00000000 sw      a5,-88(s0)
PC=00000264 [00dae7b3] x15=00000000 x21=00000000 x13=00000000 or      a5,s5,a3
PC=00000268 [faf42623] x12=00000000 x08=00500000 x15=00000000 sw      a5,-84(s0)
PC=0000026c [fcc42783] x15=00000000 x08=00500000 x12=00000000 lw      a5,-52(s0)
PC=00000270 [00879713] x14=00000000 x15=00000000 x08=00500000 slli    a4,a5,8
PC=00000274 [fc842783] x15=00000000 x08=00500000 x08=00500000 lw      a5,-56(s0)
PC=00000278 [0187d513] x10=00000000 x15=00000000 x24=00000000 srli    a0,a5,24
PC=0000027c [00a76533] x10=00000000 x14=00000000 x10=00000000 or      a0,a4,a0
PC=00000280 [fcc42783] x15=00000000 x08=00500000 x12=00000000 lw      a5,-52(s0)
PC=00000284 [0187d593] x11=00000000 x15=00000000 x24=00000000 srli    a1,a5,24
PC=00000288 [00ff07b7] x15=00ff0000 x30=00000000 x15=00000000 lui     a5,16711680
PC=0000028c [00f57933] x18=00000000 x10=00000000 x15=00ff0000 and     s2,a0,a5
PC=00000290 [0005f993] x19=00000000 x11=00000000 x00=00000000 andi    s3,a1,0
PC=00000294 [fa842683] x13=00000000 x08=00500000 x08=00500000 lw      a3,-88(s0)
PC=00000298 [fac42703] x14=00000000 x08=00500000 x12=00000000 lw      a4,-84(s0)
PC=0000029c [00068793] x15=00000000 x13=00000000 x00=00000000 addi    a5,a3,0
PC=000002a0 [0127e7b3] x15=00000000 x15=00000000 x18=00000000 or      a5,a5,s2
PC=000002a4 [faf42023] x00=00000000 x08=00500000 x15=00000000 sw      a5,-96(s0)
PC=000002a8 [00070793] x15=00000000 x14=00000000 x00=00000000 addi    a5,a4,0
PC=000002ac [0137e7b3] x15=00000000 x15=00000000 x19=00000000 or      a5,a5,s3
PC=000002b0 [faf42223] x04=00000000 x08=00500000 x15=00000000 sw      a5,-92(s0)
PC=000002b4 [fcc42783] x15=00000000 x08=00500000 x12=00000000 lw      a5,-52(s0)
PC=000002b8 [01879713] x14=00000000 x15=00000000 x24=00000000 slli    a4,a5,24
PC=000002bc [fc842783] x15=00000000 x08=00500000 x08=00500000 lw      a5,-56(s0)
PC=000002c0 [0087df13] x30=00000000 x15=00000000 x08=00500000 srli    t5,a5,8
PC=000002c4 [01e76f33] x30=00000000 x14=00000000 x30=00000000 or      t5,a4,t5
PC=000002c8 [fcc42783] x15=00000000 x08=00500000 x12=00000000 lw      a5,-52(s0)
PC=000002cc [0087df93] x31=00000000 x15=00000000 x08=00500000 srli    t6,a5,8
PC=000002d0 [ff0007b7] x15=ff000000 x00=00000000 x16=00000000 lui     a5,-16777216
PC=000002d4 [00ff77b3] x15=00000000 x30=00000000 x15=ff000000 and     a5,t5,a5
PC=000002d8 [f8f42c23] x24=00000000 x08=00500000 x15=00000000 sw      a5,-104(s0)
PC=000002dc [000ff793] x15=00000000 x31=00000000 x00=00000000 andi    a5,t6,0
PC=000002e0 [f8f42e23] x28=00000000 x08=00500000 x15=00000000 sw      a5,-100(s0)
PC=000002e4 [fa042503] x10=00000000 x08=00500000 x00=00000000 lw      a0,-96(s0)
PC=000002e8 [fa442583] x11=00000000 x08=00500000 x04=00000000 lw      a1,-92(s0)
PC=000002ec [00050793] x15=00000000 x10=00000000 x00=00000000 addi    a5,a0,0
PC=000002f0 [f9842603] x12=00000000 x08=00500000 x24=00000000 lw      a2,-104(s0)
PC=000002f4 [f9c42683] x13=00000000 x08=00500000 x28=00000000 lw      a3,-100(s0)
PC=000002f8 [00060713] x14=00000000 x12=00000000 x00=00000000 addi    a4,a2,0
PC=000002fc [00e7e7b3] x15=00000000 x15=00000000 x14=00000000 or      a5,a5,a4
PC=00000300 [f8f42823] x16=00000000 x08=00500000 x15=00000000 sw      a5,-112(s0)
PC=00000304 [00058793] x15=00000000 x11=00000000 x00=00000000 addi    a5,a1,0
PC=00000308 [00068713] x14=00000000 x13=00000000 x00=00000000 addi    a4,a3,0
PC=0000030c [00e7e7b3] x15=00000000 x15=00000000 x14=00000000 or      a5,a5,a4
PC=00000310 [f8f42a23] x20=00000000 x08=00500000 x15=00000000 sw      a5,-108(s0)
PC=00000314 [fc842783] x15=00000000 x08=00500000 x08=00500000 lw      a5,-56(s0)
PC=00000318 [0187d793] x15=00000000 x15=00000000 x24=00000000 srli    a5,a5,24
PC=0000031c [fcc42703] x14=00000000 x08=00500000 x12=00000000 lw      a4,-52(s0)
PC=00000320 [00871e93] x29=00000000 x14=00000000 x08=00500000 slli    t4,a4,8
PC=00000324 [01d7eeb3] x29=00000000 x15=00000000 x29=00000000 or      t4,a5,t4
PC=00000328 [fc842783] x15=00000000 x08=00500000 x08=00500000 lw      a5,-56(s0)
PC=0000032c [00879e13] x28=00000000 x15=00000000 x08=00500000 slli    t3,a5,8
PC=00000330 [000e7793] x15=00000000 x28=00000000 x00=00000000 andi    a5,t3,0
PC=00000334 [f8f42423] x08=00500000 x08=00500000 x15=00000000 sw      a5,-120(s0)
PC=00000338 [0ffef793] x15=00000000 x29=00000000 x31=00000000 andi    a5,t4,255
PC=0000033c [f8f42623] x12=00000000 x08=00500000 x15=00000000 sw      a5,-116(s0)
PC=00000340 [f9042503] x10=00000000 x08=00500000 x16=00000000 lw      a0,-112(s0)
PC=00000344 [f9442583] x11=00000000 x08=00500000 x20=00000000 lw      a1,-108(s0)
PC=00000348 [00050793] x15=00000000 x10=00000000 x00=00000000 addi    a5,a0,0
PC=0000034c [f8842603] x12=00000000 x08=00500000 x08=00500000 lw      a2,-120(s0)
PC=00000350 [f8c42683] x13=00000000 x08=00500000 x12=00000000 lw      a3,-116(s0)
PC=00000354 [00060713] x14=00000000 x12=00000000 x00=00000000 addi    a4,a2,0
PC=00000358 [00e7e7b3] x15=00000000 x15=00000000 x14=00000000 or      a5,a5,a4
PC=0000035c [f8f42023] x00=00000000 x08=00500000 x15=00000000 sw      a5,-128(s0)
PC=00000360 [00058793] x15=00000000 x11=00000000 x00=00000000 addi    a5,a1,0
PC=00000364 [00068713] x14=00000000 x13=00000000 x00=00000000 addi    a4,a3,0
PC=00000368 [00e7e7b3] x15=00000000 x15=00000000 x14=00000000 or      a5,a5,a4
PC=0000036c [f8f42223] x04=00000000 x08=00500000 x15=00000000 sw      a5,-124(s0)
PC=00000370 [fc842783] x15=00000000 x08=00500000 x08=00500000 lw      a5,-56(s0)
PC=00000374 [0087d793] x15=00000000 x15=00000000 x08=00500000 srli    a5,a5,8
PC=00000378 [fcc42703] x14=00000000 x08=00500000 x12=00000000 lw      a4,-52(s0)
PC=0000037c [01871393] x07=00000000 x14=00000000 x24=00000000 slli    t2,a4,24
PC=00000380 [0077e3b3] x07=00000000 x15=00000000 x07=00000000 or      t2,a5,t2
PC=00000384 [fc842783] x15=00000000 x08=00500000 x08=00500000 lw      a5,-56(s0)
PC=00000388 [01879313] x06=00000000 x15=00000000 x24=00000000 slli    t1,a5,24
PC=0000038c [00037793] x15=00000000 x06=00000000 x00=00000000 andi    a5,t1,0
PC=00000390 [f6f42c23] x24=00000000 x08=00500000 x15=00000000 sw      a5,-136(s0)
PC=00000394 [000107b7] x15=00010000 x02=004fff60 x00=00000000 lui     a5,65536
PC=00000398 [f0078793] x15=0000ff00 x15=00010000 x00=00000000 addi    a5,a5,-256
PC=0000039c [00f3f7b3] x15=00000000 x07=00000000 x15=0000ff00 and     a5,t2,a5
PC=000003a0 [f6f42e23] x28=00000000 x08=00500000 x15=00000000 sw      a5,-132(s0)
PC=000003a4 [f8042503] x10=00000000 x08=00500000 x00=00000000 lw      a0,-128(s0)
PC=000003a8 [f8442583] x11=00000000 x08=00500000 x04=00000000 lw      a1,-124(s0)
PC=000003ac [00050793] x15=00000000 x10=00000000 x00=00000000 addi    a5,a0,0
PC=000003b0 [f7842603] x12=00000000 x08=00500000 x24=00000000 lw      a2,-136(s0)
PC=000003b4 [f7c42683] x13=00000000 x08=00500000 x28=00000000 lw      a3,-132(s0)
PC=000003b8 [00060713] x14=00000000 x12=00000000 x00=00000000 addi    a4,a2,0
PC=000003bc [00e7ed33] x26=00000000 x15=00000000 x14=00000000 or      s10,a5,a4
PC=000003c0 [00058793] x15=00000000 x11=00000000 x00=00000000 addi    a5,a1,0
PC=000003c4 [00068713] x14=00000000 x13=00000000 x00=00000000 addi    a4,a3,0
PC=000003c8 [00e7edb3] x27=00000000 x15=00000000 x14=00000000 or      s11,a5,a4
PC=000003cc [fc842783] x15=00000000 x08=00500000 x08=00500000 lw      a5,-56(s0)
PC=000003d0 [00879793] x15=00000000 x15=00000000 x08=00500000 slli    a5,a5,8
PC=000003d4 [f6f42a23] x20=00000000 x08=00500000 x15=00000000 sw      a5,-140(s0)
PC=000003d8 [f6042823] x16=00000000 x08=00500000 x00=00000000 sw      zero,-144(s0)
PC=000003dc [f7042683] x13=00000000 x08=00500000 x16=00000000 lw      a3,-144(s0)
PC=000003e0 [f7442703] x14=00000000 x08=00500000 x20=00000000 lw      a4,-140(s0)
PC=000003e4 [00068793] x15=00000000 x13=00000000 x00=00000000 addi    a5,a3,0
PC=000003e8 [0007fc13] x24=00000000 x15=00000000 x00=00000000 andi    s8,a5,0
PC=000003ec [00ff07b7] x15=00ff0000 x30=00000000 x15=00000000 lui     a5,16711680
PC=000003f0 [00f77cb3] x25=00000000 x14=00000000 x15=00ff0000 and     s9,a4,a5
PC=000003f4 [018d6b33] x22=00000000 x26=00000000 x24=00000000 or      s6,s10,s8
PC=000003f8 [019debb3] x23=00000000 x27=00000000 x25=00000000 or      s7,s11,s9
PC=000003fc [fc842783] x15=00000000 x08=00500000 x08=00500000 lw      a5,-56(s0)
PC=00000400 [01879793] x15=00000000 x15=00000000 x24=00000000 slli    a5,a5,24
PC=00000404 [f6f42623] x12=00000000 x08=00500000 x15=00000000 sw      a5,-148(s0)
PC=00000408 [f6042423] x08=00500000 x08=00500000 x00=00000000 sw      zero,-152(s0)
PC=0000040c [f6842683] x13=00000000 x08=00500000 x08=00500000 lw      a3,-152(s0)
PC=00000410 [f6c42703] x14=00000000 x08=00500000 x12=00000000 lw      a4,-148(s0)
PC=00000414 [00068793] x15=00000000 x13=00000000 x00=00000000 addi    a5,a3,0
PC=00000418 [00fb67b3] x15=00000000 x22=00000000 x15=00000000 or      a5,s6,a5
PC=0000041c [fcf42023] x00=00000000 x08=00500000 x15=00000000 sw      a5,-64(s0)
PC=00000420 [00070793] x15=00000000 x14=00000000 x00=00000000 addi    a5,a4,0
PC=00000424 [00fbe7b3] x15=00000000 x23=00000000 x15=00000000 or      a5,s7,a5
PC=00000428 [fcf42223] x04=00000000 x08=00500000 x15=00000000 sw      a5,-60(s0)
PC=0000042c [00000793] x15=00000000 x00=00000000 x00=00000000 addi    a5,zero,0
PC=00000430 [00000813] x16=00000000 x00=00000000 x00=00000000 addi    a6,zero,0
PC=00000434 [fcf42023] x00=00000000 x08=00500000 x15=00000000 sw      a5,-64(s0)
PC=00000438 [fd042223] x04=00000000 x08=00500000 x16=00000000 sw      a6,-60(s0)
PC=0000043c [aabbd7b7] x15=aabbd000 x23=00000000 x11=00000000 lui     a5,-1430532096
PC=00000440 [cdd78793] x15=aabbccdd x15=aabbd000 x29=00000000 addi    a5,a5,-803
PC=00000444 [faf42e23] x28=00000000 x08=00500000 x15=aabbccdd sw      a5,-68(s0)
PC=00000448 [fbc42783] x15=00000000 x08=00500000 x28=00000000 lw      a5,-68(s0)
PC=0000044c [01879713] x14=00000000 x15=00000000 x24=00000000 slli    a4,a5,24
PC=00000450 [fbc42783] x15=00000000 x08=00500000 x28=00000000 lw      a5,-68(s0)
PC=00000454 [00879693] x13=00000000 x15=00000000 x08=00500000 slli    a3,a5,8
PC=00000458 [00ff07b7] x15=00ff0000 x30=00000000 x15=00000000 lui     a5,16711680
PC=0000045c [00f6f7b3] x15=00000000 x13=00000000 x15=00ff0000 and     a5,a3,a5
PC=00000460 [00f76733] x14=00000000 x14=00000000 x15=00000000 or      a4,a4,a5
PC=00000464 [fbc42783] x15=00000000 x08=00500000 x28=00000000 lw      a5,-68(s0)
PC=00000468 [0087d693] x13=00000000 x15=00000000 x08=00500000 srli    a3,a5,8
PC=0000046c [000107b7] x15=00010000 x02=004fff60 x00=00000000 lui     a5,65536
PC=00000470 [f0078793] x15=0000ff00 x15=00010000 x00=00000000 addi    a5,a5,-256
PC=00000474 [00f6f7b3] x15=00000000 x13=00000000 x15=0000ff00 and     a5,a3,a5
PC=00000478 [00f76733] x14=00000000 x14=00000000 x15=00000000 or      a4,a4,a5
PC=0000047c [fbc42783] x15=00000000 x08=00500000 x28=00000000 lw      a5,-68(s0)
PC=00000480 [0187d793] x15=00000000 x15=00000000 x24=00000000 srli    a5,a5,24
PC=00000484 [00f767b3] x15=00000000 x14=00000000 x15=00000000 or      a5,a4,a5
PC=00000488 [faf42c23] x24=00000000 x08=00500000 x15=00000000 sw      a5,-72(s0)
PC=0000048c [fa042c23] x24=00000000 x08=00500000 x00=00000000 sw      zero,-72(s0)
PC=00000490 [ffffb7b7] x15=ffffb000 x31=00000000 x31=00000000 lui     a5,-20480
PC=00000494 [abb78793] x15=ffffaabb x15=ffffb000 x27=00000000 addi    a5,a5,-1349
PC=00000498 [faf41b23] x22=00000000 x08=00500000 x15=ffffaabb sh      a5,-74(s0)
PC=0000049c [fb645783] x15=00000055 x08=00500000 x22=00000000 lhu     a5,-74(s0)
PC=000004a0 [00879793] x15=00005500 x15=00000055 x08=00500000 slli    a5,a5,8
PC=000004a4 [01079713] x14=55000000 x15=00005500 x16=00000000 slli    a4,a5,16
PC=000004a8 [41075713] x14=00005500 x14=55000000 x16=00000000 srai    a4,a4,16
PC=000004ac [fb645783] x15=00000055 x08=00500000 x22=00000000 lhu     a5,-74(s0)
PC=000004b0 [0087d793] x15=00000000 x15=00000055 x08=00500000 srli    a5,a5,8
PC=000004b4 [01079793] x15=00000000 x15=00000000 x16=00000000 slli    a5,a5,16
PC=000004b8 [0107d793] x15=00000000 x15=00000000 x16=00000000 srli    a5,a5,16
PC=000004bc [01079793] x15=00000000 x15=00000000 x16=00000000 slli    a5,a5,16
PC=000004c0 [4107d793] x15=00000000 x15=00000000 x16=00000000 srai    a5,a5,16
PC=000004c4 [00f767b3] x15=00005500 x14=00005500 x15=00000000 or      a5,a4,a5
PC=000004c8 [01079793] x15=55000000 x15=00005500 x16=00000000 slli    a5,a5,16
PC=000004cc [4107d793] x15=00005500 x15=55000000 x16=00000000 srai    a5,a5,16
PC=000004d0 [faf41a23] x20=00000000 x08=00500000 x15=00005500 sh      a5,-76(s0)
PC=000004d4 [fa041a23] x20=00000000 x08=00500000 x00=00000000 sh      zero,-76(s0)
PC=000004d8 [00000793] x15=00000000 x00=00000000 x00=00000000 addi    a5,zero,0
PC=000004dc [00078513] x10=00000000 x15=00000000 x00=00000000 addi    a0,a5,0
PC=000004e0 [09c12403] x08=00000000 x02=004fff60 x28=00000000 lw      s0,156(sp)
PC=000004e4 [09812903] x18=00000000 x02=004fff60 x24=00000000 lw      s2,152(sp)
PC=000004e8 [09412983] x19=00000000 x02=004fff60 x20=00000000 lw      s3,148(sp)
PC=000004ec [09012a03] x20=00000000 x02=004fff60 x16=00000000 lw      s4,144(sp)
PC=000004f0 [08c12a83] x21=00000000 x02=004fff60 x12=00000000 lw      s5,140(sp)
PC=000004f4 [08812b03] x22=00000000 x02=004fff60 x08=00000000 lw      s6,136(sp)
PC=000004f8 [08412b83] x23=00000000 x02=004fff60 x04=00000000 lw      s7,132(sp)
PC=000004fc [08012c03] x24=00000000 x02=004fff60 x00=00000000 lw      s8,128(sp)
PC=00000500 [07c12c83] x25=00000000 x02=004fff60 x28=00000000 lw      s9,124(sp)
PC=00000504 [07812d03] x26=00000000 x02=004fff60 x24=00000000 lw      s10,120(sp)
PC=00000508 [07412d83] x27=00000000 x02=004fff60 x20=00000000 lw      s11,116(sp)
PC=0000050c [0a010113] x02=00500000 x02=004fff60 x00=00000000 addi    sp,sp,160
PC=00000510 [00008067] x00=00000514 x01=000001e0 x00=00000000 jalr    zero,ra,0
PC=000001e0 [200002b7] x05=20000000 x00=00000514 x00=00000514 lui     t0,536870912
PC=000001e4 [00100073] x00=00000514 x00=00000514 x01=000001e0 ebreak 
