PC=000001d8 [00500137] x02=00500000 x00=00000000 x05=00000000 lui     sp,5242880
PC=000001dc [00c000ef] x01=000001e0 x00=00000000 x12=00000000 jal     ra,12
PC=000001e8 [fe010113] x02=004fffe0 x02=00500000 x00=00000000 addi    sp,sp,-32
PC=000001ec [00812e23] x28=00000000 x02=004fffe0 x08=00000000 sw      s0,28(sp)
PC=000001f0 [02010413] x08=00500000 x02=004fffe0 x00=00000000 addi    s0,sp,32
PC=000001f4 [f3800313] x06=ffffff38 x00=00000000 x24=00000000 addi    t1,zero,-200
PC=000001f8 [fff00393] x07=ffffffff x00=00000000 x31=00000000 addi    t2,zero,-1
PC=000001fc [fe642423] x08=00500000 x08=00500000 x06=ffffff38 sw      t1,-24(s0)
PC=00000200 [fe742623] x12=00000000 x08=00500000 x07=ffffffff sw      t2,-20(s0)
PC=00000204 [00000313] x06=00000000 x00=00000000 x00=00000000 addi    t1,zero,0
PC=00000208 [00000393] x07=00000000 x00=00000000 x00=00000000 addi    t2,zero,0
PC=0000020c [fe642023] x00=00000000 x08=00500000 x06=00000000 sw      t1,-32(s0)
PC=00000210 [fe742223] x04=00000000 x08=00500000 x07=00000000 sw      t2,-28(s0)
PC=00000214 [fe042303] x06=00000000 x08=00500000 x00=00000000 lw      t1,-32(s0)
PC=00000218 [fe030e13] x28=ffffffe0 x06=00000000 x00=00000000 addi    t3,t1,-32
PC=0000021c [000e4c63] x24=00000000 x28=ffffffe0 x00=00000000 blt     t3,zero,24
PC=00000234 [fec42e03] x28=00000000 x08=00500000 x12=00000000 lw      t3,-20(s0)
PC=00000238 [001e1e93] x29=00000000 x28=00000000 x01=000001e0 slli    t4,t3,1
PC=0000023c [01f00e13] x28=0000001f x00=00000000 x31=00000000 addi    t3,zero,31
PC=00000240 [406e0e33] x28=0000001f x28=0000001f x06=00000000 sub     t3,t3,t1
PC=00000244 [01ce9e33] x28=00000000 x29=00000000 x28=0000001f sll     t3,t4,t3
PC=00000248 [fe842e83] x29=00000000 x08=00500000 x08=00500000 lw      t4,-24(s0)
PC=0000024c [006ed833] x16=00000000 x29=00000000 x06=00000000 srl     a6,t4,t1
PC=00000250 [010e6833] x16=00000000 x28=00000000 x16=00000000 or      a6,t3,a6
PC=00000254 [fec42e03] x28=00000000 x08=00500000 x12=00000000 lw      t3,-20(s0)
PC=00000258 [406e58b3] x17=00000000 x28=00000000 x06=00000000 sra     a7,t3,t1
PC=0000025c [ff042423] x08=00500000 x08=00500000 x16=00000000 sw      a6,-24(s0)
PC=00000260 [ff142623] x12=00000000 x08=00500000 x17=00000000 sw      a7,-20(s0)
PC=00000264 [00100813] x16=00000001 x00=00000000 x01=000001e0 addi    a6,zero,1
PC=00000268 [00000893] x17=00000000 x00=00000000 x00=00000000 addi    a7,zero,0
PC=0000026c [ff042023] x00=00000000 x08=00500000 x16=00000001 sw      a6,-32(s0)
PC=00000270 [ff142223] x04=00000000 x08=00500000 x17=00000000 sw      a7,-28(s0)
PC=00000274 [fe042803] x16=00000000 x08=00500000 x00=00000000 lw      a6,-32(s0)
PC=00000278 [fe080893] x17=ffffffe0 x16=00000000 x00=00000000 addi    a7,a6,-32
PC=0000027c [0008cc63] x24=00000000 x17=ffffffe0 x00=00000000 blt     a7,zero,24
PC=00000294 [fec42883] x17=00000000 x08=00500000 x12=00000000 lw      a7,-20(s0)
PC=00000298 [00189313] x06=00000000 x17=00000000 x01=000001e0 slli    t1,a7,1
PC=0000029c [01f00893] x17=0000001f x00=00000000 x31=00000000 addi    a7,zero,31
PC=000002a0 [410888b3] x17=0000001f x17=0000001f x16=00000000 sub     a7,a7,a6
PC=000002a4 [011318b3] x17=00000000 x06=00000000 x17=0000001f sll     a7,t1,a7
PC=000002a8 [fe842303] x06=00000000 x08=00500000 x08=00500000 lw      t1,-24(s0)
PC=000002ac [01035533] x10=00000000 x06=00000000 x16=00000000 srl     a0,t1,a6
PC=000002b0 [00a8e533] x10=00000000 x17=00000000 x10=00000000 or      a0,a7,a0
PC=000002b4 [fec42883] x17=00000000 x08=00500000 x12=00000000 lw      a7,-20(s0)
PC=000002b8 [4108d5b3] x11=00000000 x17=00000000 x16=00000000 sra     a1,a7,a6
PC=000002bc [fea42423] x08=00500000 x08=00500000 x10=00000000 sw      a0,-24(s0)
PC=000002c0 [feb42623] x12=00000000 x08=00500000 x11=00000000 sw      a1,-20(s0)
PC=000002c4 [00200513] x10=00000002 x00=00000000 x02=004fffe0 addi    a0,zero,2
PC=000002c8 [00000593] x11=00000000 x00=00000000 x00=00000000 addi    a1,zero,0
PC=000002cc [fea42023] x00=00000000 x08=00500000 x10=00000002 sw      a0,-32(s0)
PC=000002d0 [feb42223] x04=00000000 x08=00500000 x11=00000000 sw      a1,-28(s0)
PC=000002d4 [fe042583] x11=00000000 x08=00500000 x00=00000000 lw      a1,-32(s0)
PC=000002d8 [fe058513] x10=ffffffe0 x11=00000000 x00=00000000 addi    a0,a1,-32
PC=000002dc [00054c63] x24=00000000 x10=ffffffe0 x00=00000000 blt     a0,zero,24
PC=000002f4 [fec42503] x10=00000000 x08=00500000 x12=00000000 lw      a0,-20(s0)
PC=000002f8 [00151813] x16=00000000 x10=00000000 x01=000001e0 slli    a6,a0,1
PC=000002fc [01f00513] x10=0000001f x00=00000000 x31=00000000 addi    a0,zero,31
PC=00000300 [40b50533] x10=0000001f x10=0000001f x11=00000000 sub     a0,a0,a1
PC=00000304 [00a81533] x10=00000000 x16=00000000 x10=0000001f sll     a0,a6,a0
PC=00000308 [fe842803] x16=00000000 x08=00500000 x08=00500000 lw      a6,-24(s0)
PC=0000030c [00b85633] x12=00000000 x16=00000000 x11=00000000 srl     a2,a6,a1
PC=00000310 [00c56633] x12=00000000 x10=00000000 x12=00000000 or      a2,a0,a2
PC=00000314 [fec42503] x10=00000000 x08=00500000 x12=00000000 lw      a0,-20(s0)
PC=00000318 [40b556b3] x13=00000000 x10=00000000 x11=00000000 sra     a3,a0,a1
PC=0000031c [fec42423] x08=00500000 x08=00500000 x12=00000000 sw      a2,-24(s0)
PC=00000320 [fed42623] x12=00000000 x08=00500000 x13=00000000 sw      a3,-20(s0)
PC=00000324 [fe042683] x13=00000000 x08=00500000 x00=00000000 lw      a3,-32(s0)
PC=00000328 [fe068613] x12=ffffffe0 x13=00000000 x00=00000000 addi    a2,a3,-32
PC=0000032c [00064c63] x24=00000000 x12=ffffffe0 x00=00000000 blt     a2,zero,24
PC=00000344 [fec42603] x12=00000000 x08=00500000 x12=ffffffe0 lw      a2,-20(s0)
PC=00000348 [00161593] x11=00000000 x12=00000000 x01=000001e0 slli    a1,a2,1
PC=0000034c [01f00613] x12=0000001f x00=00000000 x31=00000000 addi    a2,zero,31
PC=00000350 [40d60633] x12=0000001f x12=0000001f x13=00000000 sub     a2,a2,a3
PC=00000354 [00c59633] x12=00000000 x11=00000000 x12=0000001f sll     a2,a1,a2
PC=00000358 [fe842583] x11=00000000 x08=00500000 x08=00500000 lw      a1,-24(s0)
PC=0000035c [00d5d733] x14=00000000 x11=00000000 x13=00000000 srl     a4,a1,a3
PC=00000360 [00e66733] x14=00000000 x12=00000000 x14=00000000 or      a4,a2,a4
PC=00000364 [fec42603] x12=00000000 x08=00500000 x12=00000000 lw      a2,-20(s0)
PC=00000368 [40d657b3] x15=00000000 x12=00000000 x13=00000000 sra     a5,a2,a3
PC=0000036c [fee42423] x08=00500000 x08=00500000 x14=00000000 sw      a4,-24(s0)
PC=00000370 [fef42623] x12=00000000 x08=00500000 x15=00000000 sw      a5,-20(s0)
PC=00000374 [00000793] x15=00000000 x00=00000000 x00=00000000 addi    a5,zero,0
PC=00000378 [00078513] x10=00000000 x15=00000000 x00=00000000 addi    a0,a5,0
PC=0000037c [01c12403] x08=00000002 x02=004fffe0 x28=00000000 lw      s0,28(sp)
PC=00000380 [02010113] x02=00500000 x02=004fffe0 x00=00000000 addi    sp,sp,32
PC=00000384 [00008067] x00=00000388 x01=000001e0 x00=00000000 jalr    zero,ra,0
PC=000001e0 [200002b7] x05=20000000 x00=00000388 x00=00000388 lui     t0,536870912
PC=000001e4 [00100073] x00=00000388 x00=00000388 x01=000001e0 ebreak 
