PC=000001d8 [00500137] x02=00500000 x00=00000000 x05=00000000 lui     sp,5242880
PC=000001dc [00c000ef] x01=000001e0 x00=00000000 x12=00000000 jal     ra,12
PC=000001e8 [fd010113] x02=004fffd0 x02=00500000 x16=00000000 addi    sp,sp,-48
PC=000001ec [02812623] x12=00000000 x02=004fffd0 x08=00000000 sw      s0,44(sp)
PC=000001f0 [03010413] x08=00500000 x02=004fffd0 x16=00000000 addi    s0,sp,48
PC=000001f4 [fe0406a3] x13=00000000 x08=00500000 x00=00000000 sb      zero,-19(s0)
PC=000001f8 [fe0407a3] x15=00000000 x08=00500000 x00=00000000 sb      zero,-17(s0)
PC=000001fc [fe040623] x12=00000000 x08=00500000 x00=00000000 sb      zero,-20(s0)
PC=00000200 [fe040723] x14=00000000 x08=00500000 x00=00000000 sb      zero,-18(s0)
PC=00000204 [00000793] x15=00000000 x00=00000000 x00=00000000 addi    a5,zero,0
PC=00000208 [00000813] x16=00000000 x00=00000000 x00=00000000 addi    a6,zero,0
PC=0000020c [fef42023] x00=00000000 x08=00500000 x15=00000000 sw      a5,-32(s0)
PC=00000210 [ff042223] x04=00000000 x08=00500000 x16=00000000 sw      a6,-28(s0)
PC=00000214 [fff00713] x14=ffffffff x00=00000000 x31=00000000 addi    a4,zero,-1
PC=00000218 [fff00793] x15=ffffffff x00=00000000 x31=00000000 addi    a5,zero,-1
PC=0000021c [fce42c23] x24=00000000 x08=00500000 x14=ffffffff sw      a4,-40(s0)
PC=00000220 [fcf42e23] x28=00000000 x08=00500000 x15=ffffffff sw      a5,-36(s0)
PC=00000224 [fe442703] x14=00000000 x08=00500000 x04=00000000 lw      a4,-28(s0)
PC=00000228 [fdc42783] x15=ffffffff x08=00500000 x28=00000000 lw      a5,-36(s0)
PC=0000022c [00e7ee63] x28=00000000 x15=ffffffff x14=00000000 bltu    a5,a4,28
PC=00000230 [fe442703] x14=00000000 x08=00500000 x04=00000000 lw      a4,-28(s0)
PC=00000234 [fdc42783] x15=ffffffff x08=00500000 x28=00000000 lw      a5,-36(s0)
PC=00000238 [02f71063] x00=00000000 x14=00000000 x15=ffffffff bne     a4,a5,32
PC=00000258 [fef44783] x15=00000000 x08=00500000 x15=ffffffff lbu     a5,-17(s0)
PC=0000025c [00178793] x15=00000001 x15=00000000 x01=000001e0 addi    a5,a5,1
PC=00000260 [fef407a3] x15=00000001 x08=00500000 x15=00000001 sb      a5,-17(s0)
PC=00000264 [fdc42703] x14=ffffffff x08=00500000 x28=00000000 lw      a4,-36(s0)
PC=00000268 [fe442783] x15=00000000 x08=00500000 x04=00000000 lw      a5,-28(s0)
PC=0000026c [00e7ee63] x28=00000000 x15=00000000 x14=ffffffff bltu    a5,a4,28
PC=00000288 [fed44783] x15=00000000 x08=00500000 x13=00000000 lbu     a5,-19(s0)
PC=0000028c [00178793] x15=00000001 x15=00000000 x01=000001e0 addi    a5,a5,1
PC=00000290 [fef406a3] x13=00000000 x08=00500000 x15=00000001 sb      a5,-19(s0)
PC=00000294 [0100006f] x00=00000298 x00=00000000 x16=00000000 jal     zero,16
PC=000002a4 [fe042703] x14=00000000 x08=00500000 x00=00000298 lw      a4,-32(s0)
PC=000002a8 [fd842783] x15=ffffffff x08=00500000 x24=00000000 lw      a5,-40(s0)
PC=000002ac [02f71063] x00=00000298 x14=00000000 x15=ffffffff bne     a4,a5,32
PC=000002cc [fef44783] x15=00000001 x08=00500000 x15=ffffffff lbu     a5,-17(s0)
PC=000002d0 [00178793] x15=00000002 x15=00000001 x01=000001e0 addi    a5,a5,1
PC=000002d4 [fef407a3] x15=00000002 x08=00500000 x15=00000002 sb      a5,-17(s0)
PC=000002d8 [fdc42703] x14=ffffffff x08=00500000 x28=00000000 lw      a4,-36(s0)
PC=000002dc [fe442783] x15=00000000 x08=00500000 x04=00000000 lw      a5,-28(s0)
PC=000002e0 [02e7e663] x12=00000000 x15=00000000 x14=ffffffff bltu    a5,a4,44
PC=0000030c [fef44783] x15=00000002 x08=00500000 x15=00000000 lbu     a5,-17(s0)
PC=00000310 [00178793] x15=00000003 x15=00000002 x01=000001e0 addi    a5,a5,1
PC=00000314 [fef407a3] x15=00000003 x08=00500000 x15=00000003 sb      a5,-17(s0)
PC=00000318 [fe442703] x14=00000000 x08=00500000 x04=00000000 lw      a4,-28(s0)
PC=0000031c [fdc42783] x15=ffffffff x08=00500000 x28=00000000 lw      a5,-36(s0)
PC=00000320 [02e7e663] x12=00000000 x15=ffffffff x14=00000000 bltu    a5,a4,44
PC=00000324 [fe442703] x14=00000000 x08=00500000 x04=00000000 lw      a4,-28(s0)
PC=00000328 [fdc42783] x15=ffffffff x08=00500000 x28=00000000 lw      a5,-36(s0)
PC=0000032c [00f71863] x16=00000000 x14=00000000 x15=ffffffff bne     a4,a5,16
PC=0000033c [fed44783] x15=00000001 x08=00500000 x13=00000000 lbu     a5,-19(s0)
PC=00000340 [00178793] x15=00000002 x15=00000001 x01=000001e0 addi    a5,a5,1
PC=00000344 [fef406a3] x13=00000000 x08=00500000 x15=00000002 sb      a5,-19(s0)
PC=00000348 [0100006f] x00=0000034c x00=00000298 x16=00000000 jal     zero,16
PC=00000358 [fe0406a3] x13=00000000 x08=00500000 x00=0000034c sb      zero,-19(s0)
PC=0000035c [fe0407a3] x15=00000002 x08=00500000 x00=0000034c sb      zero,-17(s0)
PC=00000360 [fe040623] x12=00000000 x08=00500000 x00=0000034c sb      zero,-20(s0)
PC=00000364 [fe040723] x14=00000000 x08=00500000 x00=0000034c sb      zero,-18(s0)
PC=00000368 [fff00713] x14=0000034b x00=0000034c x31=00000000 addi    a4,zero,-1
PC=0000036c [fff00793] x15=0000034b x00=0000034c x31=00000000 addi    a5,zero,-1
PC=00000370 [fee42023] x00=0000034c x08=00500000 x14=0000034b sw      a4,-32(s0)
PC=00000374 [fef42223] x04=00000000 x08=00500000 x15=0000034b sw      a5,-28(s0)
PC=00000378 [ffe00713] x14=0000034a x00=0000034c x30=00000000 addi    a4,zero,-2
PC=0000037c [fff00793] x15=0000034b x00=0000034c x31=00000000 addi    a5,zero,-1
PC=00000380 [fce42c23] x24=00000000 x08=00500000 x14=0000034a sw      a4,-40(s0)
PC=00000384 [fcf42e23] x28=00000000 x08=00500000 x15=0000034b sw      a5,-36(s0)
PC=00000388 [fe442703] x14=0000034b x08=00500000 x04=00000000 lw      a4,-28(s0)
PC=0000038c [fdc42783] x15=0000034b x08=00500000 x28=00000000 lw      a5,-36(s0)
PC=00000390 [00e7ee63] x28=00000000 x15=0000034b x14=0000034b bltu    a5,a4,28
PC=00000394 [fe442703] x14=0000034b x08=00500000 x04=00000000 lw      a4,-28(s0)
PC=00000398 [fdc42783] x15=0000034b x08=00500000 x28=00000000 lw      a5,-36(s0)
PC=0000039c [02f71063] x00=0000034c x14=0000034b x15=0000034b bne     a4,a5,32
PC=000003a0 [fe042703] x14=0000034b x08=00500000 x00=0000034c lw      a4,-32(s0)
PC=000003a4 [fd842783] x15=0000034a x08=00500000 x24=00000000 lw      a5,-40(s0)
PC=000003a8 [00e7fa63] x20=00000000 x15=0000034a x14=0000034b bgeu    a5,a4,20
PC=000003ac [fed44783] x15=0000024c x08=00500000 x13=00000000 lbu     a5,-19(s0)
PC=000003b0 [00178793] x15=0000024d x15=0000024c x01=000001e0 addi    a5,a5,1
PC=000003b4 [fef406a3] x13=00000000 x08=00500000 x15=0000024d sb      a5,-19(s0)
PC=000003b8 [0100006f] x00=000003bc x00=0000034c x16=00000000 jal     zero,16
PC=000003c8 [fdc42703] x14=0000034b x08=00500000 x28=00000000 lw      a4,-36(s0)
PC=000003cc [fe442783] x15=0000034b x08=00500000 x04=00000000 lw      a5,-28(s0)
PC=000003d0 [00e7ee63] x28=00000000 x15=0000034b x14=0000034b bltu    a5,a4,28
PC=000003d4 [fdc42703] x14=0000034b x08=00500000 x28=00000000 lw      a4,-36(s0)
PC=000003d8 [fe442783] x15=0000034b x08=00500000 x04=00000000 lw      a5,-28(s0)
PC=000003dc [02f71063] x00=000003bc x14=0000034b x15=0000034b bne     a4,a5,32
PC=000003e0 [fd842703] x14=0000034a x08=00500000 x24=00000000 lw      a4,-40(s0)
PC=000003e4 [fe042783] x15=0000034b x08=00500000 x00=000003bc lw      a5,-32(s0)
PC=000003e8 [00e7fa63] x20=00000000 x15=0000034b x14=0000034a bgeu    a5,a4,20
PC=000003fc [fef44783] x15=0000024c x08=00500000 x15=0000034b lbu     a5,-17(s0)
PC=00000400 [00178793] x15=0000024d x15=0000024c x01=000001e0 addi    a5,a5,1
PC=00000404 [fef407a3] x15=0000024d x08=00500000 x15=0000024d sb      a5,-17(s0)
PC=00000408 [fe042703] x14=0000034b x08=00500000 x00=000003bc lw      a4,-32(s0)
PC=0000040c [fd842783] x15=0000034a x08=00500000 x24=00000000 lw      a5,-40(s0)
PC=00000410 [02f71063] x00=000003bc x14=0000034b x15=0000034a bne     a4,a5,32
PC=00000430 [fef44783] x15=0000014d x08=00500000 x15=0000034a lbu     a5,-17(s0)
PC=00000434 [00178793] x15=0000014e x15=0000014d x01=000001e0 addi    a5,a5,1
PC=00000438 [fef407a3] x15=0000014e x08=00500000 x15=0000014e sb      a5,-17(s0)
PC=0000043c [fdc42703] x14=0000034b x08=00500000 x28=00000000 lw      a4,-36(s0)
PC=00000440 [fe442783] x15=0000034b x08=00500000 x04=00000000 lw      a5,-28(s0)
PC=00000444 [02e7e663] x12=00000000 x15=0000034b x14=0000034b bltu    a5,a4,44
PC=00000448 [fdc42703] x14=0000034b x08=00500000 x28=00000000 lw      a4,-36(s0)
PC=0000044c [fe442783] x15=0000034b x08=00500000 x04=00000000 lw      a5,-28(s0)
PC=00000450 [00f71863] x16=00000000 x14=0000034b x15=0000034b bne     a4,a5,16
PC=00000454 [fd842703] x14=0000034a x08=00500000 x24=00000000 lw      a4,-40(s0)
PC=00000458 [fe042783] x15=0000034b x08=00500000 x00=000003bc lw      a5,-32(s0)
PC=0000045c [00e7ea63] x20=00000000 x15=0000034b x14=0000034a bltu    a5,a4,20
PC=00000460 [fed44783] x15=0000014d x08=00500000 x13=00000000 lbu     a5,-19(s0)
PC=00000464 [00178793] x15=0000014e x15=0000014d x01=000001e0 addi    a5,a5,1
PC=00000468 [fef406a3] x13=00000000 x08=00500000 x15=0000014e sb      a5,-19(s0)
PC=0000046c [0100006f] x00=00000470 x00=000003bc x16=00000000 jal     zero,16
PC=0000047c [fe442703] x14=0000034b x08=00500000 x04=00000000 lw      a4,-28(s0)
PC=00000480 [fdc42783] x15=0000034b x08=00500000 x28=00000000 lw      a5,-36(s0)
PC=00000484 [02e7e663] x12=00000000 x15=0000034b x14=0000034b bltu    a5,a4,44
PC=00000488 [fe442703] x14=0000034b x08=00500000 x04=00000000 lw      a4,-28(s0)
PC=0000048c [fdc42783] x15=0000034b x08=00500000 x28=00000000 lw      a5,-36(s0)
PC=00000490 [00f71863] x16=00000000 x14=0000034b x15=0000034b bne     a4,a5,16
PC=00000494 [fe042703] x14=0000034b x08=00500000 x00=00000470 lw      a4,-32(s0)
PC=00000498 [fd842783] x15=0000034a x08=00500000 x24=00000000 lw      a5,-40(s0)
PC=0000049c [00e7ea63] x20=00000000 x15=0000034a x14=0000034b bltu    a5,a4,20
PC=000004b0 [fef44783] x15=0000004e x08=00500000 x15=0000034a lbu     a5,-17(s0)
PC=000004b4 [00178793] x15=0000004f x15=0000004e x01=000001e0 addi    a5,a5,1
PC=000004b8 [fef407a3] x15=0000004f x08=00500000 x15=0000004f sb      a5,-17(s0)
PC=000004bc [fe0406a3] x13=00000000 x08=00500000 x00=00000470 sb      zero,-19(s0)
PC=000004c0 [fe0407a3] x15=0000004f x08=00500000 x00=00000470 sb      zero,-17(s0)
PC=000004c4 [fe040623] x12=00000000 x08=00500000 x00=00000470 sb      zero,-20(s0)
PC=000004c8 [fe040723] x14=0000034b x08=00500000 x00=00000470 sb      zero,-18(s0)
PC=000004cc [00100713] x14=00000471 x00=00000470 x01=000001e0 addi    a4,zero,1
PC=000004d0 [00000793] x15=00000470 x00=00000470 x00=00000470 addi    a5,zero,0
PC=000004d4 [fee42023] x00=00000470 x08=00500000 x14=00000471 sw      a4,-32(s0)
PC=000004d8 [fef42223] x04=00000000 x08=00500000 x15=00000470 sw      a5,-28(s0)
PC=000004dc [00200713] x14=00000472 x00=00000470 x02=004fffd0 addi    a4,zero,2
PC=000004e0 [00000793] x15=00000470 x00=00000470 x00=00000470 addi    a5,zero,0
PC=000004e4 [fce42c23] x24=00000000 x08=00500000 x14=00000472 sw      a4,-40(s0)
PC=000004e8 [fcf42e23] x28=00000000 x08=00500000 x15=00000470 sw      a5,-36(s0)
PC=000004ec [fe442703] x14=00000470 x08=00500000 x04=00000000 lw      a4,-28(s0)
PC=000004f0 [fdc42783] x15=00000470 x08=00500000 x28=00000000 lw      a5,-36(s0)
PC=000004f4 [00e7ee63] x28=00000000 x15=00000470 x14=00000470 bltu    a5,a4,28
PC=000004f8 [fe442703] x14=00000470 x08=00500000 x04=00000000 lw      a4,-28(s0)
PC=000004fc [fdc42783] x15=00000470 x08=00500000 x28=00000000 lw      a5,-36(s0)
PC=00000500 [02f71063] x00=00000470 x14=00000470 x15=00000470 bne     a4,a5,32
PC=00000504 [fe042703] x14=00000471 x08=00500000 x00=00000470 lw      a4,-32(s0)
PC=00000508 [fd842783] x15=00000472 x08=00500000 x24=00000000 lw      a5,-40(s0)
PC=0000050c [00e7fa63] x20=00000000 x15=00000472 x14=00000471 bgeu    a5,a4,20
PC=00000520 [fef44783] x15=00000370 x08=00500000 x15=00000472 lbu     a5,-17(s0)
PC=00000524 [00178793] x15=00000371 x15=00000370 x01=000001e0 addi    a5,a5,1
PC=00000528 [fef407a3] x15=00000371 x08=00500000 x15=00000371 sb      a5,-17(s0)
PC=0000052c [fdc42703] x14=00000470 x08=00500000 x28=00000000 lw      a4,-36(s0)
PC=00000530 [fe442783] x15=00000470 x08=00500000 x04=00000000 lw      a5,-28(s0)
PC=00000534 [00e7ee63] x28=00000000 x15=00000470 x14=00000470 bltu    a5,a4,28
PC=00000538 [fdc42703] x14=00000470 x08=00500000 x28=00000000 lw      a4,-36(s0)
PC=0000053c [fe442783] x15=00000470 x08=00500000 x04=00000000 lw      a5,-28(s0)
PC=00000540 [02f71063] x00=00000470 x14=00000470 x15=00000470 bne     a4,a5,32
PC=00000544 [fd842703] x14=00000472 x08=00500000 x24=00000000 lw      a4,-40(s0)
PC=00000548 [fe042783] x15=00000471 x08=00500000 x00=00000470 lw      a5,-32(s0)
PC=0000054c [00e7fa63] x20=00000000 x15=00000471 x14=00000472 bgeu    a5,a4,20
PC=00000550 [fed44783] x15=00000370 x08=00500000 x13=00000000 lbu     a5,-19(s0)
PC=00000554 [00178793] x15=00000371 x15=00000370 x01=000001e0 addi    a5,a5,1
PC=00000558 [fef406a3] x13=00000000 x08=00500000 x15=00000371 sb      a5,-19(s0)
PC=0000055c [0100006f] x00=00000560 x00=00000470 x16=00000000 jal     zero,16
PC=0000056c [fe042703] x14=00000471 x08=00500000 x00=00000560 lw      a4,-32(s0)
PC=00000570 [fd842783] x15=00000472 x08=00500000 x24=00000000 lw      a5,-40(s0)
PC=00000574 [02f71063] x00=00000560 x14=00000471 x15=00000472 bne     a4,a5,32
PC=00000594 [fef44783] x15=00000271 x08=00500000 x15=00000472 lbu     a5,-17(s0)
PC=00000598 [00178793] x15=00000272 x15=00000271 x01=000001e0 addi    a5,a5,1
PC=0000059c [fef407a3] x15=00000272 x08=00500000 x15=00000272 sb      a5,-17(s0)
PC=000005a0 [fdc42703] x14=00000470 x08=00500000 x28=00000000 lw      a4,-36(s0)
PC=000005a4 [fe442783] x15=00000470 x08=00500000 x04=00000000 lw      a5,-28(s0)
PC=000005a8 [02e7e663] x12=00000000 x15=00000470 x14=00000470 bltu    a5,a4,44
PC=000005ac [fdc42703] x14=00000470 x08=00500000 x28=00000000 lw      a4,-36(s0)
PC=000005b0 [fe442783] x15=00000470 x08=00500000 x04=00000000 lw      a5,-28(s0)
PC=000005b4 [00f71863] x16=00000000 x14=00000470 x15=00000470 bne     a4,a5,16
PC=000005b8 [fd842703] x14=00000472 x08=00500000 x24=00000000 lw      a4,-40(s0)
PC=000005bc [fe042783] x15=00000471 x08=00500000 x00=00000560 lw      a5,-32(s0)
PC=000005c0 [00e7ea63] x20=00000000 x15=00000471 x14=00000472 bltu    a5,a4,20
PC=000005d4 [fef44783] x15=00000172 x08=00500000 x15=00000471 lbu     a5,-17(s0)
PC=000005d8 [00178793] x15=00000173 x15=00000172 x01=000001e0 addi    a5,a5,1
PC=000005dc [fef407a3] x15=00000173 x08=00500000 x15=00000173 sb      a5,-17(s0)
PC=000005e0 [fe442703] x14=00000470 x08=00500000 x04=00000000 lw      a4,-28(s0)
PC=000005e4 [fdc42783] x15=00000470 x08=00500000 x28=00000000 lw      a5,-36(s0)
PC=000005e8 [02e7e663] x12=00000000 x15=00000470 x14=00000470 bltu    a5,a4,44
PC=000005ec [fe442703] x14=00000470 x08=00500000 x04=00000000 lw      a4,-28(s0)
PC=000005f0 [fdc42783] x15=00000470 x08=00500000 x28=00000000 lw      a5,-36(s0)
PC=000005f4 [00f71863] x16=00000000 x14=00000470 x15=00000470 bne     a4,a5,16
PC=000005f8 [fe042703] x14=00000471 x08=00500000 x00=00000560 lw      a4,-32(s0)
PC=000005fc [fd842783] x15=00000472 x08=00500000 x24=00000000 lw      a5,-40(s0)
PC=00000600 [00e7ea63] x20=00000000 x15=00000472 x14=00000471 bltu    a5,a4,20
PC=00000604 [fed44783] x15=00000271 x08=00500000 x13=00000000 lbu     a5,-19(s0)
PC=00000608 [00178793] x15=00000272 x15=00000271 x01=000001e0 addi    a5,a5,1
PC=0000060c [fef406a3] x13=00000000 x08=00500000 x15=00000272 sb      a5,-19(s0)
PC=00000610 [0100006f] x00=00000614 x00=00000560 x16=00000000 jal     zero,16
PC=00000620 [fe0406a3] x13=00000000 x08=00500000 x00=00000614 sb      zero,-19(s0)
PC=00000624 [fe0407a3] x15=00000272 x08=00500000 x00=00000614 sb      zero,-17(s0)
PC=00000628 [fe040623] x12=00000000 x08=00500000 x00=00000614 sb      zero,-20(s0)
PC=0000062c [fe040723] x14=00000471 x08=00500000 x00=00000614 sb      zero,-18(s0)
PC=00000630 [00f00713] x14=00000623 x00=00000614 x15=00000272 addi    a4,zero,15
PC=00000634 [00000793] x15=00000614 x00=00000614 x00=00000614 addi    a5,zero,0
PC=00000638 [fee42023] x00=00000614 x08=00500000 x14=00000623 sw      a4,-32(s0)
PC=0000063c [fef42223] x04=00000000 x08=00500000 x15=00000614 sw      a5,-28(s0)
PC=00000640 [00f00713] x14=00000623 x00=00000614 x15=00000614 addi    a4,zero,15
PC=00000644 [00000793] x15=00000614 x00=00000614 x00=00000614 addi    a5,zero,0
PC=00000648 [fce42c23] x24=00000000 x08=00500000 x14=00000623 sw      a4,-40(s0)
PC=0000064c [fcf42e23] x28=00000000 x08=00500000 x15=00000614 sw      a5,-36(s0)
PC=00000650 [fe442703] x14=00000614 x08=00500000 x04=00000000 lw      a4,-28(s0)
PC=00000654 [fdc42783] x15=00000614 x08=00500000 x28=00000000 lw      a5,-36(s0)
PC=00000658 [00e7ee63] x28=00000000 x15=00000614 x14=00000614 bltu    a5,a4,28
PC=0000065c [fe442703] x14=00000614 x08=00500000 x04=00000000 lw      a4,-28(s0)
PC=00000660 [fdc42783] x15=00000614 x08=00500000 x28=00000000 lw      a5,-36(s0)
PC=00000664 [02f71063] x00=00000614 x14=00000614 x15=00000614 bne     a4,a5,32
PC=00000668 [fe042703] x14=00000623 x08=00500000 x00=00000614 lw      a4,-32(s0)
PC=0000066c [fd842783] x15=00000623 x08=00500000 x24=00000000 lw      a5,-40(s0)
PC=00000670 [00e7fa63] x20=00000000 x15=00000623 x14=00000623 bgeu    a5,a4,20
PC=00000684 [fef44783] x15=00000514 x08=00500000 x15=00000623 lbu     a5,-17(s0)
PC=00000688 [00178793] x15=00000515 x15=00000514 x01=000001e0 addi    a5,a5,1
PC=0000068c [fef407a3] x15=00000515 x08=00500000 x15=00000515 sb      a5,-17(s0)
PC=00000690 [fdc42703] x14=00000614 x08=00500000 x28=00000000 lw      a4,-36(s0)
PC=00000694 [fe442783] x15=00000614 x08=00500000 x04=00000000 lw      a5,-28(s0)
PC=00000698 [00e7ee63] x28=00000000 x15=00000614 x14=00000614 bltu    a5,a4,28
PC=0000069c [fdc42703] x14=00000614 x08=00500000 x28=00000000 lw      a4,-36(s0)
PC=000006a0 [fe442783] x15=00000614 x08=00500000 x04=00000000 lw      a5,-28(s0)
PC=000006a4 [02f71063] x00=00000614 x14=00000614 x15=00000614 bne     a4,a5,32
PC=000006a8 [fd842703] x14=00000623 x08=00500000 x24=00000000 lw      a4,-40(s0)
PC=000006ac [fe042783] x15=00000623 x08=00500000 x00=00000614 lw      a5,-32(s0)
PC=000006b0 [00e7fa63] x20=00000000 x15=00000623 x14=00000623 bgeu    a5,a4,20
PC=000006c4 [fef44783] x15=00000415 x08=00500000 x15=00000623 lbu     a5,-17(s0)
PC=000006c8 [00178793] x15=00000416 x15=00000415 x01=000001e0 addi    a5,a5,1
PC=000006cc [fef407a3] x15=00000416 x08=00500000 x15=00000416 sb      a5,-17(s0)
PC=000006d0 [fe042703] x14=00000623 x08=00500000 x00=00000614 lw      a4,-32(s0)
PC=000006d4 [fd842783] x15=00000623 x08=00500000 x24=00000000 lw      a5,-40(s0)
PC=000006d8 [02f71063] x00=00000614 x14=00000623 x15=00000623 bne     a4,a5,32
PC=000006dc [fe442703] x14=00000614 x08=00500000 x04=00000000 lw      a4,-28(s0)
PC=000006e0 [fdc42783] x15=00000614 x08=00500000 x28=00000000 lw      a5,-36(s0)
PC=000006e4 [00f71a63] x20=00000000 x14=00000614 x15=00000614 bne     a4,a5,20
PC=000006e8 [fed44783] x15=00000514 x08=00500000 x13=00000000 lbu     a5,-19(s0)
PC=000006ec [00178793] x15=00000515 x15=00000514 x01=000001e0 addi    a5,a5,1
PC=000006f0 [fef406a3] x13=00000000 x08=00500000 x15=00000515 sb      a5,-19(s0)
PC=000006f4 [0100006f] x00=000006f8 x00=00000614 x16=00000000 jal     zero,16
PC=00000704 [fdc42703] x14=00000614 x08=00500000 x28=00000000 lw      a4,-36(s0)
PC=00000708 [fe442783] x15=00000614 x08=00500000 x04=00000000 lw      a5,-28(s0)
PC=0000070c [02e7e663] x12=00000000 x15=00000614 x14=00000614 bltu    a5,a4,44
PC=00000710 [fdc42703] x14=00000614 x08=00500000 x28=00000000 lw      a4,-36(s0)
PC=00000714 [fe442783] x15=00000614 x08=00500000 x04=00000000 lw      a5,-28(s0)
PC=00000718 [00f71863] x16=00000000 x14=00000614 x15=00000614 bne     a4,a5,16
PC=0000071c [fd842703] x14=00000623 x08=00500000 x24=00000000 lw      a4,-40(s0)
PC=00000720 [fe042783] x15=00000623 x08=00500000 x00=000006f8 lw      a5,-32(s0)
PC=00000724 [00e7ea63] x20=00000000 x15=00000623 x14=00000623 bltu    a5,a4,20
PC=00000728 [fed44783] x15=00000415 x08=00500000 x13=00000000 lbu     a5,-19(s0)
PC=0000072c [00178793] x15=00000416 x15=00000415 x01=000001e0 addi    a5,a5,1
PC=00000730 [fef406a3] x13=00000000 x08=00500000 x15=00000416 sb      a5,-19(s0)
PC=00000734 [0100006f] x00=00000738 x00=000006f8 x16=00000000 jal     zero,16
PC=00000744 [fe442703] x14=00000614 x08=00500000 x04=00000000 lw      a4,-28(s0)
PC=00000748 [fdc42783] x15=00000614 x08=00500000 x28=00000000 lw      a5,-36(s0)
PC=0000074c [02e7e663] x12=00000000 x15=00000614 x14=00000614 bltu    a5,a4,44
PC=00000750 [fe442703] x14=00000614 x08=00500000 x04=00000000 lw      a4,-28(s0)
PC=00000754 [fdc42783] x15=00000614 x08=00500000 x28=00000000 lw      a5,-36(s0)
PC=00000758 [00f71863] x16=00000000 x14=00000614 x15=00000614 bne     a4,a5,16
PC=0000075c [fe042703] x14=00000623 x08=00500000 x00=00000738 lw      a4,-32(s0)
PC=00000760 [fd842783] x15=00000623 x08=00500000 x24=00000000 lw      a5,-40(s0)
PC=00000764 [00e7ea63] x20=00000000 x15=00000623 x14=00000623 bltu    a5,a4,20
PC=00000768 [fed44783] x15=00000316 x08=00500000 x13=00000000 lbu     a5,-19(s0)
PC=0000076c [00178793] x15=00000317 x15=00000316 x01=000001e0 addi    a5,a5,1
PC=00000770 [fef406a3] x13=00000000 x08=00500000 x15=00000317 sb      a5,-19(s0)
PC=00000774 [0100006f] x00=00000778 x00=00000738 x16=00000000 jal     zero,16
PC=00000784 [fe0406a3] x13=00000000 x08=00500000 x00=00000778 sb      zero,-19(s0)
PC=00000788 [fe0407a3] x15=00000317 x08=00500000 x00=00000778 sb      zero,-17(s0)
PC=0000078c [fe040623] x12=00000000 x08=00500000 x00=00000778 sb      zero,-20(s0)
PC=00000790 [fe040723] x14=00000623 x08=00500000 x00=00000778 sb      zero,-18(s0)
PC=00000794 [00100713] x14=00000779 x00=00000778 x01=000001e0 addi    a4,zero,1
PC=00000798 [00000793] x15=00000778 x00=00000778 x00=00000778 addi    a5,zero,0
PC=0000079c [fee42023] x00=00000778 x08=00500000 x14=00000779 sw      a4,-32(s0)
PC=000007a0 [fef42223] x04=00000000 x08=00500000 x15=00000778 sw      a5,-28(s0)
PC=000007a4 [fff00713] x14=00000777 x00=00000778 x31=00000000 addi    a4,zero,-1
PC=000007a8 [fff00793] x15=00000777 x00=00000778 x31=00000000 addi    a5,zero,-1
PC=000007ac [fce42c23] x24=00000000 x08=00500000 x14=00000777 sw      a4,-40(s0)
PC=000007b0 [fcf42e23] x28=00000000 x08=00500000 x15=00000777 sw      a5,-36(s0)
PC=000007b4 [fe442703] x14=00000778 x08=00500000 x04=00000000 lw      a4,-28(s0)
PC=000007b8 [fdc42783] x15=00000777 x08=00500000 x28=00000000 lw      a5,-36(s0)
PC=000007bc [00e7ee63] x28=00000000 x15=00000777 x14=00000778 bltu    a5,a4,28
PC=000007d8 [fec44783] x15=00000678 x08=00500000 x12=00000000 lbu     a5,-20(s0)
PC=000007dc [00178793] x15=00000679 x15=00000678 x01=000001e0 addi    a5,a5,1
PC=000007e0 [fef40623] x12=00000000 x08=00500000 x15=00000679 sb      a5,-20(s0)
PC=000007e4 [0100006f] x00=000007e8 x00=00000778 x16=00000000 jal     zero,16
PC=000007f4 [fdc42703] x14=00000777 x08=00500000 x28=00000000 lw      a4,-36(s0)
PC=000007f8 [fe442783] x15=00000778 x08=00500000 x04=00000000 lw      a5,-28(s0)
PC=000007fc [00e7ee63] x28=00000000 x15=00000778 x14=00000777 bltu    a5,a4,28
PC=00000800 [fdc42703] x14=00000777 x08=00500000 x28=00000000 lw      a4,-36(s0)
PC=00000804 [fe442783] x15=00000778 x08=00500000 x04=00000000 lw      a5,-28(s0)
PC=00000808 [02f71063] x00=000007e8 x14=00000777 x15=00000778 bne     a4,a5,32
PC=00000828 [fee44783] x15=00000678 x08=00500000 x14=00000777 lbu     a5,-18(s0)
PC=0000082c [00178793] x15=00000679 x15=00000678 x01=000001e0 addi    a5,a5,1
PC=00000830 [fef40723] x14=00000777 x08=00500000 x15=00000679 sb      a5,-18(s0)
PC=00000834 [fe042703] x14=00000779 x08=00500000 x00=000007e8 lw      a4,-32(s0)
PC=00000838 [fd842783] x15=00000777 x08=00500000 x24=00000000 lw      a5,-40(s0)
PC=0000083c [02f71063] x00=000007e8 x14=00000779 x15=00000777 bne     a4,a5,32
PC=0000085c [fef44783] x15=00000678 x08=00500000 x15=00000777 lbu     a5,-17(s0)
PC=00000860 [00178793] x15=00000679 x15=00000678 x01=000001e0 addi    a5,a5,1
PC=00000864 [fef407a3] x15=00000679 x08=00500000 x15=00000679 sb      a5,-17(s0)
PC=00000868 [fdc42703] x14=00000777 x08=00500000 x28=00000000 lw      a4,-36(s0)
PC=0000086c [fe442783] x15=00000778 x08=00500000 x04=00000000 lw      a5,-28(s0)
PC=00000870 [02e7e663] x12=00000000 x15=00000778 x14=00000777 bltu    a5,a4,44
PC=00000874 [fdc42703] x14=00000777 x08=00500000 x28=00000000 lw      a4,-36(s0)
PC=00000878 [fe442783] x15=00000778 x08=00500000 x04=00000000 lw      a5,-28(s0)
PC=0000087c [00f71863] x16=00000000 x14=00000777 x15=00000778 bne     a4,a5,16
PC=0000088c [fec44783] x15=00000579 x08=00500000 x12=00000000 lbu     a5,-20(s0)
PC=00000890 [00178793] x15=0000057a x15=00000579 x01=000001e0 addi    a5,a5,1
PC=00000894 [fef40623] x12=00000000 x08=00500000 x15=0000057a sb      a5,-20(s0)
PC=00000898 [0100006f] x00=0000089c x00=000007e8 x16=00000000 jal     zero,16
PC=000008a8 [fe442703] x14=00000778 x08=00500000 x04=00000000 lw      a4,-28(s0)
PC=000008ac [fdc42783] x15=00000777 x08=00500000 x28=00000000 lw      a5,-36(s0)
PC=000008b0 [02e7e663] x12=00000000 x15=00000777 x14=00000778 bltu    a5,a4,44
PC=000008dc [fee44783] x15=00000579 x08=00500000 x14=00000778 lbu     a5,-18(s0)
PC=000008e0 [00178793] x15=0000057a x15=00000579 x01=000001e0 addi    a5,a5,1
PC=000008e4 [fef40723] x14=00000778 x08=00500000 x15=0000057a sb      a5,-18(s0)
PC=000008e8 [fe0406a3] x13=00000000 x08=00500000 x00=0000089c sb      zero,-19(s0)
PC=000008ec [fe0407a3] x15=0000057a x08=00500000 x00=0000089c sb      zero,-17(s0)
PC=000008f0 [fe040623] x12=00000000 x08=00500000 x00=0000089c sb      zero,-20(s0)
PC=000008f4 [fe040723] x14=00000778 x08=00500000 x00=0000089c sb      zero,-18(s0)
PC=000008f8 [00000793] x15=0000089c x00=0000089c x00=0000089c addi    a5,zero,0
PC=000008fc [00078513] x10=0000089c x15=0000089c x00=0000089c addi    a0,a5,0
PC=00000900 [02c12403] x08=00000000 x02=004fffd0 x12=00000000 lw      s0,44(sp)
PC=00000904 [03010113] x02=00500000 x02=004fffd0 x16=00000000 addi    sp,sp,48
PC=00000908 [00008067] x00=0000090c x01=000001e0 x00=0000089c jalr    zero,ra,0
PC=000001e0 [200002b7] x05=20000000 x00=0000090c x00=0000090c lui     t0,536870912
PC=000001e4 [00100073] x00=0000090c x00=0000090c x01=000001e0 ebreak 
