PC=000001d8 [00500137] x02=00500000 x00=00000000 x05=00000000 lui     sp,5242880
PC=000001dc [00c000ef] x01=000001e0 x00=00000000 x12=00000000 jal     ra,12
PC=000001e8 [fc010113] x02=004fffc0 x02=00500000 x00=00000000 addi    sp,sp,-64
PC=000001ec [02812e23] x28=00000000 x02=004fffc0 x08=00000000 sw      s0,60(sp)
PC=000001f0 [04010413] x08=00500000 x02=004fffc0 x00=00000000 addi    s0,sp,64
PC=000001f4 [00000793] x15=00000000 x00=00000000 x00=00000000 addi    a5,zero,0
PC=000001f8 [00000813] x16=00000000 x00=00000000 x00=00000000 addi    a6,zero,0
PC=000001fc [fef42423] x08=00500000 x08=00500000 x15=00000000 sw      a5,-24(s0)
PC=00000200 [ff042623] x12=00000000 x08=00500000 x16=00000000 sw      a6,-20(s0)
PC=00000204 [00500793] x15=00000005 x00=00000000 x05=00000000 addi    a5,zero,5
PC=00000208 [fef403a3] x07=00000000 x08=00500000 x15=00000005 sb      a5,-25(s0)
PC=0000020c [0340006f] x00=00000210 x00=00000000 x20=00000000 jal     zero,52
PC=00000240 [fe744783] x15=00000005 x08=00500000 x07=00000000 lbu     a5,-25(s0)
PC=00000244 [fff78713] x14=00000004 x15=00000005 x31=00000000 addi    a4,a5,-1
PC=00000248 [fee403a3] x07=00000000 x08=00500000 x14=00000004 sb      a4,-25(s0)
PC=0000024c [fc0792e3] x05=00000000 x15=00000005 x00=00000210 bne     a5,zero,-60
PC=00000210 [fe842603] x12=00000000 x08=00500000 x08=00500000 lw      a2,-24(s0)
PC=00000214 [fec42683] x13=00000000 x08=00500000 x12=00000000 lw      a3,-20(s0)
PC=00000218 [00100513] x10=00000211 x00=00000210 x01=000001e0 addi    a0,zero,1
PC=0000021c [00000593] x11=00000210 x00=00000210 x00=00000210 addi    a1,zero,0
PC=00000220 [00a60733] x14=00000211 x12=00000000 x10=00000211 add     a4,a2,a0
PC=00000224 [00070813] x16=00000211 x14=00000211 x00=00000210 addi    a6,a4,0
PC=00000228 [00c83833] x16=00000000 x16=00000211 x12=00000000 sltu    a6,a6,a2
PC=0000022c [00b687b3] x15=00000210 x13=00000000 x11=00000210 add     a5,a3,a1
PC=00000230 [00f806b3] x13=00000210 x16=00000000 x15=00000210 add     a3,a6,a5
PC=00000234 [00068793] x15=00000210 x13=00000210 x00=00000210 addi    a5,a3,0
PC=00000238 [fee42423] x08=00500000 x08=00500000 x14=00000211 sw      a4,-24(s0)
PC=0000023c [fef42623] x12=00000000 x08=00500000 x15=00000210 sw      a5,-20(s0)
PC=00000240 [fe744783] x15=00000004 x08=00500000 x07=00000000 lbu     a5,-25(s0)
PC=00000244 [fff78713] x14=00000003 x15=00000004 x31=00000000 addi    a4,a5,-1
PC=00000248 [fee403a3] x07=00000000 x08=00500000 x14=00000003 sb      a4,-25(s0)
PC=0000024c [fc0792e3] x05=00000000 x15=00000004 x00=00000210 bne     a5,zero,-60
PC=00000210 [fe842603] x12=00000000 x08=00500000 x08=00500000 lw      a2,-24(s0)
PC=00000214 [fec42683] x13=00000000 x08=00500000 x12=00000000 lw      a3,-20(s0)
PC=00000218 [00100513] x10=00000211 x00=00000210 x01=000001e0 addi    a0,zero,1
PC=0000021c [00000593] x11=00000210 x00=00000210 x00=00000210 addi    a1,zero,0
PC=00000220 [00a60733] x14=00000211 x12=00000000 x10=00000211 add     a4,a2,a0
PC=00000224 [00070813] x16=00000211 x14=00000211 x00=00000210 addi    a6,a4,0
PC=00000228 [00c83833] x16=00000000 x16=00000211 x12=00000000 sltu    a6,a6,a2
PC=0000022c [00b687b3] x15=00000210 x13=00000000 x11=00000210 add     a5,a3,a1
PC=00000230 [00f806b3] x13=00000210 x16=00000000 x15=00000210 add     a3,a6,a5
PC=00000234 [00068793] x15=00000210 x13=00000210 x00=00000210 addi    a5,a3,0
PC=00000238 [fee42423] x08=00500000 x08=00500000 x14=00000211 sw      a4,-24(s0)
PC=0000023c [fef42623] x12=00000000 x08=00500000 x15=00000210 sw      a5,-20(s0)
PC=00000240 [fe744783] x15=00000003 x08=00500000 x07=00000000 lbu     a5,-25(s0)
PC=00000244 [fff78713] x14=00000002 x15=00000003 x31=00000000 addi    a4,a5,-1
PC=00000248 [fee403a3] x07=00000000 x08=00500000 x14=00000002 sb      a4,-25(s0)
PC=0000024c [fc0792e3] x05=00000000 x15=00000003 x00=00000210 bne     a5,zero,-60
PC=00000210 [fe842603] x12=00000000 x08=00500000 x08=00500000 lw      a2,-24(s0)
PC=00000214 [fec42683] x13=00000000 x08=00500000 x12=00000000 lw      a3,-20(s0)
PC=00000218 [00100513] x10=00000211 x00=00000210 x01=000001e0 addi    a0,zero,1
PC=0000021c [00000593] x11=00000210 x00=00000210 x00=00000210 addi    a1,zero,0
PC=00000220 [00a60733] x14=00000211 x12=00000000 x10=00000211 add     a4,a2,a0
PC=00000224 [00070813] x16=00000211 x14=00000211 x00=00000210 addi    a6,a4,0
PC=00000228 [00c83833] x16=00000000 x16=00000211 x12=00000000 sltu    a6,a6,a2
PC=0000022c [00b687b3] x15=00000210 x13=00000000 x11=00000210 add     a5,a3,a1
PC=00000230 [00f806b3] x13=00000210 x16=00000000 x15=00000210 add     a3,a6,a5
PC=00000234 [00068793] x15=00000210 x13=00000210 x00=00000210 addi    a5,a3,0
PC=00000238 [fee42423] x08=00500000 x08=00500000 x14=00000211 sw      a4,-24(s0)
PC=0000023c [fef42623] x12=00000000 x08=00500000 x15=00000210 sw      a5,-20(s0)
PC=00000240 [fe744783] x15=00000002 x08=00500000 x07=00000000 lbu     a5,-25(s0)
PC=00000244 [fff78713] x14=00000001 x15=00000002 x31=00000000 addi    a4,a5,-1
PC=00000248 [fee403a3] x07=00000000 x08=00500000 x14=00000001 sb      a4,-25(s0)
PC=0000024c [fc0792e3] x05=00000000 x15=00000002 x00=00000210 bne     a5,zero,-60
PC=00000210 [fe842603] x12=00000000 x08=00500000 x08=00500000 lw      a2,-24(s0)
PC=00000214 [fec42683] x13=00000000 x08=00500000 x12=00000000 lw      a3,-20(s0)
PC=00000218 [00100513] x10=00000211 x00=00000210 x01=000001e0 addi    a0,zero,1
PC=0000021c [00000593] x11=00000210 x00=00000210 x00=00000210 addi    a1,zero,0
PC=00000220 [00a60733] x14=00000211 x12=00000000 x10=00000211 add     a4,a2,a0
PC=00000224 [00070813] x16=00000211 x14=00000211 x00=00000210 addi    a6,a4,0
PC=00000228 [00c83833] x16=00000000 x16=00000211 x12=00000000 sltu    a6,a6,a2
PC=0000022c [00b687b3] x15=00000210 x13=00000000 x11=00000210 add     a5,a3,a1
PC=00000230 [00f806b3] x13=00000210 x16=00000000 x15=00000210 add     a3,a6,a5
PC=00000234 [00068793] x15=00000210 x13=00000210 x00=00000210 addi    a5,a3,0
PC=00000238 [fee42423] x08=00500000 x08=00500000 x14=00000211 sw      a4,-24(s0)
PC=0000023c [fef42623] x12=00000000 x08=00500000 x15=00000210 sw      a5,-20(s0)
PC=00000240 [fe744783] x15=00000001 x08=00500000 x07=00000000 lbu     a5,-25(s0)
PC=00000244 [fff78713] x14=00000000 x15=00000001 x31=00000000 addi    a4,a5,-1
PC=00000248 [fee403a3] x07=00000000 x08=00500000 x14=00000000 sb      a4,-25(s0)
PC=0000024c [fc0792e3] x05=00000000 x15=00000001 x00=00000210 bne     a5,zero,-60
PC=00000210 [fe842603] x12=00000000 x08=00500000 x08=00500000 lw      a2,-24(s0)
PC=00000214 [fec42683] x13=00000000 x08=00500000 x12=00000000 lw      a3,-20(s0)
PC=00000218 [00100513] x10=00000211 x00=00000210 x01=000001e0 addi    a0,zero,1
PC=0000021c [00000593] x11=00000210 x00=00000210 x00=00000210 addi    a1,zero,0
PC=00000220 [00a60733] x14=00000211 x12=00000000 x10=00000211 add     a4,a2,a0
PC=00000224 [00070813] x16=00000211 x14=00000211 x00=00000210 addi    a6,a4,0
PC=00000228 [00c83833] x16=00000000 x16=00000211 x12=00000000 sltu    a6,a6,a2
PC=0000022c [00b687b3] x15=00000210 x13=00000000 x11=00000210 add     a5,a3,a1
PC=00000230 [00f806b3] x13=00000210 x16=00000000 x15=00000210 add     a3,a6,a5
PC=00000234 [00068793] x15=00000210 x13=00000210 x00=00000210 addi    a5,a3,0
PC=00000238 [fee42423] x08=00500000 x08=00500000 x14=00000211 sw      a4,-24(s0)
PC=0000023c [fef42623] x12=00000000 x08=00500000 x15=00000210 sw      a5,-20(s0)
PC=00000240 [fe744783] x15=00000000 x08=00500000 x07=00000000 lbu     a5,-25(s0)
PC=00000244 [fff78713] x14=ffffffff x15=00000000 x31=00000000 addi    a4,a5,-1
PC=00000248 [fee403a3] x07=00000000 x08=00500000 x14=ffffffff sb      a4,-25(s0)
PC=0000024c [fc0792e3] x05=00000000 x15=00000000 x00=00000210 bne     a5,zero,-60
PC=00000210 [fe842603] x12=00000000 x08=00500000 x08=00500000 lw      a2,-24(s0)
PC=00000214 [fec42683] x13=00000000 x08=00500000 x12=00000000 lw      a3,-20(s0)
PC=00000218 [00100513] x10=00000211 x00=00000210 x01=000001e0 addi    a0,zero,1
PC=0000021c [00000593] x11=00000210 x00=00000210 x00=00000210 addi    a1,zero,0
PC=00000220 [00a60733] x14=00000211 x12=00000000 x10=00000211 add     a4,a2,a0
PC=00000224 [00070813] x16=00000211 x14=00000211 x00=00000210 addi    a6,a4,0
PC=00000228 [00c83833] x16=00000000 x16=00000211 x12=00000000 sltu    a6,a6,a2
PC=0000022c [00b687b3] x15=00000210 x13=00000000 x11=00000210 add     a5,a3,a1
PC=00000230 [00f806b3] x13=00000210 x16=00000000 x15=00000210 add     a3,a6,a5
PC=00000234 [00068793] x15=00000210 x13=00000210 x00=00000210 addi    a5,a3,0
PC=00000238 [fee42423] x08=00500000 x08=00500000 x14=00000211 sw      a4,-24(s0)
PC=0000023c [fef42623] x12=00000000 x08=00500000 x15=00000210 sw      a5,-20(s0)
PC=00000240 [fe744783] x15=0000007f x08=00500000 x07=00000000 lbu     a5,-25(s0)
PC=00000244 [fff78713] x14=0000007e x15=0000007f x31=00000000 addi    a4,a5,-1
PC=00000248 [fee403a3] x07=00000000 x08=00500000 x14=0000007e sb      a4,-25(s0)
PC=0000024c [fc0792e3] x05=00000000 x15=0000007f x00=00000210 bne     a5,zero,-60
PC=00000210 [fe842603] x12=00000000 x08=00500000 x08=00500000 lw      a2,-24(s0)
PC=00000214 [fec42683] x13=00000000 x08=00500000 x12=00000000 lw      a3,-20(s0)
PC=00000218 [00100513] x10=00000211 x00=00000210 x01=000001e0 addi    a0,zero,1
PC=0000021c [00000593] x11=00000210 x00=00000210 x00=00000210 addi    a1,zero,0
PC=00000220 [00a60733] x14=00000211 x12=00000000 x10=00000211 add     a4,a2,a0
PC=00000224 [00070813] x16=00000211 x14=00000211 x00=00000210 addi    a6,a4,0
PC=00000228 [00c83833] x16=00000000 x16=00000211 x12=00000000 sltu    a6,a6,a2
PC=0000022c [00b687b3] x15=00000210 x13=00000000 x11=00000210 add     a5,a3,a1
PC=00000230 [00f806b3] x13=00000210 x16=00000000 x15=00000210 add     a3,a6,a5
PC=00000234 [00068793] x15=00000210 x13=00000210 x00=00000210 addi    a5,a3,0
PC=00000238 [fee42423] x08=00500000 x08=00500000 x14=00000211 sw      a4,-24(s0)
PC=0000023c [fef42623] x12=00000000 x08=00500000 x15=00000210 sw      a5,-20(s0)
PC=00000240 [fe744783] x15=0000007e x08=00500000 x07=00000000 lbu     a5,-25(s0)
PC=00000244 [fff78713] x14=0000007d x15=0000007e x31=00000000 addi    a4,a5,-1
PC=00000248 [fee403a3] x07=00000000 x08=00500000 x14=0000007d sb      a4,-25(s0)
PC=0000024c [fc0792e3] x05=00000000 x15=0000007e x00=00000210 bne     a5,zero,-60
PC=00000210 [fe842603] x12=00000000 x08=00500000 x08=00500000 lw      a2,-24(s0)
PC=00000214 [fec42683] x13=00000000 x08=00500000 x12=00000000 lw      a3,-20(s0)
PC=00000218 [00100513] x10=00000211 x00=00000210 x01=000001e0 addi    a0,zero,1
PC=0000021c [00000593] x11=00000210 x00=00000210 x00=00000210 addi    a1,zero,0
PC=00000220 [00a60733] x14=00000211 x12=00000000 x10=00000211 add     a4,a2,a0
PC=00000224 [00070813] x16=00000211 x14=00000211 x00=00000210 addi    a6,a4,0
PC=00000228 [00c83833] x16=00000000 x16=00000211 x12=00000000 sltu    a6,a6,a2
PC=0000022c [00b687b3] x15=00000210 x13=00000000 x11=00000210 add     a5,a3,a1
PC=00000230 [00f806b3] x13=00000210 x16=00000000 x15=00000210 add     a3,a6,a5
PC=00000234 [00068793] x15=00000210 x13=00000210 x00=00000210 addi    a5,a3,0
PC=00000238 [fee42423] x08=00500000 x08=00500000 x14=00000211 sw      a4,-24(s0)
PC=0000023c [fef42623] x12=00000000 x08=00500000 x15=00000210 sw      a5,-20(s0)
PC=00000240 [fe744783] x15=0000007d x08=00500000 x07=00000000 lbu     a5,-25(s0)
PC=00000244 [fff78713] x14=0000007c x15=0000007d x31=00000000 addi    a4,a5,-1
PC=00000248 [fee403a3] x07=00000000 x08=00500000 x14=0000007c sb      a4,-25(s0)
PC=0000024c [fc0792e3] x05=00000000 x15=0000007d x00=00000210 bne     a5,zero,-60
PC=00000210 [fe842603] x12=00000000 x08=00500000 x08=00500000 lw      a2,-24(s0)
PC=00000214 [fec42683] x13=00000000 x08=00500000 x12=00000000 lw      a3,-20(s0)
PC=00000218 [00100513] x10=00000211 x00=00000210 x01=000001e0 addi    a0,zero,1
PC=0000021c [00000593] x11=00000210 x00=00000210 x00=00000210 addi    a1,zero,0
PC=00000220 [00a60733] x14=00000211 x12=00000000 x10=00000211 add     a4,a2,a0
PC=00000224 [00070813] x16=00000211 x14=00000211 x00=00000210 addi    a6,a4,0
PC=00000228 [00c83833] x16=00000000 x16=00000211 x12=00000000 sltu    a6,a6,a2
PC=0000022c [00b687b3] x15=00000210 x13=00000000 x11=00000210 add     a5,a3,a1
PC=00000230 [00f806b3] x13=00000210 x16=00000000 x15=00000210 add     a3,a6,a5
PC=00000234 [00068793] x15=00000210 x13=00000210 x00=00000210 addi    a5,a3,0
PC=00000238 [fee42423] x08=00500000 x08=00500000 x14=00000211 sw      a4,-24(s0)
PC=0000023c [fef42623] x12=00000000 x08=00500000 x15=00000210 sw      a5,-20(s0)
PC=00000240 [fe744783] x15=0000007c x08=00500000 x07=00000000 lbu     a5,-25(s0)
PC=00000244 [fff78713] x14=0000007b x15=0000007c x31=00000000 addi    a4,a5,-1
PC=00000248 [fee403a3] x07=00000000 x08=00500000 x14=0000007b sb      a4,-25(s0)
PC=0000024c [fc0792e3] x05=00000000 x15=0000007c x00=00000210 bne     a5,zero,-60
PC=00000210 [fe842603] x12=00000000 x08=00500000 x08=00500000 lw      a2,-24(s0)
PC=00000214 [fec42683] x13=00000000 x08=00500000 x12=00000000 lw      a3,-20(s0)
PC=00000218 [00100513] x10=00000211 x00=00000210 x01=000001e0 addi    a0,zero,1
PC=0000021c [00000593] x11=00000210 x00=00000210 x00=00000210 addi    a1,zero,0
PC=00000220 [00a60733] x14=00000211 x12=00000000 x10=00000211 add     a4,a2,a0
PC=00000224 [00070813] x16=00000211 x14=00000211 x00=00000210 addi    a6,a4,0
PC=00000228 [00c83833] x16=00000000 x16=00000211 x12=00000000 sltu    a6,a6,a2
PC=0000022c [00b687b3] x15=00000210 x13=00000000 x11=00000210 add     a5,a3,a1
PC=00000230 [00f806b3] x13=00000210 x16=00000000 x15=00000210 add     a3,a6,a5
PC=00000234 [00068793] x15=00000210 x13=00000210 x00=00000210 addi    a5,a3,0
PC=00000238 [fee42423] x08=00500000 x08=00500000 x14=00000211 sw      a4,-24(s0)
PC=0000023c [fef42623] x12=00000000 x08=00500000 x15=00000210 sw      a5,-20(s0)
PC=00000240 [fe744783] x15=0000007b x08=00500000 x07=00000000 lbu     a5,-25(s0)
PC=00000244 [fff78713] x14=0000007a x15=0000007b x31=00000000 addi    a4,a5,-1
PC=00000248 [fee403a3] x07=00000000 x08=00500000 x14=0000007a sb      a4,-25(s0)
PC=0000024c [fc0792e3] x05=00000000 x15=0000007b x00=00000210 bne     a5,zero,-60
PC=00000210 [fe842603] x12=00000000 x08=00500000 x08=00500000 lw      a2,-24(s0)
PC=00000214 [fec42683] x13=00000000 x08=00500000 x12=00000000 lw      a3,-20(s0)
PC=00000218 [00100513] x10=00000211 x00=00000210 x01=000001e0 addi    a0,zero,1
PC=0000021c [00000593] x11=00000210 x00=00000210 x00=00000210 addi    a1,zero,0
PC=00000220 [00a60733] x14=00000211 x12=00000000 x10=00000211 add     a4,a2,a0
PC=00000224 [00070813] x16=00000211 x14=00000211 x00=00000210 addi    a6,a4,0
PC=00000228 [00c83833] x16=00000000 x16=00000211 x12=00000000 sltu    a6,a6,a2
PC=0000022c [00b687b3] x15=00000210 x13=00000000 x11=00000210 add     a5,a3,a1
PC=00000230 [00f806b3] x13=00000210 x16=00000000 x15=00000210 add     a3,a6,a5
PC=00000234 [00068793] x15=00000210 x13=00000210 x00=00000210 addi    a5,a3,0
PC=00000238 [fee42423] x08=00500000 x08=00500000 x14=00000211 sw      a4,-24(s0)
PC=0000023c [fef42623] x12=00000000 x08=00500000 x15=00000210 sw      a5,-20(s0)
PC=00000240 [fe744783] x15=0000007a x08=00500000 x07=00000000 lbu     a5,-25(s0)
PC=00000244 [fff78713] x14=00000079 x15=0000007a x31=00000000 addi    a4,a5,-1
PC=00000248 [fee403a3] x07=00000000 x08=00500000 x14=00000079 sb      a4,-25(s0)
PC=0000024c [fc0792e3] x05=00000000 x15=0000007a x00=00000210 bne     a5,zero,-60
PC=00000210 [fe842603] x12=00000000 x08=00500000 x08=00500000 lw      a2,-24(s0)
PC=00000214 [fec42683] x13=00000000 x08=00500000 x12=00000000 lw      a3,-20(s0)
PC=00000218 [00100513] x10=00000211 x00=00000210 x01=000001e0 addi    a0,zero,1
PC=0000021c [00000593] x11=00000210 x00=00000210 x00=00000210 addi    a1,zero,0
PC=00000220 [00a60733] x14=00000211 x12=00000000 x10=00000211 add     a4,a2,a0
PC=00000224 [00070813] x16=00000211 x14=00000211 x00=00000210 addi    a6,a4,0
PC=00000228 [00c83833] x16=00000000 x16=00000211 x12=00000000 sltu    a6,a6,a2
PC=0000022c [00b687b3] x15=00000210 x13=00000000 x11=00000210 add     a5,a3,a1
PC=00000230 [00f806b3] x13=00000210 x16=00000000 x15=00000210 add     a3,a6,a5
PC=00000234 [00068793] x15=00000210 x13=00000210 x00=00000210 addi    a5,a3,0
PC=00000238 [fee42423] x08=00500000 x08=00500000 x14=00000211 sw      a4,-24(s0)
PC=0000023c [fef42623] x12=00000000 x08=00500000 x15=00000210 sw      a5,-20(s0)
PC=00000240 [fe744783] x15=00000079 x08=00500000 x07=00000000 lbu     a5,-25(s0)
PC=00000244 [fff78713] x14=00000078 x15=00000079 x31=00000000 addi    a4,a5,-1
PC=00000248 [fee403a3] x07=00000000 x08=00500000 x14=00000078 sb      a4,-25(s0)
PC=0000024c [fc0792e3] x05=00000000 x15=00000079 x00=00000210 bne     a5,zero,-60
PC=00000210 [fe842603] x12=00000000 x08=00500000 x08=00500000 lw      a2,-24(s0)
PC=00000214 [fec42683] x13=00000000 x08=00500000 x12=00000000 lw      a3,-20(s0)
PC=00000218 [00100513] x10=00000211 x00=00000210 x01=000001e0 addi    a0,zero,1
PC=0000021c [00000593] x11=00000210 x00=00000210 x00=00000210 addi    a1,zero,0
PC=00000220 [00a60733] x14=00000211 x12=00000000 x10=00000211 add     a4,a2,a0
PC=00000224 [00070813] x16=00000211 x14=00000211 x00=00000210 addi    a6,a4,0
PC=00000228 [00c83833] x16=00000000 x16=00000211 x12=00000000 sltu    a6,a6,a2
PC=0000022c [00b687b3] x15=00000210 x13=00000000 x11=00000210 add     a5,a3,a1
PC=00000230 [00f806b3] x13=00000210 x16=00000000 x15=00000210 add     a3,a6,a5
PC=00000234 [00068793] x15=00000210 x13=00000210 x00=00000210 addi    a5,a3,0
PC=00000238 [fee42423] x08=00500000 x08=00500000 x14=00000211 sw      a4,-24(s0)
PC=0000023c [fef42623] x12=00000000 x08=00500000 x15=00000210 sw      a5,-20(s0)
PC=00000240 [fe744783] x15=00000078 x08=00500000 x07=00000000 lbu     a5,-25(s0)
PC=00000244 [fff78713] x14=00000077 x15=00000078 x31=00000000 addi    a4,a5,-1
PC=00000248 [fee403a3] x07=00000000 x08=00500000 x14=00000077 sb      a4,-25(s0)
PC=0000024c [fc0792e3] x05=00000000 x15=00000078 x00=00000210 bne     a5,zero,-60
PC=00000210 [fe842603] x12=00000000 x08=00500000 x08=00500000 lw      a2,-24(s0)
PC=00000214 [fec42683] x13=00000000 x08=00500000 x12=00000000 lw      a3,-20(s0)
PC=00000218 [00100513] x10=00000211 x00=00000210 x01=000001e0 addi    a0,zero,1
PC=0000021c [00000593] x11=00000210 x00=00000210 x00=00000210 addi    a1,zero,0
PC=00000220 [00a60733] x14=00000211 x12=00000000 x10=00000211 add     a4,a2,a0
PC=00000224 [00070813] x16=00000211 x14=00000211 x00=00000210 addi    a6,a4,0
PC=00000228 [00c83833] x16=00000000 x16=00000211 x12=00000000 sltu    a6,a6,a2
PC=0000022c [00b687b3] x15=00000210 x13=00000000 x11=00000210 add     a5,a3,a1
PC=00000230 [00f806b3] x13=00000210 x16=00000000 x15=00000210 add     a3,a6,a5
PC=00000234 [00068793] x15=00000210 x13=00000210 x00=00000210 addi    a5,a3,0
PC=00000238 [fee42423] x08=00500000 x08=00500000 x14=00000211 sw      a4,-24(s0)
PC=0000023c [fef42623] x12=00000000 x08=00500000 x15=00000210 sw      a5,-20(s0)
PC=00000240 [fe744783] x15=00000077 x08=00500000 x07=00000000 lbu     a5,-25(s0)
PC=00000244 [fff78713] x14=00000076 x15=00000077 x31=00000000 addi    a4,a5,-1
PC=00000248 [fee403a3] x07=00000000 x08=00500000 x14=00000076 sb      a4,-25(s0)
PC=0000024c [fc0792e3] x05=00000000 x15=00000077 x00=00000210 bne     a5,zero,-60
PC=00000210 [fe842603] x12=00000000 x08=00500000 x08=00500000 lw      a2,-24(s0)
PC=00000214 [fec42683] x13=00000000 x08=00500000 x12=00000000 lw      a3,-20(s0)
PC=00000218 [00100513] x10=00000211 x00=00000210 x01=000001e0 addi    a0,zero,1
PC=0000021c [00000593] x11=00000210 x00=00000210 x00=00000210 addi    a1,zero,0
PC=00000220 [00a60733] x14=00000211 x12=00000000 x10=00000211 add     a4,a2,a0
PC=00000224 [00070813] x16=00000211 x14=00000211 x00=00000210 addi    a6,a4,0
PC=00000228 [00c83833] x16=00000000 x16=00000211 x12=00000000 sltu    a6,a6,a2
PC=0000022c [00b687b3] x15=00000210 x13=00000000 x11=00000210 add     a5,a3,a1
PC=00000230 [00f806b3] x13=00000210 x16=00000000 x15=00000210 add     a3,a6,a5
PC=00000234 [00068793] x15=00000210 x13=00000210 x00=00000210 addi    a5,a3,0
PC=00000238 [fee42423] x08=00500000 x08=00500000 x14=00000211 sw      a4,-24(s0)
PC=0000023c [fef42623] x12=00000000 x08=00500000 x15=00000210 sw      a5,-20(s0)
PC=00000240 [fe744783] x15=00000076 x08=00500000 x07=00000000 lbu     a5,-25(s0)
PC=00000244 [fff78713] x14=00000075 x15=00000076 x31=00000000 addi    a4,a5,-1
PC=00000248 [fee403a3] x07=00000000 x08=00500000 x14=00000075 sb      a4,-25(s0)
PC=0000024c [fc0792e3] x05=00000000 x15=00000076 x00=00000210 bne     a5,zero,-60
PC=00000210 [fe842603] x12=00000000 x08=00500000 x08=00500000 lw      a2,-24(s0)
PC=00000214 [fec42683] x13=00000000 x08=00500000 x12=00000000 lw      a3,-20(s0)
PC=00000218 [00100513] x10=00000211 x00=00000210 x01=000001e0 addi    a0,zero,1
PC=0000021c [00000593] x11=00000210 x00=00000210 x00=00000210 addi    a1,zero,0
PC=00000220 [00a60733] x14=00000211 x12=00000000 x10=00000211 add     a4,a2,a0
PC=00000224 [00070813] x16=00000211 x14=00000211 x00=00000210 addi    a6,a4,0
PC=00000228 [00c83833] x16=00000000 x16=00000211 x12=00000000 sltu    a6,a6,a2
PC=0000022c [00b687b3] x15=00000210 x13=00000000 x11=00000210 add     a5,a3,a1
PC=00000230 [00f806b3] x13=00000210 x16=00000000 x15=00000210 add     a3,a6,a5
PC=00000234 [00068793] x15=00000210 x13=00000210 x00=00000210 addi    a5,a3,0
PC=00000238 [fee42423] x08=00500000 x08=00500000 x14=00000211 sw      a4,-24(s0)
PC=0000023c [fef42623] x12=00000000 x08=00500000 x15=00000210 sw      a5,-20(s0)
PC=00000240 [fe744783] x15=00000075 x08=00500000 x07=00000000 lbu     a5,-25(s0)
PC=00000244 [fff78713] x14=00000074 x15=00000075 x31=00000000 addi    a4,a5,-1
PC=00000248 [fee403a3] x07=00000000 x08=00500000 x14=00000074 sb      a4,-25(s0)
PC=0000024c [fc0792e3] x05=00000000 x15=00000075 x00=00000210 bne     a5,zero,-60
PC=00000210 [fe842603] x12=00000000 x08=00500000 x08=00500000 lw      a2,-24(s0)
PC=00000214 [fec42683] x13=00000000 x08=00500000 x12=00000000 lw      a3,-20(s0)
PC=00000218 [00100513] x10=00000211 x00=00000210 x01=000001e0 addi    a0,zero,1
PC=0000021c [00000593] x11=00000210 x00=00000210 x00=00000210 addi    a1,zero,0
PC=00000220 [00a60733] x14=00000211 x12=00000000 x10=00000211 add     a4,a2,a0
PC=00000224 [00070813] x16=00000211 x14=00000211 x00=00000210 addi    a6,a4,0
PC=00000228 [00c83833] x16=00000000 x16=00000211 x12=00000000 sltu    a6,a6,a2
PC=0000022c [00b687b3] x15=00000210 x13=00000000 x11=00000210 add     a5,a3,a1
PC=00000230 [00f806b3] x13=00000210 x16=00000000 x15=00000210 add     a3,a6,a5
PC=00000234 [00068793] x15=00000210 x13=00000210 x00=00000210 addi    a5,a3,0
PC=00000238 [fee42423] x08=00500000 x08=00500000 x14=00000211 sw      a4,-24(s0)
PC=0000023c [fef42623] x12=00000000 x08=00500000 x15=00000210 sw      a5,-20(s0)
PC=00000240 [fe744783] x15=00000074 x08=00500000 x07=00000000 lbu     a5,-25(s0)
PC=00000244 [fff78713] x14=00000073 x15=00000074 x31=00000000 addi    a4,a5,-1
PC=00000248 [fee403a3] x07=00000000 x08=00500000 x14=00000073 sb      a4,-25(s0)
PC=0000024c [fc0792e3] x05=00000000 x15=00000074 x00=00000210 bne     a5,zero,-60
PC=00000210 [fe842603] x12=00000000 x08=00500000 x08=00500000 lw      a2,-24(s0)
PC=00000214 [fec42683] x13=00000000 x08=00500000 x12=00000000 lw      a3,-20(s0)
PC=00000218 [00100513] x10=00000211 x00=00000210 x01=000001e0 addi    a0,zero,1
PC=0000021c [00000593] x11=00000210 x00=00000210 x00=00000210 addi    a1,zero,0
PC=00000220 [00a60733] x14=00000211 x12=00000000 x10=00000211 add     a4,a2,a0
PC=00000224 [00070813] x16=00000211 x14=00000211 x00=00000210 addi    a6,a4,0
PC=00000228 [00c83833] x16=00000000 x16=00000211 x12=00000000 sltu    a6,a6,a2
PC=0000022c [00b687b3] x15=00000210 x13=00000000 x11=00000210 add     a5,a3,a1
PC=00000230 [00f806b3] x13=00000210 x16=00000000 x15=00000210 add     a3,a6,a5
PC=00000234 [00068793] x15=00000210 x13=00000210 x00=00000210 addi    a5,a3,0
PC=00000238 [fee42423] x08=00500000 x08=00500000 x14=00000211 sw      a4,-24(s0)
PC=0000023c [fef42623] x12=00000000 x08=00500000 x15=00000210 sw      a5,-20(s0)
PC=00000240 [fe744783] x15=00000073 x08=00500000 x07=00000000 lbu     a5,-25(s0)
PC=00000244 [fff78713] x14=00000072 x15=00000073 x31=00000000 addi    a4,a5,-1
PC=00000248 [fee403a3] x07=00000000 x08=00500000 x14=00000072 sb      a4,-25(s0)
PC=0000024c [fc0792e3] x05=00000000 x15=00000073 x00=00000210 bne     a5,zero,-60
PC=00000210 [fe842603] x12=00000000 x08=00500000 x08=00500000 lw      a2,-24(s0)
PC=00000214 [fec42683] x13=00000000 x08=00500000 x12=00000000 lw      a3,-20(s0)
PC=00000218 [00100513] x10=00000211 x00=00000210 x01=000001e0 addi    a0,zero,1
PC=0000021c [00000593] x11=00000210 x00=00000210 x00=00000210 addi    a1,zero,0
PC=00000220 [00a60733] x14=00000211 x12=00000000 x10=00000211 add     a4,a2,a0
PC=00000224 [00070813] x16=00000211 x14=00000211 x00=00000210 addi    a6,a4,0
PC=00000228 [00c83833] x16=00000000 x16=00000211 x12=00000000 sltu    a6,a6,a2
PC=0000022c [00b687b3] x15=00000210 x13=00000000 x11=00000210 add     a5,a3,a1
PC=00000230 [00f806b3] x13=00000210 x16=00000000 x15=00000210 add     a3,a6,a5
PC=00000234 [00068793] x15=00000210 x13=00000210 x00=00000210 addi    a5,a3,0
PC=00000238 [fee42423] x08=00500000 x08=00500000 x14=00000211 sw      a4,-24(s0)
PC=0000023c [fef42623] x12=00000000 x08=00500000 x15=00000210 sw      a5,-20(s0)
PC=00000240 [fe744783] x15=00000072 x08=00500000 x07=00000000 lbu     a5,-25(s0)
PC=00000244 [fff78713] x14=00000071 x15=00000072 x31=00000000 addi    a4,a5,-1
PC=00000248 [fee403a3] x07=00000000 x08=00500000 x14=00000071 sb      a4,-25(s0)
PC=0000024c [fc0792e3] x05=00000000 x15=00000072 x00=00000210 bne     a5,zero,-60
PC=00000210 [fe842603] x12=00000000 x08=00500000 x08=00500000 lw      a2,-24(s0)
PC=00000214 [fec42683] x13=00000000 x08=00500000 x12=00000000 lw      a3,-20(s0)
PC=00000218 [00100513] x10=00000211 x00=00000210 x01=000001e0 addi    a0,zero,1
PC=0000021c [00000593] x11=00000210 x00=00000210 x00=00000210 addi    a1,zero,0
PC=00000220 [00a60733] x14=00000211 x12=00000000 x10=00000211 add     a4,a2,a0
PC=00000224 [00070813] x16=00000211 x14=00000211 x00=00000210 addi    a6,a4,0
PC=00000228 [00c83833] x16=00000000 x16=00000211 x12=00000000 sltu    a6,a6,a2
PC=0000022c [00b687b3] x15=00000210 x13=00000000 x11=00000210 add     a5,a3,a1
PC=00000230 [00f806b3] x13=00000210 x16=00000000 x15=00000210 add     a3,a6,a5
PC=00000234 [00068793] x15=00000210 x13=00000210 x00=00000210 addi    a5,a3,0
PC=00000238 [fee42423] x08=00500000 x08=00500000 x14=00000211 sw      a4,-24(s0)
PC=0000023c [fef42623] x12=00000000 x08=00500000 x15=00000210 sw      a5,-20(s0)
PC=00000240 [fe744783] x15=00000071 x08=00500000 x07=00000000 lbu     a5,-25(s0)
PC=00000244 [fff78713] x14=00000070 x15=00000071 x31=00000000 addi    a4,a5,-1
PC=00000248 [fee403a3] x07=00000000 x08=00500000 x14=00000070 sb      a4,-25(s0)
PC=0000024c [fc0792e3] x05=00000000 x15=00000071 x00=00000210 bne     a5,zero,-60
PC=00000210 [fe842603] x12=00000000 x08=00500000 x08=00500000 lw      a2,-24(s0)
PC=00000214 [fec42683] x13=00000000 x08=00500000 x12=00000000 lw      a3,-20(s0)
PC=00000218 [00100513] x10=00000211 x00=00000210 x01=000001e0 addi    a0,zero,1
PC=0000021c [00000593] x11=00000210 x00=00000210 x00=00000210 addi    a1,zero,0
PC=00000220 [00a60733] x14=00000211 x12=00000000 x10=00000211 add     a4,a2,a0
PC=00000224 [00070813] x16=00000211 x14=00000211 x00=00000210 addi    a6,a4,0
PC=00000228 [00c83833] x16=00000000 x16=00000211 x12=00000000 sltu    a6,a6,a2
PC=0000022c [00b687b3] x15=00000210 x13=00000000 x11=00000210 add     a5,a3,a1
PC=00000230 [00f806b3] x13=00000210 x16=00000000 x15=00000210 add     a3,a6,a5
PC=00000234 [00068793] x15=00000210 x13=00000210 x00=00000210 addi    a5,a3,0
PC=00000238 [fee42423] x08=00500000 x08=00500000 x14=00000211 sw      a4,-24(s0)
PC=0000023c [fef42623] x12=00000000 x08=00500000 x15=00000210 sw      a5,-20(s0)
PC=00000240 [fe744783] x15=00000070 x08=00500000 x07=00000000 lbu     a5,-25(s0)
PC=00000244 [fff78713] x14=0000006f x15=00000070 x31=00000000 addi    a4,a5,-1
PC=00000248 [fee403a3] x07=00000000 x08=00500000 x14=0000006f sb      a4,-25(s0)
PC=0000024c [fc0792e3] x05=00000000 x15=00000070 x00=00000210 bne     a5,zero,-60
PC=00000210 [fe842603] x12=00000000 x08=00500000 x08=00500000 lw      a2,-24(s0)
PC=00000214 [fec42683] x13=00000000 x08=00500000 x12=00000000 lw      a3,-20(s0)
PC=00000218 [00100513] x10=00000211 x00=00000210 x01=000001e0 addi    a0,zero,1
PC=0000021c [00000593] x11=00000210 x00=00000210 x00=00000210 addi    a1,zero,0
PC=00000220 [00a60733] x14=00000211 x12=00000000 x10=00000211 add     a4,a2,a0
PC=00000224 [00070813] x16=00000211 x14=00000211 x00=00000210 addi    a6,a4,0
PC=00000228 [00c83833] x16=00000000 x16=00000211 x12=00000000 sltu    a6,a6,a2
PC=0000022c [00b687b3] x15=00000210 x13=00000000 x11=00000210 add     a5,a3,a1
PC=00000230 [00f806b3] x13=00000210 x16=00000000 x15=00000210 add     a3,a6,a5
PC=00000234 [00068793] x15=00000210 x13=00000210 x00=00000210 addi    a5,a3,0
PC=00000238 [fee42423] x08=00500000 x08=00500000 x14=00000211 sw      a4,-24(s0)
PC=0000023c [fef42623] x12=00000000 x08=00500000 x15=00000210 sw      a5,-20(s0)
PC=00000240 [fe744783] x15=0000006f x08=00500000 x07=00000000 lbu     a5,-25(s0)
PC=00000244 [fff78713] x14=0000006e x15=0000006f x31=00000000 addi    a4,a5,-1
PC=00000248 [fee403a3] x07=00000000 x08=00500000 x14=0000006e sb      a4,-25(s0)
PC=0000024c [fc0792e3] x05=00000000 x15=0000006f x00=00000210 bne     a5,zero,-60
PC=00000210 [fe842603] x12=00000000 x08=00500000 x08=00500000 lw      a2,-24(s0)
PC=00000214 [fec42683] x13=00000000 x08=00500000 x12=00000000 lw      a3,-20(s0)
PC=00000218 [00100513] x10=00000211 x00=00000210 x01=000001e0 addi    a0,zero,1
PC=0000021c [00000593] x11=00000210 x00=00000210 x00=00000210 addi    a1,zero,0
PC=00000220 [00a60733] x14=00000211 x12=00000000 x10=00000211 add     a4,a2,a0
PC=00000224 [00070813] x16=00000211 x14=00000211 x00=00000210 addi    a6,a4,0
PC=00000228 [00c83833] x16=00000000 x16=00000211 x12=00000000 sltu    a6,a6,a2
PC=0000022c [00b687b3] x15=00000210 x13=00000000 x11=00000210 add     a5,a3,a1
PC=00000230 [00f806b3] x13=00000210 x16=00000000 x15=00000210 add     a3,a6,a5
PC=00000234 [00068793] x15=00000210 x13=00000210 x00=00000210 addi    a5,a3,0
PC=00000238 [fee42423] x08=00500000 x08=00500000 x14=00000211 sw      a4,-24(s0)
PC=0000023c [fef42623] x12=00000000 x08=00500000 x15=00000210 sw      a5,-20(s0)
PC=00000240 [fe744783] x15=0000006e x08=00500000 x07=00000000 lbu     a5,-25(s0)
PC=00000244 [fff78713] x14=0000006d x15=0000006e x31=00000000 addi    a4,a5,-1
PC=00000248 [fee403a3] x07=00000000 x08=00500000 x14=0000006d sb      a4,-25(s0)
PC=0000024c [fc0792e3] x05=00000000 x15=0000006e x00=00000210 bne     a5,zero,-60
PC=00000210 [fe842603] x12=00000000 x08=00500000 x08=00500000 lw      a2,-24(s0)
PC=00000214 [fec42683] x13=00000000 x08=00500000 x12=00000000 lw      a3,-20(s0)
PC=00000218 [00100513] x10=00000211 x00=00000210 x01=000001e0 addi    a0,zero,1
PC=0000021c [00000593] x11=00000210 x00=00000210 x00=00000210 addi    a1,zero,0
PC=00000220 [00a60733] x14=00000211 x12=00000000 x10=00000211 add     a4,a2,a0
PC=00000224 [00070813] x16=00000211 x14=00000211 x00=00000210 addi    a6,a4,0
PC=00000228 [00c83833] x16=00000000 x16=00000211 x12=00000000 sltu    a6,a6,a2
PC=0000022c [00b687b3] x15=00000210 x13=00000000 x11=00000210 add     a5,a3,a1
PC=00000230 [00f806b3] x13=00000210 x16=00000000 x15=00000210 add     a3,a6,a5
PC=00000234 [00068793] x15=00000210 x13=00000210 x00=00000210 addi    a5,a3,0
PC=00000238 [fee42423] x08=00500000 x08=00500000 x14=00000211 sw      a4,-24(s0)
PC=0000023c [fef42623] x12=00000000 x08=00500000 x15=00000210 sw      a5,-20(s0)
PC=00000240 [fe744783] x15=0000006d x08=00500000 x07=00000000 lbu     a5,-25(s0)
PC=00000244 [fff78713] x14=0000006c x15=0000006d x31=00000000 addi    a4,a5,-1
PC=00000248 [fee403a3] x07=00000000 x08=00500000 x14=0000006c sb      a4,-25(s0)
PC=0000024c [fc0792e3] x05=00000000 x15=0000006d x00=00000210 bne     a5,zero,-60
PC=00000210 [fe842603] x12=00000000 x08=00500000 x08=00500000 lw      a2,-24(s0)
PC=00000214 [fec42683] x13=00000000 x08=00500000 x12=00000000 lw      a3,-20(s0)
PC=00000218 [00100513] x10=00000211 x00=00000210 x01=000001e0 addi    a0,zero,1
PC=0000021c [00000593] x11=00000210 x00=00000210 x00=00000210 addi    a1,zero,0
PC=00000220 [00a60733] x14=00000211 x12=00000000 x10=00000211 add     a4,a2,a0
PC=00000224 [00070813] x16=00000211 x14=00000211 x00=00000210 addi    a6,a4,0
PC=00000228 [00c83833] x16=00000000 x16=00000211 x12=00000000 sltu    a6,a6,a2
PC=0000022c [00b687b3] x15=00000210 x13=00000000 x11=00000210 add     a5,a3,a1
PC=00000230 [00f806b3] x13=00000210 x16=00000000 x15=00000210 add     a3,a6,a5
PC=00000234 [00068793] x15=00000210 x13=00000210 x00=00000210 addi    a5,a3,0
PC=00000238 [fee42423] x08=00500000 x08=00500000 x14=00000211 sw      a4,-24(s0)
PC=0000023c [fef42623] x12=00000000 x08=00500000 x15=00000210 sw      a5,-20(s0)
PC=00000240 [fe744783] x15=0000006c x08=00500000 x07=00000000 lbu     a5,-25(s0)
PC=00000244 [fff78713] x14=0000006b x15=0000006c x31=00000000 addi    a4,a5,-1
PC=00000248 [fee403a3] x07=00000000 x08=00500000 x14=0000006b sb      a4,-25(s0)
PC=0000024c [fc0792e3] x05=00000000 x15=0000006c x00=00000210 bne     a5,zero,-60
PC=00000210 [fe842603] x12=00000000 x08=00500000 x08=00500000 lw      a2,-24(s0)
PC=00000214 [fec42683] x13=00000000 x08=00500000 x12=00000000 lw      a3,-20(s0)
PC=00000218 [00100513] x10=00000211 x00=00000210 x01=000001e0 addi    a0,zero,1
PC=0000021c [00000593] x11=00000210 x00=00000210 x00=00000210 addi    a1,zero,0
PC=00000220 [00a60733] x14=00000211 x12=00000000 x10=00000211 add     a4,a2,a0
PC=00000224 [00070813] x16=00000211 x14=00000211 x00=00000210 addi    a6,a4,0
PC=00000228 [00c83833] x16=00000000 x16=00000211 x12=00000000 sltu    a6,a6,a2
PC=0000022c [00b687b3] x15=00000210 x13=00000000 x11=00000210 add     a5,a3,a1
PC=00000230 [00f806b3] x13=00000210 x16=00000000 x15=00000210 add     a3,a6,a5
PC=00000234 [00068793] x15=00000210 x13=00000210 x00=00000210 addi    a5,a3,0
PC=00000238 [fee42423] x08=00500000 x08=00500000 x14=00000211 sw      a4,-24(s0)
PC=0000023c [fef42623] x12=00000000 x08=00500000 x15=00000210 sw      a5,-20(s0)
PC=00000240 [fe744783] x15=0000006b x08=00500000 x07=00000000 lbu     a5,-25(s0)
PC=00000244 [fff78713] x14=0000006a x15=0000006b x31=00000000 addi    a4,a5,-1
PC=00000248 [fee403a3] x07=00000000 x08=00500000 x14=0000006a sb      a4,-25(s0)
PC=0000024c [fc0792e3] x05=00000000 x15=0000006b x00=00000210 bne     a5,zero,-60
PC=00000210 [fe842603] x12=00000000 x08=00500000 x08=00500000 lw      a2,-24(s0)
PC=00000214 [fec42683] x13=00000000 x08=00500000 x12=00000000 lw      a3,-20(s0)
PC=00000218 [00100513] x10=00000211 x00=00000210 x01=000001e0 addi    a0,zero,1
PC=0000021c [00000593] x11=00000210 x00=00000210 x00=00000210 addi    a1,zero,0
PC=00000220 [00a60733] x14=00000211 x12=00000000 x10=00000211 add     a4,a2,a0
PC=00000224 [00070813] x16=00000211 x14=00000211 x00=00000210 addi    a6,a4,0
PC=00000228 [00c83833] x16=00000000 x16=00000211 x12=00000000 sltu    a6,a6,a2
PC=0000022c [00b687b3] x15=00000210 x13=00000000 x11=00000210 add     a5,a3,a1
PC=00000230 [00f806b3] x13=00000210 x16=00000000 x15=00000210 add     a3,a6,a5
PC=00000234 [00068793] x15=00000210 x13=00000210 x00=00000210 addi    a5,a3,0
PC=00000238 [fee42423] x08=00500000 x08=00500000 x14=00000211 sw      a4,-24(s0)
PC=0000023c [fef42623] x12=00000000 x08=00500000 x15=00000210 sw      a5,-20(s0)
PC=00000240 [fe744783] x15=0000006a x08=00500000 x07=00000000 lbu     a5,-25(s0)
PC=00000244 [fff78713] x14=00000069 x15=0000006a x31=00000000 addi    a4,a5,-1
PC=00000248 [fee403a3] x07=00000000 x08=00500000 x14=00000069 sb      a4,-25(s0)
PC=0000024c [fc0792e3] x05=00000000 x15=0000006a x00=00000210 bne     a5,zero,-60
PC=00000210 [fe842603] x12=00000000 x08=00500000 x08=00500000 lw      a2,-24(s0)
PC=00000214 [fec42683] x13=00000000 x08=00500000 x12=00000000 lw      a3,-20(s0)
PC=00000218 [00100513] x10=00000211 x00=00000210 x01=000001e0 addi    a0,zero,1
PC=0000021c [00000593] x11=00000210 x00=00000210 x00=00000210 addi    a1,zero,0
PC=00000220 [00a60733] x14=00000211 x12=00000000 x10=00000211 add     a4,a2,a0
PC=00000224 [00070813] x16=00000211 x14=00000211 x00=00000210 addi    a6,a4,0
PC=00000228 [00c83833] x16=00000000 x16=00000211 x12=00000000 sltu    a6,a6,a2
PC=0000022c [00b687b3] x15=00000210 x13=00000000 x11=00000210 add     a5,a3,a1
PC=00000230 [00f806b3] x13=00000210 x16=00000000 x15=00000210 add     a3,a6,a5
PC=00000234 [00068793] x15=00000210 x13=00000210 x00=00000210 addi    a5,a3,0
PC=00000238 [fee42423] x08=00500000 x08=00500000 x14=00000211 sw      a4,-24(s0)
PC=0000023c [fef42623] x12=00000000 x08=00500000 x15=00000210 sw      a5,-20(s0)
PC=00000240 [fe744783] x15=00000069 x08=00500000 x07=00000000 lbu     a5,-25(s0)
PC=00000244 [fff78713] x14=00000068 x15=00000069 x31=00000000 addi    a4,a5,-1
PC=00000248 [fee403a3] x07=00000000 x08=00500000 x14=00000068 sb      a4,-25(s0)
PC=0000024c [fc0792e3] x05=00000000 x15=00000069 x00=00000210 bne     a5,zero,-60
PC=00000210 [fe842603] x12=00000000 x08=00500000 x08=00500000 lw      a2,-24(s0)
PC=00000214 [fec42683] x13=00000000 x08=00500000 x12=00000000 lw      a3,-20(s0)
PC=00000218 [00100513] x10=00000211 x00=00000210 x01=000001e0 addi    a0,zero,1
PC=0000021c [00000593] x11=00000210 x00=00000210 x00=00000210 addi    a1,zero,0
PC=00000220 [00a60733] x14=00000211 x12=00000000 x10=00000211 add     a4,a2,a0
PC=00000224 [00070813] x16=00000211 x14=00000211 x00=00000210 addi    a6,a4,0
PC=00000228 [00c83833] x16=00000000 x16=00000211 x12=00000000 sltu    a6,a6,a2
PC=0000022c [00b687b3] x15=00000210 x13=00000000 x11=00000210 add     a5,a3,a1
PC=00000230 [00f806b3] x13=00000210 x16=00000000 x15=00000210 add     a3,a6,a5
PC=00000234 [00068793] x15=00000210 x13=00000210 x00=00000210 addi    a5,a3,0
PC=00000238 [fee42423] x08=00500000 x08=00500000 x14=00000211 sw      a4,-24(s0)
PC=0000023c [fef42623] x12=00000000 x08=00500000 x15=00000210 sw      a5,-20(s0)
PC=00000240 [fe744783] x15=00000068 x08=00500000 x07=00000000 lbu     a5,-25(s0)
PC=00000244 [fff78713] x14=00000067 x15=00000068 x31=00000000 addi    a4,a5,-1
PC=00000248 [fee403a3] x07=00000000 x08=00500000 x14=00000067 sb      a4,-25(s0)
PC=0000024c [fc0792e3] x05=00000000 x15=00000068 x00=00000210 bne     a5,zero,-60
PC=00000210 [fe842603] x12=00000000 x08=00500000 x08=00500000 lw      a2,-24(s0)
PC=00000214 [fec42683] x13=00000000 x08=00500000 x12=00000000 lw      a3,-20(s0)
PC=00000218 [00100513] x10=00000211 x00=00000210 x01=000001e0 addi    a0,zero,1
PC=0000021c [00000593] x11=00000210 x00=00000210 x00=00000210 addi    a1,zero,0
PC=00000220 [00a60733] x14=00000211 x12=00000000 x10=00000211 add     a4,a2,a0
PC=00000224 [00070813] x16=00000211 x14=00000211 x00=00000210 addi    a6,a4,0
PC=00000228 [00c83833] x16=00000000 x16=00000211 x12=00000000 sltu    a6,a6,a2
PC=0000022c [00b687b3] x15=00000210 x13=00000000 x11=00000210 add     a5,a3,a1
PC=00000230 [00f806b3] x13=00000210 x16=00000000 x15=00000210 add     a3,a6,a5
PC=00000234 [00068793] x15=00000210 x13=00000210 x00=00000210 addi    a5,a3,0
PC=00000238 [fee42423] x08=00500000 x08=00500000 x14=00000211 sw      a4,-24(s0)
PC=0000023c [fef42623] x12=00000000 x08=00500000 x15=00000210 sw      a5,-20(s0)
PC=00000240 [fe744783] x15=00000067 x08=00500000 x07=00000000 lbu     a5,-25(s0)
PC=00000244 [fff78713] x14=00000066 x15=00000067 x31=00000000 addi    a4,a5,-1
PC=00000248 [fee403a3] x07=00000000 x08=00500000 x14=00000066 sb      a4,-25(s0)
PC=0000024c [fc0792e3] x05=00000000 x15=00000067 x00=00000210 bne     a5,zero,-60
PC=00000210 [fe842603] x12=00000000 x08=00500000 x08=00500000 lw      a2,-24(s0)
PC=00000214 [fec42683] x13=00000000 x08=00500000 x12=00000000 lw      a3,-20(s0)
PC=00000218 [00100513] x10=00000211 x00=00000210 x01=000001e0 addi    a0,zero,1
PC=0000021c [00000593] x11=00000210 x00=00000210 x00=00000210 addi    a1,zero,0
PC=00000220 [00a60733] x14=00000211 x12=00000000 x10=00000211 add     a4,a2,a0
PC=00000224 [00070813] x16=00000211 x14=00000211 x00=00000210 addi    a6,a4,0
PC=00000228 [00c83833] x16=00000000 x16=00000211 x12=00000000 sltu    a6,a6,a2
PC=0000022c [00b687b3] x15=00000210 x13=00000000 x11=00000210 add     a5,a3,a1
PC=00000230 [00f806b3] x13=00000210 x16=00000000 x15=00000210 add     a3,a6,a5
PC=00000234 [00068793] x15=00000210 x13=00000210 x00=00000210 addi    a5,a3,0
PC=00000238 [fee42423] x08=00500000 x08=00500000 x14=00000211 sw      a4,-24(s0)
PC=0000023c [fef42623] x12=00000000 x08=00500000 x15=00000210 sw      a5,-20(s0)
PC=00000240 [fe744783] x15=00000066 x08=00500000 x07=00000000 lbu     a5,-25(s0)
PC=00000244 [fff78713] x14=00000065 x15=00000066 x31=00000000 addi    a4,a5,-1
PC=00000248 [fee403a3] x07=00000000 x08=00500000 x14=00000065 sb      a4,-25(s0)
PC=0000024c [fc0792e3] x05=00000000 x15=00000066 x00=00000210 bne     a5,zero,-60
PC=00000210 [fe842603] x12=00000000 x08=00500000 x08=00500000 lw      a2,-24(s0)
PC=00000214 [fec42683] x13=00000000 x08=00500000 x12=00000000 lw      a3,-20(s0)
PC=00000218 [00100513] x10=00000211 x00=00000210 x01=000001e0 addi    a0,zero,1
PC=0000021c [00000593] x11=00000210 x00=00000210 x00=00000210 addi    a1,zero,0
PC=00000220 [00a60733] x14=00000211 x12=00000000 x10=00000211 add     a4,a2,a0
PC=00000224 [00070813] x16=00000211 x14=00000211 x00=00000210 addi    a6,a4,0
PC=00000228 [00c83833] x16=00000000 x16=00000211 x12=00000000 sltu    a6,a6,a2
PC=0000022c [00b687b3] x15=00000210 x13=00000000 x11=00000210 add     a5,a3,a1
PC=00000230 [00f806b3] x13=00000210 x16=00000000 x15=00000210 add     a3,a6,a5
PC=00000234 [00068793] x15=00000210 x13=00000210 x00=00000210 addi    a5,a3,0
PC=00000238 [fee42423] x08=00500000 x08=00500000 x14=00000211 sw      a4,-24(s0)
PC=0000023c [fef42623] x12=00000000 x08=00500000 x15=00000210 sw      a5,-20(s0)
PC=00000240 [fe744783] x15=00000065 x08=00500000 x07=00000000 lbu     a5,-25(s0)
PC=00000244 [fff78713] x14=00000064 x15=00000065 x31=00000000 addi    a4,a5,-1
PC=00000248 [fee403a3] x07=00000000 x08=00500000 x14=00000064 sb      a4,-25(s0)
PC=0000024c [fc0792e3] x05=00000000 x15=00000065 x00=00000210 bne     a5,zero,-60
PC=00000210 [fe842603] x12=00000000 x08=00500000 x08=00500000 lw      a2,-24(s0)
PC=00000214 [fec42683] x13=00000000 x08=00500000 x12=00000000 lw      a3,-20(s0)
PC=00000218 [00100513] x10=00000211 x00=00000210 x01=000001e0 addi    a0,zero,1
PC=0000021c [00000593] x11=00000210 x00=00000210 x00=00000210 addi    a1,zero,0
PC=00000220 [00a60733] x14=00000211 x12=00000000 x10=00000211 add     a4,a2,a0
PC=00000224 [00070813] x16=00000211 x14=00000211 x00=00000210 addi    a6,a4,0
PC=00000228 [00c83833] x16=00000000 x16=00000211 x12=00000000 sltu    a6,a6,a2
PC=0000022c [00b687b3] x15=00000210 x13=00000000 x11=00000210 add     a5,a3,a1
PC=00000230 [00f806b3] x13=00000210 x16=00000000 x15=00000210 add     a3,a6,a5
PC=00000234 [00068793] x15=00000210 x13=00000210 x00=00000210 addi    a5,a3,0
PC=00000238 [fee42423] x08=00500000 x08=00500000 x14=00000211 sw      a4,-24(s0)
PC=0000023c [fef42623] x12=00000000 x08=00500000 x15=00000210 sw      a5,-20(s0)
PC=00000240 [fe744783] x15=00000064 x08=00500000 x07=00000000 lbu     a5,-25(s0)
PC=00000244 [fff78713] x14=00000063 x15=00000064 x31=00000000 addi    a4,a5,-1
PC=00000248 [fee403a3] x07=00000000 x08=00500000 x14=00000063 sb      a4,-25(s0)
PC=0000024c [fc0792e3] x05=00000000 x15=00000064 x00=00000210 bne     a5,zero,-60
PC=00000210 [fe842603] x12=00000000 x08=00500000 x08=00500000 lw      a2,-24(s0)
PC=00000214 [fec42683] x13=00000000 x08=00500000 x12=00000000 lw      a3,-20(s0)
PC=00000218 [00100513] x10=00000211 x00=00000210 x01=000001e0 addi    a0,zero,1
PC=0000021c [00000593] x11=00000210 x00=00000210 x00=00000210 addi    a1,zero,0
PC=00000220 [00a60733] x14=00000211 x12=00000000 x10=00000211 add     a4,a2,a0
PC=00000224 [00070813] x16=00000211 x14=00000211 x00=00000210 addi    a6,a4,0
PC=00000228 [00c83833] x16=00000000 x16=00000211 x12=00000000 sltu    a6,a6,a2
PC=0000022c [00b687b3] x15=00000210 x13=00000000 x11=00000210 add     a5,a3,a1
PC=00000230 [00f806b3] x13=00000210 x16=00000000 x15=00000210 add     a3,a6,a5
PC=00000234 [00068793] x15=00000210 x13=00000210 x00=00000210 addi    a5,a3,0
PC=00000238 [fee42423] x08=00500000 x08=00500000 x14=00000211 sw      a4,-24(s0)
PC=0000023c [fef42623] x12=00000000 x08=00500000 x15=00000210 sw      a5,-20(s0)
PC=00000240 [fe744783] x15=00000063 x08=00500000 x07=00000000 lbu     a5,-25(s0)
PC=00000244 [fff78713] x14=00000062 x15=00000063 x31=00000000 addi    a4,a5,-1
PC=00000248 [fee403a3] x07=00000000 x08=00500000 x14=00000062 sb      a4,-25(s0)
PC=0000024c [fc0792e3] x05=00000000 x15=00000063 x00=00000210 bne     a5,zero,-60
PC=00000210 [fe842603] x12=00000000 x08=00500000 x08=00500000 lw      a2,-24(s0)
PC=00000214 [fec42683] x13=00000000 x08=00500000 x12=00000000 lw      a3,-20(s0)
PC=00000218 [00100513] x10=00000211 x00=00000210 x01=000001e0 addi    a0,zero,1
PC=0000021c [00000593] x11=00000210 x00=00000210 x00=00000210 addi    a1,zero,0
PC=00000220 [00a60733] x14=00000211 x12=00000000 x10=00000211 add     a4,a2,a0
PC=00000224 [00070813] x16=00000211 x14=00000211 x00=00000210 addi    a6,a4,0
PC=00000228 [00c83833] x16=00000000 x16=00000211 x12=00000000 sltu    a6,a6,a2
PC=0000022c [00b687b3] x15=00000210 x13=00000000 x11=00000210 add     a5,a3,a1
PC=00000230 [00f806b3] x13=00000210 x16=00000000 x15=00000210 add     a3,a6,a5
PC=00000234 [00068793] x15=00000210 x13=00000210 x00=00000210 addi    a5,a3,0
PC=00000238 [fee42423] x08=00500000 x08=00500000 x14=00000211 sw      a4,-24(s0)
PC=0000023c [fef42623] x12=00000000 x08=00500000 x15=00000210 sw      a5,-20(s0)
PC=00000240 [fe744783] x15=00000062 x08=00500000 x07=00000000 lbu     a5,-25(s0)
PC=00000244 [fff78713] x14=00000061 x15=00000062 x31=00000000 addi    a4,a5,-1
PC=00000248 [fee403a3] x07=00000000 x08=00500000 x14=00000061 sb      a4,-25(s0)
PC=0000024c [fc0792e3] x05=00000000 x15=00000062 x00=00000210 bne     a5,zero,-60
PC=00000210 [fe842603] x12=00000000 x08=00500000 x08=00500000 lw      a2,-24(s0)
PC=00000214 [fec42683] x13=00000000 x08=00500000 x12=00000000 lw      a3,-20(s0)
PC=00000218 [00100513] x10=00000211 x00=00000210 x01=000001e0 addi    a0,zero,1
PC=0000021c [00000593] x11=00000210 x00=00000210 x00=00000210 addi    a1,zero,0
PC=00000220 [00a60733] x14=00000211 x12=00000000 x10=00000211 add     a4,a2,a0
PC=00000224 [00070813] x16=00000211 x14=00000211 x00=00000210 addi    a6,a4,0
PC=00000228 [00c83833] x16=00000000 x16=00000211 x12=00000000 sltu    a6,a6,a2
PC=0000022c [00b687b3] x15=00000210 x13=00000000 x11=00000210 add     a5,a3,a1
PC=00000230 [00f806b3] x13=00000210 x16=00000000 x15=00000210 add     a3,a6,a5
PC=00000234 [00068793] x15=00000210 x13=00000210 x00=00000210 addi    a5,a3,0
PC=00000238 [fee42423] x08=00500000 x08=00500000 x14=00000211 sw      a4,-24(s0)
PC=0000023c [fef42623] x12=00000000 x08=00500000 x15=00000210 sw      a5,-20(s0)
PC=00000240 [fe744783] x15=00000061 x08=00500000 x07=00000000 lbu     a5,-25(s0)
PC=00000244 [fff78713] x14=00000060 x15=00000061 x31=00000000 addi    a4,a5,-1
PC=00000248 [fee403a3] x07=00000000 x08=00500000 x14=00000060 sb      a4,-25(s0)
PC=0000024c [fc0792e3] x05=00000000 x15=00000061 x00=00000210 bne     a5,zero,-60
PC=00000210 [fe842603] x12=00000000 x08=00500000 x08=00500000 lw      a2,-24(s0)
PC=00000214 [fec42683] x13=00000000 x08=00500000 x12=00000000 lw      a3,-20(s0)
PC=00000218 [00100513] x10=00000211 x00=00000210 x01=000001e0 addi    a0,zero,1
PC=0000021c [00000593] x11=00000210 x00=00000210 x00=00000210 addi    a1,zero,0
PC=00000220 [00a60733] x14=00000211 x12=00000000 x10=00000211 add     a4,a2,a0
PC=00000224 [00070813] x16=00000211 x14=00000211 x00=00000210 addi    a6,a4,0
PC=00000228 [00c83833] x16=00000000 x16=00000211 x12=00000000 sltu    a6,a6,a2
PC=0000022c [00b687b3] x15=00000210 x13=00000000 x11=00000210 add     a5,a3,a1
PC=00000230 [00f806b3] x13=00000210 x16=00000000 x15=00000210 add     a3,a6,a5
PC=00000234 [00068793] x15=00000210 x13=00000210 x00=00000210 addi    a5,a3,0
PC=00000238 [fee42423] x08=00500000 x08=00500000 x14=00000211 sw      a4,-24(s0)
PC=0000023c [fef42623] x12=00000000 x08=00500000 x15=00000210 sw      a5,-20(s0)
PC=00000240 [fe744783] x15=00000060 x08=00500000 x07=00000000 lbu     a5,-25(s0)
PC=00000244 [fff78713] x14=0000005f x15=00000060 x31=00000000 addi    a4,a5,-1
PC=00000248 [fee403a3] x07=00000000 x08=00500000 x14=0000005f sb      a4,-25(s0)
PC=0000024c [fc0792e3] x05=00000000 x15=00000060 x00=00000210 bne     a5,zero,-60
PC=00000210 [fe842603] x12=00000000 x08=00500000 x08=00500000 lw      a2,-24(s0)
PC=00000214 [fec42683] x13=00000000 x08=00500000 x12=00000000 lw      a3,-20(s0)
PC=00000218 [00100513] x10=00000211 x00=00000210 x01=000001e0 addi    a0,zero,1
PC=0000021c [00000593] x11=00000210 x00=00000210 x00=00000210 addi    a1,zero,0
PC=00000220 [00a60733] x14=00000211 x12=00000000 x10=00000211 add     a4,a2,a0
PC=00000224 [00070813] x16=00000211 x14=00000211 x00=00000210 addi    a6,a4,0
PC=00000228 [00c83833] x16=00000000 x16=00000211 x12=00000000 sltu    a6,a6,a2
PC=0000022c [00b687b3] x15=00000210 x13=00000000 x11=00000210 add     a5,a3,a1
PC=00000230 [00f806b3] x13=00000210 x16=00000000 x15=00000210 add     a3,a6,a5
PC=00000234 [00068793] x15=00000210 x13=00000210 x00=00000210 addi    a5,a3,0
PC=00000238 [fee42423] x08=00500000 x08=00500000 x14=00000211 sw      a4,-24(s0)
PC=0000023c [fef42623] x12=00000000 x08=00500000 x15=00000210 sw      a5,-20(s0)
PC=00000240 [fe744783] x15=0000005f x08=00500000 x07=00000000 lbu     a5,-25(s0)
PC=00000244 [fff78713] x14=0000005e x15=0000005f x31=00000000 addi    a4,a5,-1
PC=00000248 [fee403a3] x07=00000000 x08=00500000 x14=0000005e sb      a4,-25(s0)
PC=0000024c [fc0792e3] x05=00000000 x15=0000005f x00=00000210 bne     a5,zero,-60
PC=00000210 [fe842603] x12=00000000 x08=00500000 x08=00500000 lw      a2,-24(s0)
PC=00000214 [fec42683] x13=00000000 x08=00500000 x12=00000000 lw      a3,-20(s0)
PC=00000218 [00100513] x10=00000211 x00=00000210 x01=000001e0 addi    a0,zero,1
PC=0000021c [00000593] x11=00000210 x00=00000210 x00=00000210 addi    a1,zero,0
PC=00000220 [00a60733] x14=00000211 x12=00000000 x10=00000211 add     a4,a2,a0
PC=00000224 [00070813] x16=00000211 x14=00000211 x00=00000210 addi    a6,a4,0
PC=00000228 [00c83833] x16=00000000 x16=00000211 x12=00000000 sltu    a6,a6,a2
PC=0000022c [00b687b3] x15=00000210 x13=00000000 x11=00000210 add     a5,a3,a1
PC=00000230 [00f806b3] x13=00000210 x16=00000000 x15=00000210 add     a3,a6,a5
PC=00000234 [00068793] x15=00000210 x13=00000210 x00=00000210 addi    a5,a3,0
PC=00000238 [fee42423] x08=00500000 x08=00500000 x14=00000211 sw      a4,-24(s0)
PC=0000023c [fef42623] x12=00000000 x08=00500000 x15=00000210 sw      a5,-20(s0)
PC=00000240 [fe744783] x15=0000005e x08=00500000 x07=00000000 lbu     a5,-25(s0)
PC=00000244 [fff78713] x14=0000005d x15=0000005e x31=00000000 addi    a4,a5,-1
PC=00000248 [fee403a3] x07=00000000 x08=00500000 x14=0000005d sb      a4,-25(s0)
PC=0000024c [fc0792e3] x05=00000000 x15=0000005e x00=00000210 bne     a5,zero,-60
PC=00000210 [fe842603] x12=00000000 x08=00500000 x08=00500000 lw      a2,-24(s0)
PC=00000214 [fec42683] x13=00000000 x08=00500000 x12=00000000 lw      a3,-20(s0)
PC=00000218 [00100513] x10=00000211 x00=00000210 x01=000001e0 addi    a0,zero,1
PC=0000021c [00000593] x11=00000210 x00=00000210 x00=00000210 addi    a1,zero,0
PC=00000220 [00a60733] x14=00000211 x12=00000000 x10=00000211 add     a4,a2,a0
PC=00000224 [00070813] x16=00000211 x14=00000211 x00=00000210 addi    a6,a4,0
PC=00000228 [00c83833] x16=00000000 x16=00000211 x12=00000000 sltu    a6,a6,a2
PC=0000022c [00b687b3] x15=00000210 x13=00000000 x11=00000210 add     a5,a3,a1
PC=00000230 [00f806b3] x13=00000210 x16=00000000 x15=00000210 add     a3,a6,a5
PC=00000234 [00068793] x15=00000210 x13=00000210 x00=00000210 addi    a5,a3,0
PC=00000238 [fee42423] x08=00500000 x08=00500000 x14=00000211 sw      a4,-24(s0)
PC=0000023c [fef42623] x12=00000000 x08=00500000 x15=00000210 sw      a5,-20(s0)
PC=00000240 [fe744783] x15=0000005d x08=00500000 x07=00000000 lbu     a5,-25(s0)
PC=00000244 [fff78713] x14=0000005c x15=0000005d x31=00000000 addi    a4,a5,-1
PC=00000248 [fee403a3] x07=00000000 x08=00500000 x14=0000005c sb      a4,-25(s0)
PC=0000024c [fc0792e3] x05=00000000 x15=0000005d x00=00000210 bne     a5,zero,-60
PC=00000210 [fe842603] x12=00000000 x08=00500000 x08=00500000 lw      a2,-24(s0)
PC=00000214 [fec42683] x13=00000000 x08=00500000 x12=00000000 lw      a3,-20(s0)
PC=00000218 [00100513] x10=00000211 x00=00000210 x01=000001e0 addi    a0,zero,1
PC=0000021c [00000593] x11=00000210 x00=00000210 x00=00000210 addi    a1,zero,0
PC=00000220 [00a60733] x14=00000211 x12=00000000 x10=00000211 add     a4,a2,a0
PC=00000224 [00070813] x16=00000211 x14=00000211 x00=00000210 addi    a6,a4,0
PC=00000228 [00c83833] x16=00000000 x16=00000211 x12=00000000 sltu    a6,a6,a2
PC=0000022c [00b687b3] x15=00000210 x13=00000000 x11=00000210 add     a5,a3,a1
PC=00000230 [00f806b3] x13=00000210 x16=00000000 x15=00000210 add     a3,a6,a5
PC=00000234 [00068793] x15=00000210 x13=00000210 x00=00000210 addi    a5,a3,0
PC=00000238 [fee42423] x08=00500000 x08=00500000 x14=00000211 sw      a4,-24(s0)
PC=0000023c [fef42623] x12=00000000 x08=00500000 x15=00000210 sw      a5,-20(s0)
PC=00000240 [fe744783] x15=0000005c x08=00500000 x07=00000000 lbu     a5,-25(s0)
PC=00000244 [fff78713] x14=0000005b x15=0000005c x31=00000000 addi    a4,a5,-1
PC=00000248 [fee403a3] x07=00000000 x08=00500000 x14=0000005b sb      a4,-25(s0)
PC=0000024c [fc0792e3] x05=00000000 x15=0000005c x00=00000210 bne     a5,zero,-60
PC=00000210 [fe842603] x12=00000000 x08=00500000 x08=00500000 lw      a2,-24(s0)
PC=00000214 [fec42683] x13=00000000 x08=00500000 x12=00000000 lw      a3,-20(s0)
PC=00000218 [00100513] x10=00000211 x00=00000210 x01=000001e0 addi    a0,zero,1
PC=0000021c [00000593] x11=00000210 x00=00000210 x00=00000210 addi    a1,zero,0
PC=00000220 [00a60733] x14=00000211 x12=00000000 x10=00000211 add     a4,a2,a0
PC=00000224 [00070813] x16=00000211 x14=00000211 x00=00000210 addi    a6,a4,0
PC=00000228 [00c83833] x16=00000000 x16=00000211 x12=00000000 sltu    a6,a6,a2
PC=0000022c [00b687b3] x15=00000210 x13=00000000 x11=00000210 add     a5,a3,a1
PC=00000230 [00f806b3] x13=00000210 x16=00000000 x15=00000210 add     a3,a6,a5
PC=00000234 [00068793] x15=00000210 x13=00000210 x00=00000210 addi    a5,a3,0
PC=00000238 [fee42423] x08=00500000 x08=00500000 x14=00000211 sw      a4,-24(s0)
PC=0000023c [fef42623] x12=00000000 x08=00500000 x15=00000210 sw      a5,-20(s0)
PC=00000240 [fe744783] x15=0000005b x08=00500000 x07=00000000 lbu     a5,-25(s0)
PC=00000244 [fff78713] x14=0000005a x15=0000005b x31=00000000 addi    a4,a5,-1
PC=00000248 [fee403a3] x07=00000000 x08=00500000 x14=0000005a sb      a4,-25(s0)
PC=0000024c [fc0792e3] x05=00000000 x15=0000005b x00=00000210 bne     a5,zero,-60
PC=00000210 [fe842603] x12=00000000 x08=00500000 x08=00500000 lw      a2,-24(s0)
PC=00000214 [fec42683] x13=00000000 x08=00500000 x12=00000000 lw      a3,-20(s0)
PC=00000218 [00100513] x10=00000211 x00=00000210 x01=000001e0 addi    a0,zero,1
PC=0000021c [00000593] x11=00000210 x00=00000210 x00=00000210 addi    a1,zero,0
PC=00000220 [00a60733] x14=00000211 x12=00000000 x10=00000211 add     a4,a2,a0
PC=00000224 [00070813] x16=00000211 x14=00000211 x00=00000210 addi    a6,a4,0
PC=00000228 [00c83833] x16=00000000 x16=00000211 x12=00000000 sltu    a6,a6,a2
PC=0000022c [00b687b3] x15=00000210 x13=00000000 x11=00000210 add     a5,a3,a1
PC=00000230 [00f806b3] x13=00000210 x16=00000000 x15=00000210 add     a3,a6,a5
PC=00000234 [00068793] x15=00000210 x13=00000210 x00=00000210 addi    a5,a3,0
PC=00000238 [fee42423] x08=00500000 x08=00500000 x14=00000211 sw      a4,-24(s0)
PC=0000023c [fef42623] x12=00000000 x08=00500000 x15=00000210 sw      a5,-20(s0)
PC=00000240 [fe744783] x15=0000005a x08=00500000 x07=00000000 lbu     a5,-25(s0)
PC=00000244 [fff78713] x14=00000059 x15=0000005a x31=00000000 addi    a4,a5,-1
PC=00000248 [fee403a3] x07=00000000 x08=00500000 x14=00000059 sb      a4,-25(s0)
PC=0000024c [fc0792e3] x05=00000000 x15=0000005a x00=00000210 bne     a5,zero,-60
PC=00000210 [fe842603] x12=00000000 x08=00500000 x08=00500000 lw      a2,-24(s0)
PC=00000214 [fec42683] x13=00000000 x08=00500000 x12=00000000 lw      a3,-20(s0)
PC=00000218 [00100513] x10=00000211 x00=00000210 x01=000001e0 addi    a0,zero,1
PC=0000021c [00000593] x11=00000210 x00=00000210 x00=00000210 addi    a1,zero,0
PC=00000220 [00a60733] x14=00000211 x12=00000000 x10=00000211 add     a4,a2,a0
PC=00000224 [00070813] x16=00000211 x14=00000211 x00=00000210 addi    a6,a4,0
PC=00000228 [00c83833] x16=00000000 x16=00000211 x12=00000000 sltu    a6,a6,a2
PC=0000022c [00b687b3] x15=00000210 x13=00000000 x11=00000210 add     a5,a3,a1
PC=00000230 [00f806b3] x13=00000210 x16=00000000 x15=00000210 add     a3,a6,a5
PC=00000234 [00068793] x15=00000210 x13=00000210 x00=00000210 addi    a5,a3,0
PC=00000238 [fee42423] x08=00500000 x08=00500000 x14=00000211 sw      a4,-24(s0)
PC=0000023c [fef42623] x12=00000000 x08=00500000 x15=00000210 sw      a5,-20(s0)
PC=00000240 [fe744783] x15=00000059 x08=00500000 x07=00000000 lbu     a5,-25(s0)
PC=00000244 [fff78713] x14=00000058 x15=00000059 x31=00000000 addi    a4,a5,-1
PC=00000248 [fee403a3] x07=00000000 x08=00500000 x14=00000058 sb      a4,-25(s0)
PC=0000024c [fc0792e3] x05=00000000 x15=00000059 x00=00000210 bne     a5,zero,-60
PC=00000210 [fe842603] x12=00000000 x08=00500000 x08=00500000 lw      a2,-24(s0)
PC=00000214 [fec42683] x13=00000000 x08=00500000 x12=00000000 lw      a3,-20(s0)
PC=00000218 [00100513] x10=00000211 x00=00000210 x01=000001e0 addi    a0,zero,1
PC=0000021c [00000593] x11=00000210 x00=00000210 x00=00000210 addi    a1,zero,0
PC=00000220 [00a60733] x14=00000211 x12=00000000 x10=00000211 add     a4,a2,a0
PC=00000224 [00070813] x16=00000211 x14=00000211 x00=00000210 addi    a6,a4,0
PC=00000228 [00c83833] x16=00000000 x16=00000211 x12=00000000 sltu    a6,a6,a2
PC=0000022c [00b687b3] x15=00000210 x13=00000000 x11=00000210 add     a5,a3,a1
PC=00000230 [00f806b3] x13=00000210 x16=00000000 x15=00000210 add     a3,a6,a5
PC=00000234 [00068793] x15=00000210 x13=00000210 x00=00000210 addi    a5,a3,0
PC=00000238 [fee42423] x08=00500000 x08=00500000 x14=00000211 sw      a4,-24(s0)
PC=0000023c [fef42623] x12=00000000 x08=00500000 x15=00000210 sw      a5,-20(s0)
PC=00000240 [fe744783] x15=00000058 x08=00500000 x07=00000000 lbu     a5,-25(s0)
PC=00000244 [fff78713] x14=00000057 x15=00000058 x31=00000000 addi    a4,a5,-1
PC=00000248 [fee403a3] x07=00000000 x08=00500000 x14=00000057 sb      a4,-25(s0)
PC=0000024c [fc0792e3] x05=00000000 x15=00000058 x00=00000210 bne     a5,zero,-60
PC=00000210 [fe842603] x12=00000000 x08=00500000 x08=00500000 lw      a2,-24(s0)
PC=00000214 [fec42683] x13=00000000 x08=00500000 x12=00000000 lw      a3,-20(s0)
PC=00000218 [00100513] x10=00000211 x00=00000210 x01=000001e0 addi    a0,zero,1
PC=0000021c [00000593] x11=00000210 x00=00000210 x00=00000210 addi    a1,zero,0
PC=00000220 [00a60733] x14=00000211 x12=00000000 x10=00000211 add     a4,a2,a0
PC=00000224 [00070813] x16=00000211 x14=00000211 x00=00000210 addi    a6,a4,0
PC=00000228 [00c83833] x16=00000000 x16=00000211 x12=00000000 sltu    a6,a6,a2
PC=0000022c [00b687b3] x15=00000210 x13=00000000 x11=00000210 add     a5,a3,a1
PC=00000230 [00f806b3] x13=00000210 x16=00000000 x15=00000210 add     a3,a6,a5
PC=00000234 [00068793] x15=00000210 x13=00000210 x00=00000210 addi    a5,a3,0
PC=00000238 [fee42423] x08=00500000 x08=00500000 x14=00000211 sw      a4,-24(s0)
PC=0000023c [fef42623] x12=00000000 x08=00500000 x15=00000210 sw      a5,-20(s0)
PC=00000240 [fe744783] x15=00000057 x08=00500000 x07=00000000 lbu     a5,-25(s0)
PC=00000244 [fff78713] x14=00000056 x15=00000057 x31=00000000 addi    a4,a5,-1
PC=00000248 [fee403a3] x07=00000000 x08=00500000 x14=00000056 sb      a4,-25(s0)
PC=0000024c [fc0792e3] x05=00000000 x15=00000057 x00=00000210 bne     a5,zero,-60
PC=00000210 [fe842603] x12=00000000 x08=00500000 x08=00500000 lw      a2,-24(s0)
PC=00000214 [fec42683] x13=00000000 x08=00500000 x12=00000000 lw      a3,-20(s0)
PC=00000218 [00100513] x10=00000211 x00=00000210 x01=000001e0 addi    a0,zero,1
PC=0000021c [00000593] x11=00000210 x00=00000210 x00=00000210 addi    a1,zero,0
PC=00000220 [00a60733] x14=00000211 x12=00000000 x10=00000211 add     a4,a2,a0
PC=00000224 [00070813] x16=00000211 x14=00000211 x00=00000210 addi    a6,a4,0
PC=00000228 [00c83833] x16=00000000 x16=00000211 x12=00000000 sltu    a6,a6,a2
PC=0000022c [00b687b3] x15=00000210 x13=00000000 x11=00000210 add     a5,a3,a1
PC=00000230 [00f806b3] x13=00000210 x16=00000000 x15=00000210 add     a3,a6,a5
PC=00000234 [00068793] x15=00000210 x13=00000210 x00=00000210 addi    a5,a3,0
PC=00000238 [fee42423] x08=00500000 x08=00500000 x14=00000211 sw      a4,-24(s0)
PC=0000023c [fef42623] x12=00000000 x08=00500000 x15=00000210 sw      a5,-20(s0)
PC=00000240 [fe744783] x15=00000056 x08=00500000 x07=00000000 lbu     a5,-25(s0)
PC=00000244 [fff78713] x14=00000055 x15=00000056 x31=00000000 addi    a4,a5,-1
PC=00000248 [fee403a3] x07=00000000 x08=00500000 x14=00000055 sb      a4,-25(s0)
PC=0000024c [fc0792e3] x05=00000000 x15=00000056 x00=00000210 bne     a5,zero,-60
PC=00000210 [fe842603] x12=00000000 x08=00500000 x08=00500000 lw      a2,-24(s0)
PC=00000214 [fec42683] x13=00000000 x08=00500000 x12=00000000 lw      a3,-20(s0)
PC=00000218 [00100513] x10=00000211 x00=00000210 x01=000001e0 addi    a0,zero,1
PC=0000021c [00000593] x11=00000210 x00=00000210 x00=00000210 addi    a1,zero,0
PC=00000220 [00a60733] x14=00000211 x12=00000000 x10=00000211 add     a4,a2,a0
PC=00000224 [00070813] x16=00000211 x14=00000211 x00=00000210 addi    a6,a4,0
PC=00000228 [00c83833] x16=00000000 x16=00000211 x12=00000000 sltu    a6,a6,a2
PC=0000022c [00b687b3] x15=00000210 x13=00000000 x11=00000210 add     a5,a3,a1
PC=00000230 [00f806b3] x13=00000210 x16=00000000 x15=00000210 add     a3,a6,a5
PC=00000234 [00068793] x15=00000210 x13=00000210 x00=00000210 addi    a5,a3,0
PC=00000238 [fee42423] x08=00500000 x08=00500000 x14=00000211 sw      a4,-24(s0)
PC=0000023c [fef42623] x12=00000000 x08=00500000 x15=00000210 sw      a5,-20(s0)
PC=00000240 [fe744783] x15=00000055 x08=00500000 x07=00000000 lbu     a5,-25(s0)
PC=00000244 [fff78713] x14=00000054 x15=00000055 x31=00000000 addi    a4,a5,-1
PC=00000248 [fee403a3] x07=00000000 x08=00500000 x14=00000054 sb      a4,-25(s0)
PC=0000024c [fc0792e3] x05=00000000 x15=00000055 x00=00000210 bne     a5,zero,-60
PC=00000210 [fe842603] x12=00000000 x08=00500000 x08=00500000 lw      a2,-24(s0)
PC=00000214 [fec42683] x13=00000000 x08=00500000 x12=00000000 lw      a3,-20(s0)
PC=00000218 [00100513] x10=00000211 x00=00000210 x01=000001e0 addi    a0,zero,1
PC=0000021c [00000593] x11=00000210 x00=00000210 x00=00000210 addi    a1,zero,0
PC=00000220 [00a60733] x14=00000211 x12=00000000 x10=00000211 add     a4,a2,a0
PC=00000224 [00070813] x16=00000211 x14=00000211 x00=00000210 addi    a6,a4,0
PC=00000228 [00c83833] x16=00000000 x16=00000211 x12=00000000 sltu    a6,a6,a2
PC=0000022c [00b687b3] x15=00000210 x13=00000000 x11=00000210 add     a5,a3,a1
PC=00000230 [00f806b3] x13=00000210 x16=00000000 x15=00000210 add     a3,a6,a5
PC=00000234 [00068793] x15=00000210 x13=00000210 x00=00000210 addi    a5,a3,0
PC=00000238 [fee42423] x08=00500000 x08=00500000 x14=00000211 sw      a4,-24(s0)
PC=0000023c [fef42623] x12=00000000 x08=00500000 x15=00000210 sw      a5,-20(s0)
PC=00000240 [fe744783] x15=00000054 x08=00500000 x07=00000000 lbu     a5,-25(s0)
PC=00000244 [fff78713] x14=00000053 x15=00000054 x31=00000000 addi    a4,a5,-1
PC=00000248 [fee403a3] x07=00000000 x08=00500000 x14=00000053 sb      a4,-25(s0)
PC=0000024c [fc0792e3] x05=00000000 x15=00000054 x00=00000210 bne     a5,zero,-60
PC=00000210 [fe842603] x12=00000000 x08=00500000 x08=00500000 lw      a2,-24(s0)
PC=00000214 [fec42683] x13=00000000 x08=00500000 x12=00000000 lw      a3,-20(s0)
PC=00000218 [00100513] x10=00000211 x00=00000210 x01=000001e0 addi    a0,zero,1
PC=0000021c [00000593] x11=00000210 x00=00000210 x00=00000210 addi    a1,zero,0
PC=00000220 [00a60733] x14=00000211 x12=00000000 x10=00000211 add     a4,a2,a0
PC=00000224 [00070813] x16=00000211 x14=00000211 x00=00000210 addi    a6,a4,0
PC=00000228 [00c83833] x16=00000000 x16=00000211 x12=00000000 sltu    a6,a6,a2
PC=0000022c [00b687b3] x15=00000210 x13=00000000 x11=00000210 add     a5,a3,a1
PC=00000230 [00f806b3] x13=00000210 x16=00000000 x15=00000210 add     a3,a6,a5
PC=00000234 [00068793] x15=00000210 x13=00000210 x00=00000210 addi    a5,a3,0
PC=00000238 [fee42423] x08=00500000 x08=00500000 x14=00000211 sw      a4,-24(s0)
PC=0000023c [fef42623] x12=00000000 x08=00500000 x15=00000210 sw      a5,-20(s0)
PC=00000240 [fe744783] x15=00000053 x08=00500000 x07=00000000 lbu     a5,-25(s0)
PC=00000244 [fff78713] x14=00000052 x15=00000053 x31=00000000 addi    a4,a5,-1
PC=00000248 [fee403a3] x07=00000000 x08=00500000 x14=00000052 sb      a4,-25(s0)
PC=0000024c [fc0792e3] x05=00000000 x15=00000053 x00=00000210 bne     a5,zero,-60
PC=00000210 [fe842603] x12=00000000 x08=00500000 x08=00500000 lw      a2,-24(s0)
PC=00000214 [fec42683] x13=00000000 x08=00500000 x12=00000000 lw      a3,-20(s0)
PC=00000218 [00100513] x10=00000211 x00=00000210 x01=000001e0 addi    a0,zero,1
PC=0000021c [00000593] x11=00000210 x00=00000210 x00=00000210 addi    a1,zero,0
PC=00000220 [00a60733] x14=00000211 x12=00000000 x10=00000211 add     a4,a2,a0
PC=00000224 [00070813] x16=00000211 x14=00000211 x00=00000210 addi    a6,a4,0
PC=00000228 [00c83833] x16=00000000 x16=00000211 x12=00000000 sltu    a6,a6,a2
PC=0000022c [00b687b3] x15=00000210 x13=00000000 x11=00000210 add     a5,a3,a1
PC=00000230 [00f806b3] x13=00000210 x16=00000000 x15=00000210 add     a3,a6,a5
PC=00000234 [00068793] x15=00000210 x13=00000210 x00=00000210 addi    a5,a3,0
PC=00000238 [fee42423] x08=00500000 x08=00500000 x14=00000211 sw      a4,-24(s0)
PC=0000023c [fef42623] x12=00000000 x08=00500000 x15=00000210 sw      a5,-20(s0)
PC=00000240 [fe744783] x15=00000052 x08=00500000 x07=00000000 lbu     a5,-25(s0)
PC=00000244 [fff78713] x14=00000051 x15=00000052 x31=00000000 addi    a4,a5,-1
PC=00000248 [fee403a3] x07=00000000 x08=00500000 x14=00000051 sb      a4,-25(s0)
PC=0000024c [fc0792e3] x05=00000000 x15=00000052 x00=00000210 bne     a5,zero,-60
PC=00000210 [fe842603] x12=00000000 x08=00500000 x08=00500000 lw      a2,-24(s0)
PC=00000214 [fec42683] x13=00000000 x08=00500000 x12=00000000 lw      a3,-20(s0)
PC=00000218 [00100513] x10=00000211 x00=00000210 x01=000001e0 addi    a0,zero,1
PC=0000021c [00000593] x11=00000210 x00=00000210 x00=00000210 addi    a1,zero,0
PC=00000220 [00a60733] x14=00000211 x12=00000000 x10=00000211 add     a4,a2,a0
PC=00000224 [00070813] x16=00000211 x14=00000211 x00=00000210 addi    a6,a4,0
PC=00000228 [00c83833] x16=00000000 x16=00000211 x12=00000000 sltu    a6,a6,a2
PC=0000022c [00b687b3] x15=00000210 x13=00000000 x11=00000210 add     a5,a3,a1
PC=00000230 [00f806b3] x13=00000210 x16=00000000 x15=00000210 add     a3,a6,a5
PC=00000234 [00068793] x15=00000210 x13=00000210 x00=00000210 addi    a5,a3,0
PC=00000238 [fee42423] x08=00500000 x08=00500000 x14=00000211 sw      a4,-24(s0)
PC=0000023c [fef42623] x12=00000000 x08=00500000 x15=00000210 sw      a5,-20(s0)
PC=00000240 [fe744783] x15=00000051 x08=00500000 x07=00000000 lbu     a5,-25(s0)
PC=00000244 [fff78713] x14=00000050 x15=00000051 x31=00000000 addi    a4,a5,-1
PC=00000248 [fee403a3] x07=00000000 x08=00500000 x14=00000050 sb      a4,-25(s0)
PC=0000024c [fc0792e3] x05=00000000 x15=00000051 x00=00000210 bne     a5,zero,-60
PC=00000210 [fe842603] x12=00000000 x08=00500000 x08=00500000 lw      a2,-24(s0)
PC=00000214 [fec42683] x13=00000000 x08=00500000 x12=00000000 lw      a3,-20(s0)
PC=00000218 [00100513] x10=00000211 x00=00000210 x01=000001e0 addi    a0,zero,1
PC=0000021c [00000593] x11=00000210 x00=00000210 x00=00000210 addi    a1,zero,0
PC=00000220 [00a60733] x14=00000211 x12=00000000 x10=00000211 add     a4,a2,a0
PC=00000224 [00070813] x16=00000211 x14=00000211 x00=00000210 addi    a6,a4,0
PC=00000228 [00c83833] x16=00000000 x16=00000211 x12=00000000 sltu    a6,a6,a2
PC=0000022c [00b687b3] x15=00000210 x13=00000000 x11=00000210 add     a5,a3,a1
PC=00000230 [00f806b3] x13=00000210 x16=00000000 x15=00000210 add     a3,a6,a5
PC=00000234 [00068793] x15=00000210 x13=00000210 x00=00000210 addi    a5,a3,0
PC=00000238 [fee42423] x08=00500000 x08=00500000 x14=00000211 sw      a4,-24(s0)
PC=0000023c [fef42623] x12=00000000 x08=00500000 x15=00000210 sw      a5,-20(s0)
PC=00000240 [fe744783] x15=00000050 x08=00500000 x07=00000000 lbu     a5,-25(s0)
PC=00000244 [fff78713] x14=0000004f x15=00000050 x31=00000000 addi    a4,a5,-1
PC=00000248 [fee403a3] x07=00000000 x08=00500000 x14=0000004f sb      a4,-25(s0)
PC=0000024c [fc0792e3] x05=00000000 x15=00000050 x00=00000210 bne     a5,zero,-60
PC=00000210 [fe842603] x12=00000000 x08=00500000 x08=00500000 lw      a2,-24(s0)
PC=00000214 [fec42683] x13=00000000 x08=00500000 x12=00000000 lw      a3,-20(s0)
PC=00000218 [00100513] x10=00000211 x00=00000210 x01=000001e0 addi    a0,zero,1
PC=0000021c [00000593] x11=00000210 x00=00000210 x00=00000210 addi    a1,zero,0
PC=00000220 [00a60733] x14=00000211 x12=00000000 x10=00000211 add     a4,a2,a0
PC=00000224 [00070813] x16=00000211 x14=00000211 x00=00000210 addi    a6,a4,0
PC=00000228 [00c83833] x16=00000000 x16=00000211 x12=00000000 sltu    a6,a6,a2
PC=0000022c [00b687b3] x15=00000210 x13=00000000 x11=00000210 add     a5,a3,a1
PC=00000230 [00f806b3] x13=00000210 x16=00000000 x15=00000210 add     a3,a6,a5
PC=00000234 [00068793] x15=00000210 x13=00000210 x00=00000210 addi    a5,a3,0
PC=00000238 [fee42423] x08=00500000 x08=00500000 x14=00000211 sw      a4,-24(s0)
PC=0000023c [fef42623] x12=00000000 x08=00500000 x15=00000210 sw      a5,-20(s0)
PC=00000240 [fe744783] x15=0000004f x08=00500000 x07=00000000 lbu     a5,-25(s0)
PC=00000244 [fff78713] x14=0000004e x15=0000004f x31=00000000 addi    a4,a5,-1
PC=00000248 [fee403a3] x07=00000000 x08=00500000 x14=0000004e sb      a4,-25(s0)
PC=0000024c [fc0792e3] x05=00000000 x15=0000004f x00=00000210 bne     a5,zero,-60
PC=00000210 [fe842603] x12=00000000 x08=00500000 x08=00500000 lw      a2,-24(s0)
PC=00000214 [fec42683] x13=00000000 x08=00500000 x12=00000000 lw      a3,-20(s0)
PC=00000218 [00100513] x10=00000211 x00=00000210 x01=000001e0 addi    a0,zero,1
PC=0000021c [00000593] x11=00000210 x00=00000210 x00=00000210 addi    a1,zero,0
PC=00000220 [00a60733] x14=00000211 x12=00000000 x10=00000211 add     a4,a2,a0
PC=00000224 [00070813] x16=00000211 x14=00000211 x00=00000210 addi    a6,a4,0
PC=00000228 [00c83833] x16=00000000 x16=00000211 x12=00000000 sltu    a6,a6,a2
PC=0000022c [00b687b3] x15=00000210 x13=00000000 x11=00000210 add     a5,a3,a1
PC=00000230 [00f806b3] x13=00000210 x16=00000000 x15=00000210 add     a3,a6,a5
PC=00000234 [00068793] x15=00000210 x13=00000210 x00=00000210 addi    a5,a3,0
PC=00000238 [fee42423] x08=00500000 x08=00500000 x14=00000211 sw      a4,-24(s0)
PC=0000023c [fef42623] x12=00000000 x08=00500000 x15=00000210 sw      a5,-20(s0)
PC=00000240 [fe744783] x15=0000004e x08=00500000 x07=00000000 lbu     a5,-25(s0)
PC=00000244 [fff78713] x14=0000004d x15=0000004e x31=00000000 addi    a4,a5,-1
PC=00000248 [fee403a3] x07=00000000 x08=00500000 x14=0000004d sb      a4,-25(s0)
PC=0000024c [fc0792e3] x05=00000000 x15=0000004e x00=00000210 bne     a5,zero,-60
PC=00000210 [fe842603] x12=00000000 x08=00500000 x08=00500000 lw      a2,-24(s0)
PC=00000214 [fec42683] x13=00000000 x08=00500000 x12=00000000 lw      a3,-20(s0)
PC=00000218 [00100513] x10=00000211 x00=00000210 x01=000001e0 addi    a0,zero,1
PC=0000021c [00000593] x11=00000210 x00=00000210 x00=00000210 addi    a1,zero,0
PC=00000220 [00a60733] x14=00000211 x12=00000000 x10=00000211 add     a4,a2,a0
PC=00000224 [00070813] x16=00000211 x14=00000211 x00=00000210 addi    a6,a4,0
PC=00000228 [00c83833] x16=00000000 x16=00000211 x12=00000000 sltu    a6,a6,a2
PC=0000022c [00b687b3] x15=00000210 x13=00000000 x11=00000210 add     a5,a3,a1
PC=00000230 [00f806b3] x13=00000210 x16=00000000 x15=00000210 add     a3,a6,a5
PC=00000234 [00068793] x15=00000210 x13=00000210 x00=00000210 addi    a5,a3,0
PC=00000238 [fee42423] x08=00500000 x08=00500000 x14=00000211 sw      a4,-24(s0)
PC=0000023c [fef42623] x12=00000000 x08=00500000 x15=00000210 sw      a5,-20(s0)
PC=00000240 [fe744783] x15=0000004d x08=00500000 x07=00000000 lbu     a5,-25(s0)
PC=00000244 [fff78713] x14=0000004c x15=0000004d x31=00000000 addi    a4,a5,-1
PC=00000248 [fee403a3] x07=00000000 x08=00500000 x14=0000004c sb      a4,-25(s0)
PC=0000024c [fc0792e3] x05=00000000 x15=0000004d x00=00000210 bne     a5,zero,-60
PC=00000210 [fe842603] x12=00000000 x08=00500000 x08=00500000 lw      a2,-24(s0)
PC=00000214 [fec42683] x13=00000000 x08=00500000 x12=00000000 lw      a3,-20(s0)
PC=00000218 [00100513] x10=00000211 x00=00000210 x01=000001e0 addi    a0,zero,1
PC=0000021c [00000593] x11=00000210 x00=00000210 x00=00000210 addi    a1,zero,0
PC=00000220 [00a60733] x14=00000211 x12=00000000 x10=00000211 add     a4,a2,a0
PC=00000224 [00070813] x16=00000211 x14=00000211 x00=00000210 addi    a6,a4,0
PC=00000228 [00c83833] x16=00000000 x16=00000211 x12=00000000 sltu    a6,a6,a2
PC=0000022c [00b687b3] x15=00000210 x13=00000000 x11=00000210 add     a5,a3,a1
PC=00000230 [00f806b3] x13=00000210 x16=00000000 x15=00000210 add     a3,a6,a5
PC=00000234 [00068793] x15=00000210 x13=00000210 x00=00000210 addi    a5,a3,0
PC=00000238 [fee42423] x08=00500000 x08=00500000 x14=00000211 sw      a4,-24(s0)
PC=0000023c [fef42623] x12=00000000 x08=00500000 x15=00000210 sw      a5,-20(s0)
PC=00000240 [fe744783] x15=0000004c x08=00500000 x07=00000000 lbu     a5,-25(s0)
PC=00000244 [fff78713] x14=0000004b x15=0000004c x31=00000000 addi    a4,a5,-1
PC=00000248 [fee403a3] x07=00000000 x08=00500000 x14=0000004b sb      a4,-25(s0)
PC=0000024c [fc0792e3] x05=00000000 x15=0000004c x00=00000210 bne     a5,zero,-60
PC=00000210 [fe842603] x12=00000000 x08=00500000 x08=00500000 lw      a2,-24(s0)
PC=00000214 [fec42683] x13=00000000 x08=00500000 x12=00000000 lw      a3,-20(s0)
PC=00000218 [00100513] x10=00000211 x00=00000210 x01=000001e0 addi    a0,zero,1
PC=0000021c [00000593] x11=00000210 x00=00000210 x00=00000210 addi    a1,zero,0
PC=00000220 [00a60733] x14=00000211 x12=00000000 x10=00000211 add     a4,a2,a0
PC=00000224 [00070813] x16=00000211 x14=00000211 x00=00000210 addi    a6,a4,0
PC=00000228 [00c83833] x16=00000000 x16=00000211 x12=00000000 sltu    a6,a6,a2
PC=0000022c [00b687b3] x15=00000210 x13=00000000 x11=00000210 add     a5,a3,a1
PC=00000230 [00f806b3] x13=00000210 x16=00000000 x15=00000210 add     a3,a6,a5
PC=00000234 [00068793] x15=00000210 x13=00000210 x00=00000210 addi    a5,a3,0
PC=00000238 [fee42423] x08=00500000 x08=00500000 x14=00000211 sw      a4,-24(s0)
PC=0000023c [fef42623] x12=00000000 x08=00500000 x15=00000210 sw      a5,-20(s0)
PC=00000240 [fe744783] x15=0000004b x08=00500000 x07=00000000 lbu     a5,-25(s0)
PC=00000244 [fff78713] x14=0000004a x15=0000004b x31=00000000 addi    a4,a5,-1
PC=00000248 [fee403a3] x07=00000000 x08=00500000 x14=0000004a sb      a4,-25(s0)
PC=0000024c [fc0792e3] x05=00000000 x15=0000004b x00=00000210 bne     a5,zero,-60
PC=00000210 [fe842603] x12=00000000 x08=00500000 x08=00500000 lw      a2,-24(s0)
PC=00000214 [fec42683] x13=00000000 x08=00500000 x12=00000000 lw      a3,-20(s0)
PC=00000218 [00100513] x10=00000211 x00=00000210 x01=000001e0 addi    a0,zero,1
PC=0000021c [00000593] x11=00000210 x00=00000210 x00=00000210 addi    a1,zero,0
PC=00000220 [00a60733] x14=00000211 x12=00000000 x10=00000211 add     a4,a2,a0
PC=00000224 [00070813] x16=00000211 x14=00000211 x00=00000210 addi    a6,a4,0
PC=00000228 [00c83833] x16=00000000 x16=00000211 x12=00000000 sltu    a6,a6,a2
PC=0000022c [00b687b3] x15=00000210 x13=00000000 x11=00000210 add     a5,a3,a1
PC=00000230 [00f806b3] x13=00000210 x16=00000000 x15=00000210 add     a3,a6,a5
PC=00000234 [00068793] x15=00000210 x13=00000210 x00=00000210 addi    a5,a3,0
PC=00000238 [fee42423] x08=00500000 x08=00500000 x14=00000211 sw      a4,-24(s0)
PC=0000023c [fef42623] x12=00000000 x08=00500000 x15=00000210 sw      a5,-20(s0)
PC=00000240 [fe744783] x15=0000004a x08=00500000 x07=00000000 lbu     a5,-25(s0)
PC=00000244 [fff78713] x14=00000049 x15=0000004a x31=00000000 addi    a4,a5,-1
PC=00000248 [fee403a3] x07=00000000 x08=00500000 x14=00000049 sb      a4,-25(s0)
PC=0000024c [fc0792e3] x05=00000000 x15=0000004a x00=00000210 bne     a5,zero,-60
PC=00000210 [fe842603] x12=00000000 x08=00500000 x08=00500000 lw      a2,-24(s0)
PC=00000214 [fec42683] x13=00000000 x08=00500000 x12=00000000 lw      a3,-20(s0)
PC=00000218 [00100513] x10=00000211 x00=00000210 x01=000001e0 addi    a0,zero,1
PC=0000021c [00000593] x11=00000210 x00=00000210 x00=00000210 addi    a1,zero,0
PC=00000220 [00a60733] x14=00000211 x12=00000000 x10=00000211 add     a4,a2,a0
PC=00000224 [00070813] x16=00000211 x14=00000211 x00=00000210 addi    a6,a4,0
PC=00000228 [00c83833] x16=00000000 x16=00000211 x12=00000000 sltu    a6,a6,a2
PC=0000022c [00b687b3] x15=00000210 x13=00000000 x11=00000210 add     a5,a3,a1
PC=00000230 [00f806b3] x13=00000210 x16=00000000 x15=00000210 add     a3,a6,a5
PC=00000234 [00068793] x15=00000210 x13=00000210 x00=00000210 addi    a5,a3,0
PC=00000238 [fee42423] x08=00500000 x08=00500000 x14=00000211 sw      a4,-24(s0)
PC=0000023c [fef42623] x12=00000000 x08=00500000 x15=00000210 sw      a5,-20(s0)
PC=00000240 [fe744783] x15=00000049 x08=00500000 x07=00000000 lbu     a5,-25(s0)
PC=00000244 [fff78713] x14=00000048 x15=00000049 x31=00000000 addi    a4,a5,-1
PC=00000248 [fee403a3] x07=00000000 x08=00500000 x14=00000048 sb      a4,-25(s0)
PC=0000024c [fc0792e3] x05=00000000 x15=00000049 x00=00000210 bne     a5,zero,-60
PC=00000210 [fe842603] x12=00000000 x08=00500000 x08=00500000 lw      a2,-24(s0)
PC=00000214 [fec42683] x13=00000000 x08=00500000 x12=00000000 lw      a3,-20(s0)
PC=00000218 [00100513] x10=00000211 x00=00000210 x01=000001e0 addi    a0,zero,1
PC=0000021c [00000593] x11=00000210 x00=00000210 x00=00000210 addi    a1,zero,0
PC=00000220 [00a60733] x14=00000211 x12=00000000 x10=00000211 add     a4,a2,a0
PC=00000224 [00070813] x16=00000211 x14=00000211 x00=00000210 addi    a6,a4,0
PC=00000228 [00c83833] x16=00000000 x16=00000211 x12=00000000 sltu    a6,a6,a2
PC=0000022c [00b687b3] x15=00000210 x13=00000000 x11=00000210 add     a5,a3,a1
PC=00000230 [00f806b3] x13=00000210 x16=00000000 x15=00000210 add     a3,a6,a5
PC=00000234 [00068793] x15=00000210 x13=00000210 x00=00000210 addi    a5,a3,0
PC=00000238 [fee42423] x08=00500000 x08=00500000 x14=00000211 sw      a4,-24(s0)
PC=0000023c [fef42623] x12=00000000 x08=00500000 x15=00000210 sw      a5,-20(s0)
PC=00000240 [fe744783] x15=00000048 x08=00500000 x07=00000000 lbu     a5,-25(s0)
PC=00000244 [fff78713] x14=00000047 x15=00000048 x31=00000000 addi    a4,a5,-1
PC=00000248 [fee403a3] x07=00000000 x08=00500000 x14=00000047 sb      a4,-25(s0)
PC=0000024c [fc0792e3] x05=00000000 x15=00000048 x00=00000210 bne     a5,zero,-60
PC=00000210 [fe842603] x12=00000000 x08=00500000 x08=00500000 lw      a2,-24(s0)
PC=00000214 [fec42683] x13=00000000 x08=00500000 x12=00000000 lw      a3,-20(s0)
PC=00000218 [00100513] x10=00000211 x00=00000210 x01=000001e0 addi    a0,zero,1
PC=0000021c [00000593] x11=00000210 x00=00000210 x00=00000210 addi    a1,zero,0
PC=00000220 [00a60733] x14=00000211 x12=00000000 x10=00000211 add     a4,a2,a0
PC=00000224 [00070813] x16=00000211 x14=00000211 x00=00000210 addi    a6,a4,0
PC=00000228 [00c83833] x16=00000000 x16=00000211 x12=00000000 sltu    a6,a6,a2
PC=0000022c [00b687b3] x15=00000210 x13=00000000 x11=00000210 add     a5,a3,a1
PC=00000230 [00f806b3] x13=00000210 x16=00000000 x15=00000210 add     a3,a6,a5
PC=00000234 [00068793] x15=00000210 x13=00000210 x00=00000210 addi    a5,a3,0
PC=00000238 [fee42423] x08=00500000 x08=00500000 x14=00000211 sw      a4,-24(s0)
PC=0000023c [fef42623] x12=00000000 x08=00500000 x15=00000210 sw      a5,-20(s0)
PC=00000240 [fe744783] x15=00000047 x08=00500000 x07=00000000 lbu     a5,-25(s0)
PC=00000244 [fff78713] x14=00000046 x15=00000047 x31=00000000 addi    a4,a5,-1
PC=00000248 [fee403a3] x07=00000000 x08=00500000 x14=00000046 sb      a4,-25(s0)
PC=0000024c [fc0792e3] x05=00000000 x15=00000047 x00=00000210 bne     a5,zero,-60
PC=00000210 [fe842603] x12=00000000 x08=00500000 x08=00500000 lw      a2,-24(s0)
PC=00000214 [fec42683] x13=00000000 x08=00500000 x12=00000000 lw      a3,-20(s0)
PC=00000218 [00100513] x10=00000211 x00=00000210 x01=000001e0 addi    a0,zero,1
PC=0000021c [00000593] x11=00000210 x00=00000210 x00=00000210 addi    a1,zero,0
PC=00000220 [00a60733] x14=00000211 x12=00000000 x10=00000211 add     a4,a2,a0
PC=00000224 [00070813] x16=00000211 x14=00000211 x00=00000210 addi    a6,a4,0
PC=00000228 [00c83833] x16=00000000 x16=00000211 x12=00000000 sltu    a6,a6,a2
PC=0000022c [00b687b3] x15=00000210 x13=00000000 x11=00000210 add     a5,a3,a1
PC=00000230 [00f806b3] x13=00000210 x16=00000000 x15=00000210 add     a3,a6,a5
PC=00000234 [00068793] x15=00000210 x13=00000210 x00=00000210 addi    a5,a3,0
PC=00000238 [fee42423] x08=00500000 x08=00500000 x14=00000211 sw      a4,-24(s0)
PC=0000023c [fef42623] x12=00000000 x08=00500000 x15=00000210 sw      a5,-20(s0)
PC=00000240 [fe744783] x15=00000046 x08=00500000 x07=00000000 lbu     a5,-25(s0)
PC=00000244 [fff78713] x14=00000045 x15=00000046 x31=00000000 addi    a4,a5,-1
PC=00000248 [fee403a3] x07=00000000 x08=00500000 x14=00000045 sb      a4,-25(s0)
PC=0000024c [fc0792e3] x05=00000000 x15=00000046 x00=00000210 bne     a5,zero,-60
PC=00000210 [fe842603] x12=00000000 x08=00500000 x08=00500000 lw      a2,-24(s0)
PC=00000214 [fec42683] x13=00000000 x08=00500000 x12=00000000 lw      a3,-20(s0)
PC=00000218 [00100513] x10=00000211 x00=00000210 x01=000001e0 addi    a0,zero,1
PC=0000021c [00000593] x11=00000210 x00=00000210 x00=00000210 addi    a1,zero,0
PC=00000220 [00a60733] x14=00000211 x12=00000000 x10=00000211 add     a4,a2,a0
PC=00000224 [00070813] x16=00000211 x14=00000211 x00=00000210 addi    a6,a4,0
PC=00000228 [00c83833] x16=00000000 x16=00000211 x12=00000000 sltu    a6,a6,a2
PC=0000022c [00b687b3] x15=00000210 x13=00000000 x11=00000210 add     a5,a3,a1
PC=00000230 [00f806b3] x13=00000210 x16=00000000 x15=00000210 add     a3,a6,a5
PC=00000234 [00068793] x15=00000210 x13=00000210 x00=00000210 addi    a5,a3,0
PC=00000238 [fee42423] x08=00500000 x08=00500000 x14=00000211 sw      a4,-24(s0)
PC=0000023c [fef42623] x12=00000000 x08=00500000 x15=00000210 sw      a5,-20(s0)
PC=00000240 [fe744783] x15=00000045 x08=00500000 x07=00000000 lbu     a5,-25(s0)
PC=00000244 [fff78713] x14=00000044 x15=00000045 x31=00000000 addi    a4,a5,-1
PC=00000248 [fee403a3] x07=00000000 x08=00500000 x14=00000044 sb      a4,-25(s0)
PC=0000024c [fc0792e3] x05=00000000 x15=00000045 x00=00000210 bne     a5,zero,-60
PC=00000210 [fe842603] x12=00000000 x08=00500000 x08=00500000 lw      a2,-24(s0)
PC=00000214 [fec42683] x13=00000000 x08=00500000 x12=00000000 lw      a3,-20(s0)
PC=00000218 [00100513] x10=00000211 x00=00000210 x01=000001e0 addi    a0,zero,1
PC=0000021c [00000593] x11=00000210 x00=00000210 x00=00000210 addi    a1,zero,0
PC=00000220 [00a60733] x14=00000211 x12=00000000 x10=00000211 add     a4,a2,a0
PC=00000224 [00070813] x16=00000211 x14=00000211 x00=00000210 addi    a6,a4,0
PC=00000228 [00c83833] x16=00000000 x16=00000211 x12=00000000 sltu    a6,a6,a2
PC=0000022c [00b687b3] x15=00000210 x13=00000000 x11=00000210 add     a5,a3,a1
PC=00000230 [00f806b3] x13=00000210 x16=00000000 x15=00000210 add     a3,a6,a5
PC=00000234 [00068793] x15=00000210 x13=00000210 x00=00000210 addi    a5,a3,0
PC=00000238 [fee42423] x08=00500000 x08=00500000 x14=00000211 sw      a4,-24(s0)
PC=0000023c [fef42623] x12=00000000 x08=00500000 x15=00000210 sw      a5,-20(s0)
PC=00000240 [fe744783] x15=00000044 x08=00500000 x07=00000000 lbu     a5,-25(s0)
PC=00000244 [fff78713] x14=00000043 x15=00000044 x31=00000000 addi    a4,a5,-1
PC=00000248 [fee403a3] x07=00000000 x08=00500000 x14=00000043 sb      a4,-25(s0)
PC=0000024c [fc0792e3] x05=00000000 x15=00000044 x00=00000210 bne     a5,zero,-60
PC=00000210 [fe842603] x12=00000000 x08=00500000 x08=00500000 lw      a2,-24(s0)
PC=00000214 [fec42683] x13=00000000 x08=00500000 x12=00000000 lw      a3,-20(s0)
PC=00000218 [00100513] x10=00000211 x00=00000210 x01=000001e0 addi    a0,zero,1
PC=0000021c [00000593] x11=00000210 x00=00000210 x00=00000210 addi    a1,zero,0
PC=00000220 [00a60733] x14=00000211 x12=00000000 x10=00000211 add     a4,a2,a0
PC=00000224 [00070813] x16=00000211 x14=00000211 x00=00000210 addi    a6,a4,0
PC=00000228 [00c83833] x16=00000000 x16=00000211 x12=00000000 sltu    a6,a6,a2
PC=0000022c [00b687b3] x15=00000210 x13=00000000 x11=00000210 add     a5,a3,a1
PC=00000230 [00f806b3] x13=00000210 x16=00000000 x15=00000210 add     a3,a6,a5
PC=00000234 [00068793] x15=00000210 x13=00000210 x00=00000210 addi    a5,a3,0
PC=00000238 [fee42423] x08=00500000 x08=00500000 x14=00000211 sw      a4,-24(s0)
PC=0000023c [fef42623] x12=00000000 x08=00500000 x15=00000210 sw      a5,-20(s0)
PC=00000240 [fe744783] x15=00000043 x08=00500000 x07=00000000 lbu     a5,-25(s0)
PC=00000244 [fff78713] x14=00000042 x15=00000043 x31=00000000 addi    a4,a5,-1
PC=00000248 [fee403a3] x07=00000000 x08=00500000 x14=00000042 sb      a4,-25(s0)
PC=0000024c [fc0792e3] x05=00000000 x15=00000043 x00=00000210 bne     a5,zero,-60
PC=00000210 [fe842603] x12=00000000 x08=00500000 x08=00500000 lw      a2,-24(s0)
PC=00000214 [fec42683] x13=00000000 x08=00500000 x12=00000000 lw      a3,-20(s0)
PC=00000218 [00100513] x10=00000211 x00=00000210 x01=000001e0 addi    a0,zero,1
PC=0000021c [00000593] x11=00000210 x00=00000210 x00=00000210 addi    a1,zero,0
PC=00000220 [00a60733] x14=00000211 x12=00000000 x10=00000211 add     a4,a2,a0
PC=00000224 [00070813] x16=00000211 x14=00000211 x00=00000210 addi    a6,a4,0
PC=00000228 [00c83833] x16=00000000 x16=00000211 x12=00000000 sltu    a6,a6,a2
PC=0000022c [00b687b3] x15=00000210 x13=00000000 x11=00000210 add     a5,a3,a1
PC=00000230 [00f806b3] x13=00000210 x16=00000000 x15=00000210 add     a3,a6,a5
PC=00000234 [00068793] x15=00000210 x13=00000210 x00=00000210 addi    a5,a3,0
PC=00000238 [fee42423] x08=00500000 x08=00500000 x14=00000211 sw      a4,-24(s0)
PC=0000023c [fef42623] x12=00000000 x08=00500000 x15=00000210 sw      a5,-20(s0)
PC=00000240 [fe744783] x15=00000042 x08=00500000 x07=00000000 lbu     a5,-25(s0)
PC=00000244 [fff78713] x14=00000041 x15=00000042 x31=00000000 addi    a4,a5,-1
PC=00000248 [fee403a3] x07=00000000 x08=00500000 x14=00000041 sb      a4,-25(s0)
PC=0000024c [fc0792e3] x05=00000000 x15=00000042 x00=00000210 bne     a5,zero,-60
PC=00000210 [fe842603] x12=00000000 x08=00500000 x08=00500000 lw      a2,-24(s0)
PC=00000214 [fec42683] x13=00000000 x08=00500000 x12=00000000 lw      a3,-20(s0)
PC=00000218 [00100513] x10=00000211 x00=00000210 x01=000001e0 addi    a0,zero,1
PC=0000021c [00000593] x11=00000210 x00=00000210 x00=00000210 addi    a1,zero,0
PC=00000220 [00a60733] x14=00000211 x12=00000000 x10=00000211 add     a4,a2,a0
PC=00000224 [00070813] x16=00000211 x14=00000211 x00=00000210 addi    a6,a4,0
PC=00000228 [00c83833] x16=00000000 x16=00000211 x12=00000000 sltu    a6,a6,a2
PC=0000022c [00b687b3] x15=00000210 x13=00000000 x11=00000210 add     a5,a3,a1
PC=00000230 [00f806b3] x13=00000210 x16=00000000 x15=00000210 add     a3,a6,a5
PC=00000234 [00068793] x15=00000210 x13=00000210 x00=00000210 addi    a5,a3,0
PC=00000238 [fee42423] x08=00500000 x08=00500000 x14=00000211 sw      a4,-24(s0)
PC=0000023c [fef42623] x12=00000000 x08=00500000 x15=00000210 sw      a5,-20(s0)
PC=00000240 [fe744783] x15=00000041 x08=00500000 x07=00000000 lbu     a5,-25(s0)
PC=00000244 [fff78713] x14=00000040 x15=00000041 x31=00000000 addi    a4,a5,-1
PC=00000248 [fee403a3] x07=00000000 x08=00500000 x14=00000040 sb      a4,-25(s0)
PC=0000024c [fc0792e3] x05=00000000 x15=00000041 x00=00000210 bne     a5,zero,-60
PC=00000210 [fe842603] x12=00000000 x08=00500000 x08=00500000 lw      a2,-24(s0)
PC=00000214 [fec42683] x13=00000000 x08=00500000 x12=00000000 lw      a3,-20(s0)
PC=00000218 [00100513] x10=00000211 x00=00000210 x01=000001e0 addi    a0,zero,1
PC=0000021c [00000593] x11=00000210 x00=00000210 x00=00000210 addi    a1,zero,0
PC=00000220 [00a60733] x14=00000211 x12=00000000 x10=00000211 add     a4,a2,a0
PC=00000224 [00070813] x16=00000211 x14=00000211 x00=00000210 addi    a6,a4,0
PC=00000228 [00c83833] x16=00000000 x16=00000211 x12=00000000 sltu    a6,a6,a2
PC=0000022c [00b687b3] x15=00000210 x13=00000000 x11=00000210 add     a5,a3,a1
PC=00000230 [00f806b3] x13=00000210 x16=00000000 x15=00000210 add     a3,a6,a5
PC=00000234 [00068793] x15=00000210 x13=00000210 x00=00000210 addi    a5,a3,0
PC=00000238 [fee42423] x08=00500000 x08=00500000 x14=00000211 sw      a4,-24(s0)
PC=0000023c [fef42623] x12=00000000 x08=00500000 x15=00000210 sw      a5,-20(s0)
PC=00000240 [fe744783] x15=00000040 x08=00500000 x07=00000000 lbu     a5,-25(s0)
PC=00000244 [fff78713] x14=0000003f x15=00000040 x31=00000000 addi    a4,a5,-1
PC=00000248 [fee403a3] x07=00000000 x08=00500000 x14=0000003f sb      a4,-25(s0)
PC=0000024c [fc0792e3] x05=00000000 x15=00000040 x00=00000210 bne     a5,zero,-60
PC=00000210 [fe842603] x12=00000000 x08=00500000 x08=00500000 lw      a2,-24(s0)
PC=00000214 [fec42683] x13=00000000 x08=00500000 x12=00000000 lw      a3,-20(s0)
PC=00000218 [00100513] x10=00000211 x00=00000210 x01=000001e0 addi    a0,zero,1
PC=0000021c [00000593] x11=00000210 x00=00000210 x00=00000210 addi    a1,zero,0
PC=00000220 [00a60733] x14=00000211 x12=00000000 x10=00000211 add     a4,a2,a0
PC=00000224 [00070813] x16=00000211 x14=00000211 x00=00000210 addi    a6,a4,0
PC=00000228 [00c83833] x16=00000000 x16=00000211 x12=00000000 sltu    a6,a6,a2
PC=0000022c [00b687b3] x15=00000210 x13=00000000 x11=00000210 add     a5,a3,a1
PC=00000230 [00f806b3] x13=00000210 x16=00000000 x15=00000210 add     a3,a6,a5
PC=00000234 [00068793] x15=00000210 x13=00000210 x00=00000210 addi    a5,a3,0
PC=00000238 [fee42423] x08=00500000 x08=00500000 x14=00000211 sw      a4,-24(s0)
PC=0000023c [fef42623] x12=00000000 x08=00500000 x15=00000210 sw      a5,-20(s0)
PC=00000240 [fe744783] x15=0000003f x08=00500000 x07=00000000 lbu     a5,-25(s0)
PC=00000244 [fff78713] x14=0000003e x15=0000003f x31=00000000 addi    a4,a5,-1
PC=00000248 [fee403a3] x07=00000000 x08=00500000 x14=0000003e sb      a4,-25(s0)
PC=0000024c [fc0792e3] x05=00000000 x15=0000003f x00=00000210 bne     a5,zero,-60
PC=00000210 [fe842603] x12=00000000 x08=00500000 x08=00500000 lw      a2,-24(s0)
PC=00000214 [fec42683] x13=00000000 x08=00500000 x12=00000000 lw      a3,-20(s0)
PC=00000218 [00100513] x10=00000211 x00=00000210 x01=000001e0 addi    a0,zero,1
PC=0000021c [00000593] x11=00000210 x00=00000210 x00=00000210 addi    a1,zero,0
PC=00000220 [00a60733] x14=00000211 x12=00000000 x10=00000211 add     a4,a2,a0
PC=00000224 [00070813] x16=00000211 x14=00000211 x00=00000210 addi    a6,a4,0
PC=00000228 [00c83833] x16=00000000 x16=00000211 x12=00000000 sltu    a6,a6,a2
PC=0000022c [00b687b3] x15=00000210 x13=00000000 x11=00000210 add     a5,a3,a1
PC=00000230 [00f806b3] x13=00000210 x16=00000000 x15=00000210 add     a3,a6,a5
PC=00000234 [00068793] x15=00000210 x13=00000210 x00=00000210 addi    a5,a3,0
PC=00000238 [fee42423] x08=00500000 x08=00500000 x14=00000211 sw      a4,-24(s0)
PC=0000023c [fef42623] x12=00000000 x08=00500000 x15=00000210 sw      a5,-20(s0)
PC=00000240 [fe744783] x15=0000003e x08=00500000 x07=00000000 lbu     a5,-25(s0)
PC=00000244 [fff78713] x14=0000003d x15=0000003e x31=00000000 addi    a4,a5,-1
PC=00000248 [fee403a3] x07=00000000 x08=00500000 x14=0000003d sb      a4,-25(s0)
PC=0000024c [fc0792e3] x05=00000000 x15=0000003e x00=00000210 bne     a5,zero,-60
PC=00000210 [fe842603] x12=00000000 x08=00500000 x08=00500000 lw      a2,-24(s0)
PC=00000214 [fec42683] x13=00000000 x08=00500000 x12=00000000 lw      a3,-20(s0)
PC=00000218 [00100513] x10=00000211 x00=00000210 x01=000001e0 addi    a0,zero,1
PC=0000021c [00000593] x11=00000210 x00=00000210 x00=00000210 addi    a1,zero,0
PC=00000220 [00a60733] x14=00000211 x12=00000000 x10=00000211 add     a4,a2,a0
PC=00000224 [00070813] x16=00000211 x14=00000211 x00=00000210 addi    a6,a4,0
PC=00000228 [00c83833] x16=00000000 x16=00000211 x12=00000000 sltu    a6,a6,a2
PC=0000022c [00b687b3] x15=00000210 x13=00000000 x11=00000210 add     a5,a3,a1
PC=00000230 [00f806b3] x13=00000210 x16=00000000 x15=00000210 add     a3,a6,a5
PC=00000234 [00068793] x15=00000210 x13=00000210 x00=00000210 addi    a5,a3,0
PC=00000238 [fee42423] x08=00500000 x08=00500000 x14=00000211 sw      a4,-24(s0)
PC=0000023c [fef42623] x12=00000000 x08=00500000 x15=00000210 sw      a5,-20(s0)
PC=00000240 [fe744783] x15=0000003d x08=00500000 x07=00000000 lbu     a5,-25(s0)
PC=00000244 [fff78713] x14=0000003c x15=0000003d x31=00000000 addi    a4,a5,-1
PC=00000248 [fee403a3] x07=00000000 x08=00500000 x14=0000003c sb      a4,-25(s0)
PC=0000024c [fc0792e3] x05=00000000 x15=0000003d x00=00000210 bne     a5,zero,-60
PC=00000210 [fe842603] x12=00000000 x08=00500000 x08=00500000 lw      a2,-24(s0)
PC=00000214 [fec42683] x13=00000000 x08=00500000 x12=00000000 lw      a3,-20(s0)
PC=00000218 [00100513] x10=00000211 x00=00000210 x01=000001e0 addi    a0,zero,1
PC=0000021c [00000593] x11=00000210 x00=00000210 x00=00000210 addi    a1,zero,0
PC=00000220 [00a60733] x14=00000211 x12=00000000 x10=00000211 add     a4,a2,a0
PC=00000224 [00070813] x16=00000211 x14=00000211 x00=00000210 addi    a6,a4,0
PC=00000228 [00c83833] x16=00000000 x16=00000211 x12=00000000 sltu    a6,a6,a2
PC=0000022c [00b687b3] x15=00000210 x13=00000000 x11=00000210 add     a5,a3,a1
PC=00000230 [00f806b3] x13=00000210 x16=00000000 x15=00000210 add     a3,a6,a5
PC=00000234 [00068793] x15=00000210 x13=00000210 x00=00000210 addi    a5,a3,0
PC=00000238 [fee42423] x08=00500000 x08=00500000 x14=00000211 sw      a4,-24(s0)
PC=0000023c [fef42623] x12=00000000 x08=00500000 x15=00000210 sw      a5,-20(s0)
PC=00000240 [fe744783] x15=0000003c x08=00500000 x07=00000000 lbu     a5,-25(s0)
PC=00000244 [fff78713] x14=0000003b x15=0000003c x31=00000000 addi    a4,a5,-1
PC=00000248 [fee403a3] x07=00000000 x08=00500000 x14=0000003b sb      a4,-25(s0)
PC=0000024c [fc0792e3] x05=00000000 x15=0000003c x00=00000210 bne     a5,zero,-60
PC=00000210 [fe842603] x12=00000000 x08=00500000 x08=00500000 lw      a2,-24(s0)
PC=00000214 [fec42683] x13=00000000 x08=00500000 x12=00000000 lw      a3,-20(s0)
PC=00000218 [00100513] x10=00000211 x00=00000210 x01=000001e0 addi    a0,zero,1
PC=0000021c [00000593] x11=00000210 x00=00000210 x00=00000210 addi    a1,zero,0
PC=00000220 [00a60733] x14=00000211 x12=00000000 x10=00000211 add     a4,a2,a0
PC=00000224 [00070813] x16=00000211 x14=00000211 x00=00000210 addi    a6,a4,0
PC=00000228 [00c83833] x16=00000000 x16=00000211 x12=00000000 sltu    a6,a6,a2
PC=0000022c [00b687b3] x15=00000210 x13=00000000 x11=00000210 add     a5,a3,a1
PC=00000230 [00f806b3] x13=00000210 x16=00000000 x15=00000210 add     a3,a6,a5
PC=00000234 [00068793] x15=00000210 x13=00000210 x00=00000210 addi    a5,a3,0
PC=00000238 [fee42423] x08=00500000 x08=00500000 x14=00000211 sw      a4,-24(s0)
PC=0000023c [fef42623] x12=00000000 x08=00500000 x15=00000210 sw      a5,-20(s0)
PC=00000240 [fe744783] x15=0000003b x08=00500000 x07=00000000 lbu     a5,-25(s0)
PC=00000244 [fff78713] x14=0000003a x15=0000003b x31=00000000 addi    a4,a5,-1
PC=00000248 [fee403a3] x07=00000000 x08=00500000 x14=0000003a sb      a4,-25(s0)
PC=0000024c [fc0792e3] x05=00000000 x15=0000003b x00=00000210 bne     a5,zero,-60
PC=00000210 [fe842603] x12=00000000 x08=00500000 x08=00500000 lw      a2,-24(s0)
PC=00000214 [fec42683] x13=00000000 x08=00500000 x12=00000000 lw      a3,-20(s0)
PC=00000218 [00100513] x10=00000211 x00=00000210 x01=000001e0 addi    a0,zero,1
PC=0000021c [00000593] x11=00000210 x00=00000210 x00=00000210 addi    a1,zero,0
PC=00000220 [00a60733] x14=00000211 x12=00000000 x10=00000211 add     a4,a2,a0
PC=00000224 [00070813] x16=00000211 x14=00000211 x00=00000210 addi    a6,a4,0
PC=00000228 [00c83833] x16=00000000 x16=00000211 x12=00000000 sltu    a6,a6,a2
PC=0000022c [00b687b3] x15=00000210 x13=00000000 x11=00000210 add     a5,a3,a1
PC=00000230 [00f806b3] x13=00000210 x16=00000000 x15=00000210 add     a3,a6,a5
PC=00000234 [00068793] x15=00000210 x13=00000210 x00=00000210 addi    a5,a3,0
PC=00000238 [fee42423] x08=00500000 x08=00500000 x14=00000211 sw      a4,-24(s0)
PC=0000023c [fef42623] x12=00000000 x08=00500000 x15=00000210 sw      a5,-20(s0)
PC=00000240 [fe744783] x15=0000003a x08=00500000 x07=00000000 lbu     a5,-25(s0)
PC=00000244 [fff78713] x14=00000039 x15=0000003a x31=00000000 addi    a4,a5,-1
PC=00000248 [fee403a3] x07=00000000 x08=00500000 x14=00000039 sb      a4,-25(s0)
PC=0000024c [fc0792e3] x05=00000000 x15=0000003a x00=00000210 bne     a5,zero,-60
PC=00000210 [fe842603] x12=00000000 x08=00500000 x08=00500000 lw      a2,-24(s0)
PC=00000214 [fec42683] x13=00000000 x08=00500000 x12=00000000 lw      a3,-20(s0)
PC=00000218 [00100513] x10=00000211 x00=00000210 x01=000001e0 addi    a0,zero,1
PC=0000021c [00000593] x11=00000210 x00=00000210 x00=00000210 addi    a1,zero,0
PC=00000220 [00a60733] x14=00000211 x12=00000000 x10=00000211 add     a4,a2,a0
PC=00000224 [00070813] x16=00000211 x14=00000211 x00=00000210 addi    a6,a4,0
PC=00000228 [00c83833] x16=00000000 x16=00000211 x12=00000000 sltu    a6,a6,a2
PC=0000022c [00b687b3] x15=00000210 x13=00000000 x11=00000210 add     a5,a3,a1
PC=00000230 [00f806b3] x13=00000210 x16=00000000 x15=00000210 add     a3,a6,a5
PC=00000234 [00068793] x15=00000210 x13=00000210 x00=00000210 addi    a5,a3,0
PC=00000238 [fee42423] x08=00500000 x08=00500000 x14=00000211 sw      a4,-24(s0)
PC=0000023c [fef42623] x12=00000000 x08=00500000 x15=00000210 sw      a5,-20(s0)
PC=00000240 [fe744783] x15=00000039 x08=00500000 x07=00000000 lbu     a5,-25(s0)
PC=00000244 [fff78713] x14=00000038 x15=00000039 x31=00000000 addi    a4,a5,-1
PC=00000248 [fee403a3] x07=00000000 x08=00500000 x14=00000038 sb      a4,-25(s0)
PC=0000024c [fc0792e3] x05=00000000 x15=00000039 x00=00000210 bne     a5,zero,-60
PC=00000210 [fe842603] x12=00000000 x08=00500000 x08=00500000 lw      a2,-24(s0)
PC=00000214 [fec42683] x13=00000000 x08=00500000 x12=00000000 lw      a3,-20(s0)
PC=00000218 [00100513] x10=00000211 x00=00000210 x01=000001e0 addi    a0,zero,1
PC=0000021c [00000593] x11=00000210 x00=00000210 x00=00000210 addi    a1,zero,0
PC=00000220 [00a60733] x14=00000211 x12=00000000 x10=00000211 add     a4,a2,a0
PC=00000224 [00070813] x16=00000211 x14=00000211 x00=00000210 addi    a6,a4,0
PC=00000228 [00c83833] x16=00000000 x16=00000211 x12=00000000 sltu    a6,a6,a2
PC=0000022c [00b687b3] x15=00000210 x13=00000000 x11=00000210 add     a5,a3,a1
PC=00000230 [00f806b3] x13=00000210 x16=00000000 x15=00000210 add     a3,a6,a5
PC=00000234 [00068793] x15=00000210 x13=00000210 x00=00000210 addi    a5,a3,0
PC=00000238 [fee42423] x08=00500000 x08=00500000 x14=00000211 sw      a4,-24(s0)
PC=0000023c [fef42623] x12=00000000 x08=00500000 x15=00000210 sw      a5,-20(s0)
PC=00000240 [fe744783] x15=00000038 x08=00500000 x07=00000000 lbu     a5,-25(s0)
PC=00000244 [fff78713] x14=00000037 x15=00000038 x31=00000000 addi    a4,a5,-1
PC=00000248 [fee403a3] x07=00000000 x08=00500000 x14=00000037 sb      a4,-25(s0)
PC=0000024c [fc0792e3] x05=00000000 x15=00000038 x00=00000210 bne     a5,zero,-60
PC=00000210 [fe842603] x12=00000000 x08=00500000 x08=00500000 lw      a2,-24(s0)
PC=00000214 [fec42683] x13=00000000 x08=00500000 x12=00000000 lw      a3,-20(s0)
PC=00000218 [00100513] x10=00000211 x00=00000210 x01=000001e0 addi    a0,zero,1
PC=0000021c [00000593] x11=00000210 x00=00000210 x00=00000210 addi    a1,zero,0
PC=00000220 [00a60733] x14=00000211 x12=00000000 x10=00000211 add     a4,a2,a0
PC=00000224 [00070813] x16=00000211 x14=00000211 x00=00000210 addi    a6,a4,0
PC=00000228 [00c83833] x16=00000000 x16=00000211 x12=00000000 sltu    a6,a6,a2
PC=0000022c [00b687b3] x15=00000210 x13=00000000 x11=00000210 add     a5,a3,a1
PC=00000230 [00f806b3] x13=00000210 x16=00000000 x15=00000210 add     a3,a6,a5
PC=00000234 [00068793] x15=00000210 x13=00000210 x00=00000210 addi    a5,a3,0
PC=00000238 [fee42423] x08=00500000 x08=00500000 x14=00000211 sw      a4,-24(s0)
PC=0000023c [fef42623] x12=00000000 x08=00500000 x15=00000210 sw      a5,-20(s0)
PC=00000240 [fe744783] x15=00000037 x08=00500000 x07=00000000 lbu     a5,-25(s0)
PC=00000244 [fff78713] x14=00000036 x15=00000037 x31=00000000 addi    a4,a5,-1
PC=00000248 [fee403a3] x07=00000000 x08=00500000 x14=00000036 sb      a4,-25(s0)
PC=0000024c [fc0792e3] x05=00000000 x15=00000037 x00=00000210 bne     a5,zero,-60
PC=00000210 [fe842603] x12=00000000 x08=00500000 x08=00500000 lw      a2,-24(s0)
PC=00000214 [fec42683] x13=00000000 x08=00500000 x12=00000000 lw      a3,-20(s0)
PC=00000218 [00100513] x10=00000211 x00=00000210 x01=000001e0 addi    a0,zero,1
PC=0000021c [00000593] x11=00000210 x00=00000210 x00=00000210 addi    a1,zero,0
PC=00000220 [00a60733] x14=00000211 x12=00000000 x10=00000211 add     a4,a2,a0
PC=00000224 [00070813] x16=00000211 x14=00000211 x00=00000210 addi    a6,a4,0
PC=00000228 [00c83833] x16=00000000 x16=00000211 x12=00000000 sltu    a6,a6,a2
PC=0000022c [00b687b3] x15=00000210 x13=00000000 x11=00000210 add     a5,a3,a1
PC=00000230 [00f806b3] x13=00000210 x16=00000000 x15=00000210 add     a3,a6,a5
PC=00000234 [00068793] x15=00000210 x13=00000210 x00=00000210 addi    a5,a3,0
PC=00000238 [fee42423] x08=00500000 x08=00500000 x14=00000211 sw      a4,-24(s0)
PC=0000023c [fef42623] x12=00000000 x08=00500000 x15=00000210 sw      a5,-20(s0)
PC=00000240 [fe744783] x15=00000036 x08=00500000 x07=00000000 lbu     a5,-25(s0)
PC=00000244 [fff78713] x14=00000035 x15=00000036 x31=00000000 addi    a4,a5,-1
PC=00000248 [fee403a3] x07=00000000 x08=00500000 x14=00000035 sb      a4,-25(s0)
PC=0000024c [fc0792e3] x05=00000000 x15=00000036 x00=00000210 bne     a5,zero,-60
PC=00000210 [fe842603] x12=00000000 x08=00500000 x08=00500000 lw      a2,-24(s0)
PC=00000214 [fec42683] x13=00000000 x08=00500000 x12=00000000 lw      a3,-20(s0)
PC=00000218 [00100513] x10=00000211 x00=00000210 x01=000001e0 addi    a0,zero,1
PC=0000021c [00000593] x11=00000210 x00=00000210 x00=00000210 addi    a1,zero,0
PC=00000220 [00a60733] x14=00000211 x12=00000000 x10=00000211 add     a4,a2,a0
PC=00000224 [00070813] x16=00000211 x14=00000211 x00=00000210 addi    a6,a4,0
PC=00000228 [00c83833] x16=00000000 x16=00000211 x12=00000000 sltu    a6,a6,a2
PC=0000022c [00b687b3] x15=00000210 x13=00000000 x11=00000210 add     a5,a3,a1
PC=00000230 [00f806b3] x13=00000210 x16=00000000 x15=00000210 add     a3,a6,a5
PC=00000234 [00068793] x15=00000210 x13=00000210 x00=00000210 addi    a5,a3,0
PC=00000238 [fee42423] x08=00500000 x08=00500000 x14=00000211 sw      a4,-24(s0)
PC=0000023c [fef42623] x12=00000000 x08=00500000 x15=00000210 sw      a5,-20(s0)
PC=00000240 [fe744783] x15=00000035 x08=00500000 x07=00000000 lbu     a5,-25(s0)
PC=00000244 [fff78713] x14=00000034 x15=00000035 x31=00000000 addi    a4,a5,-1
PC=00000248 [fee403a3] x07=00000000 x08=00500000 x14=00000034 sb      a4,-25(s0)
PC=0000024c [fc0792e3] x05=00000000 x15=00000035 x00=00000210 bne     a5,zero,-60
PC=00000210 [fe842603] x12=00000000 x08=00500000 x08=00500000 lw      a2,-24(s0)
PC=00000214 [fec42683] x13=00000000 x08=00500000 x12=00000000 lw      a3,-20(s0)
PC=00000218 [00100513] x10=00000211 x00=00000210 x01=000001e0 addi    a0,zero,1
PC=0000021c [00000593] x11=00000210 x00=00000210 x00=00000210 addi    a1,zero,0
PC=00000220 [00a60733] x14=00000211 x12=00000000 x10=00000211 add     a4,a2,a0
PC=00000224 [00070813] x16=00000211 x14=00000211 x00=00000210 addi    a6,a4,0
PC=00000228 [00c83833] x16=00000000 x16=00000211 x12=00000000 sltu    a6,a6,a2
PC=0000022c [00b687b3] x15=00000210 x13=00000000 x11=00000210 add     a5,a3,a1
PC=00000230 [00f806b3] x13=00000210 x16=00000000 x15=00000210 add     a3,a6,a5
PC=00000234 [00068793] x15=00000210 x13=00000210 x00=00000210 addi    a5,a3,0
PC=00000238 [fee42423] x08=00500000 x08=00500000 x14=00000211 sw      a4,-24(s0)
PC=0000023c [fef42623] x12=00000000 x08=00500000 x15=00000210 sw      a5,-20(s0)
PC=00000240 [fe744783] x15=00000034 x08=00500000 x07=00000000 lbu     a5,-25(s0)
PC=00000244 [fff78713] x14=00000033 x15=00000034 x31=00000000 addi    a4,a5,-1
PC=00000248 [fee403a3] x07=00000000 x08=00500000 x14=00000033 sb      a4,-25(s0)
PC=0000024c [fc0792e3] x05=00000000 x15=00000034 x00=00000210 bne     a5,zero,-60
PC=00000210 [fe842603] x12=00000000 x08=00500000 x08=00500000 lw      a2,-24(s0)
PC=00000214 [fec42683] x13=00000000 x08=00500000 x12=00000000 lw      a3,-20(s0)
PC=00000218 [00100513] x10=00000211 x00=00000210 x01=000001e0 addi    a0,zero,1
PC=0000021c [00000593] x11=00000210 x00=00000210 x00=00000210 addi    a1,zero,0
PC=00000220 [00a60733] x14=00000211 x12=00000000 x10=00000211 add     a4,a2,a0
PC=00000224 [00070813] x16=00000211 x14=00000211 x00=00000210 addi    a6,a4,0
PC=00000228 [00c83833] x16=00000000 x16=00000211 x12=00000000 sltu    a6,a6,a2
PC=0000022c [00b687b3] x15=00000210 x13=00000000 x11=00000210 add     a5,a3,a1
PC=00000230 [00f806b3] x13=00000210 x16=00000000 x15=00000210 add     a3,a6,a5
PC=00000234 [00068793] x15=00000210 x13=00000210 x00=00000210 addi    a5,a3,0
PC=00000238 [fee42423] x08=00500000 x08=00500000 x14=00000211 sw      a4,-24(s0)
PC=0000023c [fef42623] x12=00000000 x08=00500000 x15=00000210 sw      a5,-20(s0)
PC=00000240 [fe744783] x15=00000033 x08=00500000 x07=00000000 lbu     a5,-25(s0)
PC=00000244 [fff78713] x14=00000032 x15=00000033 x31=00000000 addi    a4,a5,-1
PC=00000248 [fee403a3] x07=00000000 x08=00500000 x14=00000032 sb      a4,-25(s0)
PC=0000024c [fc0792e3] x05=00000000 x15=00000033 x00=00000210 bne     a5,zero,-60
PC=00000210 [fe842603] x12=00000000 x08=00500000 x08=00500000 lw      a2,-24(s0)
PC=00000214 [fec42683] x13=00000000 x08=00500000 x12=00000000 lw      a3,-20(s0)
PC=00000218 [00100513] x10=00000211 x00=00000210 x01=000001e0 addi    a0,zero,1
PC=0000021c [00000593] x11=00000210 x00=00000210 x00=00000210 addi    a1,zero,0
PC=00000220 [00a60733] x14=00000211 x12=00000000 x10=00000211 add     a4,a2,a0
PC=00000224 [00070813] x16=00000211 x14=00000211 x00=00000210 addi    a6,a4,0
PC=00000228 [00c83833] x16=00000000 x16=00000211 x12=00000000 sltu    a6,a6,a2
PC=0000022c [00b687b3] x15=00000210 x13=00000000 x11=00000210 add     a5,a3,a1
PC=00000230 [00f806b3] x13=00000210 x16=00000000 x15=00000210 add     a3,a6,a5
PC=00000234 [00068793] x15=00000210 x13=00000210 x00=00000210 addi    a5,a3,0
PC=00000238 [fee42423] x08=00500000 x08=00500000 x14=00000211 sw      a4,-24(s0)
PC=0000023c [fef42623] x12=00000000 x08=00500000 x15=00000210 sw      a5,-20(s0)
PC=00000240 [fe744783] x15=00000032 x08=00500000 x07=00000000 lbu     a5,-25(s0)
PC=00000244 [fff78713] x14=00000031 x15=00000032 x31=00000000 addi    a4,a5,-1
PC=00000248 [fee403a3] x07=00000000 x08=00500000 x14=00000031 sb      a4,-25(s0)
PC=0000024c [fc0792e3] x05=00000000 x15=00000032 x00=00000210 bne     a5,zero,-60
PC=00000210 [fe842603] x12=00000000 x08=00500000 x08=00500000 lw      a2,-24(s0)
PC=00000214 [fec42683] x13=00000000 x08=00500000 x12=00000000 lw      a3,-20(s0)
PC=00000218 [00100513] x10=00000211 x00=00000210 x01=000001e0 addi    a0,zero,1
PC=0000021c [00000593] x11=00000210 x00=00000210 x00=00000210 addi    a1,zero,0
PC=00000220 [00a60733] x14=00000211 x12=00000000 x10=00000211 add     a4,a2,a0
PC=00000224 [00070813] x16=00000211 x14=00000211 x00=00000210 addi    a6,a4,0
PC=00000228 [00c83833] x16=00000000 x16=00000211 x12=00000000 sltu    a6,a6,a2
PC=0000022c [00b687b3] x15=00000210 x13=00000000 x11=00000210 add     a5,a3,a1
PC=00000230 [00f806b3] x13=00000210 x16=00000000 x15=00000210 add     a3,a6,a5
PC=00000234 [00068793] x15=00000210 x13=00000210 x00=00000210 addi    a5,a3,0
PC=00000238 [fee42423] x08=00500000 x08=00500000 x14=00000211 sw      a4,-24(s0)
PC=0000023c [fef42623] x12=00000000 x08=00500000 x15=00000210 sw      a5,-20(s0)
PC=00000240 [fe744783] x15=00000031 x08=00500000 x07=00000000 lbu     a5,-25(s0)
PC=00000244 [fff78713] x14=00000030 x15=00000031 x31=00000000 addi    a4,a5,-1
PC=00000248 [fee403a3] x07=00000000 x08=00500000 x14=00000030 sb      a4,-25(s0)
PC=0000024c [fc0792e3] x05=00000000 x15=00000031 x00=00000210 bne     a5,zero,-60
PC=00000210 [fe842603] x12=00000000 x08=00500000 x08=00500000 lw      a2,-24(s0)
PC=00000214 [fec42683] x13=00000000 x08=00500000 x12=00000000 lw      a3,-20(s0)
PC=00000218 [00100513] x10=00000211 x00=00000210 x01=000001e0 addi    a0,zero,1
PC=0000021c [00000593] x11=00000210 x00=00000210 x00=00000210 addi    a1,zero,0
PC=00000220 [00a60733] x14=00000211 x12=00000000 x10=00000211 add     a4,a2,a0
PC=00000224 [00070813] x16=00000211 x14=00000211 x00=00000210 addi    a6,a4,0
PC=00000228 [00c83833] x16=00000000 x16=00000211 x12=00000000 sltu    a6,a6,a2
PC=0000022c [00b687b3] x15=00000210 x13=00000000 x11=00000210 add     a5,a3,a1
PC=00000230 [00f806b3] x13=00000210 x16=00000000 x15=00000210 add     a3,a6,a5
PC=00000234 [00068793] x15=00000210 x13=00000210 x00=00000210 addi    a5,a3,0
PC=00000238 [fee42423] x08=00500000 x08=00500000 x14=00000211 sw      a4,-24(s0)
PC=0000023c [fef42623] x12=00000000 x08=00500000 x15=00000210 sw      a5,-20(s0)
PC=00000240 [fe744783] x15=00000030 x08=00500000 x07=00000000 lbu     a5,-25(s0)
PC=00000244 [fff78713] x14=0000002f x15=00000030 x31=00000000 addi    a4,a5,-1
PC=00000248 [fee403a3] x07=00000000 x08=00500000 x14=0000002f sb      a4,-25(s0)
PC=0000024c [fc0792e3] x05=00000000 x15=00000030 x00=00000210 bne     a5,zero,-60
PC=00000210 [fe842603] x12=00000000 x08=00500000 x08=00500000 lw      a2,-24(s0)
PC=00000214 [fec42683] x13=00000000 x08=00500000 x12=00000000 lw      a3,-20(s0)
PC=00000218 [00100513] x10=00000211 x00=00000210 x01=000001e0 addi    a0,zero,1
PC=0000021c [00000593] x11=00000210 x00=00000210 x00=00000210 addi    a1,zero,0
PC=00000220 [00a60733] x14=00000211 x12=00000000 x10=00000211 add     a4,a2,a0
PC=00000224 [00070813] x16=00000211 x14=00000211 x00=00000210 addi    a6,a4,0
PC=00000228 [00c83833] x16=00000000 x16=00000211 x12=00000000 sltu    a6,a6,a2
PC=0000022c [00b687b3] x15=00000210 x13=00000000 x11=00000210 add     a5,a3,a1
PC=00000230 [00f806b3] x13=00000210 x16=00000000 x15=00000210 add     a3,a6,a5
PC=00000234 [00068793] x15=00000210 x13=00000210 x00=00000210 addi    a5,a3,0
PC=00000238 [fee42423] x08=00500000 x08=00500000 x14=00000211 sw      a4,-24(s0)
PC=0000023c [fef42623] x12=00000000 x08=00500000 x15=00000210 sw      a5,-20(s0)
PC=00000240 [fe744783] x15=0000002f x08=00500000 x07=00000000 lbu     a5,-25(s0)
PC=00000244 [fff78713] x14=0000002e x15=0000002f x31=00000000 addi    a4,a5,-1
PC=00000248 [fee403a3] x07=00000000 x08=00500000 x14=0000002e sb      a4,-25(s0)
PC=0000024c [fc0792e3] x05=00000000 x15=0000002f x00=00000210 bne     a5,zero,-60
PC=00000210 [fe842603] x12=00000000 x08=00500000 x08=00500000 lw      a2,-24(s0)
PC=00000214 [fec42683] x13=00000000 x08=00500000 x12=00000000 lw      a3,-20(s0)
PC=00000218 [00100513] x10=00000211 x00=00000210 x01=000001e0 addi    a0,zero,1
PC=0000021c [00000593] x11=00000210 x00=00000210 x00=00000210 addi    a1,zero,0
PC=00000220 [00a60733] x14=00000211 x12=00000000 x10=00000211 add     a4,a2,a0
PC=00000224 [00070813] x16=00000211 x14=00000211 x00=00000210 addi    a6,a4,0
PC=00000228 [00c83833] x16=00000000 x16=00000211 x12=00000000 sltu    a6,a6,a2
PC=0000022c [00b687b3] x15=00000210 x13=00000000 x11=00000210 add     a5,a3,a1
PC=00000230 [00f806b3] x13=00000210 x16=00000000 x15=00000210 add     a3,a6,a5
PC=00000234 [00068793] x15=00000210 x13=00000210 x00=00000210 addi    a5,a3,0
PC=00000238 [fee42423] x08=00500000 x08=00500000 x14=00000211 sw      a4,-24(s0)
PC=0000023c [fef42623] x12=00000000 x08=00500000 x15=00000210 sw      a5,-20(s0)
PC=00000240 [fe744783] x15=0000002e x08=00500000 x07=00000000 lbu     a5,-25(s0)
PC=00000244 [fff78713] x14=0000002d x15=0000002e x31=00000000 addi    a4,a5,-1
PC=00000248 [fee403a3] x07=00000000 x08=00500000 x14=0000002d sb      a4,-25(s0)
PC=0000024c [fc0792e3] x05=00000000 x15=0000002e x00=00000210 bne     a5,zero,-60
PC=00000210 [fe842603] x12=00000000 x08=00500000 x08=00500000 lw      a2,-24(s0)
PC=00000214 [fec42683] x13=00000000 x08=00500000 x12=00000000 lw      a3,-20(s0)
PC=00000218 [00100513] x10=00000211 x00=00000210 x01=000001e0 addi    a0,zero,1
PC=0000021c [00000593] x11=00000210 x00=00000210 x00=00000210 addi    a1,zero,0
PC=00000220 [00a60733] x14=00000211 x12=00000000 x10=00000211 add     a4,a2,a0
PC=00000224 [00070813] x16=00000211 x14=00000211 x00=00000210 addi    a6,a4,0
PC=00000228 [00c83833] x16=00000000 x16=00000211 x12=00000000 sltu    a6,a6,a2
PC=0000022c [00b687b3] x15=00000210 x13=00000000 x11=00000210 add     a5,a3,a1
PC=00000230 [00f806b3] x13=00000210 x16=00000000 x15=00000210 add     a3,a6,a5
PC=00000234 [00068793] x15=00000210 x13=00000210 x00=00000210 addi    a5,a3,0
PC=00000238 [fee42423] x08=00500000 x08=00500000 x14=00000211 sw      a4,-24(s0)
PC=0000023c [fef42623] x12=00000000 x08=00500000 x15=00000210 sw      a5,-20(s0)
PC=00000240 [fe744783] x15=0000002d x08=00500000 x07=00000000 lbu     a5,-25(s0)
PC=00000244 [fff78713] x14=0000002c x15=0000002d x31=00000000 addi    a4,a5,-1
PC=00000248 [fee403a3] x07=00000000 x08=00500000 x14=0000002c sb      a4,-25(s0)
PC=0000024c [fc0792e3] x05=00000000 x15=0000002d x00=00000210 bne     a5,zero,-60
PC=00000210 [fe842603] x12=00000000 x08=00500000 x08=00500000 lw      a2,-24(s0)
PC=00000214 [fec42683] x13=00000000 x08=00500000 x12=00000000 lw      a3,-20(s0)
PC=00000218 [00100513] x10=00000211 x00=00000210 x01=000001e0 addi    a0,zero,1
PC=0000021c [00000593] x11=00000210 x00=00000210 x00=00000210 addi    a1,zero,0
PC=00000220 [00a60733] x14=00000211 x12=00000000 x10=00000211 add     a4,a2,a0
PC=00000224 [00070813] x16=00000211 x14=00000211 x00=00000210 addi    a6,a4,0
PC=00000228 [00c83833] x16=00000000 x16=00000211 x12=00000000 sltu    a6,a6,a2
PC=0000022c [00b687b3] x15=00000210 x13=00000000 x11=00000210 add     a5,a3,a1
PC=00000230 [00f806b3] x13=00000210 x16=00000000 x15=00000210 add     a3,a6,a5
PC=00000234 [00068793] x15=00000210 x13=00000210 x00=00000210 addi    a5,a3,0
PC=00000238 [fee42423] x08=00500000 x08=00500000 x14=00000211 sw      a4,-24(s0)
PC=0000023c [fef42623] x12=00000000 x08=00500000 x15=00000210 sw      a5,-20(s0)
PC=00000240 [fe744783] x15=0000002c x08=00500000 x07=00000000 lbu     a5,-25(s0)
PC=00000244 [fff78713] x14=0000002b x15=0000002c x31=00000000 addi    a4,a5,-1
PC=00000248 [fee403a3] x07=00000000 x08=00500000 x14=0000002b sb      a4,-25(s0)
PC=0000024c [fc0792e3] x05=00000000 x15=0000002c x00=00000210 bne     a5,zero,-60
PC=00000210 [fe842603] x12=00000000 x08=00500000 x08=00500000 lw      a2,-24(s0)
PC=00000214 [fec42683] x13=00000000 x08=00500000 x12=00000000 lw      a3,-20(s0)
PC=00000218 [00100513] x10=00000211 x00=00000210 x01=000001e0 addi    a0,zero,1
PC=0000021c [00000593] x11=00000210 x00=00000210 x00=00000210 addi    a1,zero,0
PC=00000220 [00a60733] x14=00000211 x12=00000000 x10=00000211 add     a4,a2,a0
PC=00000224 [00070813] x16=00000211 x14=00000211 x00=00000210 addi    a6,a4,0
PC=00000228 [00c83833] x16=00000000 x16=00000211 x12=00000000 sltu    a6,a6,a2
PC=0000022c [00b687b3] x15=00000210 x13=00000000 x11=00000210 add     a5,a3,a1
PC=00000230 [00f806b3] x13=00000210 x16=00000000 x15=00000210 add     a3,a6,a5
PC=00000234 [00068793] x15=00000210 x13=00000210 x00=00000210 addi    a5,a3,0
PC=00000238 [fee42423] x08=00500000 x08=00500000 x14=00000211 sw      a4,-24(s0)
PC=0000023c [fef42623] x12=00000000 x08=00500000 x15=00000210 sw      a5,-20(s0)
PC=00000240 [fe744783] x15=0000002b x08=00500000 x07=00000000 lbu     a5,-25(s0)
PC=00000244 [fff78713] x14=0000002a x15=0000002b x31=00000000 addi    a4,a5,-1
PC=00000248 [fee403a3] x07=00000000 x08=00500000 x14=0000002a sb      a4,-25(s0)
PC=0000024c [fc0792e3] x05=00000000 x15=0000002b x00=00000210 bne     a5,zero,-60
PC=00000210 [fe842603] x12=00000000 x08=00500000 x08=00500000 lw      a2,-24(s0)
PC=00000214 [fec42683] x13=00000000 x08=00500000 x12=00000000 lw      a3,-20(s0)
PC=00000218 [00100513] x10=00000211 x00=00000210 x01=000001e0 addi    a0,zero,1
PC=0000021c [00000593] x11=00000210 x00=00000210 x00=00000210 addi    a1,zero,0
PC=00000220 [00a60733] x14=00000211 x12=00000000 x10=00000211 add     a4,a2,a0
PC=00000224 [00070813] x16=00000211 x14=00000211 x00=00000210 addi    a6,a4,0
PC=00000228 [00c83833] x16=00000000 x16=00000211 x12=00000000 sltu    a6,a6,a2
PC=0000022c [00b687b3] x15=00000210 x13=00000000 x11=00000210 add     a5,a3,a1
PC=00000230 [00f806b3] x13=00000210 x16=00000000 x15=00000210 add     a3,a6,a5
PC=00000234 [00068793] x15=00000210 x13=00000210 x00=00000210 addi    a5,a3,0
PC=00000238 [fee42423] x08=00500000 x08=00500000 x14=00000211 sw      a4,-24(s0)
PC=0000023c [fef42623] x12=00000000 x08=00500000 x15=00000210 sw      a5,-20(s0)
PC=00000240 [fe744783] x15=0000002a x08=00500000 x07=00000000 lbu     a5,-25(s0)
PC=00000244 [fff78713] x14=00000029 x15=0000002a x31=00000000 addi    a4,a5,-1
PC=00000248 [fee403a3] x07=00000000 x08=00500000 x14=00000029 sb      a4,-25(s0)
PC=0000024c [fc0792e3] x05=00000000 x15=0000002a x00=00000210 bne     a5,zero,-60
PC=00000210 [fe842603] x12=00000000 x08=00500000 x08=00500000 lw      a2,-24(s0)
PC=00000214 [fec42683] x13=00000000 x08=00500000 x12=00000000 lw      a3,-20(s0)
PC=00000218 [00100513] x10=00000211 x00=00000210 x01=000001e0 addi    a0,zero,1
PC=0000021c [00000593] x11=00000210 x00=00000210 x00=00000210 addi    a1,zero,0
PC=00000220 [00a60733] x14=00000211 x12=00000000 x10=00000211 add     a4,a2,a0
PC=00000224 [00070813] x16=00000211 x14=00000211 x00=00000210 addi    a6,a4,0
PC=00000228 [00c83833] x16=00000000 x16=00000211 x12=00000000 sltu    a6,a6,a2
PC=0000022c [00b687b3] x15=00000210 x13=00000000 x11=00000210 add     a5,a3,a1
PC=00000230 [00f806b3] x13=00000210 x16=00000000 x15=00000210 add     a3,a6,a5
PC=00000234 [00068793] x15=00000210 x13=00000210 x00=00000210 addi    a5,a3,0
PC=00000238 [fee42423] x08=00500000 x08=00500000 x14=00000211 sw      a4,-24(s0)
PC=0000023c [fef42623] x12=00000000 x08=00500000 x15=00000210 sw      a5,-20(s0)
PC=00000240 [fe744783] x15=00000029 x08=00500000 x07=00000000 lbu     a5,-25(s0)
PC=00000244 [fff78713] x14=00000028 x15=00000029 x31=00000000 addi    a4,a5,-1
PC=00000248 [fee403a3] x07=00000000 x08=00500000 x14=00000028 sb      a4,-25(s0)
PC=0000024c [fc0792e3] x05=00000000 x15=00000029 x00=00000210 bne     a5,zero,-60
PC=00000210 [fe842603] x12=00000000 x08=00500000 x08=00500000 lw      a2,-24(s0)
PC=00000214 [fec42683] x13=00000000 x08=00500000 x12=00000000 lw      a3,-20(s0)
PC=00000218 [00100513] x10=00000211 x00=00000210 x01=000001e0 addi    a0,zero,1
PC=0000021c [00000593] x11=00000210 x00=00000210 x00=00000210 addi    a1,zero,0
PC=00000220 [00a60733] x14=00000211 x12=00000000 x10=00000211 add     a4,a2,a0
PC=00000224 [00070813] x16=00000211 x14=00000211 x00=00000210 addi    a6,a4,0
PC=00000228 [00c83833] x16=00000000 x16=00000211 x12=00000000 sltu    a6,a6,a2
PC=0000022c [00b687b3] x15=00000210 x13=00000000 x11=00000210 add     a5,a3,a1
PC=00000230 [00f806b3] x13=00000210 x16=00000000 x15=00000210 add     a3,a6,a5
PC=00000234 [00068793] x15=00000210 x13=00000210 x00=00000210 addi    a5,a3,0
PC=00000238 [fee42423] x08=00500000 x08=00500000 x14=00000211 sw      a4,-24(s0)
PC=0000023c [fef42623] x12=00000000 x08=00500000 x15=00000210 sw      a5,-20(s0)
PC=00000240 [fe744783] x15=00000028 x08=00500000 x07=00000000 lbu     a5,-25(s0)
PC=00000244 [fff78713] x14=00000027 x15=00000028 x31=00000000 addi    a4,a5,-1
PC=00000248 [fee403a3] x07=00000000 x08=00500000 x14=00000027 sb      a4,-25(s0)
PC=0000024c [fc0792e3] x05=00000000 x15=00000028 x00=00000210 bne     a5,zero,-60
PC=00000210 [fe842603] x12=00000000 x08=00500000 x08=00500000 lw      a2,-24(s0)
PC=00000214 [fec42683] x13=00000000 x08=00500000 x12=00000000 lw      a3,-20(s0)
PC=00000218 [00100513] x10=00000211 x00=00000210 x01=000001e0 addi    a0,zero,1
PC=0000021c [00000593] x11=00000210 x00=00000210 x00=00000210 addi    a1,zero,0
PC=00000220 [00a60733] x14=00000211 x12=00000000 x10=00000211 add     a4,a2,a0
PC=00000224 [00070813] x16=00000211 x14=00000211 x00=00000210 addi    a6,a4,0
PC=00000228 [00c83833] x16=00000000 x16=00000211 x12=00000000 sltu    a6,a6,a2
PC=0000022c [00b687b3] x15=00000210 x13=00000000 x11=00000210 add     a5,a3,a1
PC=00000230 [00f806b3] x13=00000210 x16=00000000 x15=00000210 add     a3,a6,a5
PC=00000234 [00068793] x15=00000210 x13=00000210 x00=00000210 addi    a5,a3,0
PC=00000238 [fee42423] x08=00500000 x08=00500000 x14=00000211 sw      a4,-24(s0)
PC=0000023c [fef42623] x12=00000000 x08=00500000 x15=00000210 sw      a5,-20(s0)
PC=00000240 [fe744783] x15=00000027 x08=00500000 x07=00000000 lbu     a5,-25(s0)
PC=00000244 [fff78713] x14=00000026 x15=00000027 x31=00000000 addi    a4,a5,-1
PC=00000248 [fee403a3] x07=00000000 x08=00500000 x14=00000026 sb      a4,-25(s0)
PC=0000024c [fc0792e3] x05=00000000 x15=00000027 x00=00000210 bne     a5,zero,-60
PC=00000210 [fe842603] x12=00000000 x08=00500000 x08=00500000 lw      a2,-24(s0)
PC=00000214 [fec42683] x13=00000000 x08=00500000 x12=00000000 lw      a3,-20(s0)
PC=00000218 [00100513] x10=00000211 x00=00000210 x01=000001e0 addi    a0,zero,1
PC=0000021c [00000593] x11=00000210 x00=00000210 x00=00000210 addi    a1,zero,0
PC=00000220 [00a60733] x14=00000211 x12=00000000 x10=00000211 add     a4,a2,a0
PC=00000224 [00070813] x16=00000211 x14=00000211 x00=00000210 addi    a6,a4,0
PC=00000228 [00c83833] x16=00000000 x16=00000211 x12=00000000 sltu    a6,a6,a2
PC=0000022c [00b687b3] x15=00000210 x13=00000000 x11=00000210 add     a5,a3,a1
PC=00000230 [00f806b3] x13=00000210 x16=00000000 x15=00000210 add     a3,a6,a5
PC=00000234 [00068793] x15=00000210 x13=00000210 x00=00000210 addi    a5,a3,0
PC=00000238 [fee42423] x08=00500000 x08=00500000 x14=00000211 sw      a4,-24(s0)
PC=0000023c [fef42623] x12=00000000 x08=00500000 x15=00000210 sw      a5,-20(s0)
PC=00000240 [fe744783] x15=00000026 x08=00500000 x07=00000000 lbu     a5,-25(s0)
PC=00000244 [fff78713] x14=00000025 x15=00000026 x31=00000000 addi    a4,a5,-1
PC=00000248 [fee403a3] x07=00000000 x08=00500000 x14=00000025 sb      a4,-25(s0)
PC=0000024c [fc0792e3] x05=00000000 x15=00000026 x00=00000210 bne     a5,zero,-60
PC=00000210 [fe842603] x12=00000000 x08=00500000 x08=00500000 lw      a2,-24(s0)
PC=00000214 [fec42683] x13=00000000 x08=00500000 x12=00000000 lw      a3,-20(s0)
PC=00000218 [00100513] x10=00000211 x00=00000210 x01=000001e0 addi    a0,zero,1
PC=0000021c [00000593] x11=00000210 x00=00000210 x00=00000210 addi    a1,zero,0
PC=00000220 [00a60733] x14=00000211 x12=00000000 x10=00000211 add     a4,a2,a0
PC=00000224 [00070813] x16=00000211 x14=00000211 x00=00000210 addi    a6,a4,0
PC=00000228 [00c83833] x16=00000000 x16=00000211 x12=00000000 sltu    a6,a6,a2
PC=0000022c [00b687b3] x15=00000210 x13=00000000 x11=00000210 add     a5,a3,a1
PC=00000230 [00f806b3] x13=00000210 x16=00000000 x15=00000210 add     a3,a6,a5
PC=00000234 [00068793] x15=00000210 x13=00000210 x00=00000210 addi    a5,a3,0
PC=00000238 [fee42423] x08=00500000 x08=00500000 x14=00000211 sw      a4,-24(s0)
PC=0000023c [fef42623] x12=00000000 x08=00500000 x15=00000210 sw      a5,-20(s0)
PC=00000240 [fe744783] x15=00000025 x08=00500000 x07=00000000 lbu     a5,-25(s0)
PC=00000244 [fff78713] x14=00000024 x15=00000025 x31=00000000 addi    a4,a5,-1
PC=00000248 [fee403a3] x07=00000000 x08=00500000 x14=00000024 sb      a4,-25(s0)
PC=0000024c [fc0792e3] x05=00000000 x15=00000025 x00=00000210 bne     a5,zero,-60
PC=00000210 [fe842603] x12=00000000 x08=00500000 x08=00500000 lw      a2,-24(s0)
PC=00000214 [fec42683] x13=00000000 x08=00500000 x12=00000000 lw      a3,-20(s0)
PC=00000218 [00100513] x10=00000211 x00=00000210 x01=000001e0 addi    a0,zero,1
PC=0000021c [00000593] x11=00000210 x00=00000210 x00=00000210 addi    a1,zero,0
PC=00000220 [00a60733] x14=00000211 x12=00000000 x10=00000211 add     a4,a2,a0
PC=00000224 [00070813] x16=00000211 x14=00000211 x00=00000210 addi    a6,a4,0
PC=00000228 [00c83833] x16=00000000 x16=00000211 x12=00000000 sltu    a6,a6,a2
PC=0000022c [00b687b3] x15=00000210 x13=00000000 x11=00000210 add     a5,a3,a1
PC=00000230 [00f806b3] x13=00000210 x16=00000000 x15=00000210 add     a3,a6,a5
PC=00000234 [00068793] x15=00000210 x13=00000210 x00=00000210 addi    a5,a3,0
PC=00000238 [fee42423] x08=00500000 x08=00500000 x14=00000211 sw      a4,-24(s0)
PC=0000023c [fef42623] x12=00000000 x08=00500000 x15=00000210 sw      a5,-20(s0)
PC=00000240 [fe744783] x15=00000024 x08=00500000 x07=00000000 lbu     a5,-25(s0)
PC=00000244 [fff78713] x14=00000023 x15=00000024 x31=00000000 addi    a4,a5,-1
PC=00000248 [fee403a3] x07=00000000 x08=00500000 x14=00000023 sb      a4,-25(s0)
PC=0000024c [fc0792e3] x05=00000000 x15=00000024 x00=00000210 bne     a5,zero,-60
PC=00000210 [fe842603] x12=00000000 x08=00500000 x08=00500000 lw      a2,-24(s0)
PC=00000214 [fec42683] x13=00000000 x08=00500000 x12=00000000 lw      a3,-20(s0)
PC=00000218 [00100513] x10=00000211 x00=00000210 x01=000001e0 addi    a0,zero,1
PC=0000021c [00000593] x11=00000210 x00=00000210 x00=00000210 addi    a1,zero,0
PC=00000220 [00a60733] x14=00000211 x12=00000000 x10=00000211 add     a4,a2,a0
PC=00000224 [00070813] x16=00000211 x14=00000211 x00=00000210 addi    a6,a4,0
PC=00000228 [00c83833] x16=00000000 x16=00000211 x12=00000000 sltu    a6,a6,a2
PC=0000022c [00b687b3] x15=00000210 x13=00000000 x11=00000210 add     a5,a3,a1
PC=00000230 [00f806b3] x13=00000210 x16=00000000 x15=00000210 add     a3,a6,a5
PC=00000234 [00068793] x15=00000210 x13=00000210 x00=00000210 addi    a5,a3,0
PC=00000238 [fee42423] x08=00500000 x08=00500000 x14=00000211 sw      a4,-24(s0)
PC=0000023c [fef42623] x12=00000000 x08=00500000 x15=00000210 sw      a5,-20(s0)
PC=00000240 [fe744783] x15=00000023 x08=00500000 x07=00000000 lbu     a5,-25(s0)
PC=00000244 [fff78713] x14=00000022 x15=00000023 x31=00000000 addi    a4,a5,-1
PC=00000248 [fee403a3] x07=00000000 x08=00500000 x14=00000022 sb      a4,-25(s0)
PC=0000024c [fc0792e3] x05=00000000 x15=00000023 x00=00000210 bne     a5,zero,-60
PC=00000210 [fe842603] x12=00000000 x08=00500000 x08=00500000 lw      a2,-24(s0)
PC=00000214 [fec42683] x13=00000000 x08=00500000 x12=00000000 lw      a3,-20(s0)
PC=00000218 [00100513] x10=00000211 x00=00000210 x01=000001e0 addi    a0,zero,1
PC=0000021c [00000593] x11=00000210 x00=00000210 x00=00000210 addi    a1,zero,0
PC=00000220 [00a60733] x14=00000211 x12=00000000 x10=00000211 add     a4,a2,a0
PC=00000224 [00070813] x16=00000211 x14=00000211 x00=00000210 addi    a6,a4,0
PC=00000228 [00c83833] x16=00000000 x16=00000211 x12=00000000 sltu    a6,a6,a2
PC=0000022c [00b687b3] x15=00000210 x13=00000000 x11=00000210 add     a5,a3,a1
PC=00000230 [00f806b3] x13=00000210 x16=00000000 x15=00000210 add     a3,a6,a5
PC=00000234 [00068793] x15=00000210 x13=00000210 x00=00000210 addi    a5,a3,0
PC=00000238 [fee42423] x08=00500000 x08=00500000 x14=00000211 sw      a4,-24(s0)
PC=0000023c [fef42623] x12=00000000 x08=00500000 x15=00000210 sw      a5,-20(s0)
PC=00000240 [fe744783] x15=00000022 x08=00500000 x07=00000000 lbu     a5,-25(s0)
PC=00000244 [fff78713] x14=00000021 x15=00000022 x31=00000000 addi    a4,a5,-1
PC=00000248 [fee403a3] x07=00000000 x08=00500000 x14=00000021 sb      a4,-25(s0)
PC=0000024c [fc0792e3] x05=00000000 x15=00000022 x00=00000210 bne     a5,zero,-60
PC=00000210 [fe842603] x12=00000000 x08=00500000 x08=00500000 lw      a2,-24(s0)
PC=00000214 [fec42683] x13=00000000 x08=00500000 x12=00000000 lw      a3,-20(s0)
PC=00000218 [00100513] x10=00000211 x00=00000210 x01=000001e0 addi    a0,zero,1
PC=0000021c [00000593] x11=00000210 x00=00000210 x00=00000210 addi    a1,zero,0
PC=00000220 [00a60733] x14=00000211 x12=00000000 x10=00000211 add     a4,a2,a0
PC=00000224 [00070813] x16=00000211 x14=00000211 x00=00000210 addi    a6,a4,0
PC=00000228 [00c83833] x16=00000000 x16=00000211 x12=00000000 sltu    a6,a6,a2
PC=0000022c [00b687b3] x15=00000210 x13=00000000 x11=00000210 add     a5,a3,a1
PC=00000230 [00f806b3] x13=00000210 x16=00000000 x15=00000210 add     a3,a6,a5
PC=00000234 [00068793] x15=00000210 x13=00000210 x00=00000210 addi    a5,a3,0
PC=00000238 [fee42423] x08=00500000 x08=00500000 x14=00000211 sw      a4,-24(s0)
PC=0000023c [fef42623] x12=00000000 x08=00500000 x15=00000210 sw      a5,-20(s0)
PC=00000240 [fe744783] x15=00000021 x08=00500000 x07=00000000 lbu     a5,-25(s0)
PC=00000244 [fff78713] x14=00000020 x15=00000021 x31=00000000 addi    a4,a5,-1
PC=00000248 [fee403a3] x07=00000000 x08=00500000 x14=00000020 sb      a4,-25(s0)
PC=0000024c [fc0792e3] x05=00000000 x15=00000021 x00=00000210 bne     a5,zero,-60
PC=00000210 [fe842603] x12=00000000 x08=00500000 x08=00500000 lw      a2,-24(s0)
PC=00000214 [fec42683] x13=00000000 x08=00500000 x12=00000000 lw      a3,-20(s0)
PC=00000218 [00100513] x10=00000211 x00=00000210 x01=000001e0 addi    a0,zero,1
PC=0000021c [00000593] x11=00000210 x00=00000210 x00=00000210 addi    a1,zero,0
PC=00000220 [00a60733] x14=00000211 x12=00000000 x10=00000211 add     a4,a2,a0
PC=00000224 [00070813] x16=00000211 x14=00000211 x00=00000210 addi    a6,a4,0
PC=00000228 [00c83833] x16=00000000 x16=00000211 x12=00000000 sltu    a6,a6,a2
PC=0000022c [00b687b3] x15=00000210 x13=00000000 x11=00000210 add     a5,a3,a1
PC=00000230 [00f806b3] x13=00000210 x16=00000000 x15=00000210 add     a3,a6,a5
PC=00000234 [00068793] x15=00000210 x13=00000210 x00=00000210 addi    a5,a3,0
PC=00000238 [fee42423] x08=00500000 x08=00500000 x14=00000211 sw      a4,-24(s0)
PC=0000023c [fef42623] x12=00000000 x08=00500000 x15=00000210 sw      a5,-20(s0)
PC=00000240 [fe744783] x15=00000020 x08=00500000 x07=00000000 lbu     a5,-25(s0)
PC=00000244 [fff78713] x14=0000001f x15=00000020 x31=00000000 addi    a4,a5,-1
PC=00000248 [fee403a3] x07=00000000 x08=00500000 x14=0000001f sb      a4,-25(s0)
PC=0000024c [fc0792e3] x05=00000000 x15=00000020 x00=00000210 bne     a5,zero,-60
PC=00000210 [fe842603] x12=00000000 x08=00500000 x08=00500000 lw      a2,-24(s0)
PC=00000214 [fec42683] x13=00000000 x08=00500000 x12=00000000 lw      a3,-20(s0)
PC=00000218 [00100513] x10=00000211 x00=00000210 x01=000001e0 addi    a0,zero,1
PC=0000021c [00000593] x11=00000210 x00=00000210 x00=00000210 addi    a1,zero,0
PC=00000220 [00a60733] x14=00000211 x12=00000000 x10=00000211 add     a4,a2,a0
PC=00000224 [00070813] x16=00000211 x14=00000211 x00=00000210 addi    a6,a4,0
PC=00000228 [00c83833] x16=00000000 x16=00000211 x12=00000000 sltu    a6,a6,a2
PC=0000022c [00b687b3] x15=00000210 x13=00000000 x11=00000210 add     a5,a3,a1
PC=00000230 [00f806b3] x13=00000210 x16=00000000 x15=00000210 add     a3,a6,a5
PC=00000234 [00068793] x15=00000210 x13=00000210 x00=00000210 addi    a5,a3,0
PC=00000238 [fee42423] x08=00500000 x08=00500000 x14=00000211 sw      a4,-24(s0)
PC=0000023c [fef42623] x12=00000000 x08=00500000 x15=00000210 sw      a5,-20(s0)
PC=00000240 [fe744783] x15=0000001f x08=00500000 x07=00000000 lbu     a5,-25(s0)
PC=00000244 [fff78713] x14=0000001e x15=0000001f x31=00000000 addi    a4,a5,-1
PC=00000248 [fee403a3] x07=00000000 x08=00500000 x14=0000001e sb      a4,-25(s0)
PC=0000024c [fc0792e3] x05=00000000 x15=0000001f x00=00000210 bne     a5,zero,-60
PC=00000210 [fe842603] x12=00000000 x08=00500000 x08=00500000 lw      a2,-24(s0)
PC=00000214 [fec42683] x13=00000000 x08=00500000 x12=00000000 lw      a3,-20(s0)
PC=00000218 [00100513] x10=00000211 x00=00000210 x01=000001e0 addi    a0,zero,1
PC=0000021c [00000593] x11=00000210 x00=00000210 x00=00000210 addi    a1,zero,0
PC=00000220 [00a60733] x14=00000211 x12=00000000 x10=00000211 add     a4,a2,a0
PC=00000224 [00070813] x16=00000211 x14=00000211 x00=00000210 addi    a6,a4,0
PC=00000228 [00c83833] x16=00000000 x16=00000211 x12=00000000 sltu    a6,a6,a2
PC=0000022c [00b687b3] x15=00000210 x13=00000000 x11=00000210 add     a5,a3,a1
PC=00000230 [00f806b3] x13=00000210 x16=00000000 x15=00000210 add     a3,a6,a5
PC=00000234 [00068793] x15=00000210 x13=00000210 x00=00000210 addi    a5,a3,0
PC=00000238 [fee42423] x08=00500000 x08=00500000 x14=00000211 sw      a4,-24(s0)
PC=0000023c [fef42623] x12=00000000 x08=00500000 x15=00000210 sw      a5,-20(s0)
PC=00000240 [fe744783] x15=0000001e x08=00500000 x07=00000000 lbu     a5,-25(s0)
PC=00000244 [fff78713] x14=0000001d x15=0000001e x31=00000000 addi    a4,a5,-1
PC=00000248 [fee403a3] x07=00000000 x08=00500000 x14=0000001d sb      a4,-25(s0)
PC=0000024c [fc0792e3] x05=00000000 x15=0000001e x00=00000210 bne     a5,zero,-60
PC=00000210 [fe842603] x12=00000000 x08=00500000 x08=00500000 lw      a2,-24(s0)
PC=00000214 [fec42683] x13=00000000 x08=00500000 x12=00000000 lw      a3,-20(s0)
PC=00000218 [00100513] x10=00000211 x00=00000210 x01=000001e0 addi    a0,zero,1
PC=0000021c [00000593] x11=00000210 x00=00000210 x00=00000210 addi    a1,zero,0
PC=00000220 [00a60733] x14=00000211 x12=00000000 x10=00000211 add     a4,a2,a0
PC=00000224 [00070813] x16=00000211 x14=00000211 x00=00000210 addi    a6,a4,0
PC=00000228 [00c83833] x16=00000000 x16=00000211 x12=00000000 sltu    a6,a6,a2
PC=0000022c [00b687b3] x15=00000210 x13=00000000 x11=00000210 add     a5,a3,a1
PC=00000230 [00f806b3] x13=00000210 x16=00000000 x15=00000210 add     a3,a6,a5
PC=00000234 [00068793] x15=00000210 x13=00000210 x00=00000210 addi    a5,a3,0
PC=00000238 [fee42423] x08=00500000 x08=00500000 x14=00000211 sw      a4,-24(s0)
PC=0000023c [fef42623] x12=00000000 x08=00500000 x15=00000210 sw      a5,-20(s0)
PC=00000240 [fe744783] x15=0000001d x08=00500000 x07=00000000 lbu     a5,-25(s0)
PC=00000244 [fff78713] x14=0000001c x15=0000001d x31=00000000 addi    a4,a5,-1
PC=00000248 [fee403a3] x07=00000000 x08=00500000 x14=0000001c sb      a4,-25(s0)
PC=0000024c [fc0792e3] x05=00000000 x15=0000001d x00=00000210 bne     a5,zero,-60
PC=00000210 [fe842603] x12=00000000 x08=00500000 x08=00500000 lw      a2,-24(s0)
PC=00000214 [fec42683] x13=00000000 x08=00500000 x12=00000000 lw      a3,-20(s0)
PC=00000218 [00100513] x10=00000211 x00=00000210 x01=000001e0 addi    a0,zero,1
PC=0000021c [00000593] x11=00000210 x00=00000210 x00=00000210 addi    a1,zero,0
PC=00000220 [00a60733] x14=00000211 x12=00000000 x10=00000211 add     a4,a2,a0
PC=00000224 [00070813] x16=00000211 x14=00000211 x00=00000210 addi    a6,a4,0
PC=00000228 [00c83833] x16=00000000 x16=00000211 x12=00000000 sltu    a6,a6,a2
PC=0000022c [00b687b3] x15=00000210 x13=00000000 x11=00000210 add     a5,a3,a1
PC=00000230 [00f806b3] x13=00000210 x16=00000000 x15=00000210 add     a3,a6,a5
PC=00000234 [00068793] x15=00000210 x13=00000210 x00=00000210 addi    a5,a3,0
PC=00000238 [fee42423] x08=00500000 x08=00500000 x14=00000211 sw      a4,-24(s0)
PC=0000023c [fef42623] x12=00000000 x08=00500000 x15=00000210 sw      a5,-20(s0)
PC=00000240 [fe744783] x15=0000001c x08=00500000 x07=00000000 lbu     a5,-25(s0)
PC=00000244 [fff78713] x14=0000001b x15=0000001c x31=00000000 addi    a4,a5,-1
PC=00000248 [fee403a3] x07=00000000 x08=00500000 x14=0000001b sb      a4,-25(s0)
PC=0000024c [fc0792e3] x05=00000000 x15=0000001c x00=00000210 bne     a5,zero,-60
PC=00000210 [fe842603] x12=00000000 x08=00500000 x08=00500000 lw      a2,-24(s0)
PC=00000214 [fec42683] x13=00000000 x08=00500000 x12=00000000 lw      a3,-20(s0)
PC=00000218 [00100513] x10=00000211 x00=00000210 x01=000001e0 addi    a0,zero,1
PC=0000021c [00000593] x11=00000210 x00=00000210 x00=00000210 addi    a1,zero,0
PC=00000220 [00a60733] x14=00000211 x12=00000000 x10=00000211 add     a4,a2,a0
PC=00000224 [00070813] x16=00000211 x14=00000211 x00=00000210 addi    a6,a4,0
PC=00000228 [00c83833] x16=00000000 x16=00000211 x12=00000000 sltu    a6,a6,a2
PC=0000022c [00b687b3] x15=00000210 x13=00000000 x11=00000210 add     a5,a3,a1
PC=00000230 [00f806b3] x13=00000210 x16=00000000 x15=00000210 add     a3,a6,a5
PC=00000234 [00068793] x15=00000210 x13=00000210 x00=00000210 addi    a5,a3,0
PC=00000238 [fee42423] x08=00500000 x08=00500000 x14=00000211 sw      a4,-24(s0)
PC=0000023c [fef42623] x12=00000000 x08=00500000 x15=00000210 sw      a5,-20(s0)
PC=00000240 [fe744783] x15=0000001b x08=00500000 x07=00000000 lbu     a5,-25(s0)
PC=00000244 [fff78713] x14=0000001a x15=0000001b x31=00000000 addi    a4,a5,-1
PC=00000248 [fee403a3] x07=00000000 x08=00500000 x14=0000001a sb      a4,-25(s0)
PC=0000024c [fc0792e3] x05=00000000 x15=0000001b x00=00000210 bne     a5,zero,-60
PC=00000210 [fe842603] x12=00000000 x08=00500000 x08=00500000 lw      a2,-24(s0)
PC=00000214 [fec42683] x13=00000000 x08=00500000 x12=00000000 lw      a3,-20(s0)
PC=00000218 [00100513] x10=00000211 x00=00000210 x01=000001e0 addi    a0,zero,1
PC=0000021c [00000593] x11=00000210 x00=00000210 x00=00000210 addi    a1,zero,0
PC=00000220 [00a60733] x14=00000211 x12=00000000 x10=00000211 add     a4,a2,a0
PC=00000224 [00070813] x16=00000211 x14=00000211 x00=00000210 addi    a6,a4,0
PC=00000228 [00c83833] x16=00000000 x16=00000211 x12=00000000 sltu    a6,a6,a2
PC=0000022c [00b687b3] x15=00000210 x13=00000000 x11=00000210 add     a5,a3,a1
PC=00000230 [00f806b3] x13=00000210 x16=00000000 x15=00000210 add     a3,a6,a5
PC=00000234 [00068793] x15=00000210 x13=00000210 x00=00000210 addi    a5,a3,0
PC=00000238 [fee42423] x08=00500000 x08=00500000 x14=00000211 sw      a4,-24(s0)
PC=0000023c [fef42623] x12=00000000 x08=00500000 x15=00000210 sw      a5,-20(s0)
PC=00000240 [fe744783] x15=0000001a x08=00500000 x07=00000000 lbu     a5,-25(s0)
PC=00000244 [fff78713] x14=00000019 x15=0000001a x31=00000000 addi    a4,a5,-1
PC=00000248 [fee403a3] x07=00000000 x08=00500000 x14=00000019 sb      a4,-25(s0)
PC=0000024c [fc0792e3] x05=00000000 x15=0000001a x00=00000210 bne     a5,zero,-60
PC=00000210 [fe842603] x12=00000000 x08=00500000 x08=00500000 lw      a2,-24(s0)
PC=00000214 [fec42683] x13=00000000 x08=00500000 x12=00000000 lw      a3,-20(s0)
PC=00000218 [00100513] x10=00000211 x00=00000210 x01=000001e0 addi    a0,zero,1
PC=0000021c [00000593] x11=00000210 x00=00000210 x00=00000210 addi    a1,zero,0
PC=00000220 [00a60733] x14=00000211 x12=00000000 x10=00000211 add     a4,a2,a0
PC=00000224 [00070813] x16=00000211 x14=00000211 x00=00000210 addi    a6,a4,0
PC=00000228 [00c83833] x16=00000000 x16=00000211 x12=00000000 sltu    a6,a6,a2
PC=0000022c [00b687b3] x15=00000210 x13=00000000 x11=00000210 add     a5,a3,a1
PC=00000230 [00f806b3] x13=00000210 x16=00000000 x15=00000210 add     a3,a6,a5
PC=00000234 [00068793] x15=00000210 x13=00000210 x00=00000210 addi    a5,a3,0
PC=00000238 [fee42423] x08=00500000 x08=00500000 x14=00000211 sw      a4,-24(s0)
PC=0000023c [fef42623] x12=00000000 x08=00500000 x15=00000210 sw      a5,-20(s0)
PC=00000240 [fe744783] x15=00000019 x08=00500000 x07=00000000 lbu     a5,-25(s0)
PC=00000244 [fff78713] x14=00000018 x15=00000019 x31=00000000 addi    a4,a5,-1
PC=00000248 [fee403a3] x07=00000000 x08=00500000 x14=00000018 sb      a4,-25(s0)
PC=0000024c [fc0792e3] x05=00000000 x15=00000019 x00=00000210 bne     a5,zero,-60
PC=00000210 [fe842603] x12=00000000 x08=00500000 x08=00500000 lw      a2,-24(s0)
PC=00000214 [fec42683] x13=00000000 x08=00500000 x12=00000000 lw      a3,-20(s0)
PC=00000218 [00100513] x10=00000211 x00=00000210 x01=000001e0 addi    a0,zero,1
PC=0000021c [00000593] x11=00000210 x00=00000210 x00=00000210 addi    a1,zero,0
PC=00000220 [00a60733] x14=00000211 x12=00000000 x10=00000211 add     a4,a2,a0
PC=00000224 [00070813] x16=00000211 x14=00000211 x00=00000210 addi    a6,a4,0
PC=00000228 [00c83833] x16=00000000 x16=00000211 x12=00000000 sltu    a6,a6,a2
PC=0000022c [00b687b3] x15=00000210 x13=00000000 x11=00000210 add     a5,a3,a1
PC=00000230 [00f806b3] x13=00000210 x16=00000000 x15=00000210 add     a3,a6,a5
PC=00000234 [00068793] x15=00000210 x13=00000210 x00=00000210 addi    a5,a3,0
PC=00000238 [fee42423] x08=00500000 x08=00500000 x14=00000211 sw      a4,-24(s0)
PC=0000023c [fef42623] x12=00000000 x08=00500000 x15=00000210 sw      a5,-20(s0)
PC=00000240 [fe744783] x15=00000018 x08=00500000 x07=00000000 lbu     a5,-25(s0)
PC=00000244 [fff78713] x14=00000017 x15=00000018 x31=00000000 addi    a4,a5,-1
PC=00000248 [fee403a3] x07=00000000 x08=00500000 x14=00000017 sb      a4,-25(s0)
PC=0000024c [fc0792e3] x05=00000000 x15=00000018 x00=00000210 bne     a5,zero,-60
PC=00000210 [fe842603] x12=00000000 x08=00500000 x08=00500000 lw      a2,-24(s0)
PC=00000214 [fec42683] x13=00000000 x08=00500000 x12=00000000 lw      a3,-20(s0)
PC=00000218 [00100513] x10=00000211 x00=00000210 x01=000001e0 addi    a0,zero,1
PC=0000021c [00000593] x11=00000210 x00=00000210 x00=00000210 addi    a1,zero,0
PC=00000220 [00a60733] x14=00000211 x12=00000000 x10=00000211 add     a4,a2,a0
PC=00000224 [00070813] x16=00000211 x14=00000211 x00=00000210 addi    a6,a4,0
PC=00000228 [00c83833] x16=00000000 x16=00000211 x12=00000000 sltu    a6,a6,a2
PC=0000022c [00b687b3] x15=00000210 x13=00000000 x11=00000210 add     a5,a3,a1
PC=00000230 [00f806b3] x13=00000210 x16=00000000 x15=00000210 add     a3,a6,a5
PC=00000234 [00068793] x15=00000210 x13=00000210 x00=00000210 addi    a5,a3,0
PC=00000238 [fee42423] x08=00500000 x08=00500000 x14=00000211 sw      a4,-24(s0)
PC=0000023c [fef42623] x12=00000000 x08=00500000 x15=00000210 sw      a5,-20(s0)
PC=00000240 [fe744783] x15=00000017 x08=00500000 x07=00000000 lbu     a5,-25(s0)
PC=00000244 [fff78713] x14=00000016 x15=00000017 x31=00000000 addi    a4,a5,-1
PC=00000248 [fee403a3] x07=00000000 x08=00500000 x14=00000016 sb      a4,-25(s0)
PC=0000024c [fc0792e3] x05=00000000 x15=00000017 x00=00000210 bne     a5,zero,-60
PC=00000210 [fe842603] x12=00000000 x08=00500000 x08=00500000 lw      a2,-24(s0)
PC=00000214 [fec42683] x13=00000000 x08=00500000 x12=00000000 lw      a3,-20(s0)
PC=00000218 [00100513] x10=00000211 x00=00000210 x01=000001e0 addi    a0,zero,1
PC=0000021c [00000593] x11=00000210 x00=00000210 x00=00000210 addi    a1,zero,0
PC=00000220 [00a60733] x14=00000211 x12=00000000 x10=00000211 add     a4,a2,a0
PC=00000224 [00070813] x16=00000211 x14=00000211 x00=00000210 addi    a6,a4,0
PC=00000228 [00c83833] x16=00000000 x16=00000211 x12=00000000 sltu    a6,a6,a2
PC=0000022c [00b687b3] x15=00000210 x13=00000000 x11=00000210 add     a5,a3,a1
PC=00000230 [00f806b3] x13=00000210 x16=00000000 x15=00000210 add     a3,a6,a5
PC=00000234 [00068793] x15=00000210 x13=00000210 x00=00000210 addi    a5,a3,0
PC=00000238 [fee42423] x08=00500000 x08=00500000 x14=00000211 sw      a4,-24(s0)
PC=0000023c [fef42623] x12=00000000 x08=00500000 x15=00000210 sw      a5,-20(s0)
PC=00000240 [fe744783] x15=00000016 x08=00500000 x07=00000000 lbu     a5,-25(s0)
PC=00000244 [fff78713] x14=00000015 x15=00000016 x31=00000000 addi    a4,a5,-1
PC=00000248 [fee403a3] x07=00000000 x08=00500000 x14=00000015 sb      a4,-25(s0)
PC=0000024c [fc0792e3] x05=00000000 x15=00000016 x00=00000210 bne     a5,zero,-60
PC=00000210 [fe842603] x12=00000000 x08=00500000 x08=00500000 lw      a2,-24(s0)
PC=00000214 [fec42683] x13=00000000 x08=00500000 x12=00000000 lw      a3,-20(s0)
PC=00000218 [00100513] x10=00000211 x00=00000210 x01=000001e0 addi    a0,zero,1
PC=0000021c [00000593] x11=00000210 x00=00000210 x00=00000210 addi    a1,zero,0
PC=00000220 [00a60733] x14=00000211 x12=00000000 x10=00000211 add     a4,a2,a0
PC=00000224 [00070813] x16=00000211 x14=00000211 x00=00000210 addi    a6,a4,0
PC=00000228 [00c83833] x16=00000000 x16=00000211 x12=00000000 sltu    a6,a6,a2
PC=0000022c [00b687b3] x15=00000210 x13=00000000 x11=00000210 add     a5,a3,a1
PC=00000230 [00f806b3] x13=00000210 x16=00000000 x15=00000210 add     a3,a6,a5
PC=00000234 [00068793] x15=00000210 x13=00000210 x00=00000210 addi    a5,a3,0
PC=00000238 [fee42423] x08=00500000 x08=00500000 x14=00000211 sw      a4,-24(s0)
PC=0000023c [fef42623] x12=00000000 x08=00500000 x15=00000210 sw      a5,-20(s0)
PC=00000240 [fe744783] x15=00000015 x08=00500000 x07=00000000 lbu     a5,-25(s0)
PC=00000244 [fff78713] x14=00000014 x15=00000015 x31=00000000 addi    a4,a5,-1
PC=00000248 [fee403a3] x07=00000000 x08=00500000 x14=00000014 sb      a4,-25(s0)
PC=0000024c [fc0792e3] x05=00000000 x15=00000015 x00=00000210 bne     a5,zero,-60
PC=00000210 [fe842603] x12=00000000 x08=00500000 x08=00500000 lw      a2,-24(s0)
PC=00000214 [fec42683] x13=00000000 x08=00500000 x12=00000000 lw      a3,-20(s0)
PC=00000218 [00100513] x10=00000211 x00=00000210 x01=000001e0 addi    a0,zero,1
PC=0000021c [00000593] x11=00000210 x00=00000210 x00=00000210 addi    a1,zero,0
PC=00000220 [00a60733] x14=00000211 x12=00000000 x10=00000211 add     a4,a2,a0
PC=00000224 [00070813] x16=00000211 x14=00000211 x00=00000210 addi    a6,a4,0
PC=00000228 [00c83833] x16=00000000 x16=00000211 x12=00000000 sltu    a6,a6,a2
PC=0000022c [00b687b3] x15=00000210 x13=00000000 x11=00000210 add     a5,a3,a1
PC=00000230 [00f806b3] x13=00000210 x16=00000000 x15=00000210 add     a3,a6,a5
PC=00000234 [00068793] x15=00000210 x13=00000210 x00=00000210 addi    a5,a3,0
PC=00000238 [fee42423] x08=00500000 x08=00500000 x14=00000211 sw      a4,-24(s0)
PC=0000023c [fef42623] x12=00000000 x08=00500000 x15=00000210 sw      a5,-20(s0)
PC=00000240 [fe744783] x15=00000014 x08=00500000 x07=00000000 lbu     a5,-25(s0)
PC=00000244 [fff78713] x14=00000013 x15=00000014 x31=00000000 addi    a4,a5,-1
PC=00000248 [fee403a3] x07=00000000 x08=00500000 x14=00000013 sb      a4,-25(s0)
PC=0000024c [fc0792e3] x05=00000000 x15=00000014 x00=00000210 bne     a5,zero,-60
PC=00000210 [fe842603] x12=00000000 x08=00500000 x08=00500000 lw      a2,-24(s0)
PC=00000214 [fec42683] x13=00000000 x08=00500000 x12=00000000 lw      a3,-20(s0)
PC=00000218 [00100513] x10=00000211 x00=00000210 x01=000001e0 addi    a0,zero,1
PC=0000021c [00000593] x11=00000210 x00=00000210 x00=00000210 addi    a1,zero,0
PC=00000220 [00a60733] x14=00000211 x12=00000000 x10=00000211 add     a4,a2,a0
PC=00000224 [00070813] x16=00000211 x14=00000211 x00=00000210 addi    a6,a4,0
PC=00000228 [00c83833] x16=00000000 x16=00000211 x12=00000000 sltu    a6,a6,a2
PC=0000022c [00b687b3] x15=00000210 x13=00000000 x11=00000210 add     a5,a3,a1
PC=00000230 [00f806b3] x13=00000210 x16=00000000 x15=00000210 add     a3,a6,a5
PC=00000234 [00068793] x15=00000210 x13=00000210 x00=00000210 addi    a5,a3,0
PC=00000238 [fee42423] x08=00500000 x08=00500000 x14=00000211 sw      a4,-24(s0)
PC=0000023c [fef42623] x12=00000000 x08=00500000 x15=00000210 sw      a5,-20(s0)
PC=00000240 [fe744783] x15=00000013 x08=00500000 x07=00000000 lbu     a5,-25(s0)
PC=00000244 [fff78713] x14=00000012 x15=00000013 x31=00000000 addi    a4,a5,-1
PC=00000248 [fee403a3] x07=00000000 x08=00500000 x14=00000012 sb      a4,-25(s0)
PC=0000024c [fc0792e3] x05=00000000 x15=00000013 x00=00000210 bne     a5,zero,-60
PC=00000210 [fe842603] x12=00000000 x08=00500000 x08=00500000 lw      a2,-24(s0)
PC=00000214 [fec42683] x13=00000000 x08=00500000 x12=00000000 lw      a3,-20(s0)
PC=00000218 [00100513] x10=00000211 x00=00000210 x01=000001e0 addi    a0,zero,1
PC=0000021c [00000593] x11=00000210 x00=00000210 x00=00000210 addi    a1,zero,0
PC=00000220 [00a60733] x14=00000211 x12=00000000 x10=00000211 add     a4,a2,a0
PC=00000224 [00070813] x16=00000211 x14=00000211 x00=00000210 addi    a6,a4,0
PC=00000228 [00c83833] x16=00000000 x16=00000211 x12=00000000 sltu    a6,a6,a2
PC=0000022c [00b687b3] x15=00000210 x13=00000000 x11=00000210 add     a5,a3,a1
PC=00000230 [00f806b3] x13=00000210 x16=00000000 x15=00000210 add     a3,a6,a5
PC=00000234 [00068793] x15=00000210 x13=00000210 x00=00000210 addi    a5,a3,0
PC=00000238 [fee42423] x08=00500000 x08=00500000 x14=00000211 sw      a4,-24(s0)
PC=0000023c [fef42623] x12=00000000 x08=00500000 x15=00000210 sw      a5,-20(s0)
PC=00000240 [fe744783] x15=00000012 x08=00500000 x07=00000000 lbu     a5,-25(s0)
PC=00000244 [fff78713] x14=00000011 x15=00000012 x31=00000000 addi    a4,a5,-1
PC=00000248 [fee403a3] x07=00000000 x08=00500000 x14=00000011 sb      a4,-25(s0)
PC=0000024c [fc0792e3] x05=00000000 x15=00000012 x00=00000210 bne     a5,zero,-60
PC=00000210 [fe842603] x12=00000000 x08=00500000 x08=00500000 lw      a2,-24(s0)
PC=00000214 [fec42683] x13=00000000 x08=00500000 x12=00000000 lw      a3,-20(s0)
PC=00000218 [00100513] x10=00000211 x00=00000210 x01=000001e0 addi    a0,zero,1
PC=0000021c [00000593] x11=00000210 x00=00000210 x00=00000210 addi    a1,zero,0
PC=00000220 [00a60733] x14=00000211 x12=00000000 x10=00000211 add     a4,a2,a0
PC=00000224 [00070813] x16=00000211 x14=00000211 x00=00000210 addi    a6,a4,0
PC=00000228 [00c83833] x16=00000000 x16=00000211 x12=00000000 sltu    a6,a6,a2
PC=0000022c [00b687b3] x15=00000210 x13=00000000 x11=00000210 add     a5,a3,a1
PC=00000230 [00f806b3] x13=00000210 x16=00000000 x15=00000210 add     a3,a6,a5
PC=00000234 [00068793] x15=00000210 x13=00000210 x00=00000210 addi    a5,a3,0
PC=00000238 [fee42423] x08=00500000 x08=00500000 x14=00000211 sw      a4,-24(s0)
PC=0000023c [fef42623] x12=00000000 x08=00500000 x15=00000210 sw      a5,-20(s0)
PC=00000240 [fe744783] x15=00000011 x08=00500000 x07=00000000 lbu     a5,-25(s0)
PC=00000244 [fff78713] x14=00000010 x15=00000011 x31=00000000 addi    a4,a5,-1
PC=00000248 [fee403a3] x07=00000000 x08=00500000 x14=00000010 sb      a4,-25(s0)
PC=0000024c [fc0792e3] x05=00000000 x15=00000011 x00=00000210 bne     a5,zero,-60
PC=00000210 [fe842603] x12=00000000 x08=00500000 x08=00500000 lw      a2,-24(s0)
PC=00000214 [fec42683] x13=00000000 x08=00500000 x12=00000000 lw      a3,-20(s0)
PC=00000218 [00100513] x10=00000211 x00=00000210 x01=000001e0 addi    a0,zero,1
PC=0000021c [00000593] x11=00000210 x00=00000210 x00=00000210 addi    a1,zero,0
PC=00000220 [00a60733] x14=00000211 x12=00000000 x10=00000211 add     a4,a2,a0
PC=00000224 [00070813] x16=00000211 x14=00000211 x00=00000210 addi    a6,a4,0
PC=00000228 [00c83833] x16=00000000 x16=00000211 x12=00000000 sltu    a6,a6,a2
PC=0000022c [00b687b3] x15=00000210 x13=00000000 x11=00000210 add     a5,a3,a1
PC=00000230 [00f806b3] x13=00000210 x16=00000000 x15=00000210 add     a3,a6,a5
PC=00000234 [00068793] x15=00000210 x13=00000210 x00=00000210 addi    a5,a3,0
PC=00000238 [fee42423] x08=00500000 x08=00500000 x14=00000211 sw      a4,-24(s0)
PC=0000023c [fef42623] x12=00000000 x08=00500000 x15=00000210 sw      a5,-20(s0)
PC=00000240 [fe744783] x15=00000010 x08=00500000 x07=00000000 lbu     a5,-25(s0)
PC=00000244 [fff78713] x14=0000000f x15=00000010 x31=00000000 addi    a4,a5,-1
PC=00000248 [fee403a3] x07=00000000 x08=00500000 x14=0000000f sb      a4,-25(s0)
PC=0000024c [fc0792e3] x05=00000000 x15=00000010 x00=00000210 bne     a5,zero,-60
PC=00000210 [fe842603] x12=00000000 x08=00500000 x08=00500000 lw      a2,-24(s0)
PC=00000214 [fec42683] x13=00000000 x08=00500000 x12=00000000 lw      a3,-20(s0)
PC=00000218 [00100513] x10=00000211 x00=00000210 x01=000001e0 addi    a0,zero,1
PC=0000021c [00000593] x11=00000210 x00=00000210 x00=00000210 addi    a1,zero,0
PC=00000220 [00a60733] x14=00000211 x12=00000000 x10=00000211 add     a4,a2,a0
PC=00000224 [00070813] x16=00000211 x14=00000211 x00=00000210 addi    a6,a4,0
PC=00000228 [00c83833] x16=00000000 x16=00000211 x12=00000000 sltu    a6,a6,a2
PC=0000022c [00b687b3] x15=00000210 x13=00000000 x11=00000210 add     a5,a3,a1
PC=00000230 [00f806b3] x13=00000210 x16=00000000 x15=00000210 add     a3,a6,a5
PC=00000234 [00068793] x15=00000210 x13=00000210 x00=00000210 addi    a5,a3,0
PC=00000238 [fee42423] x08=00500000 x08=00500000 x14=00000211 sw      a4,-24(s0)
PC=0000023c [fef42623] x12=00000000 x08=00500000 x15=00000210 sw      a5,-20(s0)
PC=00000240 [fe744783] x15=0000000f x08=00500000 x07=00000000 lbu     a5,-25(s0)
PC=00000244 [fff78713] x14=0000000e x15=0000000f x31=00000000 addi    a4,a5,-1
PC=00000248 [fee403a3] x07=00000000 x08=00500000 x14=0000000e sb      a4,-25(s0)
PC=0000024c [fc0792e3] x05=00000000 x15=0000000f x00=00000210 bne     a5,zero,-60
PC=00000210 [fe842603] x12=00000000 x08=00500000 x08=00500000 lw      a2,-24(s0)
PC=00000214 [fec42683] x13=00000000 x08=00500000 x12=00000000 lw      a3,-20(s0)
PC=00000218 [00100513] x10=00000211 x00=00000210 x01=000001e0 addi    a0,zero,1
PC=0000021c [00000593] x11=00000210 x00=00000210 x00=00000210 addi    a1,zero,0
PC=00000220 [00a60733] x14=00000211 x12=00000000 x10=00000211 add     a4,a2,a0
PC=00000224 [00070813] x16=00000211 x14=00000211 x00=00000210 addi    a6,a4,0
PC=00000228 [00c83833] x16=00000000 x16=00000211 x12=00000000 sltu    a6,a6,a2
PC=0000022c [00b687b3] x15=00000210 x13=00000000 x11=00000210 add     a5,a3,a1
PC=00000230 [00f806b3] x13=00000210 x16=00000000 x15=00000210 add     a3,a6,a5
PC=00000234 [00068793] x15=00000210 x13=00000210 x00=00000210 addi    a5,a3,0
PC=00000238 [fee42423] x08=00500000 x08=00500000 x14=00000211 sw      a4,-24(s0)
PC=0000023c [fef42623] x12=00000000 x08=00500000 x15=00000210 sw      a5,-20(s0)
PC=00000240 [fe744783] x15=0000000e x08=00500000 x07=00000000 lbu     a5,-25(s0)
PC=00000244 [fff78713] x14=0000000d x15=0000000e x31=00000000 addi    a4,a5,-1
PC=00000248 [fee403a3] x07=00000000 x08=00500000 x14=0000000d sb      a4,-25(s0)
PC=0000024c [fc0792e3] x05=00000000 x15=0000000e x00=00000210 bne     a5,zero,-60
PC=00000210 [fe842603] x12=00000000 x08=00500000 x08=00500000 lw      a2,-24(s0)
PC=00000214 [fec42683] x13=00000000 x08=00500000 x12=00000000 lw      a3,-20(s0)
PC=00000218 [00100513] x10=00000211 x00=00000210 x01=000001e0 addi    a0,zero,1
PC=0000021c [00000593] x11=00000210 x00=00000210 x00=00000210 addi    a1,zero,0
PC=00000220 [00a60733] x14=00000211 x12=00000000 x10=00000211 add     a4,a2,a0
PC=00000224 [00070813] x16=00000211 x14=00000211 x00=00000210 addi    a6,a4,0
PC=00000228 [00c83833] x16=00000000 x16=00000211 x12=00000000 sltu    a6,a6,a2
PC=0000022c [00b687b3] x15=00000210 x13=00000000 x11=00000210 add     a5,a3,a1
PC=00000230 [00f806b3] x13=00000210 x16=00000000 x15=00000210 add     a3,a6,a5
PC=00000234 [00068793] x15=00000210 x13=00000210 x00=00000210 addi    a5,a3,0
PC=00000238 [fee42423] x08=00500000 x08=00500000 x14=00000211 sw      a4,-24(s0)
PC=0000023c [fef42623] x12=00000000 x08=00500000 x15=00000210 sw      a5,-20(s0)
PC=00000240 [fe744783] x15=0000000d x08=00500000 x07=00000000 lbu     a5,-25(s0)
PC=00000244 [fff78713] x14=0000000c x15=0000000d x31=00000000 addi    a4,a5,-1
PC=00000248 [fee403a3] x07=00000000 x08=00500000 x14=0000000c sb      a4,-25(s0)
PC=0000024c [fc0792e3] x05=00000000 x15=0000000d x00=00000210 bne     a5,zero,-60
PC=00000210 [fe842603] x12=00000000 x08=00500000 x08=00500000 lw      a2,-24(s0)
PC=00000214 [fec42683] x13=00000000 x08=00500000 x12=00000000 lw      a3,-20(s0)
PC=00000218 [00100513] x10=00000211 x00=00000210 x01=000001e0 addi    a0,zero,1
PC=0000021c [00000593] x11=00000210 x00=00000210 x00=00000210 addi    a1,zero,0
PC=00000220 [00a60733] x14=00000211 x12=00000000 x10=00000211 add     a4,a2,a0
PC=00000224 [00070813] x16=00000211 x14=00000211 x00=00000210 addi    a6,a4,0
PC=00000228 [00c83833] x16=00000000 x16=00000211 x12=00000000 sltu    a6,a6,a2
PC=0000022c [00b687b3] x15=00000210 x13=00000000 x11=00000210 add     a5,a3,a1
PC=00000230 [00f806b3] x13=00000210 x16=00000000 x15=00000210 add     a3,a6,a5
PC=00000234 [00068793] x15=00000210 x13=00000210 x00=00000210 addi    a5,a3,0
PC=00000238 [fee42423] x08=00500000 x08=00500000 x14=00000211 sw      a4,-24(s0)
PC=0000023c [fef42623] x12=00000000 x08=00500000 x15=00000210 sw      a5,-20(s0)
PC=00000240 [fe744783] x15=0000000c x08=00500000 x07=00000000 lbu     a5,-25(s0)
PC=00000244 [fff78713] x14=0000000b x15=0000000c x31=00000000 addi    a4,a5,-1
PC=00000248 [fee403a3] x07=00000000 x08=00500000 x14=0000000b sb      a4,-25(s0)
PC=0000024c [fc0792e3] x05=00000000 x15=0000000c x00=00000210 bne     a5,zero,-60
PC=00000210 [fe842603] x12=00000000 x08=00500000 x08=00500000 lw      a2,-24(s0)
PC=00000214 [fec42683] x13=00000000 x08=00500000 x12=00000000 lw      a3,-20(s0)
PC=00000218 [00100513] x10=00000211 x00=00000210 x01=000001e0 addi    a0,zero,1
PC=0000021c [00000593] x11=00000210 x00=00000210 x00=00000210 addi    a1,zero,0
PC=00000220 [00a60733] x14=00000211 x12=00000000 x10=00000211 add     a4,a2,a0
PC=00000224 [00070813] x16=00000211 x14=00000211 x00=00000210 addi    a6,a4,0
PC=00000228 [00c83833] x16=00000000 x16=00000211 x12=00000000 sltu    a6,a6,a2
PC=0000022c [00b687b3] x15=00000210 x13=00000000 x11=00000210 add     a5,a3,a1
PC=00000230 [00f806b3] x13=00000210 x16=00000000 x15=00000210 add     a3,a6,a5
PC=00000234 [00068793] x15=00000210 x13=00000210 x00=00000210 addi    a5,a3,0
PC=00000238 [fee42423] x08=00500000 x08=00500000 x14=00000211 sw      a4,-24(s0)
PC=0000023c [fef42623] x12=00000000 x08=00500000 x15=00000210 sw      a5,-20(s0)
PC=00000240 [fe744783] x15=0000000b x08=00500000 x07=00000000 lbu     a5,-25(s0)
PC=00000244 [fff78713] x14=0000000a x15=0000000b x31=00000000 addi    a4,a5,-1
PC=00000248 [fee403a3] x07=00000000 x08=00500000 x14=0000000a sb      a4,-25(s0)
PC=0000024c [fc0792e3] x05=00000000 x15=0000000b x00=00000210 bne     a5,zero,-60
PC=00000210 [fe842603] x12=00000000 x08=00500000 x08=00500000 lw      a2,-24(s0)
PC=00000214 [fec42683] x13=00000000 x08=00500000 x12=00000000 lw      a3,-20(s0)
PC=00000218 [00100513] x10=00000211 x00=00000210 x01=000001e0 addi    a0,zero,1
PC=0000021c [00000593] x11=00000210 x00=00000210 x00=00000210 addi    a1,zero,0
PC=00000220 [00a60733] x14=00000211 x12=00000000 x10=00000211 add     a4,a2,a0
PC=00000224 [00070813] x16=00000211 x14=00000211 x00=00000210 addi    a6,a4,0
PC=00000228 [00c83833] x16=00000000 x16=00000211 x12=00000000 sltu    a6,a6,a2
PC=0000022c [00b687b3] x15=00000210 x13=00000000 x11=00000210 add     a5,a3,a1
PC=00000230 [00f806b3] x13=00000210 x16=00000000 x15=00000210 add     a3,a6,a5
PC=00000234 [00068793] x15=00000210 x13=00000210 x00=00000210 addi    a5,a3,0
PC=00000238 [fee42423] x08=00500000 x08=00500000 x14=00000211 sw      a4,-24(s0)
PC=0000023c [fef42623] x12=00000000 x08=00500000 x15=00000210 sw      a5,-20(s0)
PC=00000240 [fe744783] x15=0000000a x08=00500000 x07=00000000 lbu     a5,-25(s0)
PC=00000244 [fff78713] x14=00000009 x15=0000000a x31=00000000 addi    a4,a5,-1
PC=00000248 [fee403a3] x07=00000000 x08=00500000 x14=00000009 sb      a4,-25(s0)
PC=0000024c [fc0792e3] x05=00000000 x15=0000000a x00=00000210 bne     a5,zero,-60
PC=00000210 [fe842603] x12=00000000 x08=00500000 x08=00500000 lw      a2,-24(s0)
PC=00000214 [fec42683] x13=00000000 x08=00500000 x12=00000000 lw      a3,-20(s0)
PC=00000218 [00100513] x10=00000211 x00=00000210 x01=000001e0 addi    a0,zero,1
PC=0000021c [00000593] x11=00000210 x00=00000210 x00=00000210 addi    a1,zero,0
PC=00000220 [00a60733] x14=00000211 x12=00000000 x10=00000211 add     a4,a2,a0
PC=00000224 [00070813] x16=00000211 x14=00000211 x00=00000210 addi    a6,a4,0
PC=00000228 [00c83833] x16=00000000 x16=00000211 x12=00000000 sltu    a6,a6,a2
PC=0000022c [00b687b3] x15=00000210 x13=00000000 x11=00000210 add     a5,a3,a1
PC=00000230 [00f806b3] x13=00000210 x16=00000000 x15=00000210 add     a3,a6,a5
PC=00000234 [00068793] x15=00000210 x13=00000210 x00=00000210 addi    a5,a3,0
PC=00000238 [fee42423] x08=00500000 x08=00500000 x14=00000211 sw      a4,-24(s0)
PC=0000023c [fef42623] x12=00000000 x08=00500000 x15=00000210 sw      a5,-20(s0)
PC=00000240 [fe744783] x15=00000009 x08=00500000 x07=00000000 lbu     a5,-25(s0)
PC=00000244 [fff78713] x14=00000008 x15=00000009 x31=00000000 addi    a4,a5,-1
PC=00000248 [fee403a3] x07=00000000 x08=00500000 x14=00000008 sb      a4,-25(s0)
PC=0000024c [fc0792e3] x05=00000000 x15=00000009 x00=00000210 bne     a5,zero,-60
