PC=00010094 [00500137] x02=00500000 x00=00000000 x05=00000000 lui     sp,5242880
PC=00010098 [010000ef] x01=0001009c x00=00000000 x16=00000000 jal     ra,16
PC=000100a8 [fe010113] x02=004fffe0 x02=00500000 x00=00000000 addi    sp,sp,-32
PC=000100ac [00812e23] x28=00000000 x02=004fffe0 x08=00000000 sw      s0,28(sp)
PC=000100b0 [02010413] x08=00500000 x02=004fffe0 x00=00000000 addi    s0,sp,32
PC=000100b4 [000107b7] x15=00010000 x02=004fffe0 x00=00000000 lui     a5,65536
PC=000100b8 [1587a703] x14=fffff000 x15=00010000 x24=00000000 lw      a4,344(a5)
PC=000100bc [15c7a783] x15=fffff000 x15=00010000 x28=00000000 lw      a5,348(a5)
PC=000100c0 [fee42423] x08=00500000 x08=00500000 x14=fffff000 sw      a4,-24(s0)
PC=000100c4 [fef42623] x12=00000000 x08=00500000 x15=fffff000 sw      a5,-20(s0)
PC=000100c8 [000107b7] x15=00010000 x02=004fffe0 x00=00000000 lui     a5,65536
PC=000100cc [1607a703] x14=fffff000 x15=00010000 x00=00000000 lw      a4,352(a5)
PC=000100d0 [1647a783] x15=fffff000 x15=00010000 x04=00000000 lw      a5,356(a5)
PC=000100d4 [fee42423] x08=00500000 x08=00500000 x14=fffff000 sw      a4,-24(s0)
PC=000100d8 [fef42623] x12=00000000 x08=00500000 x15=fffff000 sw      a5,-20(s0)
PC=000100dc [00000793] x15=00000000 x00=00000000 x00=00000000 addi    a5,zero,0
PC=000100e0 [00000813] x16=00000000 x00=00000000 x00=00000000 addi    a6,zero,0
PC=000100e4 [fef42423] x08=00500000 x08=00500000 x15=00000000 sw      a5,-24(s0)
PC=000100e8 [ff042623] x12=00000000 x08=00500000 x16=00000000 sw      a6,-20(s0)
PC=000100ec [fff00713] x14=ffffffff x00=00000000 x31=00000000 addi    a4,zero,-1
PC=000100f0 [fff00793] x15=ffffffff x00=00000000 x31=00000000 addi    a5,zero,-1
PC=000100f4 [fee42423] x08=00500000 x08=00500000 x14=ffffffff sw      a4,-24(s0)
PC=000100f8 [fef42623] x12=00000000 x08=00500000 x15=ffffffff sw      a5,-20(s0)
PC=000100fc [00000713] x14=00000000 x00=00000000 x00=00000000 addi    a4,zero,0
PC=00010100 [800007b7] x15=80000000 x00=00000000 x00=00000000 lui     a5,-2147483648
PC=00010104 [fee42423] x08=00500000 x08=00500000 x14=00000000 sw      a4,-24(s0)
PC=00010108 [fef42623] x12=00000000 x08=00500000 x15=80000000 sw      a5,-20(s0)
PC=0001010c [00100713] x14=00000001 x00=00000000 x01=0001009c addi    a4,zero,1
PC=00010110 [00000793] x15=00000000 x00=00000000 x00=00000000 addi    a5,zero,0
PC=00010114 [fee42423] x08=00500000 x08=00500000 x14=00000001 sw      a4,-24(s0)
PC=00010118 [fef42623] x12=00000000 x08=00500000 x15=00000000 sw      a5,-20(s0)
PC=0001011c [fff00713] x14=ffffffff x00=00000000 x31=00000000 addi    a4,zero,-1
PC=00010120 [800007b7] x15=80000000 x00=00000000 x00=00000000 lui     a5,-2147483648
PC=00010124 [fff78793] x15=7fffffff x15=80000000 x31=00000000 addi    a5,a5,-1
PC=00010128 [fee42423] x08=00500000 x08=00500000 x14=ffffffff sw      a4,-24(s0)
PC=0001012c [fef42623] x12=00000000 x08=00500000 x15=7fffffff sw      a5,-20(s0)
PC=00010130 [ffe00713] x14=fffffffe x00=00000000 x30=00000000 addi    a4,zero,-2
PC=00010134 [fff00793] x15=ffffffff x00=00000000 x31=00000000 addi    a5,zero,-1
PC=00010138 [fee42423] x08=00500000 x08=00500000 x14=fffffffe sw      a4,-24(s0)
PC=0001013c [fef42623] x12=00000000 x08=00500000 x15=ffffffff sw      a5,-20(s0)
PC=00010140 [00000793] x15=00000000 x00=00000000 x00=00000000 addi    a5,zero,0
PC=00010144 [00078513] x10=00000000 x15=00000000 x00=00000000 addi    a0,a5,0
PC=00010148 [01c12403] x08=fffff000 x02=004fffe0 x28=00000000 lw      s0,28(sp)
PC=0001014c [02010113] x02=00500000 x02=004fffe0 x00=00000000 addi    sp,sp,32
PC=00010150 [00008067] x00=0001009c x01=0001009c x00=00000000 jalr    zero,ra,0
PC=0001009c [200002b7] x05=20000000 x00=0001009c x00=0001009c lui     t0,536870912
PC=000100a0 [000280e7] x01=20000000 x05=20000000 x00=0001009c jalr    ra,t0,0
