PC=00010094 [00500137] x02=00500000 x00=00000000 x05=00000000 lui     sp,5242880
PC=00010098 [010000ef] x01=0001009c x00=00000000 x16=00000000 jal     ra,16
PC=000100a8 [fe010113] x02=004fffe0 x02=00500000 x00=00000000 addi    sp,sp,-32
PC=000100ac [00812e23] x28=00000000 x02=004fffe0 x08=00000000 sw      s0,28(sp)
PC=000100b0 [02010413] x08=00500000 x02=004fffe0 x00=00000000 addi    s0,sp,32
PC=000100b4 [fff00793] x15=ffffffff x00=00000000 x31=00000000 addi    a5,zero,-1
PC=000100b8 [fef407a3] x15=ffffffff x08=00500000 x15=ffffffff sb      a5,-17(s0)
PC=000100bc [fff00793] x15=ffffffff x00=00000000 x31=00000000 addi    a5,zero,-1
PC=000100c0 [fef41623] x12=00000000 x08=00500000 x15=ffffffff sh      a5,-20(s0)
PC=000100c4 [fef44783] x15=00000000 x08=00500000 x15=ffffffff lbu     a5,-17(s0)
PC=000100c8 [fef41623] x12=00000000 x08=00500000 x15=00000000 sh      a5,-20(s0)
PC=000100cc [fe041623] x12=00000000 x08=00500000 x00=00000000 sh      zero,-20(s0)
PC=000100d0 [fff00793] x15=ffffffff x00=00000000 x31=00000000 addi    a5,zero,-1
PC=000100d4 [fef41623] x12=00000000 x08=00500000 x15=ffffffff sh      a5,-20(s0)
PC=000100d8 [fff00793] x15=ffffffff x00=00000000 x31=00000000 addi    a5,zero,-1
PC=000100dc [fef42423] x08=00500000 x08=00500000 x15=ffffffff sw      a5,-24(s0)
PC=000100e0 [fec45783] x15=ffffffff x08=00500000 x12=00000000 lhu     a5,-20(s0)
PC=000100e4 [fef42423] x08=00500000 x08=00500000 x15=ffffffff sw      a5,-24(s0)
PC=000100e8 [fe042423] x08=00500000 x08=00500000 x00=00000000 sw      zero,-24(s0)
PC=000100ec [fff00793] x15=ffffffff x00=00000000 x31=00000000 addi    a5,zero,-1
PC=000100f0 [fef42423] x08=00500000 x08=00500000 x15=ffffffff sw      a5,-24(s0)
PC=000100f4 [fff00713] x14=ffffffff x00=00000000 x31=00000000 addi    a4,zero,-1
PC=000100f8 [fff00793] x15=ffffffff x00=00000000 x31=00000000 addi    a5,zero,-1
PC=000100fc [fee42023] x00=00000000 x08=00500000 x14=ffffffff sw      a4,-32(s0)
PC=00010100 [fef42223] x04=00000000 x08=00500000 x15=ffffffff sw      a5,-28(s0)
PC=00010104 [fe842783] x15=ffffefff x08=00500000 x08=00500000 lw      a5,-24(s0)
PC=00010108 [fef42023] x00=00000000 x08=00500000 x15=ffffefff sw      a5,-32(s0)
PC=0001010c [fe042223] x04=00000000 x08=00500000 x00=00000000 sw      zero,-28(s0)
PC=00010110 [00000793] x15=00000000 x00=00000000 x00=00000000 addi    a5,zero,0
PC=00010114 [00000813] x16=00000000 x00=00000000 x00=00000000 addi    a6,zero,0
PC=00010118 [fef42023] x00=00000000 x08=00500000 x15=00000000 sw      a5,-32(s0)
PC=0001011c [ff042223] x04=00000000 x08=00500000 x16=00000000 sw      a6,-28(s0)
PC=00010120 [00000793] x15=00000000 x00=00000000 x00=00000000 addi    a5,zero,0
PC=00010124 [00078513] x10=00000000 x15=00000000 x00=00000000 addi    a0,a5,0
PC=00010128 [01c12403] x08=fffff000 x02=004fffe0 x28=00000000 lw      s0,28(sp)
PC=0001012c [02010113] x02=00500000 x02=004fffe0 x00=00000000 addi    sp,sp,32
PC=00010130 [00008067] x00=0001009c x01=0001009c x00=00000000 jalr    zero,ra,0
PC=0001009c [200002b7] x05=20000000 x00=0001009c x00=0001009c lui     t0,536870912
PC=000100a0 [000280e7] x01=20000000 x05=20000000 x00=0001009c jalr    ra,t0,0
