PC=00010094 [00500137] x02=00500000 x00=00000000 x05=00000000 lui     sp,5242880
PC=00010098 [010000ef] x01=0001009c x00=00000000 x16=00000000 jal     ra,16
PC=000100a8 [fd010113] x02=004fffd0 x02=00500000 x16=00000000 addi    sp,sp,-48
PC=000100ac [02812623] x12=00000000 x02=004fffd0 x08=00000000 sw      s0,44(sp)
PC=000100b0 [03010413] x08=00500000 x02=004fffd0 x16=00000000 addi    s0,sp,48
PC=000100b4 [000107b7] x15=00010000 x02=004fffd0 x00=00000000 lui     a5,65536
PC=000100b8 [fff78793] x15=0000ffff x15=00010000 x31=00000000 addi    a5,a5,-1
PC=000100bc [fef42623] x12=00000000 x08=00500000 x15=0000ffff sw      a5,-20(s0)
PC=000100c0 [ffff07b7] x15=ffff0000 x30=00000000 x31=00000000 lui     a5,-65536
PC=000100c4 [fef42423] x08=00500000 x08=00500000 x15=ffff0000 sw      a5,-24(s0)
PC=000100c8 [fec42703] x14=0000efff x08=00500000 x12=00000000 lw      a4,-20(s0)
PC=000100cc [fe842783] x15=fffef000 x08=00500000 x08=00500000 lw      a5,-24(s0)
PC=000100d0 [40f707b3] x15=0001ffff x14=0000efff x15=fffef000 sub     a5,a4,a5
PC=000100d4 [fef42223] x04=00000000 x08=00500000 x15=0001ffff sw      a5,-28(s0)
PC=000100d8 [fe042223] x04=00000000 x08=00500000 x00=00000000 sw      zero,-28(s0)
PC=000100dc [fec00793] x15=ffffffec x00=00000000 x12=00000000 addi    a5,zero,-20
PC=000100e0 [fef42623] x12=00000000 x08=00500000 x15=ffffffec sw      a5,-20(s0)
PC=000100e4 [fe200793] x15=ffffffe2 x00=00000000 x02=004fffd0 addi    a5,zero,-30
PC=000100e8 [fef42423] x08=00500000 x08=00500000 x15=ffffffe2 sw      a5,-24(s0)
PC=000100ec [fec42703] x14=ffffefec x08=00500000 x12=00000000 lw      a4,-20(s0)
PC=000100f0 [fe842783] x15=ffffefe2 x08=00500000 x08=00500000 lw      a5,-24(s0)
PC=000100f4 [40f707b3] x15=0000000a x14=ffffefec x15=ffffefe2 sub     a5,a4,a5
PC=000100f8 [fef42223] x04=00000000 x08=00500000 x15=0000000a sw      a5,-28(s0)
PC=000100fc [fe042223] x04=00000000 x08=00500000 x00=00000000 sw      zero,-28(s0)
PC=00010100 [ffe00793] x15=fffffffe x00=00000000 x30=00000000 addi    a5,zero,-2
PC=00010104 [fef42623] x12=00000000 x08=00500000 x15=fffffffe sw      a5,-20(s0)
PC=00010108 [00200793] x15=00000002 x00=00000000 x02=004fffd0 addi    a5,zero,2
PC=0001010c [fef42423] x08=00500000 x08=00500000 x15=00000002 sw      a5,-24(s0)
PC=00010110 [fec42703] x14=ffffeffe x08=00500000 x12=00000000 lw      a4,-20(s0)
PC=00010114 [fe842783] x15=fffff002 x08=00500000 x08=00500000 lw      a5,-24(s0)
PC=00010118 [40f707b3] x15=fffffffc x14=ffffeffe x15=fffff002 sub     a5,a4,a5
PC=0001011c [fef42223] x04=00000000 x08=00500000 x15=fffffffc sw      a5,-28(s0)
PC=00010120 [fe042223] x04=00000000 x08=00500000 x00=00000000 sw      zero,-28(s0)
PC=00010124 [00a00793] x15=0000000a x00=00000000 x10=00000000 addi    a5,zero,10
PC=00010128 [fef42623] x12=00000000 x08=00500000 x15=0000000a sw      a5,-20(s0)
PC=0001012c [ffb00793] x15=fffffffb x00=00000000 x27=00000000 addi    a5,zero,-5
PC=00010130 [fef42423] x08=00500000 x08=00500000 x15=fffffffb sw      a5,-24(s0)
PC=00010134 [fec42703] x14=fffff00a x08=00500000 x12=00000000 lw      a4,-20(s0)
PC=00010138 [fe842783] x15=ffffeffb x08=00500000 x08=00500000 lw      a5,-24(s0)
PC=0001013c [40f707b3] x15=0000000f x14=fffff00a x15=ffffeffb sub     a5,a4,a5
PC=00010140 [fef42223] x04=00000000 x08=00500000 x15=0000000f sw      a5,-28(s0)
PC=00010144 [fe042223] x04=00000000 x08=00500000 x00=00000000 sw      zero,-28(s0)
PC=00010148 [00500793] x15=00000005 x00=00000000 x05=00000000 addi    a5,zero,5
PC=0001014c [fef42623] x12=00000000 x08=00500000 x15=00000005 sw      a5,-20(s0)
PC=00010150 [ff600793] x15=fffffff6 x00=00000000 x22=00000000 addi    a5,zero,-10
PC=00010154 [fef42423] x08=00500000 x08=00500000 x15=fffffff6 sw      a5,-24(s0)
PC=00010158 [fec42703] x14=fffff005 x08=00500000 x12=00000000 lw      a4,-20(s0)
PC=0001015c [fe842783] x15=ffffeff6 x08=00500000 x08=00500000 lw      a5,-24(s0)
PC=00010160 [40f707b3] x15=0000000f x14=fffff005 x15=ffffeff6 sub     a5,a4,a5
PC=00010164 [fef42223] x04=00000000 x08=00500000 x15=0000000f sw      a5,-28(s0)
PC=00010168 [fe042223] x04=00000000 x08=00500000 x00=00000000 sw      zero,-28(s0)
PC=0001016c [0f0f17b7] x15=0f0f1000 x30=00000000 x16=00000000 lui     a5,252645376
PC=00010170 [f0f78793] x15=0f0f0f0f x15=0f0f1000 x15=0f0f1000 addi    a5,a5,-241
PC=00010174 [fef42623] x12=00000000 x08=00500000 x15=0f0f0f0f sw      a5,-20(s0)
PC=00010178 [f0f0f7b7] x15=f0f0f000 x01=0001009c x15=0f0f0f0f lui     a5,-252645376
PC=0001017c [0f078793] x15=f0f0f0f0 x15=f0f0f000 x16=00000000 addi    a5,a5,240
PC=00010180 [fef42423] x08=00500000 x08=00500000 x15=f0f0f0f0 sw      a5,-24(s0)
PC=00010184 [fec42703] x14=0f0eff0f x08=00500000 x12=00000000 lw      a4,-20(s0)
PC=00010188 [fe842783] x15=f0f0e0f0 x08=00500000 x08=00500000 lw      a5,-24(s0)
PC=0001018c [40f707b3] x15=1e1e1e1f x14=0f0eff0f x15=f0f0e0f0 sub     a5,a4,a5
PC=00010190 [fef42223] x04=00000000 x08=00500000 x15=1e1e1e1f sw      a5,-28(s0)
PC=00010194 [fe042223] x04=00000000 x08=00500000 x00=00000000 sw      zero,-28(s0)
PC=00010198 [aaaab7b7] x15=aaaab000 x21=00000000 x10=00000000 lui     a5,-1431654400
PC=0001019c [aaa78793] x15=aaaaaaaa x15=aaaab000 x10=00000000 addi    a5,a5,-1366
PC=000101a0 [fef42623] x12=00000000 x08=00500000 x15=aaaaaaaa sw      a5,-20(s0)
PC=000101a4 [555557b7] x15=55555000 x10=00000000 x21=00000000 lui     a5,1431654400
PC=000101a8 [55578793] x15=55555555 x15=55555000 x21=00000000 addi    a5,a5,1365
PC=000101ac [fef42423] x08=00500000 x08=00500000 x15=55555555 sw      a5,-24(s0)
PC=000101b0 [fec42703] x14=aaaa9aaa x08=00500000 x12=00000000 lw      a4,-20(s0)
PC=000101b4 [fe842783] x15=55554555 x08=00500000 x08=00500000 lw      a5,-24(s0)
PC=000101b8 [40f707b3] x15=55555555 x14=aaaa9aaa x15=55554555 sub     a5,a4,a5
PC=000101bc [fef42223] x04=00000000 x08=00500000 x15=55555555 sw      a5,-28(s0)
PC=000101c0 [fe042223] x04=00000000 x08=00500000 x00=00000000 sw      zero,-28(s0)
PC=000101c4 [00f00793] x15=0000000f x00=00000000 x15=55555555 addi    a5,zero,15
PC=000101c8 [fef42023] x00=00000000 x08=00500000 x15=0000000f sw      a5,-32(s0)
PC=000101cc [fe042783] x15=fffff00f x08=00500000 x00=00000000 lw      a5,-32(s0)
PC=000101d0 [fff78793] x15=fffff00e x15=fffff00f x31=00000000 addi    a5,a5,-1
PC=000101d4 [fef42023] x00=00000000 x08=00500000 x15=fffff00e sw      a5,-32(s0)
PC=000101d8 [fe042783] x15=ffffe00e x08=00500000 x00=00000000 lw      a5,-32(s0)
PC=000101dc [ffe78793] x15=ffffe00c x15=ffffe00e x30=00000000 addi    a5,a5,-2
PC=000101e0 [fef42023] x00=00000000 x08=00500000 x15=ffffe00c sw      a5,-32(s0)
PC=000101e4 [fe042783] x15=ffffd00c x08=00500000 x00=00000000 lw      a5,-32(s0)
PC=000101e8 [ffd78793] x15=ffffd009 x15=ffffd00c x29=00000000 addi    a5,a5,-3
PC=000101ec [fef42023] x00=00000000 x08=00500000 x15=ffffd009 sw      a5,-32(s0)
PC=000101f0 [fe042783] x15=ffffc009 x08=00500000 x00=00000000 lw      a5,-32(s0)
PC=000101f4 [ffc78793] x15=ffffc005 x15=ffffc009 x28=00000000 addi    a5,a5,-4
PC=000101f8 [fef42023] x00=00000000 x08=00500000 x15=ffffc005 sw      a5,-32(s0)
PC=000101fc [fe042783] x15=ffffb005 x08=00500000 x00=00000000 lw      a5,-32(s0)
PC=00010200 [ffb78793] x15=ffffb000 x15=ffffb005 x27=00000000 addi    a5,a5,-5
PC=00010204 [fef42023] x00=00000000 x08=00500000 x15=ffffb000 sw      a5,-32(s0)
PC=00010208 [fe042023] x00=00000000 x08=00500000 x00=00000000 sw      zero,-32(s0)
PC=0001020c [000107b7] x15=00010000 x02=004fffd0 x00=00000000 lui     a5,65536
PC=00010210 [fff78793] x15=0000ffff x15=00010000 x31=00000000 addi    a5,a5,-1
PC=00010214 [fcf42e23] x28=00000000 x08=00500000 x15=0000ffff sw      a5,-36(s0)
PC=00010218 [ffff07b7] x15=ffff0000 x30=00000000 x31=00000000 lui     a5,-65536
PC=0001021c [fcf42c23] x24=00000000 x08=00500000 x15=ffff0000 sw      a5,-40(s0)
PC=00010220 [fdc42703] x14=0000efff x08=00500000 x28=00000000 lw      a4,-36(s0)
PC=00010224 [fd842783] x15=fffef000 x08=00500000 x24=00000000 lw      a5,-40(s0)
PC=00010228 [40f707b3] x15=0001ffff x14=0000efff x15=fffef000 sub     a5,a4,a5
PC=0001022c [fcf42a23] x20=00000000 x08=00500000 x15=0001ffff sw      a5,-44(s0)
PC=00010230 [fc042a23] x20=00000000 x08=00500000 x00=00000000 sw      zero,-44(s0)
PC=00010234 [fec00793] x15=ffffffec x00=00000000 x12=00000000 addi    a5,zero,-20
PC=00010238 [fcf42e23] x28=00000000 x08=00500000 x15=ffffffec sw      a5,-36(s0)
PC=0001023c [fe200793] x15=ffffffe2 x00=00000000 x02=004fffd0 addi    a5,zero,-30
PC=00010240 [fcf42c23] x24=00000000 x08=00500000 x15=ffffffe2 sw      a5,-40(s0)
PC=00010244 [fdc42703] x14=ffffefec x08=00500000 x28=00000000 lw      a4,-36(s0)
PC=00010248 [fd842783] x15=ffffefe2 x08=00500000 x24=00000000 lw      a5,-40(s0)
PC=0001024c [40f707b3] x15=0000000a x14=ffffefec x15=ffffefe2 sub     a5,a4,a5
PC=00010250 [fcf42a23] x20=00000000 x08=00500000 x15=0000000a sw      a5,-44(s0)
PC=00010254 [fc042a23] x20=00000000 x08=00500000 x00=00000000 sw      zero,-44(s0)
PC=00010258 [ffe00793] x15=fffffffe x00=00000000 x30=00000000 addi    a5,zero,-2
PC=0001025c [fcf42e23] x28=00000000 x08=00500000 x15=fffffffe sw      a5,-36(s0)
PC=00010260 [00200793] x15=00000002 x00=00000000 x02=004fffd0 addi    a5,zero,2
PC=00010264 [fcf42c23] x24=00000000 x08=00500000 x15=00000002 sw      a5,-40(s0)
PC=00010268 [fdc42703] x14=ffffeffe x08=00500000 x28=00000000 lw      a4,-36(s0)
PC=0001026c [fd842783] x15=fffff002 x08=00500000 x24=00000000 lw      a5,-40(s0)
PC=00010270 [40f707b3] x15=fffffffc x14=ffffeffe x15=fffff002 sub     a5,a4,a5
PC=00010274 [fcf42a23] x20=00000000 x08=00500000 x15=fffffffc sw      a5,-44(s0)
PC=00010278 [fc042a23] x20=00000000 x08=00500000 x00=00000000 sw      zero,-44(s0)
PC=0001027c [00a00793] x15=0000000a x00=00000000 x10=00000000 addi    a5,zero,10
PC=00010280 [fcf42e23] x28=00000000 x08=00500000 x15=0000000a sw      a5,-36(s0)
PC=00010284 [ffb00793] x15=fffffffb x00=00000000 x27=00000000 addi    a5,zero,-5
PC=00010288 [fcf42c23] x24=00000000 x08=00500000 x15=fffffffb sw      a5,-40(s0)
PC=0001028c [fdc42703] x14=fffff00a x08=00500000 x28=00000000 lw      a4,-36(s0)
PC=00010290 [fd842783] x15=ffffeffb x08=00500000 x24=00000000 lw      a5,-40(s0)
PC=00010294 [40f707b3] x15=0000000f x14=fffff00a x15=ffffeffb sub     a5,a4,a5
PC=00010298 [fcf42a23] x20=00000000 x08=00500000 x15=0000000f sw      a5,-44(s0)
PC=0001029c [fc042a23] x20=00000000 x08=00500000 x00=00000000 sw      zero,-44(s0)
PC=000102a0 [00500793] x15=00000005 x00=00000000 x05=00000000 addi    a5,zero,5
PC=000102a4 [fcf42e23] x28=00000000 x08=00500000 x15=00000005 sw      a5,-36(s0)
PC=000102a8 [ff600793] x15=fffffff6 x00=00000000 x22=00000000 addi    a5,zero,-10
PC=000102ac [fcf42c23] x24=00000000 x08=00500000 x15=fffffff6 sw      a5,-40(s0)
PC=000102b0 [fdc42703] x14=fffff005 x08=00500000 x28=00000000 lw      a4,-36(s0)
PC=000102b4 [fd842783] x15=ffffeff6 x08=00500000 x24=00000000 lw      a5,-40(s0)
PC=000102b8 [40f707b3] x15=0000000f x14=fffff005 x15=ffffeff6 sub     a5,a4,a5
PC=000102bc [fcf42a23] x20=00000000 x08=00500000 x15=0000000f sw      a5,-44(s0)
PC=000102c0 [fc042a23] x20=00000000 x08=00500000 x00=00000000 sw      zero,-44(s0)
PC=000102c4 [0f0f17b7] x15=0f0f1000 x30=00000000 x16=00000000 lui     a5,252645376
PC=000102c8 [f0f78793] x15=0f0f0f0f x15=0f0f1000 x15=0f0f1000 addi    a5,a5,-241
PC=000102cc [fcf42e23] x28=00000000 x08=00500000 x15=0f0f0f0f sw      a5,-36(s0)
PC=000102d0 [f0f0f7b7] x15=f0f0f000 x01=0001009c x15=0f0f0f0f lui     a5,-252645376
PC=000102d4 [0f078793] x15=f0f0f0f0 x15=f0f0f000 x16=00000000 addi    a5,a5,240
PC=000102d8 [fcf42c23] x24=00000000 x08=00500000 x15=f0f0f0f0 sw      a5,-40(s0)
PC=000102dc [fdc42703] x14=0f0eff0f x08=00500000 x28=00000000 lw      a4,-36(s0)
PC=000102e0 [fd842783] x15=f0f0e0f0 x08=00500000 x24=00000000 lw      a5,-40(s0)
PC=000102e4 [40f707b3] x15=1e1e1e1f x14=0f0eff0f x15=f0f0e0f0 sub     a5,a4,a5
PC=000102e8 [fcf42a23] x20=00000000 x08=00500000 x15=1e1e1e1f sw      a5,-44(s0)
PC=000102ec [fc042a23] x20=00000000 x08=00500000 x00=00000000 sw      zero,-44(s0)
PC=000102f0 [aaaab7b7] x15=aaaab000 x21=00000000 x10=00000000 lui     a5,-1431654400
PC=000102f4 [aaa78793] x15=aaaaaaaa x15=aaaab000 x10=00000000 addi    a5,a5,-1366
PC=000102f8 [fcf42e23] x28=00000000 x08=00500000 x15=aaaaaaaa sw      a5,-36(s0)
PC=000102fc [555557b7] x15=55555000 x10=00000000 x21=00000000 lui     a5,1431654400
PC=00010300 [55578793] x15=55555555 x15=55555000 x21=00000000 addi    a5,a5,1365
PC=00010304 [fcf42c23] x24=00000000 x08=00500000 x15=55555555 sw      a5,-40(s0)
PC=00010308 [fdc42703] x14=aaaa9aaa x08=00500000 x28=00000000 lw      a4,-36(s0)
PC=0001030c [fd842783] x15=55554555 x08=00500000 x24=00000000 lw      a5,-40(s0)
PC=00010310 [40f707b3] x15=55555555 x14=aaaa9aaa x15=55554555 sub     a5,a4,a5
PC=00010314 [fcf42a23] x20=00000000 x08=00500000 x15=55555555 sw      a5,-44(s0)
PC=00010318 [fc042a23] x20=00000000 x08=00500000 x00=00000000 sw      zero,-44(s0)
PC=0001031c [00f00793] x15=0000000f x00=00000000 x15=55555555 addi    a5,zero,15
PC=00010320 [fcf42823] x16=00000000 x08=00500000 x15=0000000f sw      a5,-48(s0)
PC=00010324 [fd042783] x15=fffff00f x08=00500000 x16=00000000 lw      a5,-48(s0)
PC=00010328 [fff78793] x15=fffff00e x15=fffff00f x31=00000000 addi    a5,a5,-1
PC=0001032c [fcf42823] x16=00000000 x08=00500000 x15=fffff00e sw      a5,-48(s0)
PC=00010330 [fd042783] x15=ffffe00e x08=00500000 x16=00000000 lw      a5,-48(s0)
PC=00010334 [ffe78793] x15=ffffe00c x15=ffffe00e x30=00000000 addi    a5,a5,-2
PC=00010338 [fcf42823] x16=00000000 x08=00500000 x15=ffffe00c sw      a5,-48(s0)
PC=0001033c [fd042783] x15=ffffd00c x08=00500000 x16=00000000 lw      a5,-48(s0)
PC=00010340 [ffd78793] x15=ffffd009 x15=ffffd00c x29=00000000 addi    a5,a5,-3
PC=00010344 [fcf42823] x16=00000000 x08=00500000 x15=ffffd009 sw      a5,-48(s0)
PC=00010348 [fd042783] x15=ffffc009 x08=00500000 x16=00000000 lw      a5,-48(s0)
PC=0001034c [ffc78793] x15=ffffc005 x15=ffffc009 x28=00000000 addi    a5,a5,-4
PC=00010350 [fcf42823] x16=00000000 x08=00500000 x15=ffffc005 sw      a5,-48(s0)
PC=00010354 [fd042783] x15=ffffb005 x08=00500000 x16=00000000 lw      a5,-48(s0)
PC=00010358 [ffb78793] x15=ffffb000 x15=ffffb005 x27=00000000 addi    a5,a5,-5
PC=0001035c [fcf42823] x16=00000000 x08=00500000 x15=ffffb000 sw      a5,-48(s0)
PC=00010360 [fc042823] x16=00000000 x08=00500000 x00=00000000 sw      zero,-48(s0)
PC=00010364 [fe042023] x00=00000000 x08=00500000 x00=00000000 sw      zero,-32(s0)
PC=00010368 [fe042783] x15=fffff000 x08=00500000 x00=00000000 lw      a5,-32(s0)
PC=0001036c [00178793] x15=fffff001 x15=fffff000 x01=0001009c addi    a5,a5,1
PC=00010370 [fef42023] x00=00000000 x08=00500000 x15=fffff001 sw      a5,-32(s0)
PC=00010374 [fe042783] x15=ffffe001 x08=00500000 x00=00000000 lw      a5,-32(s0)
PC=00010378 [00278793] x15=ffffe003 x15=ffffe001 x02=004fffd0 addi    a5,a5,2
PC=0001037c [fef42023] x00=00000000 x08=00500000 x15=ffffe003 sw      a5,-32(s0)
PC=00010380 [fe042783] x15=ffffd003 x08=00500000 x00=00000000 lw      a5,-32(s0)
PC=00010384 [00378793] x15=ffffd006 x15=ffffd003 x03=00000000 addi    a5,a5,3
PC=00010388 [fef42023] x00=00000000 x08=00500000 x15=ffffd006 sw      a5,-32(s0)
PC=0001038c [fe042783] x15=ffffc006 x08=00500000 x00=00000000 lw      a5,-32(s0)
PC=00010390 [00478793] x15=ffffc00a x15=ffffc006 x04=00000000 addi    a5,a5,4
PC=00010394 [fef42023] x00=00000000 x08=00500000 x15=ffffc00a sw      a5,-32(s0)
PC=00010398 [fe042783] x15=ffffb00a x08=00500000 x00=00000000 lw      a5,-32(s0)
PC=0001039c [00578793] x15=ffffb00f x15=ffffb00a x05=00000000 addi    a5,a5,5
PC=000103a0 [fef42023] x00=00000000 x08=00500000 x15=ffffb00f sw      a5,-32(s0)
PC=000103a4 [fe042023] x00=00000000 x08=00500000 x00=00000000 sw      zero,-32(s0)
PC=000103a8 [fc042823] x16=00000000 x08=00500000 x00=00000000 sw      zero,-48(s0)
PC=000103ac [fd042783] x15=fffff000 x08=00500000 x16=00000000 lw      a5,-48(s0)
PC=000103b0 [00178793] x15=fffff001 x15=fffff000 x01=0001009c addi    a5,a5,1
PC=000103b4 [fcf42823] x16=00000000 x08=00500000 x15=fffff001 sw      a5,-48(s0)
PC=000103b8 [fd042783] x15=ffffe001 x08=00500000 x16=00000000 lw      a5,-48(s0)
PC=000103bc [00278793] x15=ffffe003 x15=ffffe001 x02=004fffd0 addi    a5,a5,2
PC=000103c0 [fcf42823] x16=00000000 x08=00500000 x15=ffffe003 sw      a5,-48(s0)
PC=000103c4 [fd042783] x15=ffffd003 x08=00500000 x16=00000000 lw      a5,-48(s0)
PC=000103c8 [00378793] x15=ffffd006 x15=ffffd003 x03=00000000 addi    a5,a5,3
PC=000103cc [fcf42823] x16=00000000 x08=00500000 x15=ffffd006 sw      a5,-48(s0)
PC=000103d0 [fd042783] x15=ffffc006 x08=00500000 x16=00000000 lw      a5,-48(s0)
PC=000103d4 [00478793] x15=ffffc00a x15=ffffc006 x04=00000000 addi    a5,a5,4
PC=000103d8 [fcf42823] x16=00000000 x08=00500000 x15=ffffc00a sw      a5,-48(s0)
PC=000103dc [fd042783] x15=ffffb00a x08=00500000 x16=00000000 lw      a5,-48(s0)
PC=000103e0 [00578793] x15=ffffb00f x15=ffffb00a x05=00000000 addi    a5,a5,5
PC=000103e4 [fcf42823] x16=00000000 x08=00500000 x15=ffffb00f sw      a5,-48(s0)
PC=000103e8 [fc042823] x16=00000000 x08=00500000 x00=00000000 sw      zero,-48(s0)
PC=000103ec [00000793] x15=00000000 x00=00000000 x00=00000000 addi    a5,zero,0
PC=000103f0 [00078513] x10=00000000 x15=00000000 x00=00000000 addi    a0,a5,0
PC=000103f4 [02c12403] x08=fffff000 x02=004fffd0 x12=00000000 lw      s0,44(sp)
PC=000103f8 [03010113] x02=00500000 x02=004fffd0 x16=00000000 addi    sp,sp,48
PC=000103fc [00008067] x00=0001009c x01=0001009c x00=00000000 jalr    zero,ra,0
PC=0001009c [200002b7] x05=20000000 x00=0001009c x00=0001009c lui     t0,536870912
PC=000100a0 [000280e7] x01=20000000 x05=20000000 x00=0001009c jalr    ra,t0,0
