PC=00010094 [00500137] x02=00500000 x00=00000000 x05=00000000 lui     sp,5242880
PC=00010098 [010000ef] x01=0001009c x00=00000000 x16=00000000 jal     ra,16
PC=000100a8 [fb010113] x02=004fffb0 x02=00500000 x16=00000000 addi    sp,sp,-80
PC=000100ac [04812623] x12=00000000 x02=004fffb0 x08=00000000 sw      s0,76(sp)
PC=000100b0 [05010413] x08=00500000 x02=004fffb0 x16=00000000 addi    s0,sp,80
PC=000100b4 [fff00713] x14=ffffffff x00=00000000 x31=00000000 addi    a4,zero,-1
PC=000100b8 [00000793] x15=00000000 x00=00000000 x00=00000000 addi    a5,zero,0
PC=000100bc [fee42423] x08=00500000 x08=00500000 x14=ffffffff sw      a4,-24(s0)
PC=000100c0 [fef42623] x12=00000000 x08=00500000 x15=00000000 sw      a5,-20(s0)
PC=000100c4 [00000713] x14=00000000 x00=00000000 x00=00000000 addi    a4,zero,0
PC=000100c8 [fff00793] x15=ffffffff x00=00000000 x31=00000000 addi    a5,zero,-1
PC=000100cc [fee42023] x00=00000000 x08=00500000 x14=00000000 sw      a4,-32(s0)
PC=000100d0 [fef42223] x04=00000000 x08=00500000 x15=ffffffff sw      a5,-28(s0)
PC=000100d4 [fe842603] x12=ffffefff x08=00500000 x08=00500000 lw      a2,-24(s0)
PC=000100d8 [fec42683] x13=fffff000 x08=00500000 x12=ffffefff lw      a3,-20(s0)
PC=000100dc [fe042503] x10=fffff000 x08=00500000 x00=00000000 lw      a0,-32(s0)
PC=000100e0 [fe442583] x11=ffffefff x08=00500000 x04=00000000 lw      a1,-28(s0)
PC=000100e4 [40a60733] x14=ffffffff x12=ffffefff x10=fffff000 sub     a4,a2,a0
PC=000100e8 [00070813] x16=ffffffff x14=ffffffff x00=00000000 addi    a6,a4,0
PC=000100ec [01063833] x16=ffffeffe x12=ffffefff x16=ffffffff sltu    a6,a2,a6
PC=000100f0 [40b687b3] x15=00000001 x13=fffff000 x11=ffffefff sub     a5,a3,a1
PC=000100f4 [410786b3] x13=00001003 x15=00000001 x16=ffffeffe sub     a3,a5,a6
PC=000100f8 [00068793] x15=00001003 x13=00001003 x00=00000000 addi    a5,a3,0
PC=000100fc [fce42c23] x24=00000000 x08=00500000 x14=ffffffff sw      a4,-40(s0)
PC=00010100 [fcf42e23] x28=00000000 x08=00500000 x15=00001003 sw      a5,-36(s0)
PC=00010104 [00000313] x06=00000000 x00=00000000 x00=00000000 addi    t1,zero,0
PC=00010108 [00000393] x07=00000000 x00=00000000 x00=00000000 addi    t2,zero,0
PC=0001010c [fc642c23] x24=00000000 x08=00500000 x06=00000000 sw      t1,-40(s0)
PC=00010110 [fc742e23] x28=00000000 x08=00500000 x07=00000000 sw      t2,-36(s0)
PC=00010114 [fec00713] x14=ffffffec x00=00000000 x12=ffffefff addi    a4,zero,-20
PC=00010118 [fff00793] x15=ffffffff x00=00000000 x31=00000000 addi    a5,zero,-1
PC=0001011c [fee42423] x08=00500000 x08=00500000 x14=ffffffec sw      a4,-24(s0)
PC=00010120 [fef42623] x12=ffffefff x08=00500000 x15=ffffffff sw      a5,-20(s0)
PC=00010124 [fe200713] x14=ffffffe2 x00=00000000 x02=004fffb0 addi    a4,zero,-30
PC=00010128 [fff00793] x15=ffffffff x00=00000000 x31=00000000 addi    a5,zero,-1
PC=0001012c [fee42023] x00=00000000 x08=00500000 x14=ffffffe2 sw      a4,-32(s0)
PC=00010130 [fef42223] x04=00000000 x08=00500000 x15=ffffffff sw      a5,-28(s0)
PC=00010134 [fe842603] x12=ffffefec x08=00500000 x08=00500000 lw      a2,-24(s0)
PC=00010138 [fec42683] x13=ffffefff x08=00500000 x12=ffffefec lw      a3,-20(s0)
PC=0001013c [fe042503] x10=ffffefe2 x08=00500000 x00=00000000 lw      a0,-32(s0)
PC=00010140 [fe442583] x11=ffffefff x08=00500000 x04=00000000 lw      a1,-28(s0)
PC=00010144 [40a60733] x14=0000000a x12=ffffefec x10=ffffefe2 sub     a4,a2,a0
PC=00010148 [00070813] x16=0000000a x14=0000000a x00=00000000 addi    a6,a4,0
PC=0001014c [01063833] x16=ffffeff6 x12=ffffefec x16=0000000a sltu    a6,a2,a6
PC=00010150 [40b687b3] x15=00000000 x13=ffffefff x11=ffffefff sub     a5,a3,a1
PC=00010154 [410786b3] x13=0000100a x15=00000000 x16=ffffeff6 sub     a3,a5,a6
PC=00010158 [00068793] x15=0000100a x13=0000100a x00=00000000 addi    a5,a3,0
PC=0001015c [fce42c23] x24=00000000 x08=00500000 x14=0000000a sw      a4,-40(s0)
PC=00010160 [fcf42e23] x28=00000000 x08=00500000 x15=0000100a sw      a5,-36(s0)
PC=00010164 [fc642c23] x24=00000000 x08=00500000 x06=00000000 sw      t1,-40(s0)
PC=00010168 [fc742e23] x28=00000000 x08=00500000 x07=00000000 sw      t2,-36(s0)
PC=0001016c [ffe00713] x14=fffffffe x00=00000000 x30=00000000 addi    a4,zero,-2
PC=00010170 [fff00793] x15=ffffffff x00=00000000 x31=00000000 addi    a5,zero,-1
PC=00010174 [fee42423] x08=00500000 x08=00500000 x14=fffffffe sw      a4,-24(s0)
PC=00010178 [fef42623] x12=ffffefec x08=00500000 x15=ffffffff sw      a5,-20(s0)
PC=0001017c [00200713] x14=00000002 x00=00000000 x02=004fffb0 addi    a4,zero,2
PC=00010180 [00000793] x15=00000000 x00=00000000 x00=00000000 addi    a5,zero,0
PC=00010184 [fee42023] x00=00000000 x08=00500000 x14=00000002 sw      a4,-32(s0)
PC=00010188 [fef42223] x04=00000000 x08=00500000 x15=00000000 sw      a5,-28(s0)
PC=0001018c [fe842603] x12=ffffeffe x08=00500000 x08=00500000 lw      a2,-24(s0)
PC=00010190 [fec42683] x13=ffffefff x08=00500000 x12=ffffeffe lw      a3,-20(s0)
PC=00010194 [fe042503] x10=fffff002 x08=00500000 x00=00000000 lw      a0,-32(s0)
PC=00010198 [fe442583] x11=fffff000 x08=00500000 x04=00000000 lw      a1,-28(s0)
PC=0001019c [40a60733] x14=fffffffc x12=ffffeffe x10=fffff002 sub     a4,a2,a0
PC=000101a0 [00070813] x16=fffffffc x14=fffffffc x00=00000000 addi    a6,a4,0
PC=000101a4 [01063833] x16=ffffeffa x12=ffffeffe x16=fffffffc sltu    a6,a2,a6
PC=000101a8 [40b687b3] x15=ffffffff x13=ffffefff x11=fffff000 sub     a5,a3,a1
PC=000101ac [410786b3] x13=00001005 x15=ffffffff x16=ffffeffa sub     a3,a5,a6
PC=000101b0 [00068793] x15=00001005 x13=00001005 x00=00000000 addi    a5,a3,0
PC=000101b4 [fce42c23] x24=00000000 x08=00500000 x14=fffffffc sw      a4,-40(s0)
PC=000101b8 [fcf42e23] x28=00000000 x08=00500000 x15=00001005 sw      a5,-36(s0)
PC=000101bc [fc642c23] x24=00000000 x08=00500000 x06=00000000 sw      t1,-40(s0)
PC=000101c0 [fc742e23] x28=00000000 x08=00500000 x07=00000000 sw      t2,-36(s0)
PC=000101c4 [00a00713] x14=0000000a x00=00000000 x10=fffff002 addi    a4,zero,10
PC=000101c8 [00000793] x15=00000000 x00=00000000 x00=00000000 addi    a5,zero,0
PC=000101cc [fee42423] x08=00500000 x08=00500000 x14=0000000a sw      a4,-24(s0)
PC=000101d0 [fef42623] x12=ffffeffe x08=00500000 x15=00000000 sw      a5,-20(s0)
PC=000101d4 [ffb00713] x14=fffffffb x00=00000000 x27=00000000 addi    a4,zero,-5
PC=000101d8 [fff00793] x15=ffffffff x00=00000000 x31=00000000 addi    a5,zero,-1
PC=000101dc [fee42023] x00=00000000 x08=00500000 x14=fffffffb sw      a4,-32(s0)
PC=000101e0 [fef42223] x04=00000000 x08=00500000 x15=ffffffff sw      a5,-28(s0)
PC=000101e4 [fe842603] x12=fffff00a x08=00500000 x08=00500000 lw      a2,-24(s0)
PC=000101e8 [fec42683] x13=fffff000 x08=00500000 x12=fffff00a lw      a3,-20(s0)
PC=000101ec [fe042503] x10=ffffeffb x08=00500000 x00=00000000 lw      a0,-32(s0)
PC=000101f0 [fe442583] x11=ffffefff x08=00500000 x04=00000000 lw      a1,-28(s0)
PC=000101f4 [40a60733] x14=0000000f x12=fffff00a x10=ffffeffb sub     a4,a2,a0
PC=000101f8 [00070813] x16=0000000f x14=0000000f x00=00000000 addi    a6,a4,0
PC=000101fc [01063833] x16=fffff019 x12=fffff00a x16=0000000f sltu    a6,a2,a6
PC=00010200 [40b687b3] x15=00000001 x13=fffff000 x11=ffffefff sub     a5,a3,a1
PC=00010204 [410786b3] x13=00000fe8 x15=00000001 x16=fffff019 sub     a3,a5,a6
PC=00010208 [00068793] x15=00000fe8 x13=00000fe8 x00=00000000 addi    a5,a3,0
PC=0001020c [fce42c23] x24=00000000 x08=00500000 x14=0000000f sw      a4,-40(s0)
PC=00010210 [fcf42e23] x28=00000000 x08=00500000 x15=00000fe8 sw      a5,-36(s0)
PC=00010214 [fc642c23] x24=00000000 x08=00500000 x06=00000000 sw      t1,-40(s0)
PC=00010218 [fc742e23] x28=00000000 x08=00500000 x07=00000000 sw      t2,-36(s0)
PC=0001021c [00500713] x14=00000005 x00=00000000 x05=00000000 addi    a4,zero,5
PC=00010220 [00000793] x15=00000000 x00=00000000 x00=00000000 addi    a5,zero,0
PC=00010224 [fee42423] x08=00500000 x08=00500000 x14=00000005 sw      a4,-24(s0)
PC=00010228 [fef42623] x12=fffff00a x08=00500000 x15=00000000 sw      a5,-20(s0)
PC=0001022c [ff600713] x14=fffffff6 x00=00000000 x22=00000000 addi    a4,zero,-10
PC=00010230 [fff00793] x15=ffffffff x00=00000000 x31=00000000 addi    a5,zero,-1
PC=00010234 [fee42023] x00=00000000 x08=00500000 x14=fffffff6 sw      a4,-32(s0)
PC=00010238 [fef42223] x04=00000000 x08=00500000 x15=ffffffff sw      a5,-28(s0)
PC=0001023c [fe842603] x12=fffff005 x08=00500000 x08=00500000 lw      a2,-24(s0)
PC=00010240 [fec42683] x13=fffff000 x08=00500000 x12=fffff005 lw      a3,-20(s0)
PC=00010244 [fe042503] x10=ffffeff6 x08=00500000 x00=00000000 lw      a0,-32(s0)
PC=00010248 [fe442583] x11=ffffefff x08=00500000 x04=00000000 lw      a1,-28(s0)
PC=0001024c [40a60733] x14=0000000f x12=fffff005 x10=ffffeff6 sub     a4,a2,a0
PC=00010250 [00070813] x16=0000000f x14=0000000f x00=00000000 addi    a6,a4,0
PC=00010254 [01063833] x16=fffff014 x12=fffff005 x16=0000000f sltu    a6,a2,a6
PC=00010258 [40b687b3] x15=00000001 x13=fffff000 x11=ffffefff sub     a5,a3,a1
PC=0001025c [410786b3] x13=00000fed x15=00000001 x16=fffff014 sub     a3,a5,a6
PC=00010260 [00068793] x15=00000fed x13=00000fed x00=00000000 addi    a5,a3,0
PC=00010264 [fce42c23] x24=00000000 x08=00500000 x14=0000000f sw      a4,-40(s0)
PC=00010268 [fcf42e23] x28=00000000 x08=00500000 x15=00000fed sw      a5,-36(s0)
PC=0001026c [fc642c23] x24=00000000 x08=00500000 x06=00000000 sw      t1,-40(s0)
PC=00010270 [fc742e23] x28=00000000 x08=00500000 x07=00000000 sw      t2,-36(s0)
PC=00010274 [000117b7] x15=00011000 x02=004fffb0 x00=00000000 lui     a5,69632
PC=00010278 [9f87a703] x14=fffff000 x15=00011000 x24=00000000 lw      a4,-1544(a5)
PC=0001027c [9fc7a783] x15=fffff000 x15=00011000 x28=00000000 lw      a5,-1540(a5)
PC=00010280 [fee42423] x08=00500000 x08=00500000 x14=fffff000 sw      a4,-24(s0)
PC=00010284 [fef42623] x12=fffff005 x08=00500000 x15=fffff000 sw      a5,-20(s0)
PC=00010288 [000117b7] x15=00011000 x02=004fffb0 x00=00000000 lui     a5,69632
PC=0001028c [a007a703] x14=fffff000 x15=00011000 x00=00000000 lw      a4,-1536(a5)
PC=00010290 [a047a783] x15=fffff000 x15=00011000 x04=00000000 lw      a5,-1532(a5)
PC=00010294 [fee42023] x00=00000000 x08=00500000 x14=fffff000 sw      a4,-32(s0)
PC=00010298 [fef42223] x04=00000000 x08=00500000 x15=fffff000 sw      a5,-28(s0)
PC=0001029c [fe842603] x12=ffffe000 x08=00500000 x08=00500000 lw      a2,-24(s0)
PC=000102a0 [fec42683] x13=ffffe000 x08=00500000 x12=ffffe000 lw      a3,-20(s0)
PC=000102a4 [fe042503] x10=ffffe000 x08=00500000 x00=00000000 lw      a0,-32(s0)
PC=000102a8 [fe442583] x11=ffffe000 x08=00500000 x04=00000000 lw      a1,-28(s0)
PC=000102ac [40a60733] x14=00000000 x12=ffffe000 x10=ffffe000 sub     a4,a2,a0
PC=000102b0 [00070813] x16=00000000 x14=00000000 x00=00000000 addi    a6,a4,0
PC=000102b4 [01063833] x16=ffffe000 x12=ffffe000 x16=00000000 sltu    a6,a2,a6
PC=000102b8 [40b687b3] x15=00000000 x13=ffffe000 x11=ffffe000 sub     a5,a3,a1
PC=000102bc [410786b3] x13=00002000 x15=00000000 x16=ffffe000 sub     a3,a5,a6
PC=000102c0 [00068793] x15=00002000 x13=00002000 x00=00000000 addi    a5,a3,0
PC=000102c4 [fce42c23] x24=00000000 x08=00500000 x14=00000000 sw      a4,-40(s0)
PC=000102c8 [fcf42e23] x28=00000000 x08=00500000 x15=00002000 sw      a5,-36(s0)
PC=000102cc [fc642c23] x24=00000000 x08=00500000 x06=00000000 sw      t1,-40(s0)
PC=000102d0 [fc742e23] x28=00000000 x08=00500000 x07=00000000 sw      t2,-36(s0)
PC=000102d4 [000117b7] x15=00011000 x02=004fffb0 x00=00000000 lui     a5,69632
PC=000102d8 [a087a703] x14=fffff000 x15=00011000 x08=00500000 lw      a4,-1528(a5)
PC=000102dc [a0c7a783] x15=fffff000 x15=00011000 x12=ffffe000 lw      a5,-1524(a5)
PC=000102e0 [fee42423] x08=00500000 x08=00500000 x14=fffff000 sw      a4,-24(s0)
PC=000102e4 [fef42623] x12=ffffe000 x08=00500000 x15=fffff000 sw      a5,-20(s0)
PC=000102e8 [000117b7] x15=00011000 x02=004fffb0 x00=00000000 lui     a5,69632
PC=000102ec [a107a703] x14=fffff000 x15=00011000 x16=ffffe000 lw      a4,-1520(a5)
PC=000102f0 [a147a783] x15=fffff000 x15=00011000 x20=00000000 lw      a5,-1516(a5)
PC=000102f4 [fee42023] x00=00000000 x08=00500000 x14=fffff000 sw      a4,-32(s0)
PC=000102f8 [fef42223] x04=00000000 x08=00500000 x15=fffff000 sw      a5,-28(s0)
PC=000102fc [fe842603] x12=ffffe000 x08=00500000 x08=00500000 lw      a2,-24(s0)
PC=00010300 [fec42683] x13=ffffe000 x08=00500000 x12=ffffe000 lw      a3,-20(s0)
PC=00010304 [fe042503] x10=ffffe000 x08=00500000 x00=00000000 lw      a0,-32(s0)
PC=00010308 [fe442583] x11=ffffe000 x08=00500000 x04=00000000 lw      a1,-28(s0)
PC=0001030c [40a60733] x14=00000000 x12=ffffe000 x10=ffffe000 sub     a4,a2,a0
PC=00010310 [00070813] x16=00000000 x14=00000000 x00=00000000 addi    a6,a4,0
PC=00010314 [01063833] x16=ffffe000 x12=ffffe000 x16=00000000 sltu    a6,a2,a6
PC=00010318 [40b687b3] x15=00000000 x13=ffffe000 x11=ffffe000 sub     a5,a3,a1
PC=0001031c [410786b3] x13=00002000 x15=00000000 x16=ffffe000 sub     a3,a5,a6
PC=00010320 [00068793] x15=00002000 x13=00002000 x00=00000000 addi    a5,a3,0
PC=00010324 [fce42c23] x24=00000000 x08=00500000 x14=00000000 sw      a4,-40(s0)
PC=00010328 [fcf42e23] x28=00000000 x08=00500000 x15=00002000 sw      a5,-36(s0)
PC=0001032c [fc642c23] x24=00000000 x08=00500000 x06=00000000 sw      t1,-40(s0)
PC=00010330 [fc742e23] x28=00000000 x08=00500000 x07=00000000 sw      t2,-36(s0)
PC=00010334 [00f00713] x14=0000000f x00=00000000 x15=00002000 addi    a4,zero,15
PC=00010338 [00000793] x15=00000000 x00=00000000 x00=00000000 addi    a5,zero,0
PC=0001033c [fce42823] x16=ffffe000 x08=00500000 x14=0000000f sw      a4,-48(s0)
PC=00010340 [fcf42a23] x20=00000000 x08=00500000 x15=00000000 sw      a5,-44(s0)
PC=00010344 [fd042603] x12=fffff00f x08=00500000 x16=ffffe000 lw      a2,-48(s0)
PC=00010348 [fd442683] x13=fffff000 x08=00500000 x20=00000000 lw      a3,-44(s0)
PC=0001034c [fff00513] x10=ffffffff x00=00000000 x31=00000000 addi    a0,zero,-1
PC=00010350 [fff00593] x11=ffffffff x00=00000000 x31=00000000 addi    a1,zero,-1
PC=00010354 [00a60733] x14=fffff00e x12=fffff00f x10=ffffffff add     a4,a2,a0
PC=00010358 [00070813] x16=fffff00e x14=fffff00e x00=00000000 addi    a6,a4,0
PC=0001035c [00c83833] x16=ffffe01d x16=fffff00e x12=fffff00f sltu    a6,a6,a2
PC=00010360 [00b687b3] x15=ffffefff x13=fffff000 x11=ffffffff add     a5,a3,a1
PC=00010364 [00f806b3] x13=ffffd01c x16=ffffe01d x15=ffffefff add     a3,a6,a5
PC=00010368 [00068793] x15=ffffd01c x13=ffffd01c x00=00000000 addi    a5,a3,0
PC=0001036c [fce42823] x16=ffffe01d x08=00500000 x14=fffff00e sw      a4,-48(s0)
PC=00010370 [fcf42a23] x20=00000000 x08=00500000 x15=ffffd01c sw      a5,-44(s0)
PC=00010374 [fd042603] x12=ffffe00e x08=00500000 x16=ffffe01d lw      a2,-48(s0)
PC=00010378 [fd442683] x13=ffffc01c x08=00500000 x20=00000000 lw      a3,-44(s0)
PC=0001037c [ffe00513] x10=fffffffe x00=00000000 x30=00000000 addi    a0,zero,-2
PC=00010380 [fff00593] x11=ffffffff x00=00000000 x31=00000000 addi    a1,zero,-1
PC=00010384 [00a60733] x14=ffffe00c x12=ffffe00e x10=fffffffe add     a4,a2,a0
PC=00010388 [00070813] x16=ffffe00c x14=ffffe00c x00=00000000 addi    a6,a4,0
PC=0001038c [00c83833] x16=ffffc01a x16=ffffe00c x12=ffffe00e sltu    a6,a6,a2
PC=00010390 [00b687b3] x15=ffffc01b x13=ffffc01c x11=ffffffff add     a5,a3,a1
PC=00010394 [00f806b3] x13=ffff8035 x16=ffffc01a x15=ffffc01b add     a3,a6,a5
PC=00010398 [00068793] x15=ffff8035 x13=ffff8035 x00=00000000 addi    a5,a3,0
PC=0001039c [fce42823] x16=ffffc01a x08=00500000 x14=ffffe00c sw      a4,-48(s0)
PC=000103a0 [fcf42a23] x20=00000000 x08=00500000 x15=ffff8035 sw      a5,-44(s0)
PC=000103a4 [fd042603] x12=ffffd00c x08=00500000 x16=ffffc01a lw      a2,-48(s0)
PC=000103a8 [fd442683] x13=ffff7035 x08=00500000 x20=00000000 lw      a3,-44(s0)
PC=000103ac [ffd00513] x10=fffffffd x00=00000000 x29=00000000 addi    a0,zero,-3
PC=000103b0 [fff00593] x11=ffffffff x00=00000000 x31=00000000 addi    a1,zero,-1
PC=000103b4 [00a60733] x14=ffffd009 x12=ffffd00c x10=fffffffd add     a4,a2,a0
PC=000103b8 [00070813] x16=ffffd009 x14=ffffd009 x00=00000000 addi    a6,a4,0
PC=000103bc [00c83833] x16=ffffa015 x16=ffffd009 x12=ffffd00c sltu    a6,a6,a2
PC=000103c0 [00b687b3] x15=ffff7034 x13=ffff7035 x11=ffffffff add     a5,a3,a1
PC=000103c4 [00f806b3] x13=ffff1049 x16=ffffa015 x15=ffff7034 add     a3,a6,a5
PC=000103c8 [00068793] x15=ffff1049 x13=ffff1049 x00=00000000 addi    a5,a3,0
PC=000103cc [fce42823] x16=ffffa015 x08=00500000 x14=ffffd009 sw      a4,-48(s0)
PC=000103d0 [fcf42a23] x20=00000000 x08=00500000 x15=ffff1049 sw      a5,-44(s0)
PC=000103d4 [fd042603] x12=ffffc009 x08=00500000 x16=ffffa015 lw      a2,-48(s0)
PC=000103d8 [fd442683] x13=ffff0049 x08=00500000 x20=00000000 lw      a3,-44(s0)
PC=000103dc [ffc00513] x10=fffffffc x00=00000000 x28=00000000 addi    a0,zero,-4
PC=000103e0 [fff00593] x11=ffffffff x00=00000000 x31=00000000 addi    a1,zero,-1
PC=000103e4 [00a60733] x14=ffffc005 x12=ffffc009 x10=fffffffc add     a4,a2,a0
PC=000103e8 [00070813] x16=ffffc005 x14=ffffc005 x00=00000000 addi    a6,a4,0
PC=000103ec [00c83833] x16=ffff800e x16=ffffc005 x12=ffffc009 sltu    a6,a6,a2
PC=000103f0 [00b687b3] x15=ffff0048 x13=ffff0049 x11=ffffffff add     a5,a3,a1
PC=000103f4 [00f806b3] x13=fffe8056 x16=ffff800e x15=ffff0048 add     a3,a6,a5
PC=000103f8 [00068793] x15=fffe8056 x13=fffe8056 x00=00000000 addi    a5,a3,0
PC=000103fc [fce42823] x16=ffff800e x08=00500000 x14=ffffc005 sw      a4,-48(s0)
PC=00010400 [fcf42a23] x20=00000000 x08=00500000 x15=fffe8056 sw      a5,-44(s0)
PC=00010404 [fd042603] x12=ffffb005 x08=00500000 x16=ffff800e lw      a2,-48(s0)
PC=00010408 [fd442683] x13=fffe7056 x08=00500000 x20=00000000 lw      a3,-44(s0)
PC=0001040c [ffb00513] x10=fffffffb x00=00000000 x27=00000000 addi    a0,zero,-5
PC=00010410 [fff00593] x11=ffffffff x00=00000000 x31=00000000 addi    a1,zero,-1
PC=00010414 [00a60733] x14=ffffb000 x12=ffffb005 x10=fffffffb add     a4,a2,a0
PC=00010418 [00070813] x16=ffffb000 x14=ffffb000 x00=00000000 addi    a6,a4,0
PC=0001041c [00c83833] x16=ffff6005 x16=ffffb000 x12=ffffb005 sltu    a6,a6,a2
PC=00010420 [00b687b3] x15=fffe7055 x13=fffe7056 x11=ffffffff add     a5,a3,a1
PC=00010424 [00f806b3] x13=fffdd05a x16=ffff6005 x15=fffe7055 add     a3,a6,a5
PC=00010428 [00068793] x15=fffdd05a x13=fffdd05a x00=00000000 addi    a5,a3,0
PC=0001042c [fce42823] x16=ffff6005 x08=00500000 x14=ffffb000 sw      a4,-48(s0)
PC=00010430 [fcf42a23] x20=00000000 x08=00500000 x15=fffdd05a sw      a5,-44(s0)
PC=00010434 [fc642823] x16=ffff6005 x08=00500000 x06=00000000 sw      t1,-48(s0)
PC=00010438 [fc742a23] x20=00000000 x08=00500000 x07=00000000 sw      t2,-44(s0)
PC=0001043c [fff00713] x14=ffffffff x00=00000000 x31=00000000 addi    a4,zero,-1
PC=00010440 [00000793] x15=00000000 x00=00000000 x00=00000000 addi    a5,zero,0
PC=00010444 [fce42423] x08=00500000 x08=00500000 x14=ffffffff sw      a4,-56(s0)
PC=00010448 [fcf42623] x12=ffffb005 x08=00500000 x15=00000000 sw      a5,-52(s0)
PC=0001044c [00000713] x14=00000000 x00=00000000 x00=00000000 addi    a4,zero,0
PC=00010450 [fff00793] x15=ffffffff x00=00000000 x31=00000000 addi    a5,zero,-1
PC=00010454 [fce42023] x00=00000000 x08=00500000 x14=00000000 sw      a4,-64(s0)
PC=00010458 [fcf42223] x04=00000000 x08=00500000 x15=ffffffff sw      a5,-60(s0)
PC=0001045c [fc842603] x12=ffffefff x08=00500000 x08=00500000 lw      a2,-56(s0)
PC=00010460 [fcc42683] x13=fffff000 x08=00500000 x12=ffffefff lw      a3,-52(s0)
PC=00010464 [fc042503] x10=fffff000 x08=00500000 x00=00000000 lw      a0,-64(s0)
PC=00010468 [fc442583] x11=ffffefff x08=00500000 x04=00000000 lw      a1,-60(s0)
PC=0001046c [40a60733] x14=ffffffff x12=ffffefff x10=fffff000 sub     a4,a2,a0
PC=00010470 [00070813] x16=ffffffff x14=ffffffff x00=00000000 addi    a6,a4,0
PC=00010474 [01063833] x16=ffffeffe x12=ffffefff x16=ffffffff sltu    a6,a2,a6
PC=00010478 [40b687b3] x15=00000001 x13=fffff000 x11=ffffefff sub     a5,a3,a1
PC=0001047c [410786b3] x13=00001003 x15=00000001 x16=ffffeffe sub     a3,a5,a6
PC=00010480 [00068793] x15=00001003 x13=00001003 x00=00000000 addi    a5,a3,0
PC=00010484 [fae42c23] x24=00000000 x08=00500000 x14=ffffffff sw      a4,-72(s0)
PC=00010488 [faf42e23] x28=00000000 x08=00500000 x15=00001003 sw      a5,-68(s0)
PC=0001048c [fa642c23] x24=00000000 x08=00500000 x06=00000000 sw      t1,-72(s0)
PC=00010490 [fa742e23] x28=00000000 x08=00500000 x07=00000000 sw      t2,-68(s0)
PC=00010494 [fec00713] x14=ffffffec x00=00000000 x12=ffffefff addi    a4,zero,-20
PC=00010498 [fff00793] x15=ffffffff x00=00000000 x31=00000000 addi    a5,zero,-1
PC=0001049c [fce42423] x08=00500000 x08=00500000 x14=ffffffec sw      a4,-56(s0)
PC=000104a0 [fcf42623] x12=ffffefff x08=00500000 x15=ffffffff sw      a5,-52(s0)
PC=000104a4 [fe200713] x14=ffffffe2 x00=00000000 x02=004fffb0 addi    a4,zero,-30
PC=000104a8 [fff00793] x15=ffffffff x00=00000000 x31=00000000 addi    a5,zero,-1
PC=000104ac [fce42023] x00=00000000 x08=00500000 x14=ffffffe2 sw      a4,-64(s0)
PC=000104b0 [fcf42223] x04=00000000 x08=00500000 x15=ffffffff sw      a5,-60(s0)
PC=000104b4 [fc842603] x12=ffffefec x08=00500000 x08=00500000 lw      a2,-56(s0)
PC=000104b8 [fcc42683] x13=ffffefff x08=00500000 x12=ffffefec lw      a3,-52(s0)
PC=000104bc [fc042503] x10=ffffefe2 x08=00500000 x00=00000000 lw      a0,-64(s0)
PC=000104c0 [fc442583] x11=ffffefff x08=00500000 x04=00000000 lw      a1,-60(s0)
PC=000104c4 [40a60733] x14=0000000a x12=ffffefec x10=ffffefe2 sub     a4,a2,a0
PC=000104c8 [00070813] x16=0000000a x14=0000000a x00=00000000 addi    a6,a4,0
PC=000104cc [01063833] x16=ffffeff6 x12=ffffefec x16=0000000a sltu    a6,a2,a6
PC=000104d0 [40b687b3] x15=00000000 x13=ffffefff x11=ffffefff sub     a5,a3,a1
PC=000104d4 [410786b3] x13=0000100a x15=00000000 x16=ffffeff6 sub     a3,a5,a6
PC=000104d8 [00068793] x15=0000100a x13=0000100a x00=00000000 addi    a5,a3,0
PC=000104dc [fae42c23] x24=00000000 x08=00500000 x14=0000000a sw      a4,-72(s0)
PC=000104e0 [faf42e23] x28=00000000 x08=00500000 x15=0000100a sw      a5,-68(s0)
PC=000104e4 [fa642c23] x24=00000000 x08=00500000 x06=00000000 sw      t1,-72(s0)
PC=000104e8 [fa742e23] x28=00000000 x08=00500000 x07=00000000 sw      t2,-68(s0)
PC=000104ec [ffe00713] x14=fffffffe x00=00000000 x30=00000000 addi    a4,zero,-2
PC=000104f0 [fff00793] x15=ffffffff x00=00000000 x31=00000000 addi    a5,zero,-1
PC=000104f4 [fce42423] x08=00500000 x08=00500000 x14=fffffffe sw      a4,-56(s0)
PC=000104f8 [fcf42623] x12=ffffefec x08=00500000 x15=ffffffff sw      a5,-52(s0)
PC=000104fc [00200713] x14=00000002 x00=00000000 x02=004fffb0 addi    a4,zero,2
PC=00010500 [00000793] x15=00000000 x00=00000000 x00=00000000 addi    a5,zero,0
PC=00010504 [fce42023] x00=00000000 x08=00500000 x14=00000002 sw      a4,-64(s0)
PC=00010508 [fcf42223] x04=00000000 x08=00500000 x15=00000000 sw      a5,-60(s0)
PC=0001050c [fc842603] x12=ffffeffe x08=00500000 x08=00500000 lw      a2,-56(s0)
PC=00010510 [fcc42683] x13=ffffefff x08=00500000 x12=ffffeffe lw      a3,-52(s0)
PC=00010514 [fc042503] x10=fffff002 x08=00500000 x00=00000000 lw      a0,-64(s0)
PC=00010518 [fc442583] x11=fffff000 x08=00500000 x04=00000000 lw      a1,-60(s0)
PC=0001051c [40a60733] x14=fffffffc x12=ffffeffe x10=fffff002 sub     a4,a2,a0
PC=00010520 [00070813] x16=fffffffc x14=fffffffc x00=00000000 addi    a6,a4,0
PC=00010524 [01063833] x16=ffffeffa x12=ffffeffe x16=fffffffc sltu    a6,a2,a6
PC=00010528 [40b687b3] x15=ffffffff x13=ffffefff x11=fffff000 sub     a5,a3,a1
PC=0001052c [410786b3] x13=00001005 x15=ffffffff x16=ffffeffa sub     a3,a5,a6
PC=00010530 [00068793] x15=00001005 x13=00001005 x00=00000000 addi    a5,a3,0
PC=00010534 [fae42c23] x24=00000000 x08=00500000 x14=fffffffc sw      a4,-72(s0)
PC=00010538 [faf42e23] x28=00000000 x08=00500000 x15=00001005 sw      a5,-68(s0)
PC=0001053c [fa642c23] x24=00000000 x08=00500000 x06=00000000 sw      t1,-72(s0)
PC=00010540 [fa742e23] x28=00000000 x08=00500000 x07=00000000 sw      t2,-68(s0)
PC=00010544 [00a00713] x14=0000000a x00=00000000 x10=fffff002 addi    a4,zero,10
PC=00010548 [00000793] x15=00000000 x00=00000000 x00=00000000 addi    a5,zero,0
PC=0001054c [fce42423] x08=00500000 x08=00500000 x14=0000000a sw      a4,-56(s0)
PC=00010550 [fcf42623] x12=ffffeffe x08=00500000 x15=00000000 sw      a5,-52(s0)
PC=00010554 [ffb00713] x14=fffffffb x00=00000000 x27=00000000 addi    a4,zero,-5
PC=00010558 [fff00793] x15=ffffffff x00=00000000 x31=00000000 addi    a5,zero,-1
PC=0001055c [fce42023] x00=00000000 x08=00500000 x14=fffffffb sw      a4,-64(s0)
PC=00010560 [fcf42223] x04=00000000 x08=00500000 x15=ffffffff sw      a5,-60(s0)
PC=00010564 [fc842603] x12=fffff00a x08=00500000 x08=00500000 lw      a2,-56(s0)
PC=00010568 [fcc42683] x13=fffff000 x08=00500000 x12=fffff00a lw      a3,-52(s0)
PC=0001056c [fc042503] x10=ffffeffb x08=00500000 x00=00000000 lw      a0,-64(s0)
PC=00010570 [fc442583] x11=ffffefff x08=00500000 x04=00000000 lw      a1,-60(s0)
PC=00010574 [40a60733] x14=0000000f x12=fffff00a x10=ffffeffb sub     a4,a2,a0
PC=00010578 [00070813] x16=0000000f x14=0000000f x00=00000000 addi    a6,a4,0
PC=0001057c [01063833] x16=fffff019 x12=fffff00a x16=0000000f sltu    a6,a2,a6
PC=00010580 [40b687b3] x15=00000001 x13=fffff000 x11=ffffefff sub     a5,a3,a1
PC=00010584 [410786b3] x13=00000fe8 x15=00000001 x16=fffff019 sub     a3,a5,a6
PC=00010588 [00068793] x15=00000fe8 x13=00000fe8 x00=00000000 addi    a5,a3,0
PC=0001058c [fae42c23] x24=00000000 x08=00500000 x14=0000000f sw      a4,-72(s0)
PC=00010590 [faf42e23] x28=00000000 x08=00500000 x15=00000fe8 sw      a5,-68(s0)
PC=00010594 [fa642c23] x24=00000000 x08=00500000 x06=00000000 sw      t1,-72(s0)
PC=00010598 [fa742e23] x28=00000000 x08=00500000 x07=00000000 sw      t2,-68(s0)
PC=0001059c [00500713] x14=00000005 x00=00000000 x05=00000000 addi    a4,zero,5
PC=000105a0 [00000793] x15=00000000 x00=00000000 x00=00000000 addi    a5,zero,0
PC=000105a4 [fce42423] x08=00500000 x08=00500000 x14=00000005 sw      a4,-56(s0)
PC=000105a8 [fcf42623] x12=fffff00a x08=00500000 x15=00000000 sw      a5,-52(s0)
PC=000105ac [ff600713] x14=fffffff6 x00=00000000 x22=00000000 addi    a4,zero,-10
PC=000105b0 [fff00793] x15=ffffffff x00=00000000 x31=00000000 addi    a5,zero,-1
PC=000105b4 [fce42023] x00=00000000 x08=00500000 x14=fffffff6 sw      a4,-64(s0)
PC=000105b8 [fcf42223] x04=00000000 x08=00500000 x15=ffffffff sw      a5,-60(s0)
PC=000105bc [fc842603] x12=fffff005 x08=00500000 x08=00500000 lw      a2,-56(s0)
PC=000105c0 [fcc42683] x13=fffff000 x08=00500000 x12=fffff005 lw      a3,-52(s0)
PC=000105c4 [fc042503] x10=ffffeff6 x08=00500000 x00=00000000 lw      a0,-64(s0)
PC=000105c8 [fc442583] x11=ffffefff x08=00500000 x04=00000000 lw      a1,-60(s0)
PC=000105cc [40a60733] x14=0000000f x12=fffff005 x10=ffffeff6 sub     a4,a2,a0
PC=000105d0 [00070813] x16=0000000f x14=0000000f x00=00000000 addi    a6,a4,0
PC=000105d4 [01063833] x16=fffff014 x12=fffff005 x16=0000000f sltu    a6,a2,a6
PC=000105d8 [40b687b3] x15=00000001 x13=fffff000 x11=ffffefff sub     a5,a3,a1
PC=000105dc [410786b3] x13=00000fed x15=00000001 x16=fffff014 sub     a3,a5,a6
PC=000105e0 [00068793] x15=00000fed x13=00000fed x00=00000000 addi    a5,a3,0
PC=000105e4 [fae42c23] x24=00000000 x08=00500000 x14=0000000f sw      a4,-72(s0)
PC=000105e8 [faf42e23] x28=00000000 x08=00500000 x15=00000fed sw      a5,-68(s0)
PC=000105ec [fa642c23] x24=00000000 x08=00500000 x06=00000000 sw      t1,-72(s0)
PC=000105f0 [fa742e23] x28=00000000 x08=00500000 x07=00000000 sw      t2,-68(s0)
PC=000105f4 [000117b7] x15=00011000 x02=004fffb0 x00=00000000 lui     a5,69632
PC=000105f8 [a007a703] x14=fffff000 x15=00011000 x00=00000000 lw      a4,-1536(a5)
PC=000105fc [a047a783] x15=fffff000 x15=00011000 x04=00000000 lw      a5,-1532(a5)
PC=00010600 [fce42423] x08=00500000 x08=00500000 x14=fffff000 sw      a4,-56(s0)
PC=00010604 [fcf42623] x12=fffff005 x08=00500000 x15=fffff000 sw      a5,-52(s0)
PC=00010608 [000117b7] x15=00011000 x02=004fffb0 x00=00000000 lui     a5,69632
PC=0001060c [9f87a703] x14=fffff000 x15=00011000 x24=00000000 lw      a4,-1544(a5)
PC=00010610 [9fc7a783] x15=fffff000 x15=00011000 x28=00000000 lw      a5,-1540(a5)
PC=00010614 [fce42023] x00=00000000 x08=00500000 x14=fffff000 sw      a4,-64(s0)
PC=00010618 [fcf42223] x04=00000000 x08=00500000 x15=fffff000 sw      a5,-60(s0)
PC=0001061c [fc842603] x12=ffffe000 x08=00500000 x08=00500000 lw      a2,-56(s0)
PC=00010620 [fcc42683] x13=ffffe000 x08=00500000 x12=ffffe000 lw      a3,-52(s0)
PC=00010624 [fc042503] x10=ffffe000 x08=00500000 x00=00000000 lw      a0,-64(s0)
PC=00010628 [fc442583] x11=ffffe000 x08=00500000 x04=00000000 lw      a1,-60(s0)
PC=0001062c [40a60733] x14=00000000 x12=ffffe000 x10=ffffe000 sub     a4,a2,a0
PC=00010630 [00070813] x16=00000000 x14=00000000 x00=00000000 addi    a6,a4,0
PC=00010634 [01063833] x16=ffffe000 x12=ffffe000 x16=00000000 sltu    a6,a2,a6
PC=00010638 [40b687b3] x15=00000000 x13=ffffe000 x11=ffffe000 sub     a5,a3,a1
PC=0001063c [410786b3] x13=00002000 x15=00000000 x16=ffffe000 sub     a3,a5,a6
PC=00010640 [00068793] x15=00002000 x13=00002000 x00=00000000 addi    a5,a3,0
PC=00010644 [fae42c23] x24=00000000 x08=00500000 x14=00000000 sw      a4,-72(s0)
PC=00010648 [faf42e23] x28=00000000 x08=00500000 x15=00002000 sw      a5,-68(s0)
PC=0001064c [fa642c23] x24=00000000 x08=00500000 x06=00000000 sw      t1,-72(s0)
PC=00010650 [fa742e23] x28=00000000 x08=00500000 x07=00000000 sw      t2,-68(s0)
PC=00010654 [000117b7] x15=00011000 x02=004fffb0 x00=00000000 lui     a5,69632
PC=00010658 [a087a703] x14=fffff000 x15=00011000 x08=00500000 lw      a4,-1528(a5)
PC=0001065c [a0c7a783] x15=fffff000 x15=00011000 x12=ffffe000 lw      a5,-1524(a5)
PC=00010660 [fce42423] x08=00500000 x08=00500000 x14=fffff000 sw      a4,-56(s0)
PC=00010664 [fcf42623] x12=ffffe000 x08=00500000 x15=fffff000 sw      a5,-52(s0)
PC=00010668 [000117b7] x15=00011000 x02=004fffb0 x00=00000000 lui     a5,69632
PC=0001066c [a107a703] x14=fffff000 x15=00011000 x16=ffffe000 lw      a4,-1520(a5)
PC=00010670 [a147a783] x15=fffff000 x15=00011000 x20=00000000 lw      a5,-1516(a5)
PC=00010674 [fce42023] x00=00000000 x08=00500000 x14=fffff000 sw      a4,-64(s0)
PC=00010678 [fcf42223] x04=00000000 x08=00500000 x15=fffff000 sw      a5,-60(s0)
PC=0001067c [fc842603] x12=ffffe000 x08=00500000 x08=00500000 lw      a2,-56(s0)
PC=00010680 [fcc42683] x13=ffffe000 x08=00500000 x12=ffffe000 lw      a3,-52(s0)
PC=00010684 [fc042503] x10=ffffe000 x08=00500000 x00=00000000 lw      a0,-64(s0)
PC=00010688 [fc442583] x11=ffffe000 x08=00500000 x04=00000000 lw      a1,-60(s0)
PC=0001068c [40a60733] x14=00000000 x12=ffffe000 x10=ffffe000 sub     a4,a2,a0
PC=00010690 [00070813] x16=00000000 x14=00000000 x00=00000000 addi    a6,a4,0
PC=00010694 [01063833] x16=ffffe000 x12=ffffe000 x16=00000000 sltu    a6,a2,a6
PC=00010698 [40b687b3] x15=00000000 x13=ffffe000 x11=ffffe000 sub     a5,a3,a1
PC=0001069c [410786b3] x13=00002000 x15=00000000 x16=ffffe000 sub     a3,a5,a6
PC=000106a0 [00068793] x15=00002000 x13=00002000 x00=00000000 addi    a5,a3,0
PC=000106a4 [fae42c23] x24=00000000 x08=00500000 x14=00000000 sw      a4,-72(s0)
PC=000106a8 [faf42e23] x28=00000000 x08=00500000 x15=00002000 sw      a5,-68(s0)
PC=000106ac [fa642c23] x24=00000000 x08=00500000 x06=00000000 sw      t1,-72(s0)
PC=000106b0 [fa742e23] x28=00000000 x08=00500000 x07=00000000 sw      t2,-68(s0)
PC=000106b4 [00f00713] x14=0000000f x00=00000000 x15=00002000 addi    a4,zero,15
PC=000106b8 [00000793] x15=00000000 x00=00000000 x00=00000000 addi    a5,zero,0
PC=000106bc [fae42823] x16=ffffe000 x08=00500000 x14=0000000f sw      a4,-80(s0)
PC=000106c0 [faf42a23] x20=00000000 x08=00500000 x15=00000000 sw      a5,-76(s0)
PC=000106c4 [fb042603] x12=fffff00f x08=00500000 x16=ffffe000 lw      a2,-80(s0)
PC=000106c8 [fb442683] x13=fffff000 x08=00500000 x20=00000000 lw      a3,-76(s0)
PC=000106cc [fff00513] x10=ffffffff x00=00000000 x31=00000000 addi    a0,zero,-1
PC=000106d0 [fff00593] x11=ffffffff x00=00000000 x31=00000000 addi    a1,zero,-1
PC=000106d4 [00a60733] x14=fffff00e x12=fffff00f x10=ffffffff add     a4,a2,a0
PC=000106d8 [00070813] x16=fffff00e x14=fffff00e x00=00000000 addi    a6,a4,0
PC=000106dc [00c83833] x16=ffffe01d x16=fffff00e x12=fffff00f sltu    a6,a6,a2
PC=000106e0 [00b687b3] x15=ffffefff x13=fffff000 x11=ffffffff add     a5,a3,a1
PC=000106e4 [00f806b3] x13=ffffd01c x16=ffffe01d x15=ffffefff add     a3,a6,a5
PC=000106e8 [00068793] x15=ffffd01c x13=ffffd01c x00=00000000 addi    a5,a3,0
PC=000106ec [fae42823] x16=ffffe01d x08=00500000 x14=fffff00e sw      a4,-80(s0)
PC=000106f0 [faf42a23] x20=00000000 x08=00500000 x15=ffffd01c sw      a5,-76(s0)
PC=000106f4 [fb042603] x12=ffffe00e x08=00500000 x16=ffffe01d lw      a2,-80(s0)
PC=000106f8 [fb442683] x13=ffffc01c x08=00500000 x20=00000000 lw      a3,-76(s0)
PC=000106fc [ffe00513] x10=fffffffe x00=00000000 x30=00000000 addi    a0,zero,-2
PC=00010700 [fff00593] x11=ffffffff x00=00000000 x31=00000000 addi    a1,zero,-1
PC=00010704 [00a60733] x14=ffffe00c x12=ffffe00e x10=fffffffe add     a4,a2,a0
PC=00010708 [00070813] x16=ffffe00c x14=ffffe00c x00=00000000 addi    a6,a4,0
PC=0001070c [00c83833] x16=ffffc01a x16=ffffe00c x12=ffffe00e sltu    a6,a6,a2
PC=00010710 [00b687b3] x15=ffffc01b x13=ffffc01c x11=ffffffff add     a5,a3,a1
PC=00010714 [00f806b3] x13=ffff8035 x16=ffffc01a x15=ffffc01b add     a3,a6,a5
PC=00010718 [00068793] x15=ffff8035 x13=ffff8035 x00=00000000 addi    a5,a3,0
PC=0001071c [fae42823] x16=ffffc01a x08=00500000 x14=ffffe00c sw      a4,-80(s0)
PC=00010720 [faf42a23] x20=00000000 x08=00500000 x15=ffff8035 sw      a5,-76(s0)
PC=00010724 [fb042603] x12=ffffd00c x08=00500000 x16=ffffc01a lw      a2,-80(s0)
PC=00010728 [fb442683] x13=ffff7035 x08=00500000 x20=00000000 lw      a3,-76(s0)
PC=0001072c [ffd00513] x10=fffffffd x00=00000000 x29=00000000 addi    a0,zero,-3
PC=00010730 [fff00593] x11=ffffffff x00=00000000 x31=00000000 addi    a1,zero,-1
PC=00010734 [00a60733] x14=ffffd009 x12=ffffd00c x10=fffffffd add     a4,a2,a0
PC=00010738 [00070813] x16=ffffd009 x14=ffffd009 x00=00000000 addi    a6,a4,0
PC=0001073c [00c83833] x16=ffffa015 x16=ffffd009 x12=ffffd00c sltu    a6,a6,a2
PC=00010740 [00b687b3] x15=ffff7034 x13=ffff7035 x11=ffffffff add     a5,a3,a1
PC=00010744 [00f806b3] x13=ffff1049 x16=ffffa015 x15=ffff7034 add     a3,a6,a5
PC=00010748 [00068793] x15=ffff1049 x13=ffff1049 x00=00000000 addi    a5,a3,0
PC=0001074c [fae42823] x16=ffffa015 x08=00500000 x14=ffffd009 sw      a4,-80(s0)
PC=00010750 [faf42a23] x20=00000000 x08=00500000 x15=ffff1049 sw      a5,-76(s0)
PC=00010754 [fb042603] x12=ffffc009 x08=00500000 x16=ffffa015 lw      a2,-80(s0)
PC=00010758 [fb442683] x13=ffff0049 x08=00500000 x20=00000000 lw      a3,-76(s0)
PC=0001075c [ffc00513] x10=fffffffc x00=00000000 x28=00000000 addi    a0,zero,-4
PC=00010760 [fff00593] x11=ffffffff x00=00000000 x31=00000000 addi    a1,zero,-1
PC=00010764 [00a60733] x14=ffffc005 x12=ffffc009 x10=fffffffc add     a4,a2,a0
PC=00010768 [00070813] x16=ffffc005 x14=ffffc005 x00=00000000 addi    a6,a4,0
PC=0001076c [00c83833] x16=ffff800e x16=ffffc005 x12=ffffc009 sltu    a6,a6,a2
PC=00010770 [00b687b3] x15=ffff0048 x13=ffff0049 x11=ffffffff add     a5,a3,a1
PC=00010774 [00f806b3] x13=fffe8056 x16=ffff800e x15=ffff0048 add     a3,a6,a5
PC=00010778 [00068793] x15=fffe8056 x13=fffe8056 x00=00000000 addi    a5,a3,0
PC=0001077c [fae42823] x16=ffff800e x08=00500000 x14=ffffc005 sw      a4,-80(s0)
PC=00010780 [faf42a23] x20=00000000 x08=00500000 x15=fffe8056 sw      a5,-76(s0)
PC=00010784 [fb042603] x12=ffffb005 x08=00500000 x16=ffff800e lw      a2,-80(s0)
PC=00010788 [fb442683] x13=fffe7056 x08=00500000 x20=00000000 lw      a3,-76(s0)
PC=0001078c [ffb00513] x10=fffffffb x00=00000000 x27=00000000 addi    a0,zero,-5
PC=00010790 [fff00593] x11=ffffffff x00=00000000 x31=00000000 addi    a1,zero,-1
PC=00010794 [00a60733] x14=ffffb000 x12=ffffb005 x10=fffffffb add     a4,a2,a0
PC=00010798 [00070813] x16=ffffb000 x14=ffffb000 x00=00000000 addi    a6,a4,0
PC=0001079c [00c83833] x16=ffff6005 x16=ffffb000 x12=ffffb005 sltu    a6,a6,a2
PC=000107a0 [00b687b3] x15=fffe7055 x13=fffe7056 x11=ffffffff add     a5,a3,a1
PC=000107a4 [00f806b3] x13=fffdd05a x16=ffff6005 x15=fffe7055 add     a3,a6,a5
PC=000107a8 [00068793] x15=fffdd05a x13=fffdd05a x00=00000000 addi    a5,a3,0
PC=000107ac [fae42823] x16=ffff6005 x08=00500000 x14=ffffb000 sw      a4,-80(s0)
PC=000107b0 [faf42a23] x20=00000000 x08=00500000 x15=fffdd05a sw      a5,-76(s0)
PC=000107b4 [fa642823] x16=ffff6005 x08=00500000 x06=00000000 sw      t1,-80(s0)
PC=000107b8 [fa742a23] x20=00000000 x08=00500000 x07=00000000 sw      t2,-76(s0)
PC=000107bc [fc642823] x16=ffff6005 x08=00500000 x06=00000000 sw      t1,-48(s0)
PC=000107c0 [fc742a23] x20=00000000 x08=00500000 x07=00000000 sw      t2,-44(s0)
PC=000107c4 [fd042703] x14=fffff000 x08=00500000 x16=ffff6005 lw      a4,-48(s0)
PC=000107c8 [fd442783] x15=fffff000 x08=00500000 x20=00000000 lw      a5,-44(s0)
PC=000107cc [00100513] x10=00000001 x00=00000000 x01=0001009c addi    a0,zero,1
PC=000107d0 [00000593] x11=00000000 x00=00000000 x00=00000000 addi    a1,zero,0
PC=000107d4 [00a70633] x12=fffff001 x14=fffff000 x10=00000001 add     a2,a4,a0
PC=000107d8 [00060813] x16=fffff001 x12=fffff001 x00=00000000 addi    a6,a2,0
PC=000107dc [00e83833] x16=ffffe001 x16=fffff001 x14=fffff000 sltu    a6,a6,a4
PC=000107e0 [00b786b3] x13=fffff000 x15=fffff000 x11=00000000 add     a3,a5,a1
PC=000107e4 [00d807b3] x15=ffffd001 x16=ffffe001 x13=fffff000 add     a5,a6,a3
PC=000107e8 [00078693] x13=ffffd001 x15=ffffd001 x00=00000000 addi    a3,a5,0
PC=000107ec [00060713] x14=fffff001 x12=fffff001 x00=00000000 addi    a4,a2,0
PC=000107f0 [00068793] x15=ffffd001 x13=ffffd001 x00=00000000 addi    a5,a3,0
PC=000107f4 [fce42823] x16=ffffe001 x08=00500000 x14=fffff001 sw      a4,-48(s0)
PC=000107f8 [fcf42a23] x20=00000000 x08=00500000 x15=ffffd001 sw      a5,-44(s0)
PC=000107fc [fd042703] x14=ffffe001 x08=00500000 x16=ffffe001 lw      a4,-48(s0)
PC=00010800 [fd442783] x15=ffffc001 x08=00500000 x20=00000000 lw      a5,-44(s0)
PC=00010804 [00200513] x10=00000002 x00=00000000 x02=004fffb0 addi    a0,zero,2
PC=00010808 [00000593] x11=00000000 x00=00000000 x00=00000000 addi    a1,zero,0
PC=0001080c [00a70633] x12=ffffe003 x14=ffffe001 x10=00000002 add     a2,a4,a0
PC=00010810 [00060813] x16=ffffe003 x12=ffffe003 x00=00000000 addi    a6,a2,0
PC=00010814 [00e83833] x16=ffffc004 x16=ffffe003 x14=ffffe001 sltu    a6,a6,a4
PC=00010818 [00b786b3] x13=ffffc001 x15=ffffc001 x11=00000000 add     a3,a5,a1
PC=0001081c [00d807b3] x15=ffff8005 x16=ffffc004 x13=ffffc001 add     a5,a6,a3
PC=00010820 [00078693] x13=ffff8005 x15=ffff8005 x00=00000000 addi    a3,a5,0
PC=00010824 [00060713] x14=ffffe003 x12=ffffe003 x00=00000000 addi    a4,a2,0
PC=00010828 [00068793] x15=ffff8005 x13=ffff8005 x00=00000000 addi    a5,a3,0
PC=0001082c [fce42823] x16=ffffc004 x08=00500000 x14=ffffe003 sw      a4,-48(s0)
PC=00010830 [fcf42a23] x20=00000000 x08=00500000 x15=ffff8005 sw      a5,-44(s0)
PC=00010834 [fd042703] x14=ffffd003 x08=00500000 x16=ffffc004 lw      a4,-48(s0)
PC=00010838 [fd442783] x15=ffff7005 x08=00500000 x20=00000000 lw      a5,-44(s0)
PC=0001083c [00300513] x10=00000003 x00=00000000 x03=00000000 addi    a0,zero,3
PC=00010840 [00000593] x11=00000000 x00=00000000 x00=00000000 addi    a1,zero,0
PC=00010844 [00a70633] x12=ffffd006 x14=ffffd003 x10=00000003 add     a2,a4,a0
PC=00010848 [00060813] x16=ffffd006 x12=ffffd006 x00=00000000 addi    a6,a2,0
PC=0001084c [00e83833] x16=ffffa009 x16=ffffd006 x14=ffffd003 sltu    a6,a6,a4
PC=00010850 [00b786b3] x13=ffff7005 x15=ffff7005 x11=00000000 add     a3,a5,a1
PC=00010854 [00d807b3] x15=ffff100e x16=ffffa009 x13=ffff7005 add     a5,a6,a3
PC=00010858 [00078693] x13=ffff100e x15=ffff100e x00=00000000 addi    a3,a5,0
PC=0001085c [00060713] x14=ffffd006 x12=ffffd006 x00=00000000 addi    a4,a2,0
PC=00010860 [00068793] x15=ffff100e x13=ffff100e x00=00000000 addi    a5,a3,0
PC=00010864 [fce42823] x16=ffffa009 x08=00500000 x14=ffffd006 sw      a4,-48(s0)
PC=00010868 [fcf42a23] x20=00000000 x08=00500000 x15=ffff100e sw      a5,-44(s0)
PC=0001086c [fd042703] x14=ffffc006 x08=00500000 x16=ffffa009 lw      a4,-48(s0)
PC=00010870 [fd442783] x15=ffff000e x08=00500000 x20=00000000 lw      a5,-44(s0)
PC=00010874 [00400513] x10=00000004 x00=00000000 x04=00000000 addi    a0,zero,4
PC=00010878 [00000593] x11=00000000 x00=00000000 x00=00000000 addi    a1,zero,0
PC=0001087c [00a70633] x12=ffffc00a x14=ffffc006 x10=00000004 add     a2,a4,a0
PC=00010880 [00060813] x16=ffffc00a x12=ffffc00a x00=00000000 addi    a6,a2,0
PC=00010884 [00e83833] x16=ffff8010 x16=ffffc00a x14=ffffc006 sltu    a6,a6,a4
PC=00010888 [00b786b3] x13=ffff000e x15=ffff000e x11=00000000 add     a3,a5,a1
PC=0001088c [00d807b3] x15=fffe801e x16=ffff8010 x13=ffff000e add     a5,a6,a3
PC=00010890 [00078693] x13=fffe801e x15=fffe801e x00=00000000 addi    a3,a5,0
PC=00010894 [00060713] x14=ffffc00a x12=ffffc00a x00=00000000 addi    a4,a2,0
PC=00010898 [00068793] x15=fffe801e x13=fffe801e x00=00000000 addi    a5,a3,0
PC=0001089c [fce42823] x16=ffff8010 x08=00500000 x14=ffffc00a sw      a4,-48(s0)
PC=000108a0 [fcf42a23] x20=00000000 x08=00500000 x15=fffe801e sw      a5,-44(s0)
PC=000108a4 [fd042703] x14=ffffb00a x08=00500000 x16=ffff8010 lw      a4,-48(s0)
PC=000108a8 [fd442783] x15=fffe701e x08=00500000 x20=00000000 lw      a5,-44(s0)
PC=000108ac [00500513] x10=00000005 x00=00000000 x05=00000000 addi    a0,zero,5
PC=000108b0 [00000593] x11=00000000 x00=00000000 x00=00000000 addi    a1,zero,0
PC=000108b4 [00a70633] x12=ffffb00f x14=ffffb00a x10=00000005 add     a2,a4,a0
PC=000108b8 [00060813] x16=ffffb00f x12=ffffb00f x00=00000000 addi    a6,a2,0
PC=000108bc [00e83833] x16=ffff6019 x16=ffffb00f x14=ffffb00a sltu    a6,a6,a4
PC=000108c0 [00b786b3] x13=fffe701e x15=fffe701e x11=00000000 add     a3,a5,a1
PC=000108c4 [00d807b3] x15=fffdd037 x16=ffff6019 x13=fffe701e add     a5,a6,a3
PC=000108c8 [00078693] x13=fffdd037 x15=fffdd037 x00=00000000 addi    a3,a5,0
PC=000108cc [00060713] x14=ffffb00f x12=ffffb00f x00=00000000 addi    a4,a2,0
PC=000108d0 [00068793] x15=fffdd037 x13=fffdd037 x00=00000000 addi    a5,a3,0
PC=000108d4 [fce42823] x16=ffff6019 x08=00500000 x14=ffffb00f sw      a4,-48(s0)
PC=000108d8 [fcf42a23] x20=00000000 x08=00500000 x15=fffdd037 sw      a5,-44(s0)
PC=000108dc [fc642823] x16=ffff6019 x08=00500000 x06=00000000 sw      t1,-48(s0)
PC=000108e0 [fc742a23] x20=00000000 x08=00500000 x07=00000000 sw      t2,-44(s0)
PC=000108e4 [fa642823] x16=ffff6019 x08=00500000 x06=00000000 sw      t1,-80(s0)
PC=000108e8 [fa742a23] x20=00000000 x08=00500000 x07=00000000 sw      t2,-76(s0)
PC=000108ec [fb042603] x12=fffff000 x08=00500000 x16=ffff6019 lw      a2,-80(s0)
PC=000108f0 [fb442683] x13=fffff000 x08=00500000 x20=00000000 lw      a3,-76(s0)
PC=000108f4 [00100513] x10=00000001 x00=00000000 x01=0001009c addi    a0,zero,1
PC=000108f8 [00000593] x11=00000000 x00=00000000 x00=00000000 addi    a1,zero,0
PC=000108fc [00a60733] x14=fffff001 x12=fffff000 x10=00000001 add     a4,a2,a0
PC=00010900 [00070813] x16=fffff001 x14=fffff001 x00=00000000 addi    a6,a4,0
PC=00010904 [00c83833] x16=ffffe001 x16=fffff001 x12=fffff000 sltu    a6,a6,a2
PC=00010908 [00b687b3] x15=fffff000 x13=fffff000 x11=00000000 add     a5,a3,a1
PC=0001090c [00f806b3] x13=ffffd001 x16=ffffe001 x15=fffff000 add     a3,a6,a5
PC=00010910 [00068793] x15=ffffd001 x13=ffffd001 x00=00000000 addi    a5,a3,0
PC=00010914 [fae42823] x16=ffffe001 x08=00500000 x14=fffff001 sw      a4,-80(s0)
PC=00010918 [faf42a23] x20=00000000 x08=00500000 x15=ffffd001 sw      a5,-76(s0)
PC=0001091c [fb042603] x12=ffffe001 x08=00500000 x16=ffffe001 lw      a2,-80(s0)
PC=00010920 [fb442683] x13=ffffc001 x08=00500000 x20=00000000 lw      a3,-76(s0)
PC=00010924 [00200513] x10=00000002 x00=00000000 x02=004fffb0 addi    a0,zero,2
PC=00010928 [00000593] x11=00000000 x00=00000000 x00=00000000 addi    a1,zero,0
PC=0001092c [00a60733] x14=ffffe003 x12=ffffe001 x10=00000002 add     a4,a2,a0
PC=00010930 [00070813] x16=ffffe003 x14=ffffe003 x00=00000000 addi    a6,a4,0
PC=00010934 [00c83833] x16=ffffc004 x16=ffffe003 x12=ffffe001 sltu    a6,a6,a2
PC=00010938 [00b687b3] x15=ffffc001 x13=ffffc001 x11=00000000 add     a5,a3,a1
PC=0001093c [00f806b3] x13=ffff8005 x16=ffffc004 x15=ffffc001 add     a3,a6,a5
PC=00010940 [00068793] x15=ffff8005 x13=ffff8005 x00=00000000 addi    a5,a3,0
PC=00010944 [fae42823] x16=ffffc004 x08=00500000 x14=ffffe003 sw      a4,-80(s0)
PC=00010948 [faf42a23] x20=00000000 x08=00500000 x15=ffff8005 sw      a5,-76(s0)
PC=0001094c [fb042603] x12=ffffd003 x08=00500000 x16=ffffc004 lw      a2,-80(s0)
PC=00010950 [fb442683] x13=ffff7005 x08=00500000 x20=00000000 lw      a3,-76(s0)
PC=00010954 [00300513] x10=00000003 x00=00000000 x03=00000000 addi    a0,zero,3
PC=00010958 [00000593] x11=00000000 x00=00000000 x00=00000000 addi    a1,zero,0
PC=0001095c [00a60733] x14=ffffd006 x12=ffffd003 x10=00000003 add     a4,a2,a0
PC=00010960 [00070813] x16=ffffd006 x14=ffffd006 x00=00000000 addi    a6,a4,0
PC=00010964 [00c83833] x16=ffffa009 x16=ffffd006 x12=ffffd003 sltu    a6,a6,a2
PC=00010968 [00b687b3] x15=ffff7005 x13=ffff7005 x11=00000000 add     a5,a3,a1
PC=0001096c [00f806b3] x13=ffff100e x16=ffffa009 x15=ffff7005 add     a3,a6,a5
PC=00010970 [00068793] x15=ffff100e x13=ffff100e x00=00000000 addi    a5,a3,0
PC=00010974 [fae42823] x16=ffffa009 x08=00500000 x14=ffffd006 sw      a4,-80(s0)
PC=00010978 [faf42a23] x20=00000000 x08=00500000 x15=ffff100e sw      a5,-76(s0)
PC=0001097c [fb042603] x12=ffffc006 x08=00500000 x16=ffffa009 lw      a2,-80(s0)
PC=00010980 [fb442683] x13=ffff000e x08=00500000 x20=00000000 lw      a3,-76(s0)
PC=00010984 [00400513] x10=00000004 x00=00000000 x04=00000000 addi    a0,zero,4
PC=00010988 [00000593] x11=00000000 x00=00000000 x00=00000000 addi    a1,zero,0
PC=0001098c [00a60733] x14=ffffc00a x12=ffffc006 x10=00000004 add     a4,a2,a0
PC=00010990 [00070813] x16=ffffc00a x14=ffffc00a x00=00000000 addi    a6,a4,0
PC=00010994 [00c83833] x16=ffff8010 x16=ffffc00a x12=ffffc006 sltu    a6,a6,a2
PC=00010998 [00b687b3] x15=ffff000e x13=ffff000e x11=00000000 add     a5,a3,a1
PC=0001099c [00f806b3] x13=fffe801e x16=ffff8010 x15=ffff000e add     a3,a6,a5
PC=000109a0 [00068793] x15=fffe801e x13=fffe801e x00=00000000 addi    a5,a3,0
PC=000109a4 [fae42823] x16=ffff8010 x08=00500000 x14=ffffc00a sw      a4,-80(s0)
PC=000109a8 [faf42a23] x20=00000000 x08=00500000 x15=fffe801e sw      a5,-76(s0)
PC=000109ac [fb042603] x12=ffffb00a x08=00500000 x16=ffff8010 lw      a2,-80(s0)
PC=000109b0 [fb442683] x13=fffe701e x08=00500000 x20=00000000 lw      a3,-76(s0)
PC=000109b4 [00500513] x10=00000005 x00=00000000 x05=00000000 addi    a0,zero,5
PC=000109b8 [00000593] x11=00000000 x00=00000000 x00=00000000 addi    a1,zero,0
PC=000109bc [00a60733] x14=ffffb00f x12=ffffb00a x10=00000005 add     a4,a2,a0
PC=000109c0 [00070813] x16=ffffb00f x14=ffffb00f x00=00000000 addi    a6,a4,0
PC=000109c4 [00c83833] x16=ffff6019 x16=ffffb00f x12=ffffb00a sltu    a6,a6,a2
PC=000109c8 [00b687b3] x15=fffe701e x13=fffe701e x11=00000000 add     a5,a3,a1
PC=000109cc [00f806b3] x13=fffdd037 x16=ffff6019 x15=fffe701e add     a3,a6,a5
PC=000109d0 [00068793] x15=fffdd037 x13=fffdd037 x00=00000000 addi    a5,a3,0
PC=000109d4 [fae42823] x16=ffff6019 x08=00500000 x14=ffffb00f sw      a4,-80(s0)
PC=000109d8 [faf42a23] x20=00000000 x08=00500000 x15=fffdd037 sw      a5,-76(s0)
PC=000109dc [fa642823] x16=ffff6019 x08=00500000 x06=00000000 sw      t1,-80(s0)
PC=000109e0 [fa742a23] x20=00000000 x08=00500000 x07=00000000 sw      t2,-76(s0)
PC=000109e4 [00000793] x15=00000000 x00=00000000 x00=00000000 addi    a5,zero,0
PC=000109e8 [00078513] x10=00000000 x15=00000000 x00=00000000 addi    a0,a5,0
PC=000109ec [04c12403] x08=fffff000 x02=004fffb0 x12=ffffb00a lw      s0,76(sp)
PC=000109f0 [05010113] x02=00500000 x02=004fffb0 x16=ffff6019 addi    sp,sp,80
PC=000109f4 [00008067] x00=0001009c x01=0001009c x00=00000000 jalr    zero,ra,0
PC=0001009c [200002b7] x05=20000000 x00=0001009c x00=0001009c lui     t0,536870912
PC=000100a0 [000280e7] x01=20000000 x05=20000000 x00=0001009c jalr    ra,t0,0
