PC=00010094 [00500137] x02=00500000 x00=00000000 x05=00000000 lui     sp,5242880
PC=00010098 [010000ef] x01=0001009c x00=00000000 x16=00000000 jal     ra,16
PC=000100a8 [ee010113] x02=004ffee0 x02=00500000 x00=00000000 addi    sp,sp,-288
PC=000100ac [10812e23] x28=00000000 x02=004ffee0 x08=00000000 sw      s0,284(sp)
PC=000100b0 [11212c23] x24=00000000 x02=004ffee0 x18=00000000 sw      s2,280(sp)
PC=000100b4 [11312a23] x20=00000000 x02=004ffee0 x19=00000000 sw      s3,276(sp)
PC=000100b8 [11412823] x16=00000000 x02=004ffee0 x20=00000000 sw      s4,272(sp)
PC=000100bc [11512623] x12=00000000 x02=004ffee0 x21=00000000 sw      s5,268(sp)
PC=000100c0 [11612423] x08=00000000 x02=004ffee0 x22=00000000 sw      s6,264(sp)
PC=000100c4 [11712223] x04=00000000 x02=004ffee0 x23=00000000 sw      s7,260(sp)
PC=000100c8 [11812023] x00=00000000 x02=004ffee0 x24=00000000 sw      s8,256(sp)
PC=000100cc [0f912e23] x28=00000000 x02=004ffee0 x25=00000000 sw      s9,252(sp)
PC=000100d0 [0fa12c23] x24=00000000 x02=004ffee0 x26=00000000 sw      s10,248(sp)
PC=000100d4 [0fb12a23] x20=00000000 x02=004ffee0 x27=00000000 sw      s11,244(sp)
PC=000100d8 [12010413] x08=00500000 x02=004ffee0 x00=00000000 addi    s0,sp,288
PC=000100dc [00200793] x15=00000002 x00=00000000 x02=004ffee0 addi    a5,zero,2
PC=000100e0 [fcf42623] x12=00000000 x08=00500000 x15=00000002 sw      a5,-52(s0)
PC=000100e4 [00400793] x15=00000004 x00=00000000 x04=00000000 addi    a5,zero,4
PC=000100e8 [fcf42423] x08=00500000 x08=00500000 x15=00000004 sw      a5,-56(s0)
PC=000100ec [fcc42783] x15=fffff002 x08=00500000 x12=00000000 lw      a5,-52(s0)
PC=000100f0 [00078513] x10=fffff002 x15=fffff002 x00=00000000 addi    a0,a5,0
PC=000100f4 [41f7d793] x15=ffffffff x15=fffff002 x31=00000000 srai    a5,a5,31
PC=000100f8 [00078593] x11=ffffffff x15=ffffffff x00=00000000 addi    a1,a5,0
PC=000100fc [fc842783] x15=fffff004 x08=00500000 x08=00500000 lw      a5,-56(s0)
PC=00010100 [00078613] x12=fffff004 x15=fffff004 x00=00000000 addi    a2,a5,0
PC=00010104 [41f7d793] x15=ffffffff x15=fffff004 x31=00000000 srai    a5,a5,31
PC=00010108 [00078693] x13=ffffffff x15=ffffffff x00=00000000 addi    a3,a5,0
PC=0001010c [02c58733] x14=00000ffc x11=ffffffff x12=fffff004 mul     a4,a1,a2
PC=00010110 [02a687b3] x15=00000ffe x13=ffffffff x10=fffff002 mul     a5,a3,a0
PC=00010114 [00f70733] x14=00001ffa x14=00000ffc x15=00000ffe add     a4,a4,a5
PC=00010118 [02c507b3] x15=00ffa008 x10=fffff002 x12=fffff004 mul     a5,a0,a2
PC=0001011c [02c538b3] x17=00ffa008 x10=fffff002 x12=fffff004 mulhu   a7,a0,a2
PC=00010120 [00078813] x16=00ffa008 x15=00ffa008 x00=00000000 addi    a6,a5,0
PC=00010124 [011707b3] x15=00ffc002 x14=00001ffa x17=00ffa008 add     a5,a4,a7
PC=00010128 [00078893] x17=00ffc002 x15=00ffc002 x00=00000000 addi    a7,a5,0
PC=0001012c [fd042023] x00=00000000 x08=00500000 x16=00ffa008 sw      a6,-64(s0)
PC=00010130 [fd142223] x04=00000000 x08=00500000 x17=00ffc002 sw      a7,-60(s0)
PC=00010134 [fd042023] x00=00000000 x08=00500000 x16=00ffa008 sw      a6,-64(s0)
PC=00010138 [fd142223] x04=00000000 x08=00500000 x17=00ffc002 sw      a7,-60(s0)
PC=0001013c [00000613] x12=00000000 x00=00000000 x00=00000000 addi    a2,zero,0
PC=00010140 [00000693] x13=00000000 x00=00000000 x00=00000000 addi    a3,zero,0
PC=00010144 [fcc42023] x00=00000000 x08=00500000 x12=00000000 sw      a2,-64(s0)
PC=00010148 [fcd42223] x04=00000000 x08=00500000 x13=00000000 sw      a3,-60(s0)
PC=0001014c [fff00793] x15=ffffffff x00=00000000 x31=00000000 addi    a5,zero,-1
PC=00010150 [fcf42623] x12=00000000 x08=00500000 x15=ffffffff sw      a5,-52(s0)
PC=00010154 [fff00793] x15=ffffffff x00=00000000 x31=00000000 addi    a5,zero,-1
PC=00010158 [fcf42423] x08=00500000 x08=00500000 x15=ffffffff sw      a5,-56(s0)
PC=0001015c [fcc42783] x15=ffffefff x08=00500000 x12=00000000 lw      a5,-52(s0)
PC=00010160 [00078e13] x28=ffffefff x15=ffffefff x00=00000000 addi    t3,a5,0
PC=00010164 [41f7d793] x15=ffffffff x15=ffffefff x31=00000000 srai    a5,a5,31
PC=00010168 [00078e93] x29=ffffffff x15=ffffffff x00=00000000 addi    t4,a5,0
PC=0001016c [fc842783] x15=ffffefff x08=00500000 x08=00500000 lw      a5,-56(s0)
PC=00010170 [00078313] x06=ffffefff x15=ffffefff x00=00000000 addi    t1,a5,0
PC=00010174 [41f7d793] x15=ffffffff x15=ffffefff x31=00000000 srai    a5,a5,31
PC=00010178 [00078393] x07=ffffffff x15=ffffffff x00=00000000 addi    t2,a5,0
PC=0001017c [026e8733] x14=00001001 x29=ffffffff x06=ffffefff mul     a4,t4,t1
PC=00010180 [03c387b3] x15=00001001 x07=ffffffff x28=ffffefff mul     a5,t2,t3
PC=00010184 [00f70733] x14=00002002 x14=00001001 x15=00001001 add     a4,a4,a5
PC=00010188 [026e07b3] x15=01002001 x28=ffffefff x06=ffffefff mul     a5,t3,t1
PC=0001018c [026e3fb3] x31=01002001 x28=ffffefff x06=ffffefff mulhu   t6,t3,t1
PC=00010190 [00078f13] x30=01002001 x15=01002001 x00=00000000 addi    t5,a5,0
PC=00010194 [01f707b3] x15=01004003 x14=00002002 x31=01002001 add     a5,a4,t6
PC=00010198 [00078f93] x31=01004003 x15=01004003 x00=00000000 addi    t6,a5,0
PC=0001019c [fde42023] x00=00000000 x08=00500000 x30=01002001 sw      t5,-64(s0)
PC=000101a0 [fdf42223] x04=00000000 x08=00500000 x31=01004003 sw      t6,-60(s0)
PC=000101a4 [fde42023] x00=00000000 x08=00500000 x30=01002001 sw      t5,-64(s0)
PC=000101a8 [fdf42223] x04=00000000 x08=00500000 x31=01004003 sw      t6,-60(s0)
PC=000101ac [fcc42023] x00=00000000 x08=00500000 x12=00000000 sw      a2,-64(s0)
PC=000101b0 [fcd42223] x04=00000000 x08=00500000 x13=00000000 sw      a3,-60(s0)
PC=000101b4 [fff00793] x15=ffffffff x00=00000000 x31=01004003 addi    a5,zero,-1
PC=000101b8 [fcf42623] x12=00000000 x08=00500000 x15=ffffffff sw      a5,-52(s0)
PC=000101bc [00100793] x15=00000001 x00=00000000 x01=0001009c addi    a5,zero,1
PC=000101c0 [fcf42423] x08=00500000 x08=00500000 x15=00000001 sw      a5,-56(s0)
PC=000101c4 [fcc42783] x15=ffffefff x08=00500000 x12=00000000 lw      a5,-52(s0)
PC=000101c8 [00078a13] x20=ffffefff x15=ffffefff x00=00000000 addi    s4,a5,0
PC=000101cc [41f7d793] x15=ffffffff x15=ffffefff x31=01004003 srai    a5,a5,31
PC=000101d0 [00078a93] x21=ffffffff x15=ffffffff x00=00000000 addi    s5,a5,0
PC=000101d4 [fc842783] x15=fffff001 x08=00500000 x08=00500000 lw      a5,-56(s0)
PC=000101d8 [00078913] x18=fffff001 x15=fffff001 x00=00000000 addi    s2,a5,0
PC=000101dc [41f7d793] x15=ffffffff x15=fffff001 x31=01004003 srai    a5,a5,31
PC=000101e0 [00078993] x19=ffffffff x15=ffffffff x00=00000000 addi    s3,a5,0
PC=000101e4 [032a8733] x14=00000fff x21=ffffffff x18=fffff001 mul     a4,s5,s2
PC=000101e8 [034987b3] x15=00001001 x19=ffffffff x20=ffffefff mul     a5,s3,s4
PC=000101ec [00f70733] x14=00002000 x14=00000fff x15=00001001 add     a4,a4,a5
PC=000101f0 [032a07b3] x15=00ffffff x20=ffffefff x18=fffff001 mul     a5,s4,s2
PC=000101f4 [032a3bb3] x23=00ffffff x20=ffffefff x18=fffff001 mulhu   s7,s4,s2
PC=000101f8 [00078b13] x22=00ffffff x15=00ffffff x00=00000000 addi    s6,a5,0
PC=000101fc [017707b3] x15=01001fff x14=00002000 x23=00ffffff add     a5,a4,s7
PC=00010200 [00078b93] x23=01001fff x15=01001fff x00=00000000 addi    s7,a5,0
PC=00010204 [fd642023] x00=00000000 x08=00500000 x22=00ffffff sw      s6,-64(s0)
PC=00010208 [fd742223] x04=00000000 x08=00500000 x23=01001fff sw      s7,-60(s0)
PC=0001020c [fd642023] x00=00000000 x08=00500000 x22=00ffffff sw      s6,-64(s0)
PC=00010210 [fd742223] x04=00000000 x08=00500000 x23=01001fff sw      s7,-60(s0)
PC=00010214 [fcc42023] x00=00000000 x08=00500000 x12=00000000 sw      a2,-64(s0)
PC=00010218 [fcd42223] x04=00000000 x08=00500000 x13=00000000 sw      a3,-60(s0)
PC=0001021c [fff00793] x15=ffffffff x00=00000000 x31=01004003 addi    a5,zero,-1
PC=00010220 [fcf42623] x12=00000000 x08=00500000 x15=ffffffff sw      a5,-52(s0)
PC=00010224 [00a00793] x15=0000000a x00=00000000 x10=fffff002 addi    a5,zero,10
PC=00010228 [fcf42423] x08=00500000 x08=00500000 x15=0000000a sw      a5,-56(s0)
PC=0001022c [fcc42783] x15=ffffefff x08=00500000 x12=00000000 lw      a5,-52(s0)
PC=00010230 [00078d13] x26=ffffefff x15=ffffefff x00=00000000 addi    s10,a5,0
PC=00010234 [41f7d793] x15=ffffffff x15=ffffefff x31=01004003 srai    a5,a5,31
PC=00010238 [00078d93] x27=ffffffff x15=ffffffff x00=00000000 addi    s11,a5,0
PC=0001023c [fc842783] x15=fffff00a x08=00500000 x08=00500000 lw      a5,-56(s0)
PC=00010240 [00078c13] x24=fffff00a x15=fffff00a x00=00000000 addi    s8,a5,0
PC=00010244 [41f7d793] x15=ffffffff x15=fffff00a x31=01004003 srai    a5,a5,31
PC=00010248 [00078c93] x25=ffffffff x15=ffffffff x00=00000000 addi    s9,a5,0
PC=0001024c [038d8733] x14=00000ff6 x27=ffffffff x24=fffff00a mul     a4,s11,s8
PC=00010250 [03ac87b3] x15=00001001 x25=ffffffff x26=ffffefff mul     a5,s9,s10
PC=00010254 [00f70733] x14=00001ff7 x14=00000ff6 x15=00001001 add     a4,a4,a5
PC=00010258 [038d07b3] x15=00ff6ff6 x26=ffffefff x24=fffff00a mul     a5,s10,s8
PC=0001025c [038d35b3] x11=00ff6ff6 x26=ffffefff x24=fffff00a mulhu   a1,s10,s8
PC=00010260 [fab42e23] x28=ffffefff x08=00500000 x11=00ff6ff6 sw      a1,-68(s0)
PC=00010264 [faf42c23] x24=fffff00a x08=00500000 x15=00ff6ff6 sw      a5,-72(s0)
PC=00010268 [fbc42783] x15=00ff5ff6 x08=00500000 x28=ffffefff lw      a5,-68(s0)
PC=0001026c [00f707b3] x15=00ff7fed x14=00001ff7 x15=00ff5ff6 add     a5,a4,a5
PC=00010270 [faf42e23] x28=ffffefff x08=00500000 x15=00ff7fed sw      a5,-68(s0)
PC=00010274 [fb842783] x15=00ff5ff6 x08=00500000 x24=fffff00a lw      a5,-72(s0)
PC=00010278 [fbc42803] x16=00ff6fed x08=00500000 x28=ffffefff lw      a6,-68(s0)
PC=0001027c [fcf42023] x00=00000000 x08=00500000 x15=00ff5ff6 sw      a5,-64(s0)
PC=00010280 [fd042223] x04=00000000 x08=00500000 x16=00ff6fed sw      a6,-60(s0)
PC=00010284 [fcf42023] x00=00000000 x08=00500000 x15=00ff5ff6 sw      a5,-64(s0)
PC=00010288 [fd042223] x04=00000000 x08=00500000 x16=00ff6fed sw      a6,-60(s0)
PC=0001028c [fcc42023] x00=00000000 x08=00500000 x12=00000000 sw      a2,-64(s0)
PC=00010290 [fcd42223] x04=00000000 x08=00500000 x13=00000000 sw      a3,-60(s0)
PC=00010294 [ffe00793] x15=fffffffe x00=00000000 x30=01002001 addi    a5,zero,-2
PC=00010298 [fcf42623] x12=00000000 x08=00500000 x15=fffffffe sw      a5,-52(s0)
PC=0001029c [ffc00793] x15=fffffffc x00=00000000 x28=ffffefff addi    a5,zero,-4
PC=000102a0 [fcf42423] x08=00500000 x08=00500000 x15=fffffffc sw      a5,-56(s0)
PC=000102a4 [fcc42783] x15=ffffeffe x08=00500000 x12=00000000 lw      a5,-52(s0)
PC=000102a8 [f6f42423] x08=00500000 x08=00500000 x15=ffffeffe sw      a5,-152(s0)
PC=000102ac [41f7d793] x15=ffffffff x15=ffffeffe x31=01004003 srai    a5,a5,31
PC=000102b0 [f6f42623] x12=00000000 x08=00500000 x15=ffffffff sw      a5,-148(s0)
PC=000102b4 [fc842783] x15=ffffeffc x08=00500000 x08=00500000 lw      a5,-56(s0)
PC=000102b8 [f6f42023] x00=00000000 x08=00500000 x15=ffffeffc sw      a5,-160(s0)
PC=000102bc [41f7d793] x15=ffffffff x15=ffffeffc x31=01004003 srai    a5,a5,31
PC=000102c0 [f6f42223] x04=00000000 x08=00500000 x15=ffffffff sw      a5,-156(s0)
PC=000102c4 [f6842783] x15=ffffdffe x08=00500000 x08=00500000 lw      a5,-152(s0)
PC=000102c8 [f6c42803] x16=ffffefff x08=00500000 x12=00000000 lw      a6,-148(s0)
PC=000102cc [00080713] x14=ffffefff x16=ffffefff x00=00000000 addi    a4,a6,0
PC=000102d0 [f6042503] x10=ffffdffc x08=00500000 x00=00000000 lw      a0,-160(s0)
PC=000102d4 [f6442583] x11=ffffefff x08=00500000 x04=00000000 lw      a1,-156(s0)
PC=000102d8 [00050893] x17=ffffdffc x10=ffffdffc x00=00000000 addi    a7,a0,0
PC=000102dc [03170733] x14=02006004 x14=ffffefff x17=ffffdffc mul     a4,a4,a7
PC=000102e0 [00058313] x06=ffffefff x11=ffffefff x00=00000000 addi    t1,a1,0
PC=000102e4 [00080893] x17=ffffefff x16=ffffefff x00=00000000 addi    a7,a6,0
PC=000102e8 [00078813] x16=ffffdffe x15=ffffdffe x00=00000000 addi    a6,a5,0
PC=000102ec [00080793] x15=ffffdffe x16=ffffdffe x00=00000000 addi    a5,a6,0
PC=000102f0 [02f307b3] x15=02004002 x06=ffffefff x15=ffffdffe mul     a5,t1,a5
PC=000102f4 [00f70733] x14=0400a006 x14=02006004 x15=02004002 add     a4,a4,a5
PC=000102f8 [00080793] x15=ffffdffe x16=ffffdffe x00=00000000 addi    a5,a6,0
PC=000102fc [00050313] x06=ffffdffc x10=ffffdffc x00=00000000 addi    t1,a0,0
PC=00010300 [026787b3] x15=0400c008 x15=ffffdffe x06=ffffdffc mul     a5,a5,t1
PC=00010304 [00050593] x11=ffffdffc x10=ffffdffc x00=00000000 addi    a1,a0,0
PC=00010308 [02b835b3] x11=0400c008 x16=ffffdffe x11=ffffdffc mulhu   a1,a6,a1
PC=0001030c [fab42a23] x20=ffffefff x08=00500000 x11=0400c008 sw      a1,-76(s0)
PC=00010310 [faf42823] x16=ffffdffe x08=00500000 x15=0400c008 sw      a5,-80(s0)
PC=00010314 [fb442783] x15=0400b008 x08=00500000 x20=ffffefff lw      a5,-76(s0)
PC=00010318 [00f707b3] x15=0801500e x14=0400a006 x15=0400b008 add     a5,a4,a5
PC=0001031c [faf42a23] x20=ffffefff x08=00500000 x15=0801500e sw      a5,-76(s0)
PC=00010320 [fb042783] x15=0400b008 x08=00500000 x16=ffffdffe lw      a5,-80(s0)
PC=00010324 [fb442803] x16=0801400e x08=00500000 x20=ffffefff lw      a6,-76(s0)
PC=00010328 [fcf42023] x00=00000000 x08=00500000 x15=0400b008 sw      a5,-64(s0)
PC=0001032c [fd042223] x04=00000000 x08=00500000 x16=0801400e sw      a6,-60(s0)
PC=00010330 [fcf42023] x00=00000000 x08=00500000 x15=0400b008 sw      a5,-64(s0)
PC=00010334 [fd042223] x04=00000000 x08=00500000 x16=0801400e sw      a6,-60(s0)
PC=00010338 [fcc42023] x00=00000000 x08=00500000 x12=00000000 sw      a2,-64(s0)
PC=0001033c [fcd42223] x04=00000000 x08=00500000 x13=00000000 sw      a3,-60(s0)
PC=00010340 [00a00793] x15=0000000a x00=00000000 x10=ffffdffc addi    a5,zero,10
PC=00010344 [fcf42623] x12=00000000 x08=00500000 x15=0000000a sw      a5,-52(s0)
PC=00010348 [00b00793] x15=0000000b x00=00000000 x11=0400c008 addi    a5,zero,11
PC=0001034c [fcf42423] x08=00500000 x08=00500000 x15=0000000b sw      a5,-56(s0)
PC=00010350 [fcc42783] x15=fffff00a x08=00500000 x12=00000000 lw      a5,-52(s0)
PC=00010354 [f4f42c23] x24=fffff00a x08=00500000 x15=fffff00a sw      a5,-168(s0)
PC=00010358 [41f7d793] x15=ffffffff x15=fffff00a x31=01004003 srai    a5,a5,31
PC=0001035c [f4f42e23] x28=ffffefff x08=00500000 x15=ffffffff sw      a5,-164(s0)
PC=00010360 [fc842783] x15=fffff00b x08=00500000 x08=00500000 lw      a5,-56(s0)
PC=00010364 [f4f42823] x16=0801400e x08=00500000 x15=fffff00b sw      a5,-176(s0)
PC=00010368 [41f7d793] x15=ffffffff x15=fffff00b x31=01004003 srai    a5,a5,31
PC=0001036c [f4f42a23] x20=ffffefff x08=00500000 x15=ffffffff sw      a5,-172(s0)
PC=00010370 [f5842783] x15=ffffe00a x08=00500000 x24=fffff00a lw      a5,-168(s0)
PC=00010374 [f5c42803] x16=ffffefff x08=00500000 x28=ffffefff lw      a6,-164(s0)
PC=00010378 [00080713] x14=ffffefff x16=ffffefff x00=00000000 addi    a4,a6,0
PC=0001037c [f5042503] x10=ffffe00b x08=00500000 x16=ffffefff lw      a0,-176(s0)
PC=00010380 [f5442583] x11=ffffefff x08=00500000 x20=ffffefff lw      a1,-172(s0)
PC=00010384 [00050893] x17=ffffe00b x10=ffffe00b x00=00000000 addi    a7,a0,0
PC=00010388 [03170733] x14=01ff6ff5 x14=ffffefff x17=ffffe00b mul     a4,a4,a7
PC=0001038c [00058313] x06=ffffefff x11=ffffefff x00=00000000 addi    t1,a1,0
PC=00010390 [00080893] x17=ffffefff x16=ffffefff x00=00000000 addi    a7,a6,0
PC=00010394 [00078813] x16=ffffe00a x15=ffffe00a x00=00000000 addi    a6,a5,0
PC=00010398 [00080793] x15=ffffe00a x16=ffffe00a x00=00000000 addi    a5,a6,0
PC=0001039c [02f307b3] x15=01ff7ff6 x06=ffffefff x15=ffffe00a mul     a5,t1,a5
PC=000103a0 [00f70733] x14=03feefeb x14=01ff6ff5 x15=01ff7ff6 add     a4,a4,a5
PC=000103a4 [00080793] x15=ffffe00a x16=ffffe00a x00=00000000 addi    a5,a6,0
PC=000103a8 [00050313] x06=ffffe00b x10=ffffe00b x00=00000000 addi    t1,a0,0
PC=000103ac [026787b3] x15=03fd606e x15=ffffe00a x06=ffffe00b mul     a5,a5,t1
PC=000103b0 [00050593] x11=ffffe00b x10=ffffe00b x00=00000000 addi    a1,a0,0
PC=000103b4 [02b835b3] x11=03fd606e x16=ffffe00a x11=ffffe00b mulhu   a1,a6,a1
PC=000103b8 [fab42623] x12=00000000 x08=00500000 x11=03fd606e sw      a1,-84(s0)
PC=000103bc [faf42423] x08=00500000 x08=00500000 x15=03fd606e sw      a5,-88(s0)
PC=000103c0 [fac42783] x15=03fd506e x08=00500000 x12=00000000 lw      a5,-84(s0)
PC=000103c4 [00f707b3] x15=07fc4059 x14=03feefeb x15=03fd506e add     a5,a4,a5
PC=000103c8 [faf42623] x12=00000000 x08=00500000 x15=07fc4059 sw      a5,-84(s0)
PC=000103cc [fa842783] x15=03fd506e x08=00500000 x08=00500000 lw      a5,-88(s0)
PC=000103d0 [fac42803] x16=07fc3059 x08=00500000 x12=00000000 lw      a6,-84(s0)
PC=000103d4 [fcf42023] x00=00000000 x08=00500000 x15=03fd506e sw      a5,-64(s0)
PC=000103d8 [fd042223] x04=00000000 x08=00500000 x16=07fc3059 sw      a6,-60(s0)
PC=000103dc [fcf42023] x00=00000000 x08=00500000 x15=03fd506e sw      a5,-64(s0)
PC=000103e0 [fd042223] x04=00000000 x08=00500000 x16=07fc3059 sw      a6,-60(s0)
PC=000103e4 [fcc42023] x00=00000000 x08=00500000 x12=00000000 sw      a2,-64(s0)
PC=000103e8 [fcd42223] x04=00000000 x08=00500000 x13=00000000 sw      a3,-60(s0)
PC=000103ec [ff600793] x15=fffffff6 x00=00000000 x22=00ffffff addi    a5,zero,-10
PC=000103f0 [fcf42623] x12=00000000 x08=00500000 x15=fffffff6 sw      a5,-52(s0)
PC=000103f4 [00b00793] x15=0000000b x00=00000000 x11=03fd606e addi    a5,zero,11
PC=000103f8 [fcf42423] x08=00500000 x08=00500000 x15=0000000b sw      a5,-56(s0)
PC=000103fc [fcc42783] x15=ffffeff6 x08=00500000 x12=00000000 lw      a5,-52(s0)
PC=00010400 [f4f42423] x08=00500000 x08=00500000 x15=ffffeff6 sw      a5,-184(s0)
PC=00010404 [41f7d793] x15=ffffffff x15=ffffeff6 x31=01004003 srai    a5,a5,31
PC=00010408 [f4f42623] x12=00000000 x08=00500000 x15=ffffffff sw      a5,-180(s0)
PC=0001040c [fc842783] x15=fffff00b x08=00500000 x08=00500000 lw      a5,-56(s0)
PC=00010410 [f4f42023] x00=00000000 x08=00500000 x15=fffff00b sw      a5,-192(s0)
PC=00010414 [41f7d793] x15=ffffffff x15=fffff00b x31=01004003 srai    a5,a5,31
PC=00010418 [f4f42223] x04=00000000 x08=00500000 x15=ffffffff sw      a5,-188(s0)
PC=0001041c [f4842783] x15=ffffdff6 x08=00500000 x08=00500000 lw      a5,-184(s0)
PC=00010420 [f4c42803] x16=ffffefff x08=00500000 x12=00000000 lw      a6,-180(s0)
PC=00010424 [00080713] x14=ffffefff x16=ffffefff x00=00000000 addi    a4,a6,0
PC=00010428 [f4042503] x10=ffffe00b x08=00500000 x00=00000000 lw      a0,-192(s0)
PC=0001042c [f4442583] x11=ffffefff x08=00500000 x04=00000000 lw      a1,-188(s0)
PC=00010430 [00050893] x17=ffffe00b x10=ffffe00b x00=00000000 addi    a7,a0,0
PC=00010434 [03170733] x14=01ff6ff5 x14=ffffefff x17=ffffe00b mul     a4,a4,a7
PC=00010438 [00058313] x06=ffffefff x11=ffffefff x00=00000000 addi    t1,a1,0
PC=0001043c [00080893] x17=ffffefff x16=ffffefff x00=00000000 addi    a7,a6,0
PC=00010440 [00078813] x16=ffffdff6 x15=ffffdff6 x00=00000000 addi    a6,a5,0
PC=00010444 [00080793] x15=ffffdff6 x16=ffffdff6 x00=00000000 addi    a5,a6,0
PC=00010448 [02f307b3] x15=0200c00a x06=ffffefff x15=ffffdff6 mul     a5,t1,a5
PC=0001044c [00f70733] x14=04002fff x14=01ff6ff5 x15=0200c00a add     a4,a4,a5
PC=00010450 [00080793] x15=ffffdff6 x16=ffffdff6 x00=00000000 addi    a5,a6,0
PC=00010454 [00050313] x06=ffffe00b x10=ffffe00b x00=00000000 addi    t1,a0,0
PC=00010458 [026787b3] x15=03ffdf92 x15=ffffdff6 x06=ffffe00b mul     a5,a5,t1
PC=0001045c [00050593] x11=ffffe00b x10=ffffe00b x00=00000000 addi    a1,a0,0
PC=00010460 [02b835b3] x11=03ffdf92 x16=ffffdff6 x11=ffffe00b mulhu   a1,a6,a1
PC=00010464 [fab42223] x04=00000000 x08=00500000 x11=03ffdf92 sw      a1,-92(s0)
PC=00010468 [faf42023] x00=00000000 x08=00500000 x15=03ffdf92 sw      a5,-96(s0)
PC=0001046c [fa442783] x15=03ffcf92 x08=00500000 x04=00000000 lw      a5,-92(s0)
PC=00010470 [00f707b3] x15=07ffff91 x14=04002fff x15=03ffcf92 add     a5,a4,a5
PC=00010474 [faf42223] x04=00000000 x08=00500000 x15=07ffff91 sw      a5,-92(s0)
PC=00010478 [fa042783] x15=03ffcf92 x08=00500000 x00=00000000 lw      a5,-96(s0)
PC=0001047c [fa442803] x16=07ffef91 x08=00500000 x04=00000000 lw      a6,-92(s0)
PC=00010480 [fcf42023] x00=00000000 x08=00500000 x15=03ffcf92 sw      a5,-64(s0)
PC=00010484 [fd042223] x04=00000000 x08=00500000 x16=07ffef91 sw      a6,-60(s0)
PC=00010488 [fcf42023] x00=00000000 x08=00500000 x15=03ffcf92 sw      a5,-64(s0)
PC=0001048c [fd042223] x04=00000000 x08=00500000 x16=07ffef91 sw      a6,-60(s0)
PC=00010490 [fcc42023] x00=00000000 x08=00500000 x12=00000000 sw      a2,-64(s0)
PC=00010494 [fcd42223] x04=00000000 x08=00500000 x13=00000000 sw      a3,-60(s0)
PC=00010498 [0000f7b7] x15=0000f000 x01=0001009c x00=00000000 lui     a5,61440
PC=0001049c [fcf42623] x12=00000000 x08=00500000 x15=0000f000 sw      a5,-52(s0)
PC=000104a0 [0000f7b7] x15=0000f000 x01=0001009c x00=00000000 lui     a5,61440
PC=000104a4 [00178793] x15=0000f001 x15=0000f000 x01=0001009c addi    a5,a5,1
PC=000104a8 [fcf42423] x08=00500000 x08=00500000 x15=0000f001 sw      a5,-56(s0)
PC=000104ac [fcc42783] x15=0000e000 x08=00500000 x12=00000000 lw      a5,-52(s0)
PC=000104b0 [f2f42c23] x24=fffff00a x08=00500000 x15=0000e000 sw      a5,-200(s0)
PC=000104b4 [41f7d793] x15=00000000 x15=0000e000 x31=01004003 srai    a5,a5,31
PC=000104b8 [f2f42e23] x28=ffffefff x08=00500000 x15=00000000 sw      a5,-196(s0)
PC=000104bc [fc842783] x15=0000e001 x08=00500000 x08=00500000 lw      a5,-56(s0)
PC=000104c0 [f2f42823] x16=07ffef91 x08=00500000 x15=0000e001 sw      a5,-208(s0)
PC=000104c4 [41f7d793] x15=00000000 x15=0000e001 x31=01004003 srai    a5,a5,31
PC=000104c8 [f2f42a23] x20=ffffefff x08=00500000 x15=00000000 sw      a5,-204(s0)
PC=000104cc [f3842783] x15=0000d000 x08=00500000 x24=fffff00a lw      a5,-200(s0)
PC=000104d0 [f3c42803] x16=fffff000 x08=00500000 x28=ffffefff lw      a6,-196(s0)
PC=000104d4 [00080713] x14=fffff000 x16=fffff000 x00=00000000 addi    a4,a6,0
PC=000104d8 [f3042503] x10=0000d001 x08=00500000 x16=fffff000 lw      a0,-208(s0)
PC=000104dc [f3442583] x11=fffff000 x08=00500000 x20=ffffefff lw      a1,-204(s0)
PC=000104e0 [00050893] x17=0000d001 x10=0000d001 x00=00000000 addi    a7,a0,0
PC=000104e4 [03170733] x14=f2fff000 x14=fffff000 x17=0000d001 mul     a4,a4,a7
PC=000104e8 [00058313] x06=fffff000 x11=fffff000 x00=00000000 addi    t1,a1,0
PC=000104ec [00080893] x17=fffff000 x16=fffff000 x00=00000000 addi    a7,a6,0
PC=000104f0 [00078813] x16=0000d000 x15=0000d000 x00=00000000 addi    a6,a5,0
PC=000104f4 [00080793] x15=0000d000 x16=0000d000 x00=00000000 addi    a5,a6,0
PC=000104f8 [02f307b3] x15=f3000000 x06=fffff000 x15=0000d000 mul     a5,t1,a5
PC=000104fc [00f70733] x14=e5fff000 x14=f2fff000 x15=f3000000 add     a4,a4,a5
PC=00010500 [00080793] x15=0000d000 x16=0000d000 x00=00000000 addi    a5,a6,0
PC=00010504 [00050313] x06=0000d001 x10=0000d001 x00=00000000 addi    t1,a0,0
PC=00010508 [026787b3] x15=a900d000 x15=0000d000 x06=0000d001 mul     a5,a5,t1
PC=0001050c [00050593] x11=0000d001 x10=0000d001 x00=00000000 addi    a1,a0,0
PC=00010510 [02b835b3] x11=a900d000 x16=0000d000 x11=0000d001 mulhu   a1,a6,a1
PC=00010514 [f8b42e23] x28=ffffefff x08=00500000 x11=a900d000 sw      a1,-100(s0)
PC=00010518 [f8f42c23] x24=fffff00a x08=00500000 x15=a900d000 sw      a5,-104(s0)
PC=0001051c [f9c42783] x15=a900c000 x08=00500000 x28=ffffefff lw      a5,-100(s0)
PC=00010520 [00f707b3] x15=8f00b000 x14=e5fff000 x15=a900c000 add     a5,a4,a5
PC=00010524 [f8f42e23] x28=ffffefff x08=00500000 x15=8f00b000 sw      a5,-100(s0)
PC=00010528 [f9842783] x15=a900c000 x08=00500000 x24=fffff00a lw      a5,-104(s0)
PC=0001052c [f9c42803] x16=8f00a000 x08=00500000 x28=ffffefff lw      a6,-100(s0)
PC=00010530 [fcf42023] x00=00000000 x08=00500000 x15=a900c000 sw      a5,-64(s0)
PC=00010534 [fd042223] x04=00000000 x08=00500000 x16=8f00a000 sw      a6,-60(s0)
PC=00010538 [fcf42023] x00=00000000 x08=00500000 x15=a900c000 sw      a5,-64(s0)
PC=0001053c [fd042223] x04=00000000 x08=00500000 x16=8f00a000 sw      a6,-60(s0)
PC=00010540 [fcc42023] x00=00000000 x08=00500000 x12=00000000 sw      a2,-64(s0)
PC=00010544 [fcd42223] x04=00000000 x08=00500000 x13=00000000 sw      a3,-60(s0)
PC=00010548 [555557b7] x15=55555000 x10=0000d001 x21=ffffffff lui     a5,1431654400
PC=0001054c [55578793] x15=55555555 x15=55555000 x21=ffffffff addi    a5,a5,1365
PC=00010550 [fcf42623] x12=00000000 x08=00500000 x15=55555555 sw      a5,-52(s0)
PC=00010554 [333337b7] x15=33333000 x06=0000d001 x19=ffffffff lui     a5,858992640
PC=00010558 [33378793] x15=33333333 x15=33333000 x19=ffffffff addi    a5,a5,819
PC=0001055c [fcf42423] x08=00500000 x08=00500000 x15=33333333 sw      a5,-56(s0)
PC=00010560 [fcc42783] x15=55554555 x08=00500000 x12=00000000 lw      a5,-52(s0)
PC=00010564 [f2f42423] x08=00500000 x08=00500000 x15=55554555 sw      a5,-216(s0)
PC=00010568 [41f7d793] x15=00000000 x15=55554555 x31=01004003 srai    a5,a5,31
PC=0001056c [f2f42623] x12=00000000 x08=00500000 x15=00000000 sw      a5,-212(s0)
PC=00010570 [fc842783] x15=33332333 x08=00500000 x08=00500000 lw      a5,-56(s0)
PC=00010574 [f2f42023] x00=00000000 x08=00500000 x15=33332333 sw      a5,-224(s0)
PC=00010578 [41f7d793] x15=00000000 x15=33332333 x31=01004003 srai    a5,a5,31
PC=0001057c [f2f42223] x04=00000000 x08=00500000 x15=00000000 sw      a5,-220(s0)
PC=00010580 [f2842783] x15=55553555 x08=00500000 x08=00500000 lw      a5,-216(s0)
PC=00010584 [f2c42803] x16=fffff000 x08=00500000 x12=00000000 lw      a6,-212(s0)
PC=00010588 [00080713] x14=fffff000 x16=fffff000 x00=00000000 addi    a4,a6,0
PC=0001058c [f2042503] x10=33331333 x08=00500000 x00=00000000 lw      a0,-224(s0)
PC=00010590 [f2442583] x11=fffff000 x08=00500000 x04=00000000 lw      a1,-220(s0)
PC=00010594 [00050893] x17=33331333 x10=33331333 x00=00000000 addi    a7,a0,0
PC=00010598 [03170733] x14=ceccd000 x14=fffff000 x17=33331333 mul     a4,a4,a7
PC=0001059c [00058313] x06=fffff000 x11=fffff000 x00=00000000 addi    t1,a1,0
PC=000105a0 [00080893] x17=fffff000 x16=fffff000 x00=00000000 addi    a7,a6,0
PC=000105a4 [00078813] x16=55553555 x15=55553555 x00=00000000 addi    a6,a5,0
PC=000105a8 [00080793] x15=55553555 x16=55553555 x00=00000000 addi    a5,a6,0
PC=000105ac [02f307b3] x15=acaab000 x06=fffff000 x15=55553555 mul     a5,t1,a5
PC=000105b0 [00f70733] x14=7b778000 x14=ceccd000 x15=acaab000 add     a4,a4,a5
PC=000105b4 [00080793] x15=55553555 x16=55553555 x00=00000000 addi    a5,a6,0
PC=000105b8 [00050313] x06=33331333 x10=33331333 x00=00000000 addi    t1,a0,0
PC=000105bc [026787b3] x15=e1ddeeef x15=55553555 x06=33331333 mul     a5,a5,t1
PC=000105c0 [00050593] x11=33331333 x10=33331333 x00=00000000 addi    a1,a0,0
PC=000105c4 [02b835b3] x11=e1ddeeef x16=55553555 x11=33331333 mulhu   a1,a6,a1
PC=000105c8 [f8b42a23] x20=ffffefff x08=00500000 x11=e1ddeeef sw      a1,-108(s0)
PC=000105cc [f8f42823] x16=55553555 x08=00500000 x15=e1ddeeef sw      a5,-112(s0)
PC=000105d0 [f9442783] x15=e1dddeef x08=00500000 x20=ffffefff lw      a5,-108(s0)
PC=000105d4 [00f707b3] x15=5d555eef x14=7b778000 x15=e1dddeef add     a5,a4,a5
PC=000105d8 [f8f42a23] x20=ffffefff x08=00500000 x15=5d555eef sw      a5,-108(s0)
PC=000105dc [f9042783] x15=e1dddeef x08=00500000 x16=55553555 lw      a5,-112(s0)
PC=000105e0 [f9442803] x16=5d554eef x08=00500000 x20=ffffefff lw      a6,-108(s0)
PC=000105e4 [fcf42023] x00=00000000 x08=00500000 x15=e1dddeef sw      a5,-64(s0)
PC=000105e8 [fd042223] x04=00000000 x08=00500000 x16=5d554eef sw      a6,-60(s0)
PC=000105ec [fcf42023] x00=00000000 x08=00500000 x15=e1dddeef sw      a5,-64(s0)
PC=000105f0 [fd042223] x04=00000000 x08=00500000 x16=5d554eef sw      a6,-60(s0)
PC=000105f4 [fcc42023] x00=00000000 x08=00500000 x12=00000000 sw      a2,-64(s0)
PC=000105f8 [fcd42223] x04=00000000 x08=00500000 x13=00000000 sw      a3,-60(s0)
PC=000105fc [000057b7] x15=00005000 x00=00000000 x00=00000000 lui     a5,20480
PC=00010600 [35378793] x15=00005353 x15=00005000 x19=ffffffff addi    a5,a5,851
PC=00010604 [fcf42623] x12=00000000 x08=00500000 x15=00005353 sw      a5,-52(s0)
PC=00010608 [000087b7] x15=00008000 x01=0001009c x00=00000000 lui     a5,32768
PC=0001060c [fcf42423] x08=00500000 x08=00500000 x15=00008000 sw      a5,-56(s0)
PC=00010610 [fcc42783] x15=00004353 x08=00500000 x12=00000000 lw      a5,-52(s0)
PC=00010614 [f0f42c23] x24=fffff00a x08=00500000 x15=00004353 sw      a5,-232(s0)
PC=00010618 [41f7d793] x15=00000000 x15=00004353 x31=01004003 srai    a5,a5,31
PC=0001061c [f0f42e23] x28=ffffefff x08=00500000 x15=00000000 sw      a5,-228(s0)
PC=00010620 [fc842783] x15=00007000 x08=00500000 x08=00500000 lw      a5,-56(s0)
PC=00010624 [f0f42823] x16=5d554eef x08=00500000 x15=00007000 sw      a5,-240(s0)
PC=00010628 [41f7d793] x15=00000000 x15=00007000 x31=01004003 srai    a5,a5,31
PC=0001062c [f0f42a23] x20=ffffefff x08=00500000 x15=00000000 sw      a5,-236(s0)
PC=00010630 [f1842783] x15=00003353 x08=00500000 x24=fffff00a lw      a5,-232(s0)
PC=00010634 [f1c42803] x16=fffff000 x08=00500000 x28=ffffefff lw      a6,-228(s0)
PC=00010638 [00080713] x14=fffff000 x16=fffff000 x00=00000000 addi    a4,a6,0
PC=0001063c [f1042503] x10=00006000 x08=00500000 x16=fffff000 lw      a0,-240(s0)
PC=00010640 [f1442583] x11=fffff000 x08=00500000 x20=ffffefff lw      a1,-236(s0)
PC=00010644 [00050893] x17=00006000 x10=00006000 x00=00000000 addi    a7,a0,0
PC=00010648 [03170733] x14=fa000000 x14=fffff000 x17=00006000 mul     a4,a4,a7
PC=0001064c [00058313] x06=fffff000 x11=fffff000 x00=00000000 addi    t1,a1,0
PC=00010650 [00080893] x17=fffff000 x16=fffff000 x00=00000000 addi    a7,a6,0
PC=00010654 [00078813] x16=00003353 x15=00003353 x00=00000000 addi    a6,a5,0
PC=00010658 [00080793] x15=00003353 x16=00003353 x00=00000000 addi    a5,a6,0
PC=0001065c [02f307b3] x15=fccad000 x06=fffff000 x15=00003353 mul     a5,t1,a5
PC=00010660 [00f707b3] x15=f6cad000 x14=fa000000 x15=fccad000 add     a5,a4,a5
PC=00010664 [00080713] x14=00003353 x16=00003353 x00=00000000 addi    a4,a6,0
PC=00010668 [00050313] x06=00006000 x10=00006000 x00=00000000 addi    t1,a0,0
PC=0001066c [02670733] x14=133f2000 x14=00003353 x06=00006000 mul     a4,a4,t1
PC=00010670 [00050593] x11=00006000 x10=00006000 x00=00000000 addi    a1,a0,0
PC=00010674 [02b835b3] x11=133f2000 x16=00003353 x11=00006000 mulhu   a1,a6,a1
PC=00010678 [f8b42623] x12=00000000 x08=00500000 x11=133f2000 sw      a1,-116(s0)
PC=0001067c [f8e42423] x08=00500000 x08=00500000 x14=133f2000 sw      a4,-120(s0)
PC=00010680 [f8c42703] x14=133f1000 x08=00500000 x12=00000000 lw      a4,-116(s0)
PC=00010684 [00e787b3] x15=0a09e000 x15=f6cad000 x14=133f1000 add     a5,a5,a4
PC=00010688 [f8f42623] x12=00000000 x08=00500000 x15=0a09e000 sw      a5,-116(s0)
PC=0001068c [f8842783] x15=133f1000 x08=00500000 x08=00500000 lw      a5,-120(s0)
PC=00010690 [f8c42803] x16=0a09d000 x08=00500000 x12=00000000 lw      a6,-116(s0)
PC=00010694 [fcf42023] x00=00000000 x08=00500000 x15=133f1000 sw      a5,-64(s0)
PC=00010698 [fd042223] x04=00000000 x08=00500000 x16=0a09d000 sw      a6,-60(s0)
PC=0001069c [fcf42023] x00=00000000 x08=00500000 x15=133f1000 sw      a5,-64(s0)
PC=000106a0 [fd042223] x04=00000000 x08=00500000 x16=0a09d000 sw      a6,-60(s0)
PC=000106a4 [fcc42023] x00=00000000 x08=00500000 x12=00000000 sw      a2,-64(s0)
PC=000106a8 [fcd42223] x04=00000000 x08=00500000 x13=00000000 sw      a3,-60(s0)
PC=000106ac [fffff7b7] x15=fffff000 x31=01004003 x31=01004003 lui     a5,-4096
PC=000106b0 [fcf42623] x12=00000000 x08=00500000 x15=fffff000 sw      a5,-52(s0)
PC=000106b4 [fffff7b7] x15=fffff000 x31=01004003 x31=01004003 lui     a5,-4096
PC=000106b8 [00178793] x15=fffff001 x15=fffff000 x01=0001009c addi    a5,a5,1
PC=000106bc [fcf42423] x08=00500000 x08=00500000 x15=fffff001 sw      a5,-56(s0)
PC=000106c0 [fcc42783] x15=ffffe000 x08=00500000 x12=00000000 lw      a5,-52(s0)
PC=000106c4 [f0f42423] x08=00500000 x08=00500000 x15=ffffe000 sw      a5,-248(s0)
PC=000106c8 [41f7d793] x15=ffffffff x15=ffffe000 x31=01004003 srai    a5,a5,31
PC=000106cc [f0f42623] x12=00000000 x08=00500000 x15=ffffffff sw      a5,-244(s0)
PC=000106d0 [fc842783] x15=ffffe001 x08=00500000 x08=00500000 lw      a5,-56(s0)
PC=000106d4 [f0f42023] x00=00000000 x08=00500000 x15=ffffe001 sw      a5,-256(s0)
PC=000106d8 [41f7d793] x15=ffffffff x15=ffffe001 x31=01004003 srai    a5,a5,31
PC=000106dc [f0f42223] x04=00000000 x08=00500000 x15=ffffffff sw      a5,-252(s0)
PC=000106e0 [f0842783] x15=ffffd000 x08=00500000 x08=00500000 lw      a5,-248(s0)
PC=000106e4 [f0c42803] x16=ffffefff x08=00500000 x12=00000000 lw      a6,-244(s0)
PC=000106e8 [00080713] x14=ffffefff x16=ffffefff x00=00000000 addi    a4,a6,0
PC=000106ec [f0042503] x10=ffffd001 x08=00500000 x00=00000000 lw      a0,-256(s0)
PC=000106f0 [f0442583] x11=ffffefff x08=00500000 x04=00000000 lw      a1,-252(s0)
PC=000106f4 [00050893] x17=ffffd001 x10=ffffd001 x00=00000000 addi    a7,a0,0
PC=000106f8 [03170733] x14=03001fff x14=ffffefff x17=ffffd001 mul     a4,a4,a7
PC=000106fc [00058313] x06=ffffefff x11=ffffefff x00=00000000 addi    t1,a1,0
PC=00010700 [00080893] x17=ffffefff x16=ffffefff x00=00000000 addi    a7,a6,0
PC=00010704 [00078813] x16=ffffd000 x15=ffffd000 x00=00000000 addi    a6,a5,0
PC=00010708 [00080793] x15=ffffd000 x16=ffffd000 x00=00000000 addi    a5,a6,0
PC=0001070c [02f307b3] x15=03003000 x06=ffffefff x15=ffffd000 mul     a5,t1,a5
PC=00010710 [00f707b3] x15=06004fff x14=03001fff x15=03003000 add     a5,a4,a5
PC=00010714 [00080713] x14=ffffd000 x16=ffffd000 x00=00000000 addi    a4,a6,0
PC=00010718 [00050313] x06=ffffd001 x10=ffffd001 x00=00000000 addi    t1,a0,0
PC=0001071c [02670733] x14=08ffd000 x14=ffffd000 x06=ffffd001 mul     a4,a4,t1
PC=00010720 [00050593] x11=ffffd001 x10=ffffd001 x00=00000000 addi    a1,a0,0
PC=00010724 [02b835b3] x11=08ffd000 x16=ffffd000 x11=ffffd001 mulhu   a1,a6,a1
PC=00010728 [f8b42223] x04=00000000 x08=00500000 x11=08ffd000 sw      a1,-124(s0)
PC=0001072c [f8e42023] x00=00000000 x08=00500000 x14=08ffd000 sw      a4,-128(s0)
PC=00010730 [f8442703] x14=08ffc000 x08=00500000 x04=00000000 lw      a4,-124(s0)
PC=00010734 [00e787b3] x15=0f000fff x15=06004fff x14=08ffc000 add     a5,a5,a4
PC=00010738 [f8f42223] x04=00000000 x08=00500000 x15=0f000fff sw      a5,-124(s0)
PC=0001073c [f8042783] x15=08ffc000 x08=00500000 x00=00000000 lw      a5,-128(s0)
PC=00010740 [f8442803] x16=0effffff x08=00500000 x04=00000000 lw      a6,-124(s0)
PC=00010744 [fcf42023] x00=00000000 x08=00500000 x15=08ffc000 sw      a5,-64(s0)
PC=00010748 [fd042223] x04=00000000 x08=00500000 x16=0effffff sw      a6,-60(s0)
PC=0001074c [fcf42023] x00=00000000 x08=00500000 x15=08ffc000 sw      a5,-64(s0)
PC=00010750 [fd042223] x04=00000000 x08=00500000 x16=0effffff sw      a6,-60(s0)
PC=00010754 [fcc42023] x00=00000000 x08=00500000 x12=00000000 sw      a2,-64(s0)
PC=00010758 [fcd42223] x04=00000000 x08=00500000 x13=00000000 sw      a3,-60(s0)
PC=0001075c [000057b7] x15=00005000 x00=00000000 x00=00000000 lui     a5,20480
PC=00010760 [55578793] x15=00005555 x15=00005000 x21=ffffffff addi    a5,a5,1365
PC=00010764 [fcf42623] x12=00000000 x08=00500000 x15=00005555 sw      a5,-52(s0)
PC=00010768 [333307b7] x15=33330000 x06=ffffd001 x19=ffffffff lui     a5,858980352
PC=0001076c [fcf42423] x08=00500000 x08=00500000 x15=33330000 sw      a5,-56(s0)
PC=00010770 [fcc42783] x15=00004555 x08=00500000 x12=00000000 lw      a5,-52(s0)
PC=00010774 [eef42c23] x24=fffff00a x08=00500000 x15=00004555 sw      a5,-264(s0)
PC=00010778 [41f7d793] x15=00000000 x15=00004555 x31=01004003 srai    a5,a5,31
PC=0001077c [eef42e23] x28=ffffefff x08=00500000 x15=00000000 sw      a5,-260(s0)
PC=00010780 [fc842783] x15=3332f000 x08=00500000 x08=00500000 lw      a5,-56(s0)
PC=00010784 [eef42823] x16=0effffff x08=00500000 x15=3332f000 sw      a5,-272(s0)
PC=00010788 [41f7d793] x15=00000000 x15=3332f000 x31=01004003 srai    a5,a5,31
PC=0001078c [eef42a23] x20=ffffefff x08=00500000 x15=00000000 sw      a5,-268(s0)
PC=00010790 [ef842783] x15=00003555 x08=00500000 x24=fffff00a lw      a5,-264(s0)
PC=00010794 [efc42803] x16=fffff000 x08=00500000 x28=ffffefff lw      a6,-260(s0)
PC=00010798 [00080713] x14=fffff000 x16=fffff000 x00=00000000 addi    a4,a6,0
PC=0001079c [ef042503] x10=3332e000 x08=00500000 x16=fffff000 lw      a0,-272(s0)
PC=000107a0 [ef442583] x11=fffff000 x08=00500000 x20=ffffefff lw      a1,-268(s0)
PC=000107a4 [00050893] x17=3332e000 x10=3332e000 x00=00000000 addi    a7,a0,0
PC=000107a8 [03170733] x14=d2000000 x14=fffff000 x17=3332e000 mul     a4,a4,a7
PC=000107ac [00058313] x06=fffff000 x11=fffff000 x00=00000000 addi    t1,a1,0
PC=000107b0 [00080893] x17=fffff000 x16=fffff000 x00=00000000 addi    a7,a6,0
PC=000107b4 [00078813] x16=00003555 x15=00003555 x00=00000000 addi    a6,a5,0
PC=000107b8 [00080793] x15=00003555 x16=00003555 x00=00000000 addi    a5,a6,0
PC=000107bc [02f307b3] x15=fcaab000 x06=fffff000 x15=00003555 mul     a5,t1,a5
PC=000107c0 [00f707b3] x15=ceaab000 x14=d2000000 x15=fcaab000 add     a5,a4,a5
PC=000107c4 [00080713] x14=00003555 x16=00003555 x00=00000000 addi    a4,a6,0
PC=000107c8 [00050313] x06=3332e000 x10=3332e000 x00=00000000 addi    t1,a0,0
PC=000107cc [02670733] x14=88446000 x14=00003555 x06=3332e000 mul     a4,a4,t1
PC=000107d0 [00050593] x11=3332e000 x10=3332e000 x00=00000000 addi    a1,a0,0
PC=000107d4 [02b835b3] x11=88446000 x16=00003555 x11=3332e000 mulhu   a1,a6,a1
PC=000107d8 [f6b42e23] x28=ffffefff x08=00500000 x11=88446000 sw      a1,-132(s0)
PC=000107dc [f6e42c23] x24=fffff00a x08=00500000 x14=88446000 sw      a4,-136(s0)
PC=000107e0 [f7c42703] x14=88445000 x08=00500000 x28=ffffefff lw      a4,-132(s0)
PC=000107e4 [00e787b3] x15=56ef0000 x15=ceaab000 x14=88445000 add     a5,a5,a4
PC=000107e8 [f6f42e23] x28=ffffefff x08=00500000 x15=56ef0000 sw      a5,-132(s0)
PC=000107ec [f7842783] x15=88445000 x08=00500000 x24=fffff00a lw      a5,-136(s0)
PC=000107f0 [f7c42803] x16=56eef000 x08=00500000 x28=ffffefff lw      a6,-132(s0)
PC=000107f4 [fcf42023] x00=00000000 x08=00500000 x15=88445000 sw      a5,-64(s0)
PC=000107f8 [fd042223] x04=00000000 x08=00500000 x16=56eef000 sw      a6,-60(s0)
PC=000107fc [fcf42023] x00=00000000 x08=00500000 x15=88445000 sw      a5,-64(s0)
PC=00010800 [fd042223] x04=00000000 x08=00500000 x16=56eef000 sw      a6,-60(s0)
PC=00010804 [fcc42023] x00=00000000 x08=00500000 x12=00000000 sw      a2,-64(s0)
PC=00010808 [fcd42223] x04=00000000 x08=00500000 x13=00000000 sw      a3,-60(s0)
PC=0001080c [535357b7] x15=53535000 x06=3332e000 x21=ffffffff lui     a5,1397968896
PC=00010810 [35378793] x15=53535353 x15=53535000 x19=ffffffff addi    a5,a5,851
PC=00010814 [fcf42623] x12=00000000 x08=00500000 x15=53535353 sw      a5,-52(s0)
PC=00010818 [800087b7] x15=80008000 x01=0001009c x00=00000000 lui     a5,-2147450880
PC=0001081c [fcf42423] x08=00500000 x08=00500000 x15=80008000 sw      a5,-56(s0)
PC=00010820 [fcc42783] x15=53534353 x08=00500000 x12=00000000 lw      a5,-52(s0)
PC=00010824 [eef42423] x08=00500000 x08=00500000 x15=53534353 sw      a5,-280(s0)
PC=00010828 [41f7d793] x15=00000000 x15=53534353 x31=01004003 srai    a5,a5,31
PC=0001082c [eef42623] x12=00000000 x08=00500000 x15=00000000 sw      a5,-276(s0)
PC=00010830 [fc842783] x15=80007000 x08=00500000 x08=00500000 lw      a5,-56(s0)
PC=00010834 [eef42023] x00=00000000 x08=00500000 x15=80007000 sw      a5,-288(s0)
PC=00010838 [41f7d793] x15=ffffffff x15=80007000 x31=01004003 srai    a5,a5,31
PC=0001083c [eef42223] x04=00000000 x08=00500000 x15=ffffffff sw      a5,-284(s0)
PC=00010840 [ee842783] x15=53533353 x08=00500000 x08=00500000 lw      a5,-280(s0)
PC=00010844 [eec42803] x16=fffff000 x08=00500000 x12=00000000 lw      a6,-276(s0)
PC=00010848 [00080713] x14=fffff000 x16=fffff000 x00=00000000 addi    a4,a6,0
PC=0001084c [ee042503] x10=80006000 x08=00500000 x00=00000000 lw      a0,-288(s0)
PC=00010850 [ee442583] x11=ffffefff x08=00500000 x04=00000000 lw      a1,-284(s0)
PC=00010854 [00050893] x17=80006000 x10=80006000 x00=00000000 addi    a7,a0,0
PC=00010858 [03170733] x14=fa000000 x14=fffff000 x17=80006000 mul     a4,a4,a7
PC=0001085c [00058313] x06=ffffefff x11=ffffefff x00=00000000 addi    t1,a1,0
PC=00010860 [00080893] x17=fffff000 x16=fffff000 x00=00000000 addi    a7,a6,0
PC=00010864 [00078813] x16=53533353 x15=53533353 x00=00000000 addi    a6,a5,0
PC=00010868 [00080793] x15=53533353 x16=53533353 x00=00000000 addi    a5,a6,0
PC=0001086c [02f307b3] x15=79779cad x06=ffffefff x15=53533353 mul     a5,t1,a5
PC=00010870 [00f707b3] x15=73779cad x14=fa000000 x15=79779cad add     a5,a4,a5
PC=00010874 [00080713] x14=53533353 x16=53533353 x00=00000000 addi    a4,a6,0
PC=00010878 [00050313] x06=80006000 x10=80006000 x00=00000000 addi    t1,a0,0
PC=0001087c [02670733] x14=b33f2000 x14=53533353 x06=80006000 mul     a4,a4,t1
PC=00010880 [00050593] x11=80006000 x10=80006000 x00=00000000 addi    a1,a0,0
PC=00010884 [02b835b3] x11=b33f2000 x16=53533353 x11=80006000 mulhu   a1,a6,a1
PC=00010888 [f6b42a23] x20=ffffefff x08=00500000 x11=b33f2000 sw      a1,-140(s0)
PC=0001088c [f6e42823] x16=53533353 x08=00500000 x14=b33f2000 sw      a4,-144(s0)
PC=00010890 [f7442703] x14=b33f1000 x08=00500000 x20=ffffefff lw      a4,-140(s0)
PC=00010894 [00e787b3] x15=26b6acad x15=73779cad x14=b33f1000 add     a5,a5,a4
PC=00010898 [f6f42a23] x20=ffffefff x08=00500000 x15=26b6acad sw      a5,-140(s0)
PC=0001089c [f7042783] x15=b33f1000 x08=00500000 x16=53533353 lw      a5,-144(s0)
PC=000108a0 [f7442803] x16=26b69cad x08=00500000 x20=ffffefff lw      a6,-140(s0)
PC=000108a4 [fcf42023] x00=00000000 x08=00500000 x15=b33f1000 sw      a5,-64(s0)
PC=000108a8 [fd042223] x04=00000000 x08=00500000 x16=26b69cad sw      a6,-60(s0)
PC=000108ac [fcf42023] x00=00000000 x08=00500000 x15=b33f1000 sw      a5,-64(s0)
PC=000108b0 [fd042223] x04=00000000 x08=00500000 x16=26b69cad sw      a6,-60(s0)
PC=000108b4 [fcc42023] x00=00000000 x08=00500000 x12=00000000 sw      a2,-64(s0)
PC=000108b8 [fcd42223] x04=00000000 x08=00500000 x13=00000000 sw      a3,-60(s0)
PC=000108bc [00000793] x15=00000000 x00=00000000 x00=00000000 addi    a5,zero,0
PC=000108c0 [00078513] x10=00000000 x15=00000000 x00=00000000 addi    a0,a5,0
PC=000108c4 [11c12403] x08=fffff000 x02=004ffee0 x28=ffffefff lw      s0,284(sp)
PC=000108c8 [11812903] x18=fffff000 x02=004ffee0 x24=fffff00a lw      s2,280(sp)
PC=000108cc [11412983] x19=fffff000 x02=004ffee0 x20=ffffefff lw      s3,276(sp)
PC=000108d0 [11012a03] x20=fffff000 x02=004ffee0 x16=26b69cad lw      s4,272(sp)
PC=000108d4 [10c12a83] x21=fffff000 x02=004ffee0 x12=00000000 lw      s5,268(sp)
PC=000108d8 [10812b03] x22=fffff000 x02=004ffee0 x08=fffff000 lw      s6,264(sp)
PC=000108dc [10412b83] x23=fffff000 x02=004ffee0 x04=00000000 lw      s7,260(sp)
PC=000108e0 [10012c03] x24=fffff000 x02=004ffee0 x00=00000000 lw      s8,256(sp)
PC=000108e4 [0fc12c83] x25=fffff000 x02=004ffee0 x28=ffffefff lw      s9,252(sp)
PC=000108e8 [0f812d03] x26=fffff000 x02=004ffee0 x24=fffff000 lw      s10,248(sp)
PC=000108ec [0f412d83] x27=fffff000 x02=004ffee0 x20=fffff000 lw      s11,244(sp)
PC=000108f0 [12010113] x02=00500000 x02=004ffee0 x00=00000000 addi    sp,sp,288
PC=000108f4 [00008067] x00=0001009c x01=0001009c x00=00000000 jalr    zero,ra,0
PC=0001009c [200002b7] x05=20000000 x00=0001009c x00=0001009c lui     t0,536870912
PC=000100a0 [000280e7] x01=20000000 x05=20000000 x00=0001009c jalr    ra,t0,0
