PC=00010094 [00500137] x02=00500000 x00=00000000 x05=00000000 lui     sp,5242880
PC=00010098 [010000ef] x01=0001009c x00=00000000 x16=00000000 jal     ra,16
PC=000100a8 [ee010113] x02=004ffee0 x02=00500000 x00=00000000 addi    sp,sp,-288
PC=000100ac [10812e23] x28=00000000 x02=004ffee0 x08=00000000 sw      s0,284(sp)
PC=000100b0 [11212c23] x24=00000000 x02=004ffee0 x18=00000000 sw      s2,280(sp)
PC=000100b4 [11312a23] x20=00000000 x02=004ffee0 x19=00000000 sw      s3,276(sp)
PC=000100b8 [11412823] x16=00000000 x02=004ffee0 x20=00000000 sw      s4,272(sp)
PC=000100bc [11512623] x12=00000000 x02=004ffee0 x21=00000000 sw      s5,268(sp)
PC=000100c0 [11612423] x08=00000000 x02=004ffee0 x22=00000000 sw      s6,264(sp)
PC=000100c4 [11712223] x04=00000000 x02=004ffee0 x23=00000000 sw      s7,260(sp)
PC=000100c8 [11812023] x00=00000000 x02=004ffee0 x24=00000000 sw      s8,256(sp)
PC=000100cc [0f912e23] x28=00000000 x02=004ffee0 x25=00000000 sw      s9,252(sp)
PC=000100d0 [0fa12c23] x24=00000000 x02=004ffee0 x26=00000000 sw      s10,248(sp)
PC=000100d4 [0fb12a23] x20=00000000 x02=004ffee0 x27=00000000 sw      s11,244(sp)
PC=000100d8 [12010413] x08=00500000 x02=004ffee0 x00=00000000 addi    s0,sp,288
PC=000100dc [00200793] x15=00000002 x00=00000000 x02=004ffee0 addi    a5,zero,2
PC=000100e0 [fcf42623] x12=00000000 x08=00500000 x15=00000002 sw      a5,-52(s0)
PC=000100e4 [00400793] x15=00000004 x00=00000000 x04=00000000 addi    a5,zero,4
PC=000100e8 [fcf42423] x08=00500000 x08=00500000 x15=00000004 sw      a5,-56(s0)
PC=000100ec [fcc42783] x15=fffff002 x08=00500000 x12=00000000 lw      a5,-52(s0)
PC=000100f0 [00078513] x10=fffff002 x15=fffff002 x00=00000000 addi    a0,a5,0
PC=000100f4 [00000593] x11=00000000 x00=00000000 x00=00000000 addi    a1,zero,0
PC=000100f8 [fc842783] x15=fffff004 x08=00500000 x08=00500000 lw      a5,-56(s0)
PC=000100fc [00078613] x12=fffff004 x15=fffff004 x00=00000000 addi    a2,a5,0
PC=00010100 [00000693] x13=00000000 x00=00000000 x00=00000000 addi    a3,zero,0
PC=00010104 [02c58733] x14=00000000 x11=00000000 x12=fffff004 mul     a4,a1,a2
PC=00010108 [02a687b3] x15=00000000 x13=00000000 x10=fffff002 mul     a5,a3,a0
PC=0001010c [00f70733] x14=00000000 x14=00000000 x15=00000000 add     a4,a4,a5
PC=00010110 [02c507b3] x15=00ffa008 x10=fffff002 x12=fffff004 mul     a5,a0,a2
PC=00010114 [02c538b3] x17=00ffa008 x10=fffff002 x12=fffff004 mulhu   a7,a0,a2
PC=00010118 [00078813] x16=00ffa008 x15=00ffa008 x00=00000000 addi    a6,a5,0
PC=0001011c [011707b3] x15=00ffa008 x14=00000000 x17=00ffa008 add     a5,a4,a7
PC=00010120 [00078893] x17=00ffa008 x15=00ffa008 x00=00000000 addi    a7,a5,0
PC=00010124 [fd042023] x00=00000000 x08=00500000 x16=00ffa008 sw      a6,-64(s0)
PC=00010128 [fd142223] x04=00000000 x08=00500000 x17=00ffa008 sw      a7,-60(s0)
PC=0001012c [fd042023] x00=00000000 x08=00500000 x16=00ffa008 sw      a6,-64(s0)
PC=00010130 [fd142223] x04=00000000 x08=00500000 x17=00ffa008 sw      a7,-60(s0)
PC=00010134 [00000613] x12=00000000 x00=00000000 x00=00000000 addi    a2,zero,0
PC=00010138 [00000693] x13=00000000 x00=00000000 x00=00000000 addi    a3,zero,0
PC=0001013c [fcc42023] x00=00000000 x08=00500000 x12=00000000 sw      a2,-64(s0)
PC=00010140 [fcd42223] x04=00000000 x08=00500000 x13=00000000 sw      a3,-60(s0)
PC=00010144 [fff00793] x15=ffffffff x00=00000000 x31=00000000 addi    a5,zero,-1
PC=00010148 [fcf42623] x12=00000000 x08=00500000 x15=ffffffff sw      a5,-52(s0)
PC=0001014c [fff00793] x15=ffffffff x00=00000000 x31=00000000 addi    a5,zero,-1
PC=00010150 [fcf42423] x08=00500000 x08=00500000 x15=ffffffff sw      a5,-56(s0)
PC=00010154 [fcc42783] x15=ffffefff x08=00500000 x12=00000000 lw      a5,-52(s0)
PC=00010158 [00078e13] x28=ffffefff x15=ffffefff x00=00000000 addi    t3,a5,0
PC=0001015c [00000e93] x29=00000000 x00=00000000 x00=00000000 addi    t4,zero,0
PC=00010160 [fc842783] x15=ffffefff x08=00500000 x08=00500000 lw      a5,-56(s0)
PC=00010164 [00078313] x06=ffffefff x15=ffffefff x00=00000000 addi    t1,a5,0
PC=00010168 [00000393] x07=00000000 x00=00000000 x00=00000000 addi    t2,zero,0
PC=0001016c [026e8733] x14=00000000 x29=00000000 x06=ffffefff mul     a4,t4,t1
PC=00010170 [03c387b3] x15=00000000 x07=00000000 x28=ffffefff mul     a5,t2,t3
PC=00010174 [00f70733] x14=00000000 x14=00000000 x15=00000000 add     a4,a4,a5
PC=00010178 [026e07b3] x15=01002001 x28=ffffefff x06=ffffefff mul     a5,t3,t1
PC=0001017c [026e3fb3] x31=01002001 x28=ffffefff x06=ffffefff mulhu   t6,t3,t1
PC=00010180 [00078f13] x30=01002001 x15=01002001 x00=00000000 addi    t5,a5,0
PC=00010184 [01f707b3] x15=01002001 x14=00000000 x31=01002001 add     a5,a4,t6
PC=00010188 [00078f93] x31=01002001 x15=01002001 x00=00000000 addi    t6,a5,0
PC=0001018c [fde42023] x00=00000000 x08=00500000 x30=01002001 sw      t5,-64(s0)
PC=00010190 [fdf42223] x04=00000000 x08=00500000 x31=01002001 sw      t6,-60(s0)
PC=00010194 [fde42023] x00=00000000 x08=00500000 x30=01002001 sw      t5,-64(s0)
PC=00010198 [fdf42223] x04=00000000 x08=00500000 x31=01002001 sw      t6,-60(s0)
PC=0001019c [fcc42023] x00=00000000 x08=00500000 x12=00000000 sw      a2,-64(s0)
PC=000101a0 [fcd42223] x04=00000000 x08=00500000 x13=00000000 sw      a3,-60(s0)
PC=000101a4 [fff00793] x15=ffffffff x00=00000000 x31=01002001 addi    a5,zero,-1
PC=000101a8 [fcf42623] x12=00000000 x08=00500000 x15=ffffffff sw      a5,-52(s0)
PC=000101ac [00100793] x15=00000001 x00=00000000 x01=0001009c addi    a5,zero,1
PC=000101b0 [fcf42423] x08=00500000 x08=00500000 x15=00000001 sw      a5,-56(s0)
PC=000101b4 [fcc42783] x15=ffffefff x08=00500000 x12=00000000 lw      a5,-52(s0)
PC=000101b8 [00078a13] x20=ffffefff x15=ffffefff x00=00000000 addi    s4,a5,0
PC=000101bc [00000a93] x21=00000000 x00=00000000 x00=00000000 addi    s5,zero,0
PC=000101c0 [fc842783] x15=fffff001 x08=00500000 x08=00500000 lw      a5,-56(s0)
PC=000101c4 [00078913] x18=fffff001 x15=fffff001 x00=00000000 addi    s2,a5,0
PC=000101c8 [00000993] x19=00000000 x00=00000000 x00=00000000 addi    s3,zero,0
PC=000101cc [032a8733] x14=00000000 x21=00000000 x18=fffff001 mul     a4,s5,s2
PC=000101d0 [034987b3] x15=00000000 x19=00000000 x20=ffffefff mul     a5,s3,s4
PC=000101d4 [00f70733] x14=00000000 x14=00000000 x15=00000000 add     a4,a4,a5
PC=000101d8 [032a07b3] x15=00ffffff x20=ffffefff x18=fffff001 mul     a5,s4,s2
PC=000101dc [032a3bb3] x23=00ffffff x20=ffffefff x18=fffff001 mulhu   s7,s4,s2
PC=000101e0 [00078b13] x22=00ffffff x15=00ffffff x00=00000000 addi    s6,a5,0
PC=000101e4 [017707b3] x15=00ffffff x14=00000000 x23=00ffffff add     a5,a4,s7
PC=000101e8 [00078b93] x23=00ffffff x15=00ffffff x00=00000000 addi    s7,a5,0
PC=000101ec [fd642023] x00=00000000 x08=00500000 x22=00ffffff sw      s6,-64(s0)
PC=000101f0 [fd742223] x04=00000000 x08=00500000 x23=00ffffff sw      s7,-60(s0)
PC=000101f4 [fd642023] x00=00000000 x08=00500000 x22=00ffffff sw      s6,-64(s0)
PC=000101f8 [fd742223] x04=00000000 x08=00500000 x23=00ffffff sw      s7,-60(s0)
PC=000101fc [fcc42023] x00=00000000 x08=00500000 x12=00000000 sw      a2,-64(s0)
PC=00010200 [fcd42223] x04=00000000 x08=00500000 x13=00000000 sw      a3,-60(s0)
PC=00010204 [fff00793] x15=ffffffff x00=00000000 x31=01002001 addi    a5,zero,-1
PC=00010208 [fcf42623] x12=00000000 x08=00500000 x15=ffffffff sw      a5,-52(s0)
PC=0001020c [00a00793] x15=0000000a x00=00000000 x10=fffff002 addi    a5,zero,10
PC=00010210 [fcf42423] x08=00500000 x08=00500000 x15=0000000a sw      a5,-56(s0)
PC=00010214 [fcc42783] x15=ffffefff x08=00500000 x12=00000000 lw      a5,-52(s0)
PC=00010218 [00078d13] x26=ffffefff x15=ffffefff x00=00000000 addi    s10,a5,0
PC=0001021c [00000d93] x27=00000000 x00=00000000 x00=00000000 addi    s11,zero,0
PC=00010220 [fc842783] x15=fffff00a x08=00500000 x08=00500000 lw      a5,-56(s0)
PC=00010224 [00078c13] x24=fffff00a x15=fffff00a x00=00000000 addi    s8,a5,0
PC=00010228 [00000c93] x25=00000000 x00=00000000 x00=00000000 addi    s9,zero,0
PC=0001022c [038d8733] x14=00000000 x27=00000000 x24=fffff00a mul     a4,s11,s8
PC=00010230 [03ac87b3] x15=00000000 x25=00000000 x26=ffffefff mul     a5,s9,s10
PC=00010234 [00f70733] x14=00000000 x14=00000000 x15=00000000 add     a4,a4,a5
PC=00010238 [038d07b3] x15=00ff6ff6 x26=ffffefff x24=fffff00a mul     a5,s10,s8
PC=0001023c [038d35b3] x11=00ff6ff6 x26=ffffefff x24=fffff00a mulhu   a1,s10,s8
PC=00010240 [fab42e23] x28=ffffefff x08=00500000 x11=00ff6ff6 sw      a1,-68(s0)
PC=00010244 [faf42c23] x24=fffff00a x08=00500000 x15=00ff6ff6 sw      a5,-72(s0)
PC=00010248 [fbc42783] x15=00ff5ff6 x08=00500000 x28=ffffefff lw      a5,-68(s0)
PC=0001024c [00f707b3] x15=00ff5ff6 x14=00000000 x15=00ff5ff6 add     a5,a4,a5
PC=00010250 [faf42e23] x28=ffffefff x08=00500000 x15=00ff5ff6 sw      a5,-68(s0)
PC=00010254 [fb842783] x15=00ff5ff6 x08=00500000 x24=fffff00a lw      a5,-72(s0)
PC=00010258 [fbc42803] x16=00ff4ff6 x08=00500000 x28=ffffefff lw      a6,-68(s0)
PC=0001025c [fcf42023] x00=00000000 x08=00500000 x15=00ff5ff6 sw      a5,-64(s0)
PC=00010260 [fd042223] x04=00000000 x08=00500000 x16=00ff4ff6 sw      a6,-60(s0)
PC=00010264 [fcf42023] x00=00000000 x08=00500000 x15=00ff5ff6 sw      a5,-64(s0)
PC=00010268 [fd042223] x04=00000000 x08=00500000 x16=00ff4ff6 sw      a6,-60(s0)
PC=0001026c [fcc42023] x00=00000000 x08=00500000 x12=00000000 sw      a2,-64(s0)
PC=00010270 [fcd42223] x04=00000000 x08=00500000 x13=00000000 sw      a3,-60(s0)
PC=00010274 [ffe00793] x15=fffffffe x00=00000000 x30=01002001 addi    a5,zero,-2
PC=00010278 [fcf42623] x12=00000000 x08=00500000 x15=fffffffe sw      a5,-52(s0)
PC=0001027c [ffc00793] x15=fffffffc x00=00000000 x28=ffffefff addi    a5,zero,-4
PC=00010280 [fcf42423] x08=00500000 x08=00500000 x15=fffffffc sw      a5,-56(s0)
PC=00010284 [fcc42783] x15=ffffeffe x08=00500000 x12=00000000 lw      a5,-52(s0)
PC=00010288 [f6f42423] x08=00500000 x08=00500000 x15=ffffeffe sw      a5,-152(s0)
PC=0001028c [f6042623] x12=00000000 x08=00500000 x00=00000000 sw      zero,-148(s0)
PC=00010290 [fc842783] x15=ffffeffc x08=00500000 x08=00500000 lw      a5,-56(s0)
PC=00010294 [f6f42023] x00=00000000 x08=00500000 x15=ffffeffc sw      a5,-160(s0)
PC=00010298 [f6042223] x04=00000000 x08=00500000 x00=00000000 sw      zero,-156(s0)
PC=0001029c [f6842783] x15=ffffdffe x08=00500000 x08=00500000 lw      a5,-152(s0)
PC=000102a0 [f6c42803] x16=fffff000 x08=00500000 x12=00000000 lw      a6,-148(s0)
PC=000102a4 [00080713] x14=fffff000 x16=fffff000 x00=00000000 addi    a4,a6,0
PC=000102a8 [f6042503] x10=ffffdffc x08=00500000 x00=00000000 lw      a0,-160(s0)
PC=000102ac [f6442583] x11=fffff000 x08=00500000 x04=00000000 lw      a1,-156(s0)
PC=000102b0 [00050893] x17=ffffdffc x10=ffffdffc x00=00000000 addi    a7,a0,0
PC=000102b4 [03170733] x14=02004000 x14=fffff000 x17=ffffdffc mul     a4,a4,a7
PC=000102b8 [00058313] x06=fffff000 x11=fffff000 x00=00000000 addi    t1,a1,0
PC=000102bc [00080893] x17=fffff000 x16=fffff000 x00=00000000 addi    a7,a6,0
PC=000102c0 [00078813] x16=ffffdffe x15=ffffdffe x00=00000000 addi    a6,a5,0
PC=000102c4 [00080793] x15=ffffdffe x16=ffffdffe x00=00000000 addi    a5,a6,0
PC=000102c8 [02f307b3] x15=02002000 x06=fffff000 x15=ffffdffe mul     a5,t1,a5
PC=000102cc [00f70733] x14=04006000 x14=02004000 x15=02002000 add     a4,a4,a5
PC=000102d0 [00080793] x15=ffffdffe x16=ffffdffe x00=00000000 addi    a5,a6,0
PC=000102d4 [00050313] x06=ffffdffc x10=ffffdffc x00=00000000 addi    t1,a0,0
PC=000102d8 [026787b3] x15=0400c008 x15=ffffdffe x06=ffffdffc mul     a5,a5,t1
PC=000102dc [00050593] x11=ffffdffc x10=ffffdffc x00=00000000 addi    a1,a0,0
PC=000102e0 [02b835b3] x11=0400c008 x16=ffffdffe x11=ffffdffc mulhu   a1,a6,a1
PC=000102e4 [fab42a23] x20=ffffefff x08=00500000 x11=0400c008 sw      a1,-76(s0)
PC=000102e8 [faf42823] x16=ffffdffe x08=00500000 x15=0400c008 sw      a5,-80(s0)
PC=000102ec [fb442783] x15=0400b008 x08=00500000 x20=ffffefff lw      a5,-76(s0)
PC=000102f0 [00f707b3] x15=08011008 x14=04006000 x15=0400b008 add     a5,a4,a5
PC=000102f4 [faf42a23] x20=ffffefff x08=00500000 x15=08011008 sw      a5,-76(s0)
PC=000102f8 [fb042783] x15=0400b008 x08=00500000 x16=ffffdffe lw      a5,-80(s0)
PC=000102fc [fb442803] x16=08010008 x08=00500000 x20=ffffefff lw      a6,-76(s0)
PC=00010300 [fcf42023] x00=00000000 x08=00500000 x15=0400b008 sw      a5,-64(s0)
PC=00010304 [fd042223] x04=00000000 x08=00500000 x16=08010008 sw      a6,-60(s0)
PC=00010308 [fcf42023] x00=00000000 x08=00500000 x15=0400b008 sw      a5,-64(s0)
PC=0001030c [fd042223] x04=00000000 x08=00500000 x16=08010008 sw      a6,-60(s0)
PC=00010310 [fcc42023] x00=00000000 x08=00500000 x12=00000000 sw      a2,-64(s0)
PC=00010314 [fcd42223] x04=00000000 x08=00500000 x13=00000000 sw      a3,-60(s0)
PC=00010318 [00a00793] x15=0000000a x00=00000000 x10=ffffdffc addi    a5,zero,10
PC=0001031c [fcf42623] x12=00000000 x08=00500000 x15=0000000a sw      a5,-52(s0)
PC=00010320 [00b00793] x15=0000000b x00=00000000 x11=0400c008 addi    a5,zero,11
PC=00010324 [fcf42423] x08=00500000 x08=00500000 x15=0000000b sw      a5,-56(s0)
PC=00010328 [fcc42783] x15=fffff00a x08=00500000 x12=00000000 lw      a5,-52(s0)
PC=0001032c [f4f42c23] x24=fffff00a x08=00500000 x15=fffff00a sw      a5,-168(s0)
PC=00010330 [f4042e23] x28=ffffefff x08=00500000 x00=00000000 sw      zero,-164(s0)
PC=00010334 [fc842783] x15=fffff00b x08=00500000 x08=00500000 lw      a5,-56(s0)
PC=00010338 [f4f42823] x16=08010008 x08=00500000 x15=fffff00b sw      a5,-176(s0)
PC=0001033c [f4042a23] x20=ffffefff x08=00500000 x00=00000000 sw      zero,-172(s0)
PC=00010340 [f5842783] x15=ffffe00a x08=00500000 x24=fffff00a lw      a5,-168(s0)
PC=00010344 [f5c42803] x16=fffff000 x08=00500000 x28=ffffefff lw      a6,-164(s0)
PC=00010348 [00080713] x14=fffff000 x16=fffff000 x00=00000000 addi    a4,a6,0
PC=0001034c [f5042503] x10=ffffe00b x08=00500000 x16=fffff000 lw      a0,-176(s0)
PC=00010350 [f5442583] x11=fffff000 x08=00500000 x20=ffffefff lw      a1,-172(s0)
PC=00010354 [00050893] x17=ffffe00b x10=ffffe00b x00=00000000 addi    a7,a0,0
PC=00010358 [03170733] x14=01ff5000 x14=fffff000 x17=ffffe00b mul     a4,a4,a7
PC=0001035c [00058313] x06=fffff000 x11=fffff000 x00=00000000 addi    t1,a1,0
PC=00010360 [00080893] x17=fffff000 x16=fffff000 x00=00000000 addi    a7,a6,0
PC=00010364 [00078813] x16=ffffe00a x15=ffffe00a x00=00000000 addi    a6,a5,0
PC=00010368 [00080793] x15=ffffe00a x16=ffffe00a x00=00000000 addi    a5,a6,0
PC=0001036c [02f307b3] x15=01ff6000 x06=fffff000 x15=ffffe00a mul     a5,t1,a5
PC=00010370 [00f70733] x14=03feb000 x14=01ff5000 x15=01ff6000 add     a4,a4,a5
PC=00010374 [00080793] x15=ffffe00a x16=ffffe00a x00=00000000 addi    a5,a6,0
PC=00010378 [00050313] x06=ffffe00b x10=ffffe00b x00=00000000 addi    t1,a0,0
PC=0001037c [026787b3] x15=03fd606e x15=ffffe00a x06=ffffe00b mul     a5,a5,t1
PC=00010380 [00050593] x11=ffffe00b x10=ffffe00b x00=00000000 addi    a1,a0,0
PC=00010384 [02b835b3] x11=03fd606e x16=ffffe00a x11=ffffe00b mulhu   a1,a6,a1
PC=00010388 [fab42623] x12=00000000 x08=00500000 x11=03fd606e sw      a1,-84(s0)
PC=0001038c [faf42423] x08=00500000 x08=00500000 x15=03fd606e sw      a5,-88(s0)
PC=00010390 [fac42783] x15=03fd506e x08=00500000 x12=00000000 lw      a5,-84(s0)
PC=00010394 [00f707b3] x15=07fc006e x14=03feb000 x15=03fd506e add     a5,a4,a5
PC=00010398 [faf42623] x12=00000000 x08=00500000 x15=07fc006e sw      a5,-84(s0)
PC=0001039c [fa842783] x15=03fd506e x08=00500000 x08=00500000 lw      a5,-88(s0)
PC=000103a0 [fac42803] x16=07fbf06e x08=00500000 x12=00000000 lw      a6,-84(s0)
PC=000103a4 [fcf42023] x00=00000000 x08=00500000 x15=03fd506e sw      a5,-64(s0)
PC=000103a8 [fd042223] x04=00000000 x08=00500000 x16=07fbf06e sw      a6,-60(s0)
PC=000103ac [fcf42023] x00=00000000 x08=00500000 x15=03fd506e sw      a5,-64(s0)
PC=000103b0 [fd042223] x04=00000000 x08=00500000 x16=07fbf06e sw      a6,-60(s0)
PC=000103b4 [fcc42023] x00=00000000 x08=00500000 x12=00000000 sw      a2,-64(s0)
PC=000103b8 [fcd42223] x04=00000000 x08=00500000 x13=00000000 sw      a3,-60(s0)
PC=000103bc [ff600793] x15=fffffff6 x00=00000000 x22=00ffffff addi    a5,zero,-10
PC=000103c0 [fcf42623] x12=00000000 x08=00500000 x15=fffffff6 sw      a5,-52(s0)
PC=000103c4 [00b00793] x15=0000000b x00=00000000 x11=03fd606e addi    a5,zero,11
PC=000103c8 [fcf42423] x08=00500000 x08=00500000 x15=0000000b sw      a5,-56(s0)
PC=000103cc [fcc42783] x15=ffffeff6 x08=00500000 x12=00000000 lw      a5,-52(s0)
PC=000103d0 [f4f42423] x08=00500000 x08=00500000 x15=ffffeff6 sw      a5,-184(s0)
PC=000103d4 [f4042623] x12=00000000 x08=00500000 x00=00000000 sw      zero,-180(s0)
PC=000103d8 [fc842783] x15=fffff00b x08=00500000 x08=00500000 lw      a5,-56(s0)
PC=000103dc [f4f42023] x00=00000000 x08=00500000 x15=fffff00b sw      a5,-192(s0)
PC=000103e0 [f4042223] x04=00000000 x08=00500000 x00=00000000 sw      zero,-188(s0)
PC=000103e4 [f4842783] x15=ffffdff6 x08=00500000 x08=00500000 lw      a5,-184(s0)
PC=000103e8 [f4c42803] x16=fffff000 x08=00500000 x12=00000000 lw      a6,-180(s0)
PC=000103ec [00080713] x14=fffff000 x16=fffff000 x00=00000000 addi    a4,a6,0
PC=000103f0 [f4042503] x10=ffffe00b x08=00500000 x00=00000000 lw      a0,-192(s0)
PC=000103f4 [f4442583] x11=fffff000 x08=00500000 x04=00000000 lw      a1,-188(s0)
PC=000103f8 [00050893] x17=ffffe00b x10=ffffe00b x00=00000000 addi    a7,a0,0
PC=000103fc [03170733] x14=01ff5000 x14=fffff000 x17=ffffe00b mul     a4,a4,a7
PC=00010400 [00058313] x06=fffff000 x11=fffff000 x00=00000000 addi    t1,a1,0
PC=00010404 [00080893] x17=fffff000 x16=fffff000 x00=00000000 addi    a7,a6,0
PC=00010408 [00078813] x16=ffffdff6 x15=ffffdff6 x00=00000000 addi    a6,a5,0
PC=0001040c [00080793] x15=ffffdff6 x16=ffffdff6 x00=00000000 addi    a5,a6,0
PC=00010410 [02f307b3] x15=0200a000 x06=fffff000 x15=ffffdff6 mul     a5,t1,a5
PC=00010414 [00f70733] x14=03fff000 x14=01ff5000 x15=0200a000 add     a4,a4,a5
PC=00010418 [00080793] x15=ffffdff6 x16=ffffdff6 x00=00000000 addi    a5,a6,0
PC=0001041c [00050313] x06=ffffe00b x10=ffffe00b x00=00000000 addi    t1,a0,0
PC=00010420 [026787b3] x15=03ffdf92 x15=ffffdff6 x06=ffffe00b mul     a5,a5,t1
PC=00010424 [00050593] x11=ffffe00b x10=ffffe00b x00=00000000 addi    a1,a0,0
PC=00010428 [02b835b3] x11=03ffdf92 x16=ffffdff6 x11=ffffe00b mulhu   a1,a6,a1
PC=0001042c [fab42223] x04=00000000 x08=00500000 x11=03ffdf92 sw      a1,-92(s0)
PC=00010430 [faf42023] x00=00000000 x08=00500000 x15=03ffdf92 sw      a5,-96(s0)
PC=00010434 [fa442783] x15=03ffcf92 x08=00500000 x04=00000000 lw      a5,-92(s0)
PC=00010438 [00f707b3] x15=07ffbf92 x14=03fff000 x15=03ffcf92 add     a5,a4,a5
PC=0001043c [faf42223] x04=00000000 x08=00500000 x15=07ffbf92 sw      a5,-92(s0)
PC=00010440 [fa042783] x15=03ffcf92 x08=00500000 x00=00000000 lw      a5,-96(s0)
PC=00010444 [fa442803] x16=07ffaf92 x08=00500000 x04=00000000 lw      a6,-92(s0)
PC=00010448 [fcf42023] x00=00000000 x08=00500000 x15=03ffcf92 sw      a5,-64(s0)
PC=0001044c [fd042223] x04=00000000 x08=00500000 x16=07ffaf92 sw      a6,-60(s0)
PC=00010450 [fcf42023] x00=00000000 x08=00500000 x15=03ffcf92 sw      a5,-64(s0)
PC=00010454 [fd042223] x04=00000000 x08=00500000 x16=07ffaf92 sw      a6,-60(s0)
PC=00010458 [fcc42023] x00=00000000 x08=00500000 x12=00000000 sw      a2,-64(s0)
PC=0001045c [fcd42223] x04=00000000 x08=00500000 x13=00000000 sw      a3,-60(s0)
PC=00010460 [0000f7b7] x15=0000f000 x01=0001009c x00=00000000 lui     a5,61440
PC=00010464 [fcf42623] x12=00000000 x08=00500000 x15=0000f000 sw      a5,-52(s0)
PC=00010468 [0000f7b7] x15=0000f000 x01=0001009c x00=00000000 lui     a5,61440
PC=0001046c [00178793] x15=0000f001 x15=0000f000 x01=0001009c addi    a5,a5,1
PC=00010470 [fcf42423] x08=00500000 x08=00500000 x15=0000f001 sw      a5,-56(s0)
PC=00010474 [fcc42783] x15=0000e000 x08=00500000 x12=00000000 lw      a5,-52(s0)
PC=00010478 [f2f42c23] x24=fffff00a x08=00500000 x15=0000e000 sw      a5,-200(s0)
PC=0001047c [f2042e23] x28=ffffefff x08=00500000 x00=00000000 sw      zero,-196(s0)
PC=00010480 [fc842783] x15=0000e001 x08=00500000 x08=00500000 lw      a5,-56(s0)
PC=00010484 [f2f42823] x16=07ffaf92 x08=00500000 x15=0000e001 sw      a5,-208(s0)
PC=00010488 [f2042a23] x20=ffffefff x08=00500000 x00=00000000 sw      zero,-204(s0)
PC=0001048c [f3842783] x15=0000d000 x08=00500000 x24=fffff00a lw      a5,-200(s0)
PC=00010490 [f3c42803] x16=fffff000 x08=00500000 x28=ffffefff lw      a6,-196(s0)
PC=00010494 [00080713] x14=fffff000 x16=fffff000 x00=00000000 addi    a4,a6,0
PC=00010498 [f3042503] x10=0000d001 x08=00500000 x16=fffff000 lw      a0,-208(s0)
PC=0001049c [f3442583] x11=fffff000 x08=00500000 x20=ffffefff lw      a1,-204(s0)
PC=000104a0 [00050893] x17=0000d001 x10=0000d001 x00=00000000 addi    a7,a0,0
PC=000104a4 [03170733] x14=f2fff000 x14=fffff000 x17=0000d001 mul     a4,a4,a7
PC=000104a8 [00058313] x06=fffff000 x11=fffff000 x00=00000000 addi    t1,a1,0
PC=000104ac [00080893] x17=fffff000 x16=fffff000 x00=00000000 addi    a7,a6,0
PC=000104b0 [00078813] x16=0000d000 x15=0000d000 x00=00000000 addi    a6,a5,0
PC=000104b4 [00080793] x15=0000d000 x16=0000d000 x00=00000000 addi    a5,a6,0
PC=000104b8 [02f307b3] x15=f3000000 x06=fffff000 x15=0000d000 mul     a5,t1,a5
PC=000104bc [00f70733] x14=e5fff000 x14=f2fff000 x15=f3000000 add     a4,a4,a5
PC=000104c0 [00080793] x15=0000d000 x16=0000d000 x00=00000000 addi    a5,a6,0
PC=000104c4 [00050313] x06=0000d001 x10=0000d001 x00=00000000 addi    t1,a0,0
PC=000104c8 [026787b3] x15=a900d000 x15=0000d000 x06=0000d001 mul     a5,a5,t1
PC=000104cc [00050593] x11=0000d001 x10=0000d001 x00=00000000 addi    a1,a0,0
PC=000104d0 [02b835b3] x11=a900d000 x16=0000d000 x11=0000d001 mulhu   a1,a6,a1
PC=000104d4 [f8b42e23] x28=ffffefff x08=00500000 x11=a900d000 sw      a1,-100(s0)
PC=000104d8 [f8f42c23] x24=fffff00a x08=00500000 x15=a900d000 sw      a5,-104(s0)
PC=000104dc [f9c42783] x15=a900c000 x08=00500000 x28=ffffefff lw      a5,-100(s0)
PC=000104e0 [00f707b3] x15=8f00b000 x14=e5fff000 x15=a900c000 add     a5,a4,a5
PC=000104e4 [f8f42e23] x28=ffffefff x08=00500000 x15=8f00b000 sw      a5,-100(s0)
PC=000104e8 [f9842783] x15=a900c000 x08=00500000 x24=fffff00a lw      a5,-104(s0)
PC=000104ec [f9c42803] x16=8f00a000 x08=00500000 x28=ffffefff lw      a6,-100(s0)
PC=000104f0 [fcf42023] x00=00000000 x08=00500000 x15=a900c000 sw      a5,-64(s0)
PC=000104f4 [fd042223] x04=00000000 x08=00500000 x16=8f00a000 sw      a6,-60(s0)
PC=000104f8 [fcf42023] x00=00000000 x08=00500000 x15=a900c000 sw      a5,-64(s0)
PC=000104fc [fd042223] x04=00000000 x08=00500000 x16=8f00a000 sw      a6,-60(s0)
PC=00010500 [fcc42023] x00=00000000 x08=00500000 x12=00000000 sw      a2,-64(s0)
PC=00010504 [fcd42223] x04=00000000 x08=00500000 x13=00000000 sw      a3,-60(s0)
PC=00010508 [555557b7] x15=55555000 x10=0000d001 x21=00000000 lui     a5,1431654400
PC=0001050c [55578793] x15=55555555 x15=55555000 x21=00000000 addi    a5,a5,1365
PC=00010510 [fcf42623] x12=00000000 x08=00500000 x15=55555555 sw      a5,-52(s0)
PC=00010514 [333337b7] x15=33333000 x06=0000d001 x19=00000000 lui     a5,858992640
PC=00010518 [33378793] x15=33333333 x15=33333000 x19=00000000 addi    a5,a5,819
PC=0001051c [fcf42423] x08=00500000 x08=00500000 x15=33333333 sw      a5,-56(s0)
PC=00010520 [fcc42783] x15=55554555 x08=00500000 x12=00000000 lw      a5,-52(s0)
PC=00010524 [f2f42423] x08=00500000 x08=00500000 x15=55554555 sw      a5,-216(s0)
PC=00010528 [f2042623] x12=00000000 x08=00500000 x00=00000000 sw      zero,-212(s0)
PC=0001052c [fc842783] x15=33332333 x08=00500000 x08=00500000 lw      a5,-56(s0)
PC=00010530 [f2f42023] x00=00000000 x08=00500000 x15=33332333 sw      a5,-224(s0)
PC=00010534 [f2042223] x04=00000000 x08=00500000 x00=00000000 sw      zero,-220(s0)
PC=00010538 [f2842783] x15=55553555 x08=00500000 x08=00500000 lw      a5,-216(s0)
PC=0001053c [f2c42803] x16=fffff000 x08=00500000 x12=00000000 lw      a6,-212(s0)
PC=00010540 [00080713] x14=fffff000 x16=fffff000 x00=00000000 addi    a4,a6,0
PC=00010544 [f2042503] x10=33331333 x08=00500000 x00=00000000 lw      a0,-224(s0)
PC=00010548 [f2442583] x11=fffff000 x08=00500000 x04=00000000 lw      a1,-220(s0)
PC=0001054c [00050893] x17=33331333 x10=33331333 x00=00000000 addi    a7,a0,0
PC=00010550 [03170733] x14=ceccd000 x14=fffff000 x17=33331333 mul     a4,a4,a7
PC=00010554 [00058313] x06=fffff000 x11=fffff000 x00=00000000 addi    t1,a1,0
PC=00010558 [00080893] x17=fffff000 x16=fffff000 x00=00000000 addi    a7,a6,0
PC=0001055c [00078813] x16=55553555 x15=55553555 x00=00000000 addi    a6,a5,0
PC=00010560 [00080793] x15=55553555 x16=55553555 x00=00000000 addi    a5,a6,0
PC=00010564 [02f307b3] x15=acaab000 x06=fffff000 x15=55553555 mul     a5,t1,a5
PC=00010568 [00f70733] x14=7b778000 x14=ceccd000 x15=acaab000 add     a4,a4,a5
PC=0001056c [00080793] x15=55553555 x16=55553555 x00=00000000 addi    a5,a6,0
PC=00010570 [00050313] x06=33331333 x10=33331333 x00=00000000 addi    t1,a0,0
PC=00010574 [026787b3] x15=e1ddeeef x15=55553555 x06=33331333 mul     a5,a5,t1
PC=00010578 [00050593] x11=33331333 x10=33331333 x00=00000000 addi    a1,a0,0
PC=0001057c [02b835b3] x11=e1ddeeef x16=55553555 x11=33331333 mulhu   a1,a6,a1
PC=00010580 [f8b42a23] x20=ffffefff x08=00500000 x11=e1ddeeef sw      a1,-108(s0)
PC=00010584 [f8f42823] x16=55553555 x08=00500000 x15=e1ddeeef sw      a5,-112(s0)
PC=00010588 [f9442783] x15=e1dddeef x08=00500000 x20=ffffefff lw      a5,-108(s0)
PC=0001058c [00f707b3] x15=5d555eef x14=7b778000 x15=e1dddeef add     a5,a4,a5
PC=00010590 [f8f42a23] x20=ffffefff x08=00500000 x15=5d555eef sw      a5,-108(s0)
PC=00010594 [f9042783] x15=e1dddeef x08=00500000 x16=55553555 lw      a5,-112(s0)
PC=00010598 [f9442803] x16=5d554eef x08=00500000 x20=ffffefff lw      a6,-108(s0)
PC=0001059c [fcf42023] x00=00000000 x08=00500000 x15=e1dddeef sw      a5,-64(s0)
PC=000105a0 [fd042223] x04=00000000 x08=00500000 x16=5d554eef sw      a6,-60(s0)
PC=000105a4 [fcf42023] x00=00000000 x08=00500000 x15=e1dddeef sw      a5,-64(s0)
PC=000105a8 [fd042223] x04=00000000 x08=00500000 x16=5d554eef sw      a6,-60(s0)
PC=000105ac [fcc42023] x00=00000000 x08=00500000 x12=00000000 sw      a2,-64(s0)
PC=000105b0 [fcd42223] x04=00000000 x08=00500000 x13=00000000 sw      a3,-60(s0)
PC=000105b4 [000057b7] x15=00005000 x00=00000000 x00=00000000 lui     a5,20480
PC=000105b8 [35378793] x15=00005353 x15=00005000 x19=00000000 addi    a5,a5,851
PC=000105bc [fcf42623] x12=00000000 x08=00500000 x15=00005353 sw      a5,-52(s0)
PC=000105c0 [000087b7] x15=00008000 x01=0001009c x00=00000000 lui     a5,32768
PC=000105c4 [fcf42423] x08=00500000 x08=00500000 x15=00008000 sw      a5,-56(s0)
PC=000105c8 [fcc42783] x15=00004353 x08=00500000 x12=00000000 lw      a5,-52(s0)
PC=000105cc [f0f42c23] x24=fffff00a x08=00500000 x15=00004353 sw      a5,-232(s0)
PC=000105d0 [f0042e23] x28=ffffefff x08=00500000 x00=00000000 sw      zero,-228(s0)
PC=000105d4 [fc842783] x15=00007000 x08=00500000 x08=00500000 lw      a5,-56(s0)
PC=000105d8 [f0f42823] x16=5d554eef x08=00500000 x15=00007000 sw      a5,-240(s0)
PC=000105dc [f0042a23] x20=ffffefff x08=00500000 x00=00000000 sw      zero,-236(s0)
PC=000105e0 [f1842783] x15=00003353 x08=00500000 x24=fffff00a lw      a5,-232(s0)
PC=000105e4 [f1c42803] x16=fffff000 x08=00500000 x28=ffffefff lw      a6,-228(s0)
PC=000105e8 [00080713] x14=fffff000 x16=fffff000 x00=00000000 addi    a4,a6,0
PC=000105ec [f1042503] x10=00006000 x08=00500000 x16=fffff000 lw      a0,-240(s0)
PC=000105f0 [f1442583] x11=fffff000 x08=00500000 x20=ffffefff lw      a1,-236(s0)
PC=000105f4 [00050893] x17=00006000 x10=00006000 x00=00000000 addi    a7,a0,0
PC=000105f8 [03170733] x14=fa000000 x14=fffff000 x17=00006000 mul     a4,a4,a7
PC=000105fc [00058313] x06=fffff000 x11=fffff000 x00=00000000 addi    t1,a1,0
PC=00010600 [00080893] x17=fffff000 x16=fffff000 x00=00000000 addi    a7,a6,0
PC=00010604 [00078813] x16=00003353 x15=00003353 x00=00000000 addi    a6,a5,0
PC=00010608 [00080793] x15=00003353 x16=00003353 x00=00000000 addi    a5,a6,0
PC=0001060c [02f307b3] x15=fccad000 x06=fffff000 x15=00003353 mul     a5,t1,a5
PC=00010610 [00f707b3] x15=f6cad000 x14=fa000000 x15=fccad000 add     a5,a4,a5
PC=00010614 [00080713] x14=00003353 x16=00003353 x00=00000000 addi    a4,a6,0
PC=00010618 [00050313] x06=00006000 x10=00006000 x00=00000000 addi    t1,a0,0
PC=0001061c [02670733] x14=133f2000 x14=00003353 x06=00006000 mul     a4,a4,t1
PC=00010620 [00050593] x11=00006000 x10=00006000 x00=00000000 addi    a1,a0,0
PC=00010624 [02b835b3] x11=133f2000 x16=00003353 x11=00006000 mulhu   a1,a6,a1
PC=00010628 [f8b42623] x12=00000000 x08=00500000 x11=133f2000 sw      a1,-116(s0)
PC=0001062c [f8e42423] x08=00500000 x08=00500000 x14=133f2000 sw      a4,-120(s0)
PC=00010630 [f8c42703] x14=133f1000 x08=00500000 x12=00000000 lw      a4,-116(s0)
PC=00010634 [00e787b3] x15=0a09e000 x15=f6cad000 x14=133f1000 add     a5,a5,a4
PC=00010638 [f8f42623] x12=00000000 x08=00500000 x15=0a09e000 sw      a5,-116(s0)
PC=0001063c [f8842783] x15=133f1000 x08=00500000 x08=00500000 lw      a5,-120(s0)
PC=00010640 [f8c42803] x16=0a09d000 x08=00500000 x12=00000000 lw      a6,-116(s0)
PC=00010644 [fcf42023] x00=00000000 x08=00500000 x15=133f1000 sw      a5,-64(s0)
PC=00010648 [fd042223] x04=00000000 x08=00500000 x16=0a09d000 sw      a6,-60(s0)
PC=0001064c [fcf42023] x00=00000000 x08=00500000 x15=133f1000 sw      a5,-64(s0)
PC=00010650 [fd042223] x04=00000000 x08=00500000 x16=0a09d000 sw      a6,-60(s0)
PC=00010654 [fcc42023] x00=00000000 x08=00500000 x12=00000000 sw      a2,-64(s0)
PC=00010658 [fcd42223] x04=00000000 x08=00500000 x13=00000000 sw      a3,-60(s0)
PC=0001065c [fffff7b7] x15=fffff000 x31=01002001 x31=01002001 lui     a5,-4096
PC=00010660 [fcf42623] x12=00000000 x08=00500000 x15=fffff000 sw      a5,-52(s0)
PC=00010664 [fffff7b7] x15=fffff000 x31=01002001 x31=01002001 lui     a5,-4096
PC=00010668 [00178793] x15=fffff001 x15=fffff000 x01=0001009c addi    a5,a5,1
PC=0001066c [fcf42423] x08=00500000 x08=00500000 x15=fffff001 sw      a5,-56(s0)
PC=00010670 [fcc42783] x15=ffffe000 x08=00500000 x12=00000000 lw      a5,-52(s0)
PC=00010674 [f0f42423] x08=00500000 x08=00500000 x15=ffffe000 sw      a5,-248(s0)
PC=00010678 [f0042623] x12=00000000 x08=00500000 x00=00000000 sw      zero,-244(s0)
PC=0001067c [fc842783] x15=ffffe001 x08=00500000 x08=00500000 lw      a5,-56(s0)
PC=00010680 [f0f42023] x00=00000000 x08=00500000 x15=ffffe001 sw      a5,-256(s0)
PC=00010684 [f0042223] x04=00000000 x08=00500000 x00=00000000 sw      zero,-252(s0)
PC=00010688 [f0842783] x15=ffffd000 x08=00500000 x08=00500000 lw      a5,-248(s0)
PC=0001068c [f0c42803] x16=fffff000 x08=00500000 x12=00000000 lw      a6,-244(s0)
PC=00010690 [00080713] x14=fffff000 x16=fffff000 x00=00000000 addi    a4,a6,0
PC=00010694 [f0042503] x10=ffffd001 x08=00500000 x00=00000000 lw      a0,-256(s0)
PC=00010698 [f0442583] x11=fffff000 x08=00500000 x04=00000000 lw      a1,-252(s0)
PC=0001069c [00050893] x17=ffffd001 x10=ffffd001 x00=00000000 addi    a7,a0,0
PC=000106a0 [03170733] x14=02fff000 x14=fffff000 x17=ffffd001 mul     a4,a4,a7
PC=000106a4 [00058313] x06=fffff000 x11=fffff000 x00=00000000 addi    t1,a1,0
PC=000106a8 [00080893] x17=fffff000 x16=fffff000 x00=00000000 addi    a7,a6,0
PC=000106ac [00078813] x16=ffffd000 x15=ffffd000 x00=00000000 addi    a6,a5,0
PC=000106b0 [00080793] x15=ffffd000 x16=ffffd000 x00=00000000 addi    a5,a6,0
PC=000106b4 [02f307b3] x15=03000000 x06=fffff000 x15=ffffd000 mul     a5,t1,a5
PC=000106b8 [00f707b3] x15=05fff000 x14=02fff000 x15=03000000 add     a5,a4,a5
PC=000106bc [00080713] x14=ffffd000 x16=ffffd000 x00=00000000 addi    a4,a6,0
PC=000106c0 [00050313] x06=ffffd001 x10=ffffd001 x00=00000000 addi    t1,a0,0
PC=000106c4 [02670733] x14=08ffd000 x14=ffffd000 x06=ffffd001 mul     a4,a4,t1
PC=000106c8 [00050593] x11=ffffd001 x10=ffffd001 x00=00000000 addi    a1,a0,0
PC=000106cc [02b835b3] x11=08ffd000 x16=ffffd000 x11=ffffd001 mulhu   a1,a6,a1
PC=000106d0 [f8b42223] x04=00000000 x08=00500000 x11=08ffd000 sw      a1,-124(s0)
PC=000106d4 [f8e42023] x00=00000000 x08=00500000 x14=08ffd000 sw      a4,-128(s0)
PC=000106d8 [f8442703] x14=08ffc000 x08=00500000 x04=00000000 lw      a4,-124(s0)
PC=000106dc [00e787b3] x15=0effb000 x15=05fff000 x14=08ffc000 add     a5,a5,a4
PC=000106e0 [f8f42223] x04=00000000 x08=00500000 x15=0effb000 sw      a5,-124(s0)
PC=000106e4 [f8042783] x15=08ffc000 x08=00500000 x00=00000000 lw      a5,-128(s0)
PC=000106e8 [f8442803] x16=0effa000 x08=00500000 x04=00000000 lw      a6,-124(s0)
PC=000106ec [fcf42023] x00=00000000 x08=00500000 x15=08ffc000 sw      a5,-64(s0)
PC=000106f0 [fd042223] x04=00000000 x08=00500000 x16=0effa000 sw      a6,-60(s0)
PC=000106f4 [fcf42023] x00=00000000 x08=00500000 x15=08ffc000 sw      a5,-64(s0)
PC=000106f8 [fd042223] x04=00000000 x08=00500000 x16=0effa000 sw      a6,-60(s0)
PC=000106fc [fcc42023] x00=00000000 x08=00500000 x12=00000000 sw      a2,-64(s0)
PC=00010700 [fcd42223] x04=00000000 x08=00500000 x13=00000000 sw      a3,-60(s0)
PC=00010704 [000057b7] x15=00005000 x00=00000000 x00=00000000 lui     a5,20480
PC=00010708 [55578793] x15=00005555 x15=00005000 x21=00000000 addi    a5,a5,1365
PC=0001070c [fcf42623] x12=00000000 x08=00500000 x15=00005555 sw      a5,-52(s0)
PC=00010710 [333307b7] x15=33330000 x06=ffffd001 x19=00000000 lui     a5,858980352
PC=00010714 [fcf42423] x08=00500000 x08=00500000 x15=33330000 sw      a5,-56(s0)
PC=00010718 [fcc42783] x15=00004555 x08=00500000 x12=00000000 lw      a5,-52(s0)
PC=0001071c [eef42c23] x24=fffff00a x08=00500000 x15=00004555 sw      a5,-264(s0)
PC=00010720 [ee042e23] x28=ffffefff x08=00500000 x00=00000000 sw      zero,-260(s0)
PC=00010724 [fc842783] x15=3332f000 x08=00500000 x08=00500000 lw      a5,-56(s0)
PC=00010728 [eef42823] x16=0effa000 x08=00500000 x15=3332f000 sw      a5,-272(s0)
PC=0001072c [ee042a23] x20=ffffefff x08=00500000 x00=00000000 sw      zero,-268(s0)
PC=00010730 [ef842783] x15=00003555 x08=00500000 x24=fffff00a lw      a5,-264(s0)
PC=00010734 [efc42803] x16=fffff000 x08=00500000 x28=ffffefff lw      a6,-260(s0)
PC=00010738 [00080713] x14=fffff000 x16=fffff000 x00=00000000 addi    a4,a6,0
PC=0001073c [ef042503] x10=3332e000 x08=00500000 x16=fffff000 lw      a0,-272(s0)
PC=00010740 [ef442583] x11=fffff000 x08=00500000 x20=ffffefff lw      a1,-268(s0)
PC=00010744 [00050893] x17=3332e000 x10=3332e000 x00=00000000 addi    a7,a0,0
PC=00010748 [03170733] x14=d2000000 x14=fffff000 x17=3332e000 mul     a4,a4,a7
PC=0001074c [00058313] x06=fffff000 x11=fffff000 x00=00000000 addi    t1,a1,0
PC=00010750 [00080893] x17=fffff000 x16=fffff000 x00=00000000 addi    a7,a6,0
PC=00010754 [00078813] x16=00003555 x15=00003555 x00=00000000 addi    a6,a5,0
PC=00010758 [00080793] x15=00003555 x16=00003555 x00=00000000 addi    a5,a6,0
PC=0001075c [02f307b3] x15=fcaab000 x06=fffff000 x15=00003555 mul     a5,t1,a5
PC=00010760 [00f707b3] x15=ceaab000 x14=d2000000 x15=fcaab000 add     a5,a4,a5
PC=00010764 [00080713] x14=00003555 x16=00003555 x00=00000000 addi    a4,a6,0
PC=00010768 [00050313] x06=3332e000 x10=3332e000 x00=00000000 addi    t1,a0,0
PC=0001076c [02670733] x14=88446000 x14=00003555 x06=3332e000 mul     a4,a4,t1
PC=00010770 [00050593] x11=3332e000 x10=3332e000 x00=00000000 addi    a1,a0,0
PC=00010774 [02b835b3] x11=88446000 x16=00003555 x11=3332e000 mulhu   a1,a6,a1
PC=00010778 [f6b42e23] x28=ffffefff x08=00500000 x11=88446000 sw      a1,-132(s0)
PC=0001077c [f6e42c23] x24=fffff00a x08=00500000 x14=88446000 sw      a4,-136(s0)
PC=00010780 [f7c42703] x14=88445000 x08=00500000 x28=ffffefff lw      a4,-132(s0)
PC=00010784 [00e787b3] x15=56ef0000 x15=ceaab000 x14=88445000 add     a5,a5,a4
PC=00010788 [f6f42e23] x28=ffffefff x08=00500000 x15=56ef0000 sw      a5,-132(s0)
PC=0001078c [f7842783] x15=88445000 x08=00500000 x24=fffff00a lw      a5,-136(s0)
PC=00010790 [f7c42803] x16=56eef000 x08=00500000 x28=ffffefff lw      a6,-132(s0)
PC=00010794 [fcf42023] x00=00000000 x08=00500000 x15=88445000 sw      a5,-64(s0)
PC=00010798 [fd042223] x04=00000000 x08=00500000 x16=56eef000 sw      a6,-60(s0)
PC=0001079c [fcf42023] x00=00000000 x08=00500000 x15=88445000 sw      a5,-64(s0)
PC=000107a0 [fd042223] x04=00000000 x08=00500000 x16=56eef000 sw      a6,-60(s0)
PC=000107a4 [fcc42023] x00=00000000 x08=00500000 x12=00000000 sw      a2,-64(s0)
PC=000107a8 [fcd42223] x04=00000000 x08=00500000 x13=00000000 sw      a3,-60(s0)
PC=000107ac [535357b7] x15=53535000 x06=3332e000 x21=00000000 lui     a5,1397968896
PC=000107b0 [35378793] x15=53535353 x15=53535000 x19=00000000 addi    a5,a5,851
PC=000107b4 [fcf42623] x12=00000000 x08=00500000 x15=53535353 sw      a5,-52(s0)
PC=000107b8 [800087b7] x15=80008000 x01=0001009c x00=00000000 lui     a5,-2147450880
PC=000107bc [fcf42423] x08=00500000 x08=00500000 x15=80008000 sw      a5,-56(s0)
PC=000107c0 [fcc42783] x15=53534353 x08=00500000 x12=00000000 lw      a5,-52(s0)
PC=000107c4 [eef42423] x08=00500000 x08=00500000 x15=53534353 sw      a5,-280(s0)
PC=000107c8 [ee042623] x12=00000000 x08=00500000 x00=00000000 sw      zero,-276(s0)
PC=000107cc [fc842783] x15=80007000 x08=00500000 x08=00500000 lw      a5,-56(s0)
PC=000107d0 [eef42023] x00=00000000 x08=00500000 x15=80007000 sw      a5,-288(s0)
PC=000107d4 [ee042223] x04=00000000 x08=00500000 x00=00000000 sw      zero,-284(s0)
PC=000107d8 [ee842783] x15=53533353 x08=00500000 x08=00500000 lw      a5,-280(s0)
PC=000107dc [eec42803] x16=fffff000 x08=00500000 x12=00000000 lw      a6,-276(s0)
PC=000107e0 [00080713] x14=fffff000 x16=fffff000 x00=00000000 addi    a4,a6,0
PC=000107e4 [ee042503] x10=80006000 x08=00500000 x00=00000000 lw      a0,-288(s0)
PC=000107e8 [ee442583] x11=fffff000 x08=00500000 x04=00000000 lw      a1,-284(s0)
PC=000107ec [00050893] x17=80006000 x10=80006000 x00=00000000 addi    a7,a0,0
PC=000107f0 [03170733] x14=fa000000 x14=fffff000 x17=80006000 mul     a4,a4,a7
PC=000107f4 [00058313] x06=fffff000 x11=fffff000 x00=00000000 addi    t1,a1,0
PC=000107f8 [00080893] x17=fffff000 x16=fffff000 x00=00000000 addi    a7,a6,0
PC=000107fc [00078813] x16=53533353 x15=53533353 x00=00000000 addi    a6,a5,0
PC=00010800 [00080793] x15=53533353 x16=53533353 x00=00000000 addi    a5,a6,0
PC=00010804 [02f307b3] x15=cccad000 x06=fffff000 x15=53533353 mul     a5,t1,a5
PC=00010808 [00f707b3] x15=c6cad000 x14=fa000000 x15=cccad000 add     a5,a4,a5
PC=0001080c [00080713] x14=53533353 x16=53533353 x00=00000000 addi    a4,a6,0
PC=00010810 [00050313] x06=80006000 x10=80006000 x00=00000000 addi    t1,a0,0
PC=00010814 [02670733] x14=b33f2000 x14=53533353 x06=80006000 mul     a4,a4,t1
PC=00010818 [00050593] x11=80006000 x10=80006000 x00=00000000 addi    a1,a0,0
PC=0001081c [02b835b3] x11=b33f2000 x16=53533353 x11=80006000 mulhu   a1,a6,a1
PC=00010820 [f6b42a23] x20=ffffefff x08=00500000 x11=b33f2000 sw      a1,-140(s0)
PC=00010824 [f6e42823] x16=53533353 x08=00500000 x14=b33f2000 sw      a4,-144(s0)
PC=00010828 [f7442703] x14=b33f1000 x08=00500000 x20=ffffefff lw      a4,-140(s0)
PC=0001082c [00e787b3] x15=7a09e000 x15=c6cad000 x14=b33f1000 add     a5,a5,a4
PC=00010830 [f6f42a23] x20=ffffefff x08=00500000 x15=7a09e000 sw      a5,-140(s0)
PC=00010834 [f7042783] x15=b33f1000 x08=00500000 x16=53533353 lw      a5,-144(s0)
PC=00010838 [f7442803] x16=7a09d000 x08=00500000 x20=ffffefff lw      a6,-140(s0)
PC=0001083c [fcf42023] x00=00000000 x08=00500000 x15=b33f1000 sw      a5,-64(s0)
PC=00010840 [fd042223] x04=00000000 x08=00500000 x16=7a09d000 sw      a6,-60(s0)
PC=00010844 [fcf42023] x00=00000000 x08=00500000 x15=b33f1000 sw      a5,-64(s0)
PC=00010848 [fd042223] x04=00000000 x08=00500000 x16=7a09d000 sw      a6,-60(s0)
PC=0001084c [fcc42023] x00=00000000 x08=00500000 x12=00000000 sw      a2,-64(s0)
PC=00010850 [fcd42223] x04=00000000 x08=00500000 x13=00000000 sw      a3,-60(s0)
PC=00010854 [00000793] x15=00000000 x00=00000000 x00=00000000 addi    a5,zero,0
PC=00010858 [00078513] x10=00000000 x15=00000000 x00=00000000 addi    a0,a5,0
PC=0001085c [11c12403] x08=fffff000 x02=004ffee0 x28=ffffefff lw      s0,284(sp)
PC=00010860 [11812903] x18=fffff000 x02=004ffee0 x24=fffff00a lw      s2,280(sp)
PC=00010864 [11412983] x19=fffff000 x02=004ffee0 x20=ffffefff lw      s3,276(sp)
PC=00010868 [11012a03] x20=fffff000 x02=004ffee0 x16=7a09d000 lw      s4,272(sp)
PC=0001086c [10c12a83] x21=fffff000 x02=004ffee0 x12=00000000 lw      s5,268(sp)
PC=00010870 [10812b03] x22=fffff000 x02=004ffee0 x08=fffff000 lw      s6,264(sp)
PC=00010874 [10412b83] x23=fffff000 x02=004ffee0 x04=00000000 lw      s7,260(sp)
PC=00010878 [10012c03] x24=fffff000 x02=004ffee0 x00=00000000 lw      s8,256(sp)
PC=0001087c [0fc12c83] x25=fffff000 x02=004ffee0 x28=ffffefff lw      s9,252(sp)
PC=00010880 [0f812d03] x26=fffff000 x02=004ffee0 x24=fffff000 lw      s10,248(sp)
PC=00010884 [0f412d83] x27=fffff000 x02=004ffee0 x20=fffff000 lw      s11,244(sp)
PC=00010888 [12010113] x02=00500000 x02=004ffee0 x00=00000000 addi    sp,sp,288
PC=0001088c [00008067] x00=0001009c x01=0001009c x00=00000000 jalr    zero,ra,0
PC=0001009c [200002b7] x05=20000000 x00=0001009c x00=0001009c lui     t0,536870912
PC=000100a0 [000280e7] x01=20000000 x05=20000000 x00=0001009c jalr    ra,t0,0
