PC=00010094 [00500137] x02=00500000 x00=00000000 x05=00000000 lui     sp,5242880
PC=00010098 [010000ef] x01=0001009c x00=00000000 x16=00000000 jal     ra,16
PC=000100a8 [f9010113] x02=004fff90 x02=00500000 x16=00000000 addi    sp,sp,-112
PC=000100ac [06812623] x12=00000000 x02=004fff90 x08=00000000 sw      s0,108(sp)
PC=000100b0 [07010413] x08=00500000 x02=004fff90 x16=00000000 addi    s0,sp,112
PC=000100b4 [00100313] x06=00000001 x00=00000000 x01=0001009c addi    t1,zero,1
PC=000100b8 [fe6407a3] x15=00000000 x08=00500000 x06=00000001 sb      t1,-17(s0)
PC=000100bc [00200313] x06=00000002 x00=00000000 x02=004fff90 addi    t1,zero,2
PC=000100c0 [fe640723] x14=00000000 x08=00500000 x06=00000002 sb      t1,-18(s0)
PC=000100c4 [00300313] x06=00000003 x00=00000000 x03=00000000 addi    t1,zero,3
PC=000100c8 [fe6406a3] x13=00000000 x08=00500000 x06=00000003 sb      t1,-19(s0)
PC=000100cc [00400313] x06=00000004 x00=00000000 x04=00000000 addi    t1,zero,4
PC=000100d0 [fe640623] x12=00000000 x08=00500000 x06=00000004 sb      t1,-20(s0)
PC=000100d4 [00500313] x06=00000005 x00=00000000 x05=00000000 addi    t1,zero,5
PC=000100d8 [fe6405a3] x11=00000000 x08=00500000 x06=00000005 sb      t1,-21(s0)
PC=000100dc [fef44303] x06=00000000 x08=00500000 x15=00000000 lbu     t1,-17(s0)
PC=000100e0 [00030e13] x28=00000000 x06=00000000 x00=00000000 addi    t3,t1,0
PC=000100e4 [fee44303] x06=00000000 x08=00500000 x14=00000000 lbu     t1,-18(s0)
PC=000100e8 [026e0333] x06=00000000 x28=00000000 x06=00000000 mul     t1,t3,t1
PC=000100ec [0ff37313] x06=00000000 x06=00000000 x31=00000000 andi    t1,t1,255
PC=000100f0 [fed44e03] x28=00000000 x08=00500000 x13=00000000 lbu     t3,-19(s0)
PC=000100f4 [03c30333] x06=00000000 x06=00000000 x28=00000000 mul     t1,t1,t3
PC=000100f8 [0ff37313] x06=00000000 x06=00000000 x31=00000000 andi    t1,t1,255
PC=000100fc [fec44e03] x28=00000000 x08=00500000 x12=00000000 lbu     t3,-20(s0)
PC=00010100 [03c30333] x06=00000000 x06=00000000 x28=00000000 mul     t1,t1,t3
PC=00010104 [0ff37313] x06=00000000 x06=00000000 x31=00000000 andi    t1,t1,255
PC=00010108 [feb44e03] x28=00000000 x08=00500000 x11=00000000 lbu     t3,-21(s0)
PC=0001010c [03c30333] x06=00000000 x06=00000000 x28=00000000 mul     t1,t1,t3
PC=00010110 [fe640523] x10=00000000 x08=00500000 x06=00000000 sb      t1,-22(s0)
PC=00010114 [fe040523] x10=00000000 x08=00500000 x00=00000000 sb      zero,-22(s0)
PC=00010118 [00100313] x06=00000001 x00=00000000 x01=0001009c addi    t1,zero,1
PC=0001011c [fe641423] x08=00500000 x08=00500000 x06=00000001 sh      t1,-24(s0)
PC=00010120 [00200313] x06=00000002 x00=00000000 x02=004fff90 addi    t1,zero,2
PC=00010124 [fe641323] x06=00000002 x08=00500000 x06=00000002 sh      t1,-26(s0)
PC=00010128 [00300313] x06=00000003 x00=00000000 x03=00000000 addi    t1,zero,3
PC=0001012c [fe641223] x04=00000000 x08=00500000 x06=00000003 sh      t1,-28(s0)
PC=00010130 [00400313] x06=00000004 x00=00000000 x04=00000000 addi    t1,zero,4
PC=00010134 [fe641123] x02=004fff90 x08=00500000 x06=00000004 sh      t1,-30(s0)
PC=00010138 [00500313] x06=00000005 x00=00000000 x05=00000000 addi    t1,zero,5
PC=0001013c [fe641023] x00=00000000 x08=00500000 x06=00000005 sh      t1,-32(s0)
PC=00010140 [fe845303] x06=00000001 x08=00500000 x08=00500000 lhu     t1,-24(s0)
PC=00010144 [00030e13] x28=00000001 x06=00000001 x00=00000000 addi    t3,t1,0
PC=00010148 [fe645303] x06=00000002 x08=00500000 x06=00000001 lhu     t1,-26(s0)
PC=0001014c [026e0333] x06=00000002 x28=00000001 x06=00000002 mul     t1,t3,t1
PC=00010150 [01031313] x06=00020000 x06=00000002 x16=00000000 slli    t1,t1,16
PC=00010154 [01035313] x06=00000002 x06=00020000 x16=00000000 srli    t1,t1,16
PC=00010158 [fe445e03] x28=00000003 x08=00500000 x04=00000000 lhu     t3,-28(s0)
PC=0001015c [03c30333] x06=00000006 x06=00000002 x28=00000003 mul     t1,t1,t3
PC=00010160 [01031313] x06=00060000 x06=00000006 x16=00000000 slli    t1,t1,16
PC=00010164 [01035313] x06=00000006 x06=00060000 x16=00000000 srli    t1,t1,16
PC=00010168 [fe245e03] x28=00000004 x08=00500000 x02=004fff90 lhu     t3,-30(s0)
PC=0001016c [03c30333] x06=00000018 x06=00000006 x28=00000004 mul     t1,t1,t3
PC=00010170 [01031313] x06=00180000 x06=00000018 x16=00000000 slli    t1,t1,16
PC=00010174 [01035313] x06=00000018 x06=00180000 x16=00000000 srli    t1,t1,16
PC=00010178 [fe045e03] x28=00000005 x08=00500000 x00=00000000 lhu     t3,-32(s0)
PC=0001017c [03c30333] x06=00000078 x06=00000018 x28=00000005 mul     t1,t1,t3
PC=00010180 [fc641f23] x30=00000000 x08=00500000 x06=00000078 sh      t1,-34(s0)
PC=00010184 [fc041f23] x30=00000000 x08=00500000 x00=00000000 sh      zero,-34(s0)
PC=00010188 [00100313] x06=00000001 x00=00000000 x01=0001009c addi    t1,zero,1
PC=0001018c [fc642c23] x24=00000000 x08=00500000 x06=00000001 sw      t1,-40(s0)
PC=00010190 [00200313] x06=00000002 x00=00000000 x02=004fff90 addi    t1,zero,2
PC=00010194 [fc642a23] x20=00000000 x08=00500000 x06=00000002 sw      t1,-44(s0)
PC=00010198 [00300313] x06=00000003 x00=00000000 x03=00000000 addi    t1,zero,3
PC=0001019c [fc642823] x16=00000000 x08=00500000 x06=00000003 sw      t1,-48(s0)
PC=000101a0 [00400313] x06=00000004 x00=00000000 x04=00000000 addi    t1,zero,4
PC=000101a4 [fc642623] x12=00000000 x08=00500000 x06=00000004 sw      t1,-52(s0)
PC=000101a8 [00500313] x06=00000005 x00=00000000 x05=00000000 addi    t1,zero,5
PC=000101ac [fc642423] x08=00500000 x08=00500000 x06=00000005 sw      t1,-56(s0)
PC=000101b0 [fd842e03] x28=fffff001 x08=00500000 x24=00000000 lw      t3,-40(s0)
PC=000101b4 [fd442303] x06=fffff002 x08=00500000 x20=00000000 lw      t1,-44(s0)
PC=000101b8 [026e0e33] x28=00ffd002 x28=fffff001 x06=fffff002 mul     t3,t3,t1
PC=000101bc [fd042303] x06=fffff003 x08=00500000 x16=00000000 lw      t1,-48(s0)
PC=000101c0 [026e0e33] x28=05ff5006 x28=00ffd002 x06=fffff003 mul     t3,t3,t1
PC=000101c4 [fcc42303] x06=fffff004 x08=00500000 x12=00000000 lw      t1,-52(s0)
PC=000101c8 [026e0333] x06=22fce018 x28=05ff5006 x06=fffff004 mul     t1,t3,t1
PC=000101cc [fc842e03] x28=fffff005 x08=00500000 x08=00500000 lw      t3,-56(s0)
PC=000101d0 [026e0333] x06=e0eee078 x28=fffff005 x06=22fce018 mul     t1,t3,t1
PC=000101d4 [fc642223] x04=00000000 x08=00500000 x06=e0eee078 sw      t1,-60(s0)
PC=000101d8 [fc042223] x04=00000000 x08=00500000 x00=00000000 sw      zero,-60(s0)
PC=000101dc [00100313] x06=00000001 x00=00000000 x01=0001009c addi    t1,zero,1
PC=000101e0 [00000393] x07=00000000 x00=00000000 x00=00000000 addi    t2,zero,0
PC=000101e4 [fa642c23] x24=00000000 x08=00500000 x06=00000001 sw      t1,-72(s0)
PC=000101e8 [fa742e23] x28=fffff005 x08=00500000 x07=00000000 sw      t2,-68(s0)
PC=000101ec [00200313] x06=00000002 x00=00000000 x02=004fff90 addi    t1,zero,2
PC=000101f0 [00000393] x07=00000000 x00=00000000 x00=00000000 addi    t2,zero,0
PC=000101f4 [fa642823] x16=00000000 x08=00500000 x06=00000002 sw      t1,-80(s0)
PC=000101f8 [fa742a23] x20=00000000 x08=00500000 x07=00000000 sw      t2,-76(s0)
PC=000101fc [00300313] x06=00000003 x00=00000000 x03=00000000 addi    t1,zero,3
PC=00010200 [00000393] x07=00000000 x00=00000000 x00=00000000 addi    t2,zero,0
PC=00010204 [fa642423] x08=00500000 x08=00500000 x06=00000003 sw      t1,-88(s0)
PC=00010208 [fa742623] x12=00000000 x08=00500000 x07=00000000 sw      t2,-84(s0)
PC=0001020c [00400313] x06=00000004 x00=00000000 x04=00000000 addi    t1,zero,4
PC=00010210 [00000393] x07=00000000 x00=00000000 x00=00000000 addi    t2,zero,0
PC=00010214 [fa642023] x00=00000000 x08=00500000 x06=00000004 sw      t1,-96(s0)
PC=00010218 [fa742223] x04=00000000 x08=00500000 x07=00000000 sw      t2,-92(s0)
PC=0001021c [00500313] x06=00000005 x00=00000000 x05=00000000 addi    t1,zero,5
PC=00010220 [00000393] x07=00000000 x00=00000000 x00=00000000 addi    t2,zero,0
PC=00010224 [f8642c23] x24=00000000 x08=00500000 x06=00000005 sw      t1,-104(s0)
PC=00010228 [f8742e23] x28=fffff005 x08=00500000 x07=00000000 sw      t2,-100(s0)
PC=0001022c [fbc42e03] x28=fffff000 x08=00500000 x28=fffff005 lw      t3,-68(s0)
PC=00010230 [fb042303] x06=fffff002 x08=00500000 x16=00000000 lw      t1,-80(s0)
PC=00010234 [026e0e33] x28=00ffe000 x28=fffff000 x06=fffff002 mul     t3,t3,t1
PC=00010238 [fb442e83] x29=fffff000 x08=00500000 x20=00000000 lw      t4,-76(s0)
PC=0001023c [fb842303] x06=fffff001 x08=00500000 x24=00000000 lw      t1,-72(s0)
PC=00010240 [026e8333] x06=00fff000 x29=fffff000 x06=fffff001 mul     t1,t4,t1
PC=00010244 [006e0eb3] x29=01ffd000 x28=00ffe000 x06=00fff000 add     t4,t3,t1
PC=00010248 [fb842e03] x28=fffff001 x08=00500000 x24=00000000 lw      t3,-72(s0)
PC=0001024c [fb042303] x06=fffff002 x08=00500000 x16=00000000 lw      t1,-80(s0)
PC=00010250 [026e0f33] x30=00ffd002 x28=fffff001 x06=fffff002 mul     t5,t3,t1
PC=00010254 [026e35b3] x11=00ffd002 x28=fffff001 x06=fffff002 mulhu   a1,t3,t1
PC=00010258 [000f0513] x10=00ffd002 x30=00ffd002 x00=00000000 addi    a0,t5,0
PC=0001025c [00be8333] x06=02ffa002 x29=01ffd000 x11=00ffd002 add     t1,t4,a1
PC=00010260 [00030593] x11=02ffa002 x06=02ffa002 x00=00000000 addi    a1,t1,0
PC=00010264 [fa842303] x06=fffff003 x08=00500000 x08=00500000 lw      t1,-88(s0)
PC=00010268 [02b30e33] x28=0efec006 x06=fffff003 x11=02ffa002 mul     t3,t1,a1
PC=0001026c [fac42303] x06=fffff000 x08=00500000 x12=00000000 lw      t1,-84(s0)
PC=00010270 [02a30333] x06=02ffe000 x06=fffff000 x10=00ffd002 mul     t1,t1,a0
PC=00010274 [006e0e33] x28=11fea006 x28=0efec006 x06=02ffe000 add     t3,t3,t1
PC=00010278 [fa842303] x06=fffff003 x08=00500000 x08=00500000 lw      t1,-88(s0)
PC=0001027c [02a30eb3] x29=05ff5006 x06=fffff003 x10=00ffd002 mul     t4,t1,a0
PC=00010280 [02a336b3] x13=05ff5006 x06=fffff003 x10=00ffd002 mulhu   a3,t1,a0
PC=00010284 [000e8613] x12=05ff5006 x29=05ff5006 x00=00000000 addi    a2,t4,0
PC=00010288 [00de05b3] x11=17fdf00c x28=11fea006 x13=05ff5006 add     a1,t3,a3
PC=0001028c [00058693] x13=17fdf00c x11=17fdf00c x00=00000000 addi    a3,a1,0
PC=00010290 [fa042583] x11=fffff004 x08=00500000 x00=00000000 lw      a1,-96(s0)
PC=00010294 [02d58533] x10=80f70030 x11=fffff004 x13=17fdf00c mul     a0,a1,a3
PC=00010298 [fa442583] x11=fffff000 x08=00500000 x04=00000000 lw      a1,-92(s0)
PC=0001029c [02c585b3] x11=0affa000 x11=fffff000 x12=05ff5006 mul     a1,a1,a2
PC=000102a0 [00b50533] x10=8bf6a030 x10=80f70030 x11=0affa000 add     a0,a0,a1
PC=000102a4 [fa042583] x11=fffff004 x08=00500000 x00=00000000 lw      a1,-96(s0)
PC=000102a8 [02c58333] x06=22fce018 x11=fffff004 x12=05ff5006 mul     t1,a1,a2
PC=000102ac [02c5b7b3] x15=22fce018 x11=fffff004 x12=05ff5006 mulhu   a5,a1,a2
PC=000102b0 [00030713] x14=22fce018 x06=22fce018 x00=00000000 addi    a4,t1,0
PC=000102b4 [00f506b3] x13=aef38048 x10=8bf6a030 x15=22fce018 add     a3,a0,a5
PC=000102b8 [00068793] x15=aef38048 x13=aef38048 x00=00000000 addi    a5,a3,0
PC=000102bc [f9c42683] x13=fffff000 x08=00500000 x28=11fea006 lw      a3,-100(s0)
PC=000102c0 [02e68633] x12=31fe8000 x13=fffff000 x14=22fce018 mul     a2,a3,a4
PC=000102c4 [f9842683] x13=fffff005 x08=00500000 x24=00000000 lw      a3,-104(s0)
PC=000102c8 [02f686b3] x13=32bd0168 x13=fffff005 x15=aef38048 mul     a3,a3,a5
PC=000102cc [00d60633] x12=64bb8168 x12=31fe8000 x13=32bd0168 add     a2,a2,a3
PC=000102d0 [f9842683] x13=fffff005 x08=00500000 x24=00000000 lw      a3,-104(s0)
PC=000102d4 [02e685b3] x11=e0eee078 x13=fffff005 x14=22fce018 mul     a1,a3,a4
PC=000102d8 [02e6b8b3] x17=e0eee078 x13=fffff005 x14=22fce018 mulhu   a7,a3,a4
PC=000102dc [00058813] x16=e0eee078 x11=e0eee078 x00=00000000 addi    a6,a1,0
PC=000102e0 [011607b3] x15=45aa61e0 x12=64bb8168 x17=e0eee078 add     a5,a2,a7
PC=000102e4 [00078893] x17=45aa61e0 x15=45aa61e0 x00=00000000 addi    a7,a5,0
PC=000102e8 [f9042823] x16=e0eee078 x08=00500000 x16=e0eee078 sw      a6,-112(s0)
PC=000102ec [f9142a23] x20=00000000 x08=00500000 x17=45aa61e0 sw      a7,-108(s0)
PC=000102f0 [f9042823] x16=e0eee078 x08=00500000 x16=e0eee078 sw      a6,-112(s0)
PC=000102f4 [f9142a23] x20=00000000 x08=00500000 x17=45aa61e0 sw      a7,-108(s0)
PC=000102f8 [00000613] x12=00000000 x00=00000000 x00=00000000 addi    a2,zero,0
PC=000102fc [00000693] x13=00000000 x00=00000000 x00=00000000 addi    a3,zero,0
PC=00010300 [f8c42823] x16=e0eee078 x08=00500000 x12=00000000 sw      a2,-112(s0)
PC=00010304 [f8d42a23] x20=00000000 x08=00500000 x13=00000000 sw      a3,-108(s0)
PC=00010308 [00500793] x15=00000005 x00=00000000 x05=00000000 addi    a5,zero,5
PC=0001030c [fef407a3] x15=00000005 x08=00500000 x15=00000005 sb      a5,-17(s0)
PC=00010310 [fef44783] x15=00000000 x08=00500000 x15=00000005 lbu     a5,-17(s0)
PC=00010314 [01079793] x15=00000000 x15=00000000 x16=e0eee078 slli    a5,a5,16
PC=00010318 [0107d793] x15=00000000 x15=00000000 x16=e0eee078 srli    a5,a5,16
PC=0001031c [00078713] x14=00000000 x15=00000000 x00=00000000 addi    a4,a5,0
PC=00010320 [00070793] x15=00000000 x14=00000000 x00=00000000 addi    a5,a4,0
PC=00010324 [00379793] x15=00000000 x15=00000000 x03=00000000 slli    a5,a5,3
PC=00010328 [40e787b3] x15=00000000 x15=00000000 x14=00000000 sub     a5,a5,a4
PC=0001032c [fcf41f23] x30=00ffd002 x08=00500000 x15=00000000 sh      a5,-34(s0)
PC=00010330 [fc041f23] x30=00ffd002 x08=00500000 x00=00000000 sh      zero,-34(s0)
PC=00010334 [00500793] x15=00000005 x00=00000000 x05=00000000 addi    a5,zero,5
PC=00010338 [fef41423] x08=00500000 x08=00500000 x15=00000005 sh      a5,-24(s0)
PC=0001033c [fe845703] x14=00000005 x08=00500000 x08=00500000 lhu     a4,-24(s0)
PC=00010340 [00070793] x15=00000005 x14=00000005 x00=00000000 addi    a5,a4,0
PC=00010344 [00379793] x15=00000028 x15=00000005 x03=00000000 slli    a5,a5,3
PC=00010348 [40e787b3] x15=00000023 x15=00000028 x14=00000005 sub     a5,a5,a4
PC=0001034c [fcf42223] x04=00000000 x08=00500000 x15=00000023 sw      a5,-60(s0)
PC=00010350 [fc042223] x04=00000000 x08=00500000 x00=00000000 sw      zero,-60(s0)
PC=00010354 [00500793] x15=00000005 x00=00000000 x05=00000000 addi    a5,zero,5
PC=00010358 [fcf42c23] x24=00000000 x08=00500000 x15=00000005 sw      a5,-40(s0)
PC=0001035c [fd842703] x14=fffff005 x08=00500000 x24=00000000 lw      a4,-40(s0)
PC=00010360 [00070793] x15=fffff005 x14=fffff005 x00=00000000 addi    a5,a4,0
PC=00010364 [00379793] x15=ffff8028 x15=fffff005 x03=00000000 slli    a5,a5,3
PC=00010368 [40e787b3] x15=ffff9023 x15=ffff8028 x14=fffff005 sub     a5,a5,a4
PC=0001036c [f8f42823] x16=e0eee078 x08=00500000 x15=ffff9023 sw      a5,-112(s0)
PC=00010370 [f8042a23] x20=00000000 x08=00500000 x00=00000000 sw      zero,-108(s0)
PC=00010374 [f8c42823] x16=e0eee078 x08=00500000 x12=00000000 sw      a2,-112(s0)
PC=00010378 [f8d42a23] x20=00000000 x08=00500000 x13=00000000 sw      a3,-108(s0)
PC=0001037c [01100793] x15=00000011 x00=00000000 x17=45aa61e0 addi    a5,zero,17
PC=00010380 [fef407a3] x15=00000011 x08=00500000 x15=00000011 sb      a5,-17(s0)
PC=00010384 [fef44783] x15=00000000 x08=00500000 x15=00000011 lbu     a5,-17(s0)
PC=00010388 [01079793] x15=00000000 x15=00000000 x16=e0eee078 slli    a5,a5,16
PC=0001038c [0107d793] x15=00000000 x15=00000000 x16=e0eee078 srli    a5,a5,16
PC=00010390 [00078713] x14=00000000 x15=00000000 x00=00000000 addi    a4,a5,0
PC=00010394 [00070793] x15=00000000 x14=00000000 x00=00000000 addi    a5,a4,0
PC=00010398 [00279793] x15=00000000 x15=00000000 x02=004fff90 slli    a5,a5,2
PC=0001039c [00e787b3] x15=00000000 x15=00000000 x14=00000000 add     a5,a5,a4
PC=000103a0 [fcf41f23] x30=00ffd002 x08=00500000 x15=00000000 sh      a5,-34(s0)
PC=000103a4 [fc041f23] x30=00ffd002 x08=00500000 x00=00000000 sh      zero,-34(s0)
PC=000103a8 [01100793] x15=00000011 x00=00000000 x17=45aa61e0 addi    a5,zero,17
PC=000103ac [fef41423] x08=00500000 x08=00500000 x15=00000011 sh      a5,-24(s0)
PC=000103b0 [fe845703] x14=00000011 x08=00500000 x08=00500000 lhu     a4,-24(s0)
PC=000103b4 [00070793] x15=00000011 x14=00000011 x00=00000000 addi    a5,a4,0
PC=000103b8 [00279793] x15=00000044 x15=00000011 x02=004fff90 slli    a5,a5,2
PC=000103bc [00e787b3] x15=00000055 x15=00000044 x14=00000011 add     a5,a5,a4
PC=000103c0 [fcf42223] x04=00000000 x08=00500000 x15=00000055 sw      a5,-60(s0)
PC=000103c4 [fc042223] x04=00000000 x08=00500000 x00=00000000 sw      zero,-60(s0)
PC=000103c8 [01100793] x15=00000011 x00=00000000 x17=45aa61e0 addi    a5,zero,17
PC=000103cc [fcf42c23] x24=00000000 x08=00500000 x15=00000011 sw      a5,-40(s0)
PC=000103d0 [fd842703] x14=fffff011 x08=00500000 x24=00000000 lw      a4,-40(s0)
PC=000103d4 [00070793] x15=fffff011 x14=fffff011 x00=00000000 addi    a5,a4,0
PC=000103d8 [00279793] x15=ffffc044 x15=fffff011 x02=004fff90 slli    a5,a5,2
PC=000103dc [00e787b3] x15=ffffb055 x15=ffffc044 x14=fffff011 add     a5,a5,a4
PC=000103e0 [f8f42823] x16=e0eee078 x08=00500000 x15=ffffb055 sw      a5,-112(s0)
PC=000103e4 [f8042a23] x20=00000000 x08=00500000 x00=00000000 sw      zero,-108(s0)
PC=000103e8 [f8c42823] x16=e0eee078 x08=00500000 x12=00000000 sw      a2,-112(s0)
PC=000103ec [f8d42a23] x20=00000000 x08=00500000 x13=00000000 sw      a3,-108(s0)
PC=000103f0 [00000793] x15=00000000 x00=00000000 x00=00000000 addi    a5,zero,0
PC=000103f4 [00078513] x10=00000000 x15=00000000 x00=00000000 addi    a0,a5,0
PC=000103f8 [06c12403] x08=fffff000 x02=004fff90 x12=00000000 lw      s0,108(sp)
PC=000103fc [07010113] x02=00500000 x02=004fff90 x16=e0eee078 addi    sp,sp,112
PC=00010400 [00008067] x00=0001009c x01=0001009c x00=00000000 jalr    zero,ra,0
PC=0001009c [200002b7] x05=20000000 x00=0001009c x00=0001009c lui     t0,536870912
PC=000100a0 [000280e7] x01=20000000 x05=20000000 x00=0001009c jalr    ra,t0,0
