PC=00010094 [00500137] x02=00500000 x00=00000000 x05=00000000 lui     sp,5242880
PC=00010098 [010000ef] x01=0001009c x00=00000000 x16=00000000 jal     ra,16
PC=000100a8 [e9010113] x02=004ffe90 x02=00500000 x16=00000000 addi    sp,sp,-368
PC=000100ac [16812623] x12=00000000 x02=004ffe90 x08=00000000 sw      s0,364(sp)
PC=000100b0 [17212423] x08=00000000 x02=004ffe90 x18=00000000 sw      s2,360(sp)
PC=000100b4 [17312223] x04=00000000 x02=004ffe90 x19=00000000 sw      s3,356(sp)
PC=000100b8 [17412023] x00=00000000 x02=004ffe90 x20=00000000 sw      s4,352(sp)
PC=000100bc [15512e23] x28=00000000 x02=004ffe90 x21=00000000 sw      s5,348(sp)
PC=000100c0 [15612c23] x24=00000000 x02=004ffe90 x22=00000000 sw      s6,344(sp)
PC=000100c4 [15712a23] x20=00000000 x02=004ffe90 x23=00000000 sw      s7,340(sp)
PC=000100c8 [15812823] x16=00000000 x02=004ffe90 x24=00000000 sw      s8,336(sp)
PC=000100cc [15912623] x12=00000000 x02=004ffe90 x25=00000000 sw      s9,332(sp)
PC=000100d0 [15a12423] x08=00000000 x02=004ffe90 x26=00000000 sw      s10,328(sp)
PC=000100d4 [15b12223] x04=00000000 x02=004ffe90 x27=00000000 sw      s11,324(sp)
PC=000100d8 [17010413] x08=00500000 x02=004ffe90 x16=00000000 addi    s0,sp,368
PC=000100dc [fff00713] x14=ffffffff x00=00000000 x31=00000000 addi    a4,zero,-1
PC=000100e0 [fff00793] x15=ffffffff x00=00000000 x31=00000000 addi    a5,zero,-1
PC=000100e4 [fce42423] x08=00500000 x08=00500000 x14=ffffffff sw      a4,-56(s0)
PC=000100e8 [fcf42623] x12=00000000 x08=00500000 x15=ffffffff sw      a5,-52(s0)
PC=000100ec [fff00713] x14=ffffffff x00=00000000 x31=00000000 addi    a4,zero,-1
PC=000100f0 [fff00793] x15=ffffffff x00=00000000 x31=00000000 addi    a5,zero,-1
PC=000100f4 [fce42023] x00=00000000 x08=00500000 x14=ffffffff sw      a4,-64(s0)
PC=000100f8 [fcf42223] x04=00000000 x08=00500000 x15=ffffffff sw      a5,-60(s0)
PC=000100fc [fc842703] x14=ffffefff x08=00500000 x08=00500000 lw      a4,-56(s0)
PC=00010100 [fc042783] x15=ffffefff x08=00500000 x00=00000000 lw      a5,-64(s0)
PC=00010104 [00f76633] x12=ffffefff x14=ffffefff x15=ffffefff or      a2,a4,a5
PC=00010108 [fcc42703] x14=ffffefff x08=00500000 x12=ffffefff lw      a4,-52(s0)
PC=0001010c [fc442783] x15=ffffefff x08=00500000 x04=00000000 lw      a5,-60(s0)
PC=00010110 [00f766b3] x13=ffffefff x14=ffffefff x15=ffffefff or      a3,a4,a5
PC=00010114 [fac42c23] x24=00000000 x08=00500000 x12=ffffefff sw      a2,-72(s0)
PC=00010118 [fad42e23] x28=00000000 x08=00500000 x13=ffffefff sw      a3,-68(s0)
PC=0001011c [00000613] x12=00000000 x00=00000000 x00=00000000 addi    a2,zero,0
PC=00010120 [00000693] x13=00000000 x00=00000000 x00=00000000 addi    a3,zero,0
PC=00010124 [fac42c23] x24=00000000 x08=00500000 x12=00000000 sw      a2,-72(s0)
PC=00010128 [fad42e23] x28=00000000 x08=00500000 x13=00000000 sw      a3,-68(s0)
PC=0001012c [fc842703] x14=ffffefff x08=00500000 x08=00500000 lw      a4,-56(s0)
PC=00010130 [fc042783] x15=ffffefff x08=00500000 x00=00000000 lw      a5,-64(s0)
PC=00010134 [00f77833] x16=ffffefff x14=ffffefff x15=ffffefff and     a6,a4,a5
PC=00010138 [fcc42703] x14=ffffefff x08=00500000 x12=00000000 lw      a4,-52(s0)
PC=0001013c [fc442783] x15=ffffefff x08=00500000 x04=00000000 lw      a5,-60(s0)
PC=00010140 [00f778b3] x17=ffffefff x14=ffffefff x15=ffffefff and     a7,a4,a5
PC=00010144 [fb042823] x16=ffffefff x08=00500000 x16=ffffefff sw      a6,-80(s0)
PC=00010148 [fb142a23] x20=00000000 x08=00500000 x17=ffffefff sw      a7,-76(s0)
PC=0001014c [fac42823] x16=ffffefff x08=00500000 x12=00000000 sw      a2,-80(s0)
PC=00010150 [fad42a23] x20=00000000 x08=00500000 x13=00000000 sw      a3,-76(s0)
PC=00010154 [fc842703] x14=ffffefff x08=00500000 x08=00500000 lw      a4,-56(s0)
PC=00010158 [fc042783] x15=ffffefff x08=00500000 x00=00000000 lw      a5,-64(s0)
PC=0001015c [00f74e33] x28=00000000 x14=ffffefff x15=ffffefff xor     t3,a4,a5
PC=00010160 [fcc42703] x14=ffffefff x08=00500000 x12=00000000 lw      a4,-52(s0)
PC=00010164 [fc442783] x15=ffffefff x08=00500000 x04=00000000 lw      a5,-60(s0)
PC=00010168 [00f74eb3] x29=00000000 x14=ffffefff x15=ffffefff xor     t4,a4,a5
PC=0001016c [fbc42423] x08=00500000 x08=00500000 x28=00000000 sw      t3,-88(s0)
PC=00010170 [fbd42623] x12=00000000 x08=00500000 x29=00000000 sw      t4,-84(s0)
PC=00010174 [fac42423] x08=00500000 x08=00500000 x12=00000000 sw      a2,-88(s0)
PC=00010178 [fad42623] x12=00000000 x08=00500000 x13=00000000 sw      a3,-84(s0)
PC=0001017c [fc842703] x14=ffffefff x08=00500000 x08=00500000 lw      a4,-56(s0)
PC=00010180 [fc042783] x15=ffffefff x08=00500000 x00=00000000 lw      a5,-64(s0)
PC=00010184 [00f76533] x10=ffffefff x14=ffffefff x15=ffffefff or      a0,a4,a5
PC=00010188 [fcc42703] x14=ffffefff x08=00500000 x12=00000000 lw      a4,-52(s0)
PC=0001018c [fc442783] x15=ffffefff x08=00500000 x04=00000000 lw      a5,-60(s0)
PC=00010190 [00f765b3] x11=ffffefff x14=ffffefff x15=ffffefff or      a1,a4,a5
PC=00010194 [fff54793] x15=00001000 x10=ffffefff x31=00000000 xori    a5,a0,-1
PC=00010198 [faf42023] x00=00000000 x08=00500000 x15=00001000 sw      a5,-96(s0)
PC=0001019c [fff5c793] x15=00001000 x11=ffffefff x31=00000000 xori    a5,a1,-1
PC=000101a0 [faf42223] x04=00000000 x08=00500000 x15=00001000 sw      a5,-92(s0)
PC=000101a4 [fac42023] x00=00000000 x08=00500000 x12=00000000 sw      a2,-96(s0)
PC=000101a8 [fad42223] x04=00000000 x08=00500000 x13=00000000 sw      a3,-92(s0)
PC=000101ac [fc842703] x14=ffffefff x08=00500000 x08=00500000 lw      a4,-56(s0)
PC=000101b0 [fc042783] x15=ffffefff x08=00500000 x00=00000000 lw      a5,-64(s0)
PC=000101b4 [00f77333] x06=ffffefff x14=ffffefff x15=ffffefff and     t1,a4,a5
PC=000101b8 [fcc42703] x14=ffffefff x08=00500000 x12=00000000 lw      a4,-52(s0)
PC=000101bc [fc442783] x15=ffffefff x08=00500000 x04=00000000 lw      a5,-60(s0)
PC=000101c0 [00f773b3] x07=ffffefff x14=ffffefff x15=ffffefff and     t2,a4,a5
PC=000101c4 [fff34793] x15=00001000 x06=ffffefff x31=00000000 xori    a5,t1,-1
PC=000101c8 [f8f42c23] x24=00000000 x08=00500000 x15=00001000 sw      a5,-104(s0)
PC=000101cc [fff3c793] x15=00001000 x07=ffffefff x31=00000000 xori    a5,t2,-1
PC=000101d0 [f8f42e23] x28=00000000 x08=00500000 x15=00001000 sw      a5,-100(s0)
PC=000101d4 [f8c42c23] x24=00000000 x08=00500000 x12=00000000 sw      a2,-104(s0)
PC=000101d8 [f8d42e23] x28=00000000 x08=00500000 x13=00000000 sw      a3,-100(s0)
PC=000101dc [fc842703] x14=ffffefff x08=00500000 x08=00500000 lw      a4,-56(s0)
PC=000101e0 [fc042783] x15=ffffefff x08=00500000 x00=00000000 lw      a5,-64(s0)
PC=000101e4 [00f74f33] x30=00000000 x14=ffffefff x15=ffffefff xor     t5,a4,a5
PC=000101e8 [fcc42703] x14=ffffefff x08=00500000 x12=00000000 lw      a4,-52(s0)
PC=000101ec [fc442783] x15=ffffefff x08=00500000 x04=00000000 lw      a5,-60(s0)
PC=000101f0 [00f74fb3] x31=00000000 x14=ffffefff x15=ffffefff xor     t6,a4,a5
PC=000101f4 [ffff4793] x15=ffffffff x30=00000000 x31=00000000 xori    a5,t5,-1
PC=000101f8 [f8f42823] x16=ffffefff x08=00500000 x15=ffffffff sw      a5,-112(s0)
PC=000101fc [ffffc793] x15=ffffffff x31=00000000 x31=00000000 xori    a5,t6,-1
PC=00010200 [f8f42a23] x20=00000000 x08=00500000 x15=ffffffff sw      a5,-108(s0)
PC=00010204 [f8c42823] x16=ffffefff x08=00500000 x12=00000000 sw      a2,-112(s0)
PC=00010208 [f8d42a23] x20=00000000 x08=00500000 x13=00000000 sw      a3,-108(s0)
PC=0001020c [fc842783] x15=ffffefff x08=00500000 x08=00500000 lw      a5,-56(s0)
PC=00010210 [fff7cb13] x22=00001000 x15=ffffefff x31=00000000 xori    s6,a5,-1
PC=00010214 [fcc42783] x15=ffffefff x08=00500000 x12=00000000 lw      a5,-52(s0)
PC=00010218 [fff7cb93] x23=00001000 x15=ffffefff x31=00000000 xori    s7,a5,-1
PC=0001021c [f9642423] x08=00500000 x08=00500000 x22=00001000 sw      s6,-120(s0)
PC=00010220 [f9742623] x12=00000000 x08=00500000 x23=00001000 sw      s7,-116(s0)
PC=00010224 [f8c42423] x08=00500000 x08=00500000 x12=00000000 sw      a2,-120(s0)
PC=00010228 [f8d42623] x12=00000000 x08=00500000 x13=00000000 sw      a3,-116(s0)
PC=0001022c [fc042783] x15=ffffefff x08=00500000 x00=00000000 lw      a5,-64(s0)
PC=00010230 [fff7cd13] x26=00001000 x15=ffffefff x31=00000000 xori    s10,a5,-1
PC=00010234 [fc442783] x15=ffffefff x08=00500000 x04=00000000 lw      a5,-60(s0)
PC=00010238 [fff7cd93] x27=00001000 x15=ffffefff x31=00000000 xori    s11,a5,-1
PC=0001023c [f9a42023] x00=00000000 x08=00500000 x26=00001000 sw      s10,-128(s0)
PC=00010240 [f9b42223] x04=00000000 x08=00500000 x27=00001000 sw      s11,-124(s0)
PC=00010244 [f8c42023] x00=00000000 x08=00500000 x12=00000000 sw      a2,-128(s0)
PC=00010248 [f8d42223] x04=00000000 x08=00500000 x13=00000000 sw      a3,-124(s0)
PC=0001024c [000117b7] x15=00011000 x02=004ffe90 x00=00000000 lui     a5,69632
PC=00010250 [a387a703] x14=fffff000 x15=00011000 x24=00000000 lw      a4,-1480(a5)
PC=00010254 [a3c7a783] x15=fffff000 x15=00011000 x28=00000000 lw      a5,-1476(a5)
PC=00010258 [fce42423] x08=00500000 x08=00500000 x14=fffff000 sw      a4,-56(s0)
PC=0001025c [fcf42623] x12=00000000 x08=00500000 x15=fffff000 sw      a5,-52(s0)
PC=00010260 [000117b7] x15=00011000 x02=004ffe90 x00=00000000 lui     a5,69632
PC=00010264 [a407a703] x14=fffff000 x15=00011000 x00=00000000 lw      a4,-1472(a5)
PC=00010268 [a447a783] x15=fffff000 x15=00011000 x04=00000000 lw      a5,-1468(a5)
PC=0001026c [fce42023] x00=00000000 x08=00500000 x14=fffff000 sw      a4,-64(s0)
PC=00010270 [fcf42223] x04=00000000 x08=00500000 x15=fffff000 sw      a5,-60(s0)
PC=00010274 [fc842703] x14=ffffe000 x08=00500000 x08=00500000 lw      a4,-56(s0)
PC=00010278 [fc042783] x15=ffffe000 x08=00500000 x00=00000000 lw      a5,-64(s0)
PC=0001027c [00f767b3] x15=ffffe000 x14=ffffe000 x15=ffffe000 or      a5,a4,a5
PC=00010280 [f2f42823] x16=ffffefff x08=00500000 x15=ffffe000 sw      a5,-208(s0)
PC=00010284 [fcc42703] x14=ffffe000 x08=00500000 x12=00000000 lw      a4,-52(s0)
PC=00010288 [fc442783] x15=ffffe000 x08=00500000 x04=00000000 lw      a5,-60(s0)
PC=0001028c [00f767b3] x15=ffffe000 x14=ffffe000 x15=ffffe000 or      a5,a4,a5
PC=00010290 [f2f42a23] x20=00000000 x08=00500000 x15=ffffe000 sw      a5,-204(s0)
PC=00010294 [f3042783] x15=ffffd000 x08=00500000 x16=ffffefff lw      a5,-208(s0)
PC=00010298 [f3442803] x16=ffffd000 x08=00500000 x20=00000000 lw      a6,-204(s0)
PC=0001029c [faf42c23] x24=00000000 x08=00500000 x15=ffffd000 sw      a5,-72(s0)
PC=000102a0 [fb042e23] x28=00000000 x08=00500000 x16=ffffd000 sw      a6,-68(s0)
PC=000102a4 [fac42c23] x24=00000000 x08=00500000 x12=00000000 sw      a2,-72(s0)
PC=000102a8 [fad42e23] x28=00000000 x08=00500000 x13=00000000 sw      a3,-68(s0)
PC=000102ac [fc842703] x14=ffffe000 x08=00500000 x08=00500000 lw      a4,-56(s0)
PC=000102b0 [fc042783] x15=ffffe000 x08=00500000 x00=00000000 lw      a5,-64(s0)
PC=000102b4 [00f777b3] x15=ffffe000 x14=ffffe000 x15=ffffe000 and     a5,a4,a5
PC=000102b8 [f2f42423] x08=00500000 x08=00500000 x15=ffffe000 sw      a5,-216(s0)
PC=000102bc [fcc42703] x14=ffffe000 x08=00500000 x12=00000000 lw      a4,-52(s0)
PC=000102c0 [fc442783] x15=ffffe000 x08=00500000 x04=00000000 lw      a5,-60(s0)
PC=000102c4 [00f777b3] x15=ffffe000 x14=ffffe000 x15=ffffe000 and     a5,a4,a5
PC=000102c8 [f2f42623] x12=00000000 x08=00500000 x15=ffffe000 sw      a5,-212(s0)
PC=000102cc [f2842783] x15=ffffd000 x08=00500000 x08=00500000 lw      a5,-216(s0)
PC=000102d0 [f2c42803] x16=ffffd000 x08=00500000 x12=00000000 lw      a6,-212(s0)
PC=000102d4 [faf42823] x16=ffffd000 x08=00500000 x15=ffffd000 sw      a5,-80(s0)
PC=000102d8 [fb042a23] x20=00000000 x08=00500000 x16=ffffd000 sw      a6,-76(s0)
PC=000102dc [fac42823] x16=ffffd000 x08=00500000 x12=00000000 sw      a2,-80(s0)
PC=000102e0 [fad42a23] x20=00000000 x08=00500000 x13=00000000 sw      a3,-76(s0)
PC=000102e4 [fc842703] x14=ffffe000 x08=00500000 x08=00500000 lw      a4,-56(s0)
PC=000102e8 [fc042783] x15=ffffe000 x08=00500000 x00=00000000 lw      a5,-64(s0)
PC=000102ec [00f747b3] x15=00000000 x14=ffffe000 x15=ffffe000 xor     a5,a4,a5
PC=000102f0 [f2f42023] x00=00000000 x08=00500000 x15=00000000 sw      a5,-224(s0)
PC=000102f4 [fcc42703] x14=ffffe000 x08=00500000 x12=00000000 lw      a4,-52(s0)
PC=000102f8 [fc442783] x15=ffffe000 x08=00500000 x04=00000000 lw      a5,-60(s0)
PC=000102fc [00f747b3] x15=00000000 x14=ffffe000 x15=ffffe000 xor     a5,a4,a5
PC=00010300 [f2f42223] x04=00000000 x08=00500000 x15=00000000 sw      a5,-220(s0)
PC=00010304 [f2042783] x15=fffff000 x08=00500000 x00=00000000 lw      a5,-224(s0)
PC=00010308 [f2442803] x16=fffff000 x08=00500000 x04=00000000 lw      a6,-220(s0)
PC=0001030c [faf42423] x08=00500000 x08=00500000 x15=fffff000 sw      a5,-88(s0)
PC=00010310 [fb042623] x12=00000000 x08=00500000 x16=fffff000 sw      a6,-84(s0)
PC=00010314 [fac42423] x08=00500000 x08=00500000 x12=00000000 sw      a2,-88(s0)
PC=00010318 [fad42623] x12=00000000 x08=00500000 x13=00000000 sw      a3,-84(s0)
PC=0001031c [fc842703] x14=ffffe000 x08=00500000 x08=00500000 lw      a4,-56(s0)
PC=00010320 [fc042783] x15=ffffe000 x08=00500000 x00=00000000 lw      a5,-64(s0)
PC=00010324 [00f76933] x18=ffffe000 x14=ffffe000 x15=ffffe000 or      s2,a4,a5
PC=00010328 [fcc42703] x14=ffffe000 x08=00500000 x12=00000000 lw      a4,-52(s0)
PC=0001032c [fc442783] x15=ffffe000 x08=00500000 x04=00000000 lw      a5,-60(s0)
PC=00010330 [00f769b3] x19=ffffe000 x14=ffffe000 x15=ffffe000 or      s3,a4,a5
PC=00010334 [fff94793] x15=00001fff x18=ffffe000 x31=00000000 xori    a5,s2,-1
PC=00010338 [faf42023] x00=00000000 x08=00500000 x15=00001fff sw      a5,-96(s0)
PC=0001033c [fff9c793] x15=00001fff x19=ffffe000 x31=00000000 xori    a5,s3,-1
PC=00010340 [faf42223] x04=00000000 x08=00500000 x15=00001fff sw      a5,-92(s0)
PC=00010344 [fac42023] x00=00000000 x08=00500000 x12=00000000 sw      a2,-96(s0)
PC=00010348 [fad42223] x04=00000000 x08=00500000 x13=00000000 sw      a3,-92(s0)
PC=0001034c [fc842703] x14=ffffe000 x08=00500000 x08=00500000 lw      a4,-56(s0)
PC=00010350 [fc042783] x15=ffffe000 x08=00500000 x00=00000000 lw      a5,-64(s0)
PC=00010354 [00f77a33] x20=ffffe000 x14=ffffe000 x15=ffffe000 and     s4,a4,a5
PC=00010358 [fcc42703] x14=ffffe000 x08=00500000 x12=00000000 lw      a4,-52(s0)
PC=0001035c [fc442783] x15=ffffe000 x08=00500000 x04=00000000 lw      a5,-60(s0)
PC=00010360 [00f77ab3] x21=ffffe000 x14=ffffe000 x15=ffffe000 and     s5,a4,a5
PC=00010364 [fffa4793] x15=00001fff x20=ffffe000 x31=00000000 xori    a5,s4,-1
PC=00010368 [f8f42c23] x24=00000000 x08=00500000 x15=00001fff sw      a5,-104(s0)
PC=0001036c [fffac793] x15=00001fff x21=ffffe000 x31=00000000 xori    a5,s5,-1
PC=00010370 [f8f42e23] x28=00000000 x08=00500000 x15=00001fff sw      a5,-100(s0)
PC=00010374 [f8c42c23] x24=00000000 x08=00500000 x12=00000000 sw      a2,-104(s0)
PC=00010378 [f8d42e23] x28=00000000 x08=00500000 x13=00000000 sw      a3,-100(s0)
PC=0001037c [fc842703] x14=ffffe000 x08=00500000 x08=00500000 lw      a4,-56(s0)
PC=00010380 [fc042783] x15=ffffe000 x08=00500000 x00=00000000 lw      a5,-64(s0)
PC=00010384 [00f74c33] x24=00000000 x14=ffffe000 x15=ffffe000 xor     s8,a4,a5
PC=00010388 [fcc42703] x14=ffffe000 x08=00500000 x12=00000000 lw      a4,-52(s0)
PC=0001038c [fc442783] x15=ffffe000 x08=00500000 x04=00000000 lw      a5,-60(s0)
PC=00010390 [00f74cb3] x25=00000000 x14=ffffe000 x15=ffffe000 xor     s9,a4,a5
PC=00010394 [fffc4793] x15=ffffffff x24=00000000 x31=00000000 xori    a5,s8,-1
PC=00010398 [f8f42823] x16=fffff000 x08=00500000 x15=ffffffff sw      a5,-112(s0)
PC=0001039c [fffcc793] x15=ffffffff x25=00000000 x31=00000000 xori    a5,s9,-1
PC=000103a0 [f8f42a23] x20=ffffe000 x08=00500000 x15=ffffffff sw      a5,-108(s0)
PC=000103a4 [f8c42823] x16=fffff000 x08=00500000 x12=00000000 sw      a2,-112(s0)
PC=000103a8 [f8d42a23] x20=ffffe000 x08=00500000 x13=00000000 sw      a3,-108(s0)
PC=000103ac [fc842783] x15=ffffe000 x08=00500000 x08=00500000 lw      a5,-56(s0)
PC=000103b0 [fff7c793] x15=00001fff x15=ffffe000 x31=00000000 xori    a5,a5,-1
PC=000103b4 [f0f42c23] x24=00000000 x08=00500000 x15=00001fff sw      a5,-232(s0)
PC=000103b8 [fcc42783] x15=ffffe000 x08=00500000 x12=00000000 lw      a5,-52(s0)
PC=000103bc [fff7c793] x15=00001fff x15=ffffe000 x31=00000000 xori    a5,a5,-1
PC=000103c0 [f0f42e23] x28=00000000 x08=00500000 x15=00001fff sw      a5,-228(s0)
PC=000103c4 [f1842783] x15=00000fff x08=00500000 x24=00000000 lw      a5,-232(s0)
PC=000103c8 [f1c42803] x16=00000fff x08=00500000 x28=00000000 lw      a6,-228(s0)
PC=000103cc [f8f42423] x08=00500000 x08=00500000 x15=00000fff sw      a5,-120(s0)
PC=000103d0 [f9042623] x12=00000000 x08=00500000 x16=00000fff sw      a6,-116(s0)
PC=000103d4 [f8c42423] x08=00500000 x08=00500000 x12=00000000 sw      a2,-120(s0)
PC=000103d8 [f8d42623] x12=00000000 x08=00500000 x13=00000000 sw      a3,-116(s0)
PC=000103dc [fc042783] x15=ffffe000 x08=00500000 x00=00000000 lw      a5,-64(s0)
PC=000103e0 [fff7c793] x15=00001fff x15=ffffe000 x31=00000000 xori    a5,a5,-1
PC=000103e4 [f0f42823] x16=00000fff x08=00500000 x15=00001fff sw      a5,-240(s0)
PC=000103e8 [fc442783] x15=ffffe000 x08=00500000 x04=00000000 lw      a5,-60(s0)
PC=000103ec [fff7c793] x15=00001fff x15=ffffe000 x31=00000000 xori    a5,a5,-1
PC=000103f0 [f0f42a23] x20=ffffe000 x08=00500000 x15=00001fff sw      a5,-236(s0)
PC=000103f4 [f1042783] x15=00000fff x08=00500000 x16=00000fff lw      a5,-240(s0)
PC=000103f8 [f1442803] x16=00000fff x08=00500000 x20=ffffe000 lw      a6,-236(s0)
PC=000103fc [f8f42023] x00=00000000 x08=00500000 x15=00000fff sw      a5,-128(s0)
PC=00010400 [f9042223] x04=00000000 x08=00500000 x16=00000fff sw      a6,-124(s0)
PC=00010404 [f8c42023] x00=00000000 x08=00500000 x12=00000000 sw      a2,-128(s0)
PC=00010408 [f8d42223] x04=00000000 x08=00500000 x13=00000000 sw      a3,-124(s0)
PC=0001040c [fff00713] x14=ffffffff x00=00000000 x31=00000000 addi    a4,zero,-1
PC=00010410 [fff00793] x15=ffffffff x00=00000000 x31=00000000 addi    a5,zero,-1
PC=00010414 [fce42423] x08=00500000 x08=00500000 x14=ffffffff sw      a4,-56(s0)
PC=00010418 [fcf42623] x12=00000000 x08=00500000 x15=ffffffff sw      a5,-52(s0)
PC=0001041c [fcc42023] x00=00000000 x08=00500000 x12=00000000 sw      a2,-64(s0)
PC=00010420 [fcd42223] x04=00000000 x08=00500000 x13=00000000 sw      a3,-60(s0)
PC=00010424 [fc842703] x14=ffffefff x08=00500000 x08=00500000 lw      a4,-56(s0)
PC=00010428 [fc042783] x15=fffff000 x08=00500000 x00=00000000 lw      a5,-64(s0)
PC=0001042c [00f767b3] x15=ffffffff x14=ffffefff x15=fffff000 or      a5,a4,a5
PC=00010430 [f0f42423] x08=00500000 x08=00500000 x15=ffffffff sw      a5,-248(s0)
PC=00010434 [fcc42703] x14=ffffefff x08=00500000 x12=00000000 lw      a4,-52(s0)
PC=00010438 [fc442783] x15=fffff000 x08=00500000 x04=00000000 lw      a5,-60(s0)
PC=0001043c [00f767b3] x15=ffffffff x14=ffffefff x15=fffff000 or      a5,a4,a5
PC=00010440 [f0f42623] x12=00000000 x08=00500000 x15=ffffffff sw      a5,-244(s0)
PC=00010444 [f0842783] x15=ffffefff x08=00500000 x08=00500000 lw      a5,-248(s0)
PC=00010448 [f0c42803] x16=ffffefff x08=00500000 x12=00000000 lw      a6,-244(s0)
PC=0001044c [faf42c23] x24=00000000 x08=00500000 x15=ffffefff sw      a5,-72(s0)
PC=00010450 [fb042e23] x28=00000000 x08=00500000 x16=ffffefff sw      a6,-68(s0)
PC=00010454 [fac42c23] x24=00000000 x08=00500000 x12=00000000 sw      a2,-72(s0)
PC=00010458 [fad42e23] x28=00000000 x08=00500000 x13=00000000 sw      a3,-68(s0)
PC=0001045c [fc842703] x14=ffffefff x08=00500000 x08=00500000 lw      a4,-56(s0)
PC=00010460 [fc042783] x15=fffff000 x08=00500000 x00=00000000 lw      a5,-64(s0)
PC=00010464 [00f777b3] x15=ffffe000 x14=ffffefff x15=fffff000 and     a5,a4,a5
PC=00010468 [f0f42023] x00=00000000 x08=00500000 x15=ffffe000 sw      a5,-256(s0)
PC=0001046c [fcc42703] x14=ffffefff x08=00500000 x12=00000000 lw      a4,-52(s0)
PC=00010470 [fc442783] x15=fffff000 x08=00500000 x04=00000000 lw      a5,-60(s0)
PC=00010474 [00f777b3] x15=ffffe000 x14=ffffefff x15=fffff000 and     a5,a4,a5
PC=00010478 [f0f42223] x04=00000000 x08=00500000 x15=ffffe000 sw      a5,-252(s0)
PC=0001047c [f0042783] x15=ffffd000 x08=00500000 x00=00000000 lw      a5,-256(s0)
PC=00010480 [f0442803] x16=ffffd000 x08=00500000 x04=00000000 lw      a6,-252(s0)
PC=00010484 [faf42823] x16=ffffd000 x08=00500000 x15=ffffd000 sw      a5,-80(s0)
PC=00010488 [fb042a23] x20=ffffe000 x08=00500000 x16=ffffd000 sw      a6,-76(s0)
PC=0001048c [fac42823] x16=ffffd000 x08=00500000 x12=00000000 sw      a2,-80(s0)
PC=00010490 [fad42a23] x20=ffffe000 x08=00500000 x13=00000000 sw      a3,-76(s0)
PC=00010494 [fc842703] x14=ffffefff x08=00500000 x08=00500000 lw      a4,-56(s0)
PC=00010498 [fc042783] x15=fffff000 x08=00500000 x00=00000000 lw      a5,-64(s0)
PC=0001049c [00f747b3] x15=00001fff x14=ffffefff x15=fffff000 xor     a5,a4,a5
PC=000104a0 [eef42c23] x24=00000000 x08=00500000 x15=00001fff sw      a5,-264(s0)
PC=000104a4 [fcc42703] x14=ffffefff x08=00500000 x12=00000000 lw      a4,-52(s0)
PC=000104a8 [fc442783] x15=fffff000 x08=00500000 x04=00000000 lw      a5,-60(s0)
PC=000104ac [00f747b3] x15=00001fff x14=ffffefff x15=fffff000 xor     a5,a4,a5
PC=000104b0 [eef42e23] x28=00000000 x08=00500000 x15=00001fff sw      a5,-260(s0)
PC=000104b4 [ef842783] x15=00000fff x08=00500000 x24=00000000 lw      a5,-264(s0)
PC=000104b8 [efc42803] x16=00000fff x08=00500000 x28=00000000 lw      a6,-260(s0)
PC=000104bc [faf42423] x08=00500000 x08=00500000 x15=00000fff sw      a5,-88(s0)
PC=000104c0 [fb042623] x12=00000000 x08=00500000 x16=00000fff sw      a6,-84(s0)
PC=000104c4 [fac42423] x08=00500000 x08=00500000 x12=00000000 sw      a2,-88(s0)
PC=000104c8 [fad42623] x12=00000000 x08=00500000 x13=00000000 sw      a3,-84(s0)
PC=000104cc [fc842703] x14=ffffefff x08=00500000 x08=00500000 lw      a4,-56(s0)
PC=000104d0 [fc042783] x15=fffff000 x08=00500000 x00=00000000 lw      a5,-64(s0)
PC=000104d4 [00f767b3] x15=ffffffff x14=ffffefff x15=fffff000 or      a5,a4,a5
PC=000104d8 [f6f42c23] x24=00000000 x08=00500000 x15=ffffffff sw      a5,-136(s0)
PC=000104dc [fcc42703] x14=ffffefff x08=00500000 x12=00000000 lw      a4,-52(s0)
PC=000104e0 [fc442783] x15=fffff000 x08=00500000 x04=00000000 lw      a5,-60(s0)
PC=000104e4 [00f767b3] x15=ffffffff x14=ffffefff x15=fffff000 or      a5,a4,a5
PC=000104e8 [f6f42e23] x28=00000000 x08=00500000 x15=ffffffff sw      a5,-132(s0)
PC=000104ec [f7842503] x10=ffffefff x08=00500000 x24=00000000 lw      a0,-136(s0)
PC=000104f0 [f7c42583] x11=ffffefff x08=00500000 x28=00000000 lw      a1,-132(s0)
PC=000104f4 [00050793] x15=ffffefff x10=ffffefff x00=00000000 addi    a5,a0,0
PC=000104f8 [fff7c793] x15=00001000 x15=ffffefff x31=00000000 xori    a5,a5,-1
PC=000104fc [faf42023] x00=00000000 x08=00500000 x15=00001000 sw      a5,-96(s0)
PC=00010500 [00058793] x15=ffffefff x11=ffffefff x00=00000000 addi    a5,a1,0
PC=00010504 [fff7c793] x15=00001000 x15=ffffefff x31=00000000 xori    a5,a5,-1
PC=00010508 [faf42223] x04=00000000 x08=00500000 x15=00001000 sw      a5,-92(s0)
PC=0001050c [fac42023] x00=00000000 x08=00500000 x12=00000000 sw      a2,-96(s0)
PC=00010510 [fad42223] x04=00000000 x08=00500000 x13=00000000 sw      a3,-92(s0)
PC=00010514 [fc842703] x14=ffffefff x08=00500000 x08=00500000 lw      a4,-56(s0)
PC=00010518 [fc042783] x15=fffff000 x08=00500000 x00=00000000 lw      a5,-64(s0)
PC=0001051c [00f777b3] x15=ffffe000 x14=ffffefff x15=fffff000 and     a5,a4,a5
PC=00010520 [f6f42823] x16=00000fff x08=00500000 x15=ffffe000 sw      a5,-144(s0)
PC=00010524 [fcc42703] x14=ffffefff x08=00500000 x12=00000000 lw      a4,-52(s0)
PC=00010528 [fc442783] x15=fffff000 x08=00500000 x04=00000000 lw      a5,-60(s0)
PC=0001052c [00f777b3] x15=ffffe000 x14=ffffefff x15=fffff000 and     a5,a4,a5
PC=00010530 [f6f42a23] x20=ffffe000 x08=00500000 x15=ffffe000 sw      a5,-140(s0)
PC=00010534 [f7042503] x10=ffffd000 x08=00500000 x16=00000fff lw      a0,-144(s0)
PC=00010538 [f7442583] x11=ffffd000 x08=00500000 x20=ffffe000 lw      a1,-140(s0)
PC=0001053c [00050793] x15=ffffd000 x10=ffffd000 x00=00000000 addi    a5,a0,0
PC=00010540 [fff7c793] x15=00002fff x15=ffffd000 x31=00000000 xori    a5,a5,-1
PC=00010544 [f8f42c23] x24=00000000 x08=00500000 x15=00002fff sw      a5,-104(s0)
PC=00010548 [00058793] x15=ffffd000 x11=ffffd000 x00=00000000 addi    a5,a1,0
PC=0001054c [fff7c793] x15=00002fff x15=ffffd000 x31=00000000 xori    a5,a5,-1
PC=00010550 [f8f42e23] x28=00000000 x08=00500000 x15=00002fff sw      a5,-100(s0)
PC=00010554 [f8c42c23] x24=00000000 x08=00500000 x12=00000000 sw      a2,-104(s0)
PC=00010558 [f8d42e23] x28=00000000 x08=00500000 x13=00000000 sw      a3,-100(s0)
PC=0001055c [fc842703] x14=ffffefff x08=00500000 x08=00500000 lw      a4,-56(s0)
PC=00010560 [fc042783] x15=fffff000 x08=00500000 x00=00000000 lw      a5,-64(s0)
PC=00010564 [00f747b3] x15=00001fff x14=ffffefff x15=fffff000 xor     a5,a4,a5
PC=00010568 [f6f42423] x08=00500000 x08=00500000 x15=00001fff sw      a5,-152(s0)
PC=0001056c [fcc42703] x14=ffffefff x08=00500000 x12=00000000 lw      a4,-52(s0)
PC=00010570 [fc442783] x15=fffff000 x08=00500000 x04=00000000 lw      a5,-60(s0)
PC=00010574 [00f747b3] x15=00001fff x14=ffffefff x15=fffff000 xor     a5,a4,a5
PC=00010578 [f6f42623] x12=00000000 x08=00500000 x15=00001fff sw      a5,-148(s0)
PC=0001057c [f6842503] x10=00000fff x08=00500000 x08=00500000 lw      a0,-152(s0)
PC=00010580 [f6c42583] x11=00000fff x08=00500000 x12=00000000 lw      a1,-148(s0)
PC=00010584 [00050793] x15=00000fff x10=00000fff x00=00000000 addi    a5,a0,0
PC=00010588 [fff7c793] x15=fffff000 x15=00000fff x31=00000000 xori    a5,a5,-1
PC=0001058c [f8f42823] x16=00000fff x08=00500000 x15=fffff000 sw      a5,-112(s0)
PC=00010590 [00058793] x15=00000fff x11=00000fff x00=00000000 addi    a5,a1,0
PC=00010594 [fff7c793] x15=fffff000 x15=00000fff x31=00000000 xori    a5,a5,-1
PC=00010598 [f8f42a23] x20=ffffe000 x08=00500000 x15=fffff000 sw      a5,-108(s0)
PC=0001059c [f8c42823] x16=00000fff x08=00500000 x12=00000000 sw      a2,-112(s0)
PC=000105a0 [f8d42a23] x20=ffffe000 x08=00500000 x13=00000000 sw      a3,-108(s0)
PC=000105a4 [fc842783] x15=ffffefff x08=00500000 x08=00500000 lw      a5,-56(s0)
PC=000105a8 [fff7c793] x15=00001000 x15=ffffefff x31=00000000 xori    a5,a5,-1
PC=000105ac [eef42823] x16=00000fff x08=00500000 x15=00001000 sw      a5,-272(s0)
PC=000105b0 [fcc42783] x15=ffffefff x08=00500000 x12=00000000 lw      a5,-52(s0)
PC=000105b4 [fff7c793] x15=00001000 x15=ffffefff x31=00000000 xori    a5,a5,-1
PC=000105b8 [eef42a23] x20=ffffe000 x08=00500000 x15=00001000 sw      a5,-268(s0)
PC=000105bc [ef042783] x15=00000000 x08=00500000 x16=00000fff lw      a5,-272(s0)
PC=000105c0 [ef442803] x16=00000000 x08=00500000 x20=ffffe000 lw      a6,-268(s0)
PC=000105c4 [f8f42423] x08=00500000 x08=00500000 x15=00000000 sw      a5,-120(s0)
PC=000105c8 [f9042623] x12=00000000 x08=00500000 x16=00000000 sw      a6,-116(s0)
PC=000105cc [f8c42423] x08=00500000 x08=00500000 x12=00000000 sw      a2,-120(s0)
PC=000105d0 [f8d42623] x12=00000000 x08=00500000 x13=00000000 sw      a3,-116(s0)
PC=000105d4 [fc042783] x15=fffff000 x08=00500000 x00=00000000 lw      a5,-64(s0)
PC=000105d8 [fff7c793] x15=00000fff x15=fffff000 x31=00000000 xori    a5,a5,-1
PC=000105dc [eef42423] x08=00500000 x08=00500000 x15=00000fff sw      a5,-280(s0)
PC=000105e0 [fc442783] x15=fffff000 x08=00500000 x04=00000000 lw      a5,-60(s0)
PC=000105e4 [fff7c793] x15=00000fff x15=fffff000 x31=00000000 xori    a5,a5,-1
PC=000105e8 [eef42623] x12=00000000 x08=00500000 x15=00000fff sw      a5,-276(s0)
PC=000105ec [ee842783] x15=ffffffff x08=00500000 x08=00500000 lw      a5,-280(s0)
PC=000105f0 [eec42803] x16=ffffffff x08=00500000 x12=00000000 lw      a6,-276(s0)
PC=000105f4 [f8f42023] x00=00000000 x08=00500000 x15=ffffffff sw      a5,-128(s0)
PC=000105f8 [f9042223] x04=00000000 x08=00500000 x16=ffffffff sw      a6,-124(s0)
PC=000105fc [f8c42023] x00=00000000 x08=00500000 x12=00000000 sw      a2,-128(s0)
PC=00010600 [f8d42223] x04=00000000 x08=00500000 x13=00000000 sw      a3,-124(s0)
PC=00010604 [000117b7] x15=00011000 x02=004ffe90 x00=00000000 lui     a5,69632
PC=00010608 [a487a703] x14=fffff000 x15=00011000 x08=00500000 lw      a4,-1464(a5)
PC=0001060c [a4c7a783] x15=fffff000 x15=00011000 x12=00000000 lw      a5,-1460(a5)
PC=00010610 [fce42423] x08=00500000 x08=00500000 x14=fffff000 sw      a4,-56(s0)
PC=00010614 [fcf42623] x12=00000000 x08=00500000 x15=fffff000 sw      a5,-52(s0)
PC=00010618 [000117b7] x15=00011000 x02=004ffe90 x00=00000000 lui     a5,69632
PC=0001061c [a507a703] x14=fffff000 x15=00011000 x16=ffffffff lw      a4,-1456(a5)
PC=00010620 [a547a783] x15=fffff000 x15=00011000 x20=ffffe000 lw      a5,-1452(a5)
PC=00010624 [fce42023] x00=00000000 x08=00500000 x14=fffff000 sw      a4,-64(s0)
PC=00010628 [fcf42223] x04=00000000 x08=00500000 x15=fffff000 sw      a5,-60(s0)
PC=0001062c [fc842703] x14=ffffe000 x08=00500000 x08=00500000 lw      a4,-56(s0)
PC=00010630 [fc042783] x15=ffffe000 x08=00500000 x00=00000000 lw      a5,-64(s0)
PC=00010634 [00f767b3] x15=ffffe000 x14=ffffe000 x15=ffffe000 or      a5,a4,a5
PC=00010638 [eef42023] x00=00000000 x08=00500000 x15=ffffe000 sw      a5,-288(s0)
PC=0001063c [fcc42703] x14=ffffe000 x08=00500000 x12=00000000 lw      a4,-52(s0)
PC=00010640 [fc442783] x15=ffffe000 x08=00500000 x04=00000000 lw      a5,-60(s0)
PC=00010644 [00f767b3] x15=ffffe000 x14=ffffe000 x15=ffffe000 or      a5,a4,a5
PC=00010648 [eef42223] x04=00000000 x08=00500000 x15=ffffe000 sw      a5,-284(s0)
PC=0001064c [ee042783] x15=ffffd000 x08=00500000 x00=00000000 lw      a5,-288(s0)
PC=00010650 [ee442803] x16=ffffd000 x08=00500000 x04=00000000 lw      a6,-284(s0)
PC=00010654 [faf42c23] x24=00000000 x08=00500000 x15=ffffd000 sw      a5,-72(s0)
PC=00010658 [fb042e23] x28=00000000 x08=00500000 x16=ffffd000 sw      a6,-68(s0)
PC=0001065c [fac42c23] x24=00000000 x08=00500000 x12=00000000 sw      a2,-72(s0)
PC=00010660 [fad42e23] x28=00000000 x08=00500000 x13=00000000 sw      a3,-68(s0)
PC=00010664 [fc842703] x14=ffffe000 x08=00500000 x08=00500000 lw      a4,-56(s0)
PC=00010668 [fc042783] x15=ffffe000 x08=00500000 x00=00000000 lw      a5,-64(s0)
PC=0001066c [00f777b3] x15=ffffe000 x14=ffffe000 x15=ffffe000 and     a5,a4,a5
PC=00010670 [ecf42c23] x24=00000000 x08=00500000 x15=ffffe000 sw      a5,-296(s0)
PC=00010674 [fcc42703] x14=ffffe000 x08=00500000 x12=00000000 lw      a4,-52(s0)
PC=00010678 [fc442783] x15=ffffe000 x08=00500000 x04=00000000 lw      a5,-60(s0)
PC=0001067c [00f777b3] x15=ffffe000 x14=ffffe000 x15=ffffe000 and     a5,a4,a5
PC=00010680 [ecf42e23] x28=00000000 x08=00500000 x15=ffffe000 sw      a5,-292(s0)
PC=00010684 [ed842783] x15=ffffd000 x08=00500000 x24=00000000 lw      a5,-296(s0)
PC=00010688 [edc42803] x16=ffffd000 x08=00500000 x28=00000000 lw      a6,-292(s0)
PC=0001068c [faf42823] x16=ffffd000 x08=00500000 x15=ffffd000 sw      a5,-80(s0)
PC=00010690 [fb042a23] x20=ffffe000 x08=00500000 x16=ffffd000 sw      a6,-76(s0)
PC=00010694 [fac42823] x16=ffffd000 x08=00500000 x12=00000000 sw      a2,-80(s0)
PC=00010698 [fad42a23] x20=ffffe000 x08=00500000 x13=00000000 sw      a3,-76(s0)
PC=0001069c [fc842703] x14=ffffe000 x08=00500000 x08=00500000 lw      a4,-56(s0)
PC=000106a0 [fc042783] x15=ffffe000 x08=00500000 x00=00000000 lw      a5,-64(s0)
PC=000106a4 [00f747b3] x15=00000000 x14=ffffe000 x15=ffffe000 xor     a5,a4,a5
PC=000106a8 [ecf42823] x16=ffffd000 x08=00500000 x15=00000000 sw      a5,-304(s0)
PC=000106ac [fcc42703] x14=ffffe000 x08=00500000 x12=00000000 lw      a4,-52(s0)
PC=000106b0 [fc442783] x15=ffffe000 x08=00500000 x04=00000000 lw      a5,-60(s0)
PC=000106b4 [00f747b3] x15=00000000 x14=ffffe000 x15=ffffe000 xor     a5,a4,a5
PC=000106b8 [ecf42a23] x20=ffffe000 x08=00500000 x15=00000000 sw      a5,-300(s0)
PC=000106bc [ed042783] x15=fffff000 x08=00500000 x16=ffffd000 lw      a5,-304(s0)
PC=000106c0 [ed442803] x16=fffff000 x08=00500000 x20=ffffe000 lw      a6,-300(s0)
PC=000106c4 [faf42423] x08=00500000 x08=00500000 x15=fffff000 sw      a5,-88(s0)
PC=000106c8 [fb042623] x12=00000000 x08=00500000 x16=fffff000 sw      a6,-84(s0)
PC=000106cc [fac42423] x08=00500000 x08=00500000 x12=00000000 sw      a2,-88(s0)
PC=000106d0 [fad42623] x12=00000000 x08=00500000 x13=00000000 sw      a3,-84(s0)
PC=000106d4 [fc842703] x14=ffffe000 x08=00500000 x08=00500000 lw      a4,-56(s0)
PC=000106d8 [fc042783] x15=ffffe000 x08=00500000 x00=00000000 lw      a5,-64(s0)
PC=000106dc [00f767b3] x15=ffffe000 x14=ffffe000 x15=ffffe000 or      a5,a4,a5
PC=000106e0 [f6f42023] x00=00000000 x08=00500000 x15=ffffe000 sw      a5,-160(s0)
PC=000106e4 [fcc42703] x14=ffffe000 x08=00500000 x12=00000000 lw      a4,-52(s0)
PC=000106e8 [fc442783] x15=ffffe000 x08=00500000 x04=00000000 lw      a5,-60(s0)
PC=000106ec [00f767b3] x15=ffffe000 x14=ffffe000 x15=ffffe000 or      a5,a4,a5
PC=000106f0 [f6f42223] x04=00000000 x08=00500000 x15=ffffe000 sw      a5,-156(s0)
PC=000106f4 [f6042503] x10=ffffd000 x08=00500000 x00=00000000 lw      a0,-160(s0)
PC=000106f8 [f6442583] x11=ffffd000 x08=00500000 x04=00000000 lw      a1,-156(s0)
PC=000106fc [00050793] x15=ffffd000 x10=ffffd000 x00=00000000 addi    a5,a0,0
PC=00010700 [fff7c793] x15=00002fff x15=ffffd000 x31=00000000 xori    a5,a5,-1
PC=00010704 [faf42023] x00=00000000 x08=00500000 x15=00002fff sw      a5,-96(s0)
PC=00010708 [00058793] x15=ffffd000 x11=ffffd000 x00=00000000 addi    a5,a1,0
PC=0001070c [fff7c793] x15=00002fff x15=ffffd000 x31=00000000 xori    a5,a5,-1
PC=00010710 [faf42223] x04=00000000 x08=00500000 x15=00002fff sw      a5,-92(s0)
PC=00010714 [fac42023] x00=00000000 x08=00500000 x12=00000000 sw      a2,-96(s0)
PC=00010718 [fad42223] x04=00000000 x08=00500000 x13=00000000 sw      a3,-92(s0)
PC=0001071c [fc842703] x14=ffffe000 x08=00500000 x08=00500000 lw      a4,-56(s0)
PC=00010720 [fc042783] x15=ffffe000 x08=00500000 x00=00000000 lw      a5,-64(s0)
PC=00010724 [00f777b3] x15=ffffe000 x14=ffffe000 x15=ffffe000 and     a5,a4,a5
PC=00010728 [f4f42c23] x24=00000000 x08=00500000 x15=ffffe000 sw      a5,-168(s0)
PC=0001072c [fcc42703] x14=ffffe000 x08=00500000 x12=00000000 lw      a4,-52(s0)
PC=00010730 [fc442783] x15=ffffe000 x08=00500000 x04=00000000 lw      a5,-60(s0)
PC=00010734 [00f777b3] x15=ffffe000 x14=ffffe000 x15=ffffe000 and     a5,a4,a5
PC=00010738 [f4f42e23] x28=00000000 x08=00500000 x15=ffffe000 sw      a5,-164(s0)
PC=0001073c [f5842503] x10=ffffd000 x08=00500000 x24=00000000 lw      a0,-168(s0)
PC=00010740 [f5c42583] x11=ffffd000 x08=00500000 x28=00000000 lw      a1,-164(s0)
PC=00010744 [00050793] x15=ffffd000 x10=ffffd000 x00=00000000 addi    a5,a0,0
PC=00010748 [fff7c793] x15=00002fff x15=ffffd000 x31=00000000 xori    a5,a5,-1
PC=0001074c [f8f42c23] x24=00000000 x08=00500000 x15=00002fff sw      a5,-104(s0)
PC=00010750 [00058793] x15=ffffd000 x11=ffffd000 x00=00000000 addi    a5,a1,0
PC=00010754 [fff7c793] x15=00002fff x15=ffffd000 x31=00000000 xori    a5,a5,-1
PC=00010758 [f8f42e23] x28=00000000 x08=00500000 x15=00002fff sw      a5,-100(s0)
PC=0001075c [f8c42c23] x24=00000000 x08=00500000 x12=00000000 sw      a2,-104(s0)
PC=00010760 [f8d42e23] x28=00000000 x08=00500000 x13=00000000 sw      a3,-100(s0)
PC=00010764 [fc842703] x14=ffffe000 x08=00500000 x08=00500000 lw      a4,-56(s0)
PC=00010768 [fc042783] x15=ffffe000 x08=00500000 x00=00000000 lw      a5,-64(s0)
PC=0001076c [00f747b3] x15=00000000 x14=ffffe000 x15=ffffe000 xor     a5,a4,a5
PC=00010770 [f4f42823] x16=fffff000 x08=00500000 x15=00000000 sw      a5,-176(s0)
PC=00010774 [fcc42703] x14=ffffe000 x08=00500000 x12=00000000 lw      a4,-52(s0)
PC=00010778 [fc442783] x15=ffffe000 x08=00500000 x04=00000000 lw      a5,-60(s0)
PC=0001077c [00f747b3] x15=00000000 x14=ffffe000 x15=ffffe000 xor     a5,a4,a5
PC=00010780 [f4f42a23] x20=ffffe000 x08=00500000 x15=00000000 sw      a5,-172(s0)
PC=00010784 [f5042503] x10=fffff000 x08=00500000 x16=fffff000 lw      a0,-176(s0)
PC=00010788 [f5442583] x11=fffff000 x08=00500000 x20=ffffe000 lw      a1,-172(s0)
PC=0001078c [00050793] x15=fffff000 x10=fffff000 x00=00000000 addi    a5,a0,0
PC=00010790 [fff7c793] x15=00000fff x15=fffff000 x31=00000000 xori    a5,a5,-1
PC=00010794 [f8f42823] x16=fffff000 x08=00500000 x15=00000fff sw      a5,-112(s0)
PC=00010798 [00058793] x15=fffff000 x11=fffff000 x00=00000000 addi    a5,a1,0
PC=0001079c [fff7c793] x15=00000fff x15=fffff000 x31=00000000 xori    a5,a5,-1
PC=000107a0 [f8f42a23] x20=ffffe000 x08=00500000 x15=00000fff sw      a5,-108(s0)
PC=000107a4 [f8c42823] x16=fffff000 x08=00500000 x12=00000000 sw      a2,-112(s0)
PC=000107a8 [f8d42a23] x20=ffffe000 x08=00500000 x13=00000000 sw      a3,-108(s0)
PC=000107ac [fc842783] x15=ffffe000 x08=00500000 x08=00500000 lw      a5,-56(s0)
PC=000107b0 [fff7c793] x15=00001fff x15=ffffe000 x31=00000000 xori    a5,a5,-1
PC=000107b4 [ecf42423] x08=00500000 x08=00500000 x15=00001fff sw      a5,-312(s0)
PC=000107b8 [fcc42783] x15=ffffe000 x08=00500000 x12=00000000 lw      a5,-52(s0)
PC=000107bc [fff7c793] x15=00001fff x15=ffffe000 x31=00000000 xori    a5,a5,-1
PC=000107c0 [ecf42623] x12=00000000 x08=00500000 x15=00001fff sw      a5,-308(s0)
PC=000107c4 [ec842783] x15=00000fff x08=00500000 x08=00500000 lw      a5,-312(s0)
PC=000107c8 [ecc42803] x16=00000fff x08=00500000 x12=00000000 lw      a6,-308(s0)
PC=000107cc [f8f42423] x08=00500000 x08=00500000 x15=00000fff sw      a5,-120(s0)
PC=000107d0 [f9042623] x12=00000000 x08=00500000 x16=00000fff sw      a6,-116(s0)
PC=000107d4 [f8c42423] x08=00500000 x08=00500000 x12=00000000 sw      a2,-120(s0)
PC=000107d8 [f8d42623] x12=00000000 x08=00500000 x13=00000000 sw      a3,-116(s0)
PC=000107dc [fc042783] x15=ffffe000 x08=00500000 x00=00000000 lw      a5,-64(s0)
PC=000107e0 [fff7c793] x15=00001fff x15=ffffe000 x31=00000000 xori    a5,a5,-1
PC=000107e4 [ecf42023] x00=00000000 x08=00500000 x15=00001fff sw      a5,-320(s0)
PC=000107e8 [fc442783] x15=ffffe000 x08=00500000 x04=00000000 lw      a5,-60(s0)
PC=000107ec [fff7c793] x15=00001fff x15=ffffe000 x31=00000000 xori    a5,a5,-1
PC=000107f0 [ecf42223] x04=00000000 x08=00500000 x15=00001fff sw      a5,-316(s0)
PC=000107f4 [ec042783] x15=00000fff x08=00500000 x00=00000000 lw      a5,-320(s0)
PC=000107f8 [ec442803] x16=00000fff x08=00500000 x04=00000000 lw      a6,-316(s0)
PC=000107fc [f8f42023] x00=00000000 x08=00500000 x15=00000fff sw      a5,-128(s0)
PC=00010800 [f9042223] x04=00000000 x08=00500000 x16=00000fff sw      a6,-124(s0)
PC=00010804 [f8c42023] x00=00000000 x08=00500000 x12=00000000 sw      a2,-128(s0)
PC=00010808 [f8d42223] x04=00000000 x08=00500000 x13=00000000 sw      a3,-124(s0)
PC=0001080c [fcc42423] x08=00500000 x08=00500000 x12=00000000 sw      a2,-56(s0)
PC=00010810 [fcd42623] x12=00000000 x08=00500000 x13=00000000 sw      a3,-52(s0)
PC=00010814 [fcc42023] x00=00000000 x08=00500000 x12=00000000 sw      a2,-64(s0)
PC=00010818 [fcd42223] x04=00000000 x08=00500000 x13=00000000 sw      a3,-60(s0)
PC=0001081c [fc842703] x14=fffff000 x08=00500000 x08=00500000 lw      a4,-56(s0)
PC=00010820 [fc042783] x15=fffff000 x08=00500000 x00=00000000 lw      a5,-64(s0)
PC=00010824 [00f767b3] x15=fffff000 x14=fffff000 x15=fffff000 or      a5,a4,a5
PC=00010828 [eaf42c23] x24=00000000 x08=00500000 x15=fffff000 sw      a5,-328(s0)
PC=0001082c [fcc42703] x14=fffff000 x08=00500000 x12=00000000 lw      a4,-52(s0)
PC=00010830 [fc442783] x15=fffff000 x08=00500000 x04=00000000 lw      a5,-60(s0)
PC=00010834 [00f767b3] x15=fffff000 x14=fffff000 x15=fffff000 or      a5,a4,a5
PC=00010838 [eaf42e23] x28=00000000 x08=00500000 x15=fffff000 sw      a5,-324(s0)
PC=0001083c [eb842783] x15=ffffe000 x08=00500000 x24=00000000 lw      a5,-328(s0)
PC=00010840 [ebc42803] x16=ffffe000 x08=00500000 x28=00000000 lw      a6,-324(s0)
PC=00010844 [faf42c23] x24=00000000 x08=00500000 x15=ffffe000 sw      a5,-72(s0)
PC=00010848 [fb042e23] x28=00000000 x08=00500000 x16=ffffe000 sw      a6,-68(s0)
PC=0001084c [fac42c23] x24=00000000 x08=00500000 x12=00000000 sw      a2,-72(s0)
PC=00010850 [fad42e23] x28=00000000 x08=00500000 x13=00000000 sw      a3,-68(s0)
PC=00010854 [fc842703] x14=fffff000 x08=00500000 x08=00500000 lw      a4,-56(s0)
PC=00010858 [fc042783] x15=fffff000 x08=00500000 x00=00000000 lw      a5,-64(s0)
PC=0001085c [00f777b3] x15=fffff000 x14=fffff000 x15=fffff000 and     a5,a4,a5
PC=00010860 [eaf42823] x16=ffffe000 x08=00500000 x15=fffff000 sw      a5,-336(s0)
PC=00010864 [fcc42703] x14=fffff000 x08=00500000 x12=00000000 lw      a4,-52(s0)
PC=00010868 [fc442783] x15=fffff000 x08=00500000 x04=00000000 lw      a5,-60(s0)
PC=0001086c [00f777b3] x15=fffff000 x14=fffff000 x15=fffff000 and     a5,a4,a5
PC=00010870 [eaf42a23] x20=ffffe000 x08=00500000 x15=fffff000 sw      a5,-332(s0)
PC=00010874 [eb042783] x15=ffffe000 x08=00500000 x16=ffffe000 lw      a5,-336(s0)
PC=00010878 [eb442803] x16=ffffe000 x08=00500000 x20=ffffe000 lw      a6,-332(s0)
PC=0001087c [faf42823] x16=ffffe000 x08=00500000 x15=ffffe000 sw      a5,-80(s0)
PC=00010880 [fb042a23] x20=ffffe000 x08=00500000 x16=ffffe000 sw      a6,-76(s0)
PC=00010884 [fac42823] x16=ffffe000 x08=00500000 x12=00000000 sw      a2,-80(s0)
PC=00010888 [fad42a23] x20=ffffe000 x08=00500000 x13=00000000 sw      a3,-76(s0)
PC=0001088c [fc842703] x14=fffff000 x08=00500000 x08=00500000 lw      a4,-56(s0)
PC=00010890 [fc042783] x15=fffff000 x08=00500000 x00=00000000 lw      a5,-64(s0)
PC=00010894 [00f747b3] x15=00000000 x14=fffff000 x15=fffff000 xor     a5,a4,a5
PC=00010898 [eaf42423] x08=00500000 x08=00500000 x15=00000000 sw      a5,-344(s0)
PC=0001089c [fcc42703] x14=fffff000 x08=00500000 x12=00000000 lw      a4,-52(s0)
PC=000108a0 [fc442783] x15=fffff000 x08=00500000 x04=00000000 lw      a5,-60(s0)
PC=000108a4 [00f747b3] x15=00000000 x14=fffff000 x15=fffff000 xor     a5,a4,a5
PC=000108a8 [eaf42623] x12=00000000 x08=00500000 x15=00000000 sw      a5,-340(s0)
PC=000108ac [ea842783] x15=fffff000 x08=00500000 x08=00500000 lw      a5,-344(s0)
PC=000108b0 [eac42803] x16=fffff000 x08=00500000 x12=00000000 lw      a6,-340(s0)
PC=000108b4 [faf42423] x08=00500000 x08=00500000 x15=fffff000 sw      a5,-88(s0)
PC=000108b8 [fb042623] x12=00000000 x08=00500000 x16=fffff000 sw      a6,-84(s0)
PC=000108bc [fac42423] x08=00500000 x08=00500000 x12=00000000 sw      a2,-88(s0)
PC=000108c0 [fad42623] x12=00000000 x08=00500000 x13=00000000 sw      a3,-84(s0)
PC=000108c4 [fc842703] x14=fffff000 x08=00500000 x08=00500000 lw      a4,-56(s0)
PC=000108c8 [fc042783] x15=fffff000 x08=00500000 x00=00000000 lw      a5,-64(s0)
PC=000108cc [00f767b3] x15=fffff000 x14=fffff000 x15=fffff000 or      a5,a4,a5
PC=000108d0 [f4f42423] x08=00500000 x08=00500000 x15=fffff000 sw      a5,-184(s0)
PC=000108d4 [fcc42703] x14=fffff000 x08=00500000 x12=00000000 lw      a4,-52(s0)
PC=000108d8 [fc442783] x15=fffff000 x08=00500000 x04=00000000 lw      a5,-60(s0)
PC=000108dc [00f767b3] x15=fffff000 x14=fffff000 x15=fffff000 or      a5,a4,a5
PC=000108e0 [f4f42623] x12=00000000 x08=00500000 x15=fffff000 sw      a5,-180(s0)
PC=000108e4 [f4842503] x10=ffffe000 x08=00500000 x08=00500000 lw      a0,-184(s0)
PC=000108e8 [f4c42583] x11=ffffe000 x08=00500000 x12=00000000 lw      a1,-180(s0)
PC=000108ec [00050793] x15=ffffe000 x10=ffffe000 x00=00000000 addi    a5,a0,0
PC=000108f0 [fff7c793] x15=00001fff x15=ffffe000 x31=00000000 xori    a5,a5,-1
PC=000108f4 [faf42023] x00=00000000 x08=00500000 x15=00001fff sw      a5,-96(s0)
PC=000108f8 [00058793] x15=ffffe000 x11=ffffe000 x00=00000000 addi    a5,a1,0
PC=000108fc [fff7c793] x15=00001fff x15=ffffe000 x31=00000000 xori    a5,a5,-1
PC=00010900 [faf42223] x04=00000000 x08=00500000 x15=00001fff sw      a5,-92(s0)
PC=00010904 [fac42023] x00=00000000 x08=00500000 x12=00000000 sw      a2,-96(s0)
PC=00010908 [fad42223] x04=00000000 x08=00500000 x13=00000000 sw      a3,-92(s0)
PC=0001090c [fc842703] x14=fffff000 x08=00500000 x08=00500000 lw      a4,-56(s0)
PC=00010910 [fc042783] x15=fffff000 x08=00500000 x00=00000000 lw      a5,-64(s0)
PC=00010914 [00f777b3] x15=fffff000 x14=fffff000 x15=fffff000 and     a5,a4,a5
PC=00010918 [f4f42023] x00=00000000 x08=00500000 x15=fffff000 sw      a5,-192(s0)
PC=0001091c [fcc42703] x14=fffff000 x08=00500000 x12=00000000 lw      a4,-52(s0)
PC=00010920 [fc442783] x15=fffff000 x08=00500000 x04=00000000 lw      a5,-60(s0)
PC=00010924 [00f777b3] x15=fffff000 x14=fffff000 x15=fffff000 and     a5,a4,a5
PC=00010928 [f4f42223] x04=00000000 x08=00500000 x15=fffff000 sw      a5,-188(s0)
PC=0001092c [f4042503] x10=ffffe000 x08=00500000 x00=00000000 lw      a0,-192(s0)
PC=00010930 [f4442583] x11=ffffe000 x08=00500000 x04=00000000 lw      a1,-188(s0)
PC=00010934 [00050793] x15=ffffe000 x10=ffffe000 x00=00000000 addi    a5,a0,0
PC=00010938 [fff7c793] x15=00001fff x15=ffffe000 x31=00000000 xori    a5,a5,-1
PC=0001093c [f8f42c23] x24=00000000 x08=00500000 x15=00001fff sw      a5,-104(s0)
PC=00010940 [00058793] x15=ffffe000 x11=ffffe000 x00=00000000 addi    a5,a1,0
PC=00010944 [fff7c793] x15=00001fff x15=ffffe000 x31=00000000 xori    a5,a5,-1
PC=00010948 [f8f42e23] x28=00000000 x08=00500000 x15=00001fff sw      a5,-100(s0)
PC=0001094c [f8c42c23] x24=00000000 x08=00500000 x12=00000000 sw      a2,-104(s0)
PC=00010950 [f8d42e23] x28=00000000 x08=00500000 x13=00000000 sw      a3,-100(s0)
PC=00010954 [fc842703] x14=fffff000 x08=00500000 x08=00500000 lw      a4,-56(s0)
PC=00010958 [fc042783] x15=fffff000 x08=00500000 x00=00000000 lw      a5,-64(s0)
PC=0001095c [00f747b3] x15=00000000 x14=fffff000 x15=fffff000 xor     a5,a4,a5
PC=00010960 [f2f42c23] x24=00000000 x08=00500000 x15=00000000 sw      a5,-200(s0)
PC=00010964 [fcc42703] x14=fffff000 x08=00500000 x12=00000000 lw      a4,-52(s0)
PC=00010968 [fc442783] x15=fffff000 x08=00500000 x04=00000000 lw      a5,-60(s0)
PC=0001096c [00f747b3] x15=00000000 x14=fffff000 x15=fffff000 xor     a5,a4,a5
PC=00010970 [f2f42e23] x28=00000000 x08=00500000 x15=00000000 sw      a5,-196(s0)
PC=00010974 [f3842503] x10=fffff000 x08=00500000 x24=00000000 lw      a0,-200(s0)
PC=00010978 [f3c42583] x11=fffff000 x08=00500000 x28=00000000 lw      a1,-196(s0)
PC=0001097c [00050793] x15=fffff000 x10=fffff000 x00=00000000 addi    a5,a0,0
PC=00010980 [fff7c793] x15=00000fff x15=fffff000 x31=00000000 xori    a5,a5,-1
PC=00010984 [f8f42823] x16=fffff000 x08=00500000 x15=00000fff sw      a5,-112(s0)
PC=00010988 [00058793] x15=fffff000 x11=fffff000 x00=00000000 addi    a5,a1,0
PC=0001098c [fff7c793] x15=00000fff x15=fffff000 x31=00000000 xori    a5,a5,-1
PC=00010990 [f8f42a23] x20=ffffe000 x08=00500000 x15=00000fff sw      a5,-108(s0)
PC=00010994 [f8c42823] x16=fffff000 x08=00500000 x12=00000000 sw      a2,-112(s0)
PC=00010998 [f8d42a23] x20=ffffe000 x08=00500000 x13=00000000 sw      a3,-108(s0)
PC=0001099c [fc842783] x15=fffff000 x08=00500000 x08=00500000 lw      a5,-56(s0)
PC=000109a0 [fff7c793] x15=00000fff x15=fffff000 x31=00000000 xori    a5,a5,-1
PC=000109a4 [eaf42023] x00=00000000 x08=00500000 x15=00000fff sw      a5,-352(s0)
PC=000109a8 [fcc42783] x15=fffff000 x08=00500000 x12=00000000 lw      a5,-52(s0)
PC=000109ac [fff7c793] x15=00000fff x15=fffff000 x31=00000000 xori    a5,a5,-1
PC=000109b0 [eaf42223] x04=00000000 x08=00500000 x15=00000fff sw      a5,-348(s0)
PC=000109b4 [ea042783] x15=ffffffff x08=00500000 x00=00000000 lw      a5,-352(s0)
PC=000109b8 [ea442803] x16=ffffffff x08=00500000 x04=00000000 lw      a6,-348(s0)
PC=000109bc [f8f42423] x08=00500000 x08=00500000 x15=ffffffff sw      a5,-120(s0)
PC=000109c0 [f9042623] x12=00000000 x08=00500000 x16=ffffffff sw      a6,-116(s0)
PC=000109c4 [f8c42423] x08=00500000 x08=00500000 x12=00000000 sw      a2,-120(s0)
PC=000109c8 [f8d42623] x12=00000000 x08=00500000 x13=00000000 sw      a3,-116(s0)
PC=000109cc [fc042783] x15=fffff000 x08=00500000 x00=00000000 lw      a5,-64(s0)
PC=000109d0 [fff7c793] x15=00000fff x15=fffff000 x31=00000000 xori    a5,a5,-1
PC=000109d4 [e8f42c23] x24=00000000 x08=00500000 x15=00000fff sw      a5,-360(s0)
PC=000109d8 [fc442783] x15=fffff000 x08=00500000 x04=00000000 lw      a5,-60(s0)
PC=000109dc [fff7c793] x15=00000fff x15=fffff000 x31=00000000 xori    a5,a5,-1
PC=000109e0 [e8f42e23] x28=00000000 x08=00500000 x15=00000fff sw      a5,-356(s0)
PC=000109e4 [e9842783] x15=ffffffff x08=00500000 x24=00000000 lw      a5,-360(s0)
PC=000109e8 [e9c42803] x16=ffffffff x08=00500000 x28=00000000 lw      a6,-356(s0)
PC=000109ec [f8f42023] x00=00000000 x08=00500000 x15=ffffffff sw      a5,-128(s0)
PC=000109f0 [f9042223] x04=00000000 x08=00500000 x16=ffffffff sw      a6,-124(s0)
PC=000109f4 [f8c42023] x00=00000000 x08=00500000 x12=00000000 sw      a2,-128(s0)
PC=000109f8 [f8d42223] x04=00000000 x08=00500000 x13=00000000 sw      a3,-124(s0)
PC=000109fc [00000793] x15=00000000 x00=00000000 x00=00000000 addi    a5,zero,0
PC=00010a00 [00078513] x10=00000000 x15=00000000 x00=00000000 addi    a0,a5,0
PC=00010a04 [16c12403] x08=fffff000 x02=004ffe90 x12=00000000 lw      s0,364(sp)
PC=00010a08 [16812903] x18=fffff000 x02=004ffe90 x08=fffff000 lw      s2,360(sp)
PC=00010a0c [16412983] x19=fffff000 x02=004ffe90 x04=00000000 lw      s3,356(sp)
PC=00010a10 [16012a03] x20=fffff000 x02=004ffe90 x00=00000000 lw      s4,352(sp)
PC=00010a14 [15c12a83] x21=fffff000 x02=004ffe90 x28=00000000 lw      s5,348(sp)
PC=00010a18 [15812b03] x22=fffff000 x02=004ffe90 x24=00000000 lw      s6,344(sp)
PC=00010a1c [15412b83] x23=fffff000 x02=004ffe90 x20=fffff000 lw      s7,340(sp)
PC=00010a20 [15012c03] x24=fffff000 x02=004ffe90 x16=ffffffff lw      s8,336(sp)
PC=00010a24 [14c12c83] x25=fffff000 x02=004ffe90 x12=00000000 lw      s9,332(sp)
PC=00010a28 [14812d03] x26=fffff000 x02=004ffe90 x08=fffff000 lw      s10,328(sp)
PC=00010a2c [14412d83] x27=fffff000 x02=004ffe90 x04=00000000 lw      s11,324(sp)
PC=00010a30 [17010113] x02=00500000 x02=004ffe90 x16=ffffffff addi    sp,sp,368
PC=00010a34 [00008067] x00=0001009c x01=0001009c x00=00000000 jalr    zero,ra,0
PC=0001009c [200002b7] x05=20000000 x00=0001009c x00=0001009c lui     t0,536870912
PC=000100a0 [000280e7] x01=20000000 x05=20000000 x00=0001009c jalr    ra,t0,0
