PC=00010094 [00500137] x02=00500000 x00=00000000 x05=00000000 lui     sp,5242880
PC=00010098 [010000ef] x01=0001009c x00=00000000 x16=00000000 jal     ra,16
PC=000100a8 [fe010113] x02=004fffe0 x02=00500000 x00=00000000 addi    sp,sp,-32
PC=000100ac [00812e23] x28=00000000 x02=004fffe0 x08=00000000 sw      s0,28(sp)
PC=000100b0 [02010413] x08=00500000 x02=004fffe0 x00=00000000 addi    s0,sp,32
PC=000100b4 [00010f37] x30=00010000 x02=004fffe0 x00=00000000 lui     t5,65536
PC=000100b8 [24cf2f83] x31=fffff000 x30=00010000 x12=00000000 lw      t6,588(t5)
PC=000100bc [248f2f03] x30=fffff000 x30=00010000 x08=00500000 lw      t5,584(t5)
PC=000100c0 [ffe42423] x08=00500000 x08=00500000 x30=fffff000 sw      t5,-24(s0)
PC=000100c4 [fff42623] x12=00000000 x08=00500000 x31=fffff000 sw      t6,-20(s0)
PC=000100c8 [fe842f83] x31=ffffe000 x08=00500000 x08=00500000 lw      t6,-24(s0)
PC=000100cc [f0f0ff37] x30=f0f0f000 x01=0001009c x15=00000000 lui     t5,-252645376
PC=000100d0 [0f0f0f13] x30=f0f0f0f0 x30=f0f0f000 x16=00000000 addi    t5,t5,240
PC=000100d4 [01efee33] x28=fffff0f0 x31=ffffe000 x30=f0f0f0f0 or      t3,t6,t5
PC=000100d8 [fec42f83] x31=ffffe000 x08=00500000 x12=00000000 lw      t6,-20(s0)
PC=000100dc [f0f0ff37] x30=f0f0f000 x01=0001009c x15=00000000 lui     t5,-252645376
PC=000100e0 [0f0f0f13] x30=f0f0f0f0 x30=f0f0f000 x16=00000000 addi    t5,t5,240
PC=000100e4 [01efeeb3] x29=fffff0f0 x31=ffffe000 x30=f0f0f0f0 or      t4,t6,t5
PC=000100e8 [ffc42023] x00=00000000 x08=00500000 x28=fffff0f0 sw      t3,-32(s0)
PC=000100ec [ffd42223] x04=00000000 x08=00500000 x29=fffff0f0 sw      t4,-28(s0)
PC=000100f0 [00000f13] x30=00000000 x00=00000000 x00=00000000 addi    t5,zero,0
PC=000100f4 [00000f93] x31=00000000 x00=00000000 x00=00000000 addi    t6,zero,0
PC=000100f8 [ffe42023] x00=00000000 x08=00500000 x30=00000000 sw      t5,-32(s0)
PC=000100fc [fff42223] x04=00000000 x08=00500000 x31=00000000 sw      t6,-28(s0)
PC=00010100 [fe842e83] x29=ffffe000 x08=00500000 x08=00500000 lw      t4,-24(s0)
PC=00010104 [f0f0fe37] x28=f0f0f000 x01=0001009c x15=00000000 lui     t3,-252645376
PC=00010108 [0f0e0e13] x28=f0f0f0f0 x28=f0f0f000 x16=00000000 addi    t3,t3,240
PC=0001010c [01cef333] x06=f0f0e000 x29=ffffe000 x28=f0f0f0f0 and     t1,t4,t3
PC=00010110 [fec42e83] x29=ffffe000 x08=00500000 x12=00000000 lw      t4,-20(s0)
PC=00010114 [f0f0fe37] x28=f0f0f000 x01=0001009c x15=00000000 lui     t3,-252645376
PC=00010118 [0f0e0e13] x28=f0f0f0f0 x28=f0f0f000 x16=00000000 addi    t3,t3,240
PC=0001011c [01cef3b3] x07=f0f0e000 x29=ffffe000 x28=f0f0f0f0 and     t2,t4,t3
PC=00010120 [fe642023] x00=00000000 x08=00500000 x06=f0f0e000 sw      t1,-32(s0)
PC=00010124 [fe742223] x04=00000000 x08=00500000 x07=f0f0e000 sw      t2,-28(s0)
PC=00010128 [000f0e93] x29=00000000 x30=00000000 x00=00000000 addi    t4,t5,0
PC=0001012c [000f8f13] x30=00000000 x31=00000000 x00=00000000 addi    t5,t6,0
PC=00010130 [ffd42023] x00=00000000 x08=00500000 x29=00000000 sw      t4,-32(s0)
PC=00010134 [ffe42223] x04=00000000 x08=00500000 x30=00000000 sw      t5,-28(s0)
PC=00010138 [fe842e03] x28=ffffe000 x08=00500000 x08=00500000 lw      t3,-24(s0)
PC=0001013c [f0f0f337] x06=f0f0f000 x01=0001009c x15=00000000 lui     t1,-252645376
PC=00010140 [0f030313] x06=f0f0f0f0 x06=f0f0f000 x16=00000000 addi    t1,t1,240
PC=00010144 [006e4833] x16=0f0f10f0 x28=ffffe000 x06=f0f0f0f0 xor     a6,t3,t1
PC=00010148 [fec42e03] x28=ffffe000 x08=00500000 x12=00000000 lw      t3,-20(s0)
PC=0001014c [f0f0f337] x06=f0f0f000 x01=0001009c x15=00000000 lui     t1,-252645376
PC=00010150 [0f030313] x06=f0f0f0f0 x06=f0f0f000 x16=0f0f10f0 addi    t1,t1,240
PC=00010154 [006e48b3] x17=0f0f10f0 x28=ffffe000 x06=f0f0f0f0 xor     a7,t3,t1
PC=00010158 [ff042023] x00=00000000 x08=00500000 x16=0f0f10f0 sw      a6,-32(s0)
PC=0001015c [ff142223] x04=00000000 x08=00500000 x17=0f0f10f0 sw      a7,-28(s0)
PC=00010160 [000e8313] x06=00000000 x29=00000000 x00=00000000 addi    t1,t4,0
PC=00010164 [000f0393] x07=00000000 x30=00000000 x00=00000000 addi    t2,t5,0
PC=00010168 [fe642023] x00=00000000 x08=00500000 x06=00000000 sw      t1,-32(s0)
PC=0001016c [fe742223] x04=00000000 x08=00500000 x07=00000000 sw      t2,-28(s0)
PC=00010170 [fe842883] x17=ffffe000 x08=00500000 x08=00500000 lw      a7,-24(s0)
PC=00010174 [f0f0f837] x16=f0f0f000 x01=0001009c x15=00000000 lui     a6,-252645376
PC=00010178 [0f080813] x16=f0f0f0f0 x16=f0f0f000 x16=f0f0f000 addi    a6,a6,240
PC=0001017c [0108e633] x12=fffff0f0 x17=ffffe000 x16=f0f0f0f0 or      a2,a7,a6
PC=00010180 [fec42883] x17=ffffe000 x08=00500000 x12=fffff0f0 lw      a7,-20(s0)
PC=00010184 [f0f0f837] x16=f0f0f000 x01=0001009c x15=00000000 lui     a6,-252645376
PC=00010188 [0f080813] x16=f0f0f0f0 x16=f0f0f000 x16=f0f0f000 addi    a6,a6,240
PC=0001018c [0108e6b3] x13=fffff0f0 x17=ffffe000 x16=f0f0f0f0 or      a3,a7,a6
PC=00010190 [fff64813] x16=00000f0f x12=fffff0f0 x31=00000000 xori    a6,a2,-1
PC=00010194 [ff042023] x00=00000000 x08=00500000 x16=00000f0f sw      a6,-32(s0)
PC=00010198 [fff6c693] x13=00000f0f x13=fffff0f0 x31=00000000 xori    a3,a3,-1
PC=0001019c [fed42223] x04=00000000 x08=00500000 x13=00000f0f sw      a3,-28(s0)
PC=000101a0 [00030813] x16=00000000 x06=00000000 x00=00000000 addi    a6,t1,0
PC=000101a4 [00038893] x17=00000000 x07=00000000 x00=00000000 addi    a7,t2,0
PC=000101a8 [ff042023] x00=00000000 x08=00500000 x16=00000000 sw      a6,-32(s0)
PC=000101ac [ff142223] x04=00000000 x08=00500000 x17=00000000 sw      a7,-28(s0)
PC=000101b0 [fe842603] x12=ffffe000 x08=00500000 x08=00500000 lw      a2,-24(s0)
PC=000101b4 [f0f0f6b7] x13=f0f0f000 x01=0001009c x15=00000000 lui     a3,-252645376
PC=000101b8 [0f068693] x13=f0f0f0f0 x13=f0f0f000 x16=00000000 addi    a3,a3,240
PC=000101bc [00d67733] x14=f0f0e000 x12=ffffe000 x13=f0f0f0f0 and     a4,a2,a3
PC=000101c0 [fec42603] x12=ffffe000 x08=00500000 x12=ffffe000 lw      a2,-20(s0)
PC=000101c4 [f0f0f6b7] x13=f0f0f000 x01=0001009c x15=00000000 lui     a3,-252645376
PC=000101c8 [0f068693] x13=f0f0f0f0 x13=f0f0f000 x16=00000000 addi    a3,a3,240
PC=000101cc [00d677b3] x15=f0f0e000 x12=ffffe000 x13=f0f0f0f0 and     a5,a2,a3
PC=000101d0 [fff74693] x13=0f0f1fff x14=f0f0e000 x31=00000000 xori    a3,a4,-1
PC=000101d4 [fed42023] x00=00000000 x08=00500000 x13=0f0f1fff sw      a3,-32(s0)
PC=000101d8 [fff7c793] x15=0f0f1fff x15=f0f0e000 x31=00000000 xori    a5,a5,-1
PC=000101dc [fef42223] x04=00000000 x08=00500000 x15=0f0f1fff sw      a5,-28(s0)
PC=000101e0 [ff042023] x00=00000000 x08=00500000 x16=00000000 sw      a6,-32(s0)
PC=000101e4 [ff142223] x04=00000000 x08=00500000 x17=00000000 sw      a7,-28(s0)
PC=000101e8 [fe842703] x14=ffffe000 x08=00500000 x08=00500000 lw      a4,-24(s0)
PC=000101ec [0f0f17b7] x15=0f0f1000 x30=00000000 x16=00000000 lui     a5,252645376
PC=000101f0 [f0f78793] x15=0f0f0f0f x15=0f0f1000 x15=0f0f1000 addi    a5,a5,-241
PC=000101f4 [00f74533] x10=f0f0ef0f x14=ffffe000 x15=0f0f0f0f xor     a0,a4,a5
PC=000101f8 [fec42703] x14=ffffe000 x08=00500000 x12=ffffe000 lw      a4,-20(s0)
PC=000101fc [0f0f17b7] x15=0f0f1000 x30=00000000 x16=00000000 lui     a5,252645376
PC=00010200 [f0f78793] x15=0f0f0f0f x15=0f0f1000 x15=0f0f1000 addi    a5,a5,-241
PC=00010204 [00f745b3] x11=f0f0ef0f x14=ffffe000 x15=0f0f0f0f xor     a1,a4,a5
PC=00010208 [fea42023] x00=00000000 x08=00500000 x10=f0f0ef0f sw      a0,-32(s0)
PC=0001020c [feb42223] x04=00000000 x08=00500000 x11=f0f0ef0f sw      a1,-28(s0)
PC=00010210 [ff042023] x00=00000000 x08=00500000 x16=00000000 sw      a6,-32(s0)
PC=00010214 [ff142223] x04=00000000 x08=00500000 x17=00000000 sw      a7,-28(s0)
PC=00010218 [000107b7] x15=00010000 x02=004fffe0 x00=00000000 lui     a5,65536
PC=0001021c [2507a703] x14=fffff000 x15=00010000 x16=00000000 lw      a4,592(a5)
PC=00010220 [2547a783] x15=fffff000 x15=00010000 x20=00000000 lw      a5,596(a5)
PC=00010224 [fee42023] x00=00000000 x08=00500000 x14=fffff000 sw      a4,-32(s0)
PC=00010228 [fef42223] x04=00000000 x08=00500000 x15=fffff000 sw      a5,-28(s0)
PC=0001022c [ff042023] x00=00000000 x08=00500000 x16=00000000 sw      a6,-32(s0)
PC=00010230 [ff142223] x04=00000000 x08=00500000 x17=00000000 sw      a7,-28(s0)
PC=00010234 [00000793] x15=00000000 x00=00000000 x00=00000000 addi    a5,zero,0
PC=00010238 [00078513] x10=00000000 x15=00000000 x00=00000000 addi    a0,a5,0
PC=0001023c [01c12403] x08=fffff000 x02=004fffe0 x28=ffffe000 lw      s0,28(sp)
PC=00010240 [02010113] x02=00500000 x02=004fffe0 x00=00000000 addi    sp,sp,32
PC=00010244 [00008067] x00=0001009c x01=0001009c x00=00000000 jalr    zero,ra,0
PC=0001009c [200002b7] x05=20000000 x00=0001009c x00=0001009c lui     t0,536870912
PC=000100a0 [000280e7] x01=20000000 x05=20000000 x00=0001009c jalr    ra,t0,0
