PC=00010094 [00500137] x02=00500000 x00=00000000 x05=00000000 lui     sp,5242880
PC=00010098 [010000ef] x01=0001009c x00=00000000 x16=00000000 jal     ra,16
PC=000100a8 [fe010113] x02=004fffe0 x02=00500000 x00=00000000 addi    sp,sp,-32
PC=000100ac [00812e23] x28=00000000 x02=004fffe0 x08=00000000 sw      s0,28(sp)
PC=000100b0 [02010413] x08=00500000 x02=004fffe0 x00=00000000 addi    s0,sp,32
PC=000100b4 [fe000793] x15=ffffffe0 x00=00000000 x00=00000000 addi    a5,zero,-32
PC=000100b8 [fef42623] x12=00000000 x08=00500000 x15=ffffffe0 sw      a5,-20(s0)
PC=000100bc [fce00793] x15=ffffffce x00=00000000 x14=00000000 addi    a5,zero,-50
PC=000100c0 [fef42423] x08=00500000 x08=00500000 x15=ffffffce sw      a5,-24(s0)
PC=000100c4 [fe042223] x04=00000000 x08=00500000 x00=00000000 sw      zero,-28(s0)
PC=000100c8 [fec42783] x15=ffffefe0 x08=00500000 x12=00000000 lw      a5,-20(s0)
PC=000100cc [fce7a793] x15=00000001 x15=ffffefe0 x14=00000000 slti    a5,a5,-50
PC=000100d0 [0ff7f793] x15=00000001 x15=00000001 x31=00000000 andi    a5,a5,255
PC=000100d4 [fef42223] x04=00000000 x08=00500000 x15=00000001 sw      a5,-28(s0)
PC=000100d8 [fe042223] x04=00000000 x08=00500000 x00=00000000 sw      zero,-28(s0)
PC=000100dc [ffb00793] x15=fffffffb x00=00000000 x27=00000000 addi    a5,zero,-5
PC=000100e0 [fef42423] x08=00500000 x08=00500000 x15=fffffffb sw      a5,-24(s0)
PC=000100e4 [fec42783] x15=ffffefe0 x08=00500000 x12=00000000 lw      a5,-20(s0)
PC=000100e8 [ffb7a793] x15=00000001 x15=ffffefe0 x27=00000000 slti    a5,a5,-5
PC=000100ec [0ff7f793] x15=00000001 x15=00000001 x31=00000000 andi    a5,a5,255
PC=000100f0 [fef42223] x04=00000000 x08=00500000 x15=00000001 sw      a5,-28(s0)
PC=000100f4 [fe042223] x04=00000000 x08=00500000 x00=00000000 sw      zero,-28(s0)
PC=000100f8 [0c800793] x15=000000c8 x00=00000000 x08=00500000 addi    a5,zero,200
PC=000100fc [fef42623] x12=00000000 x08=00500000 x15=000000c8 sw      a5,-20(s0)
PC=00010100 [0fa00793] x15=000000fa x00=00000000 x26=00000000 addi    a5,zero,250
PC=00010104 [fef42423] x08=00500000 x08=00500000 x15=000000fa sw      a5,-24(s0)
PC=00010108 [fec42783] x15=fffff0c8 x08=00500000 x12=00000000 lw      a5,-20(s0)
PC=0001010c [0fa7a793] x15=00000001 x15=fffff0c8 x26=00000000 slti    a5,a5,250
PC=00010110 [0ff7f793] x15=00000001 x15=00000001 x31=00000000 andi    a5,a5,255
PC=00010114 [fef42223] x04=00000000 x08=00500000 x15=00000001 sw      a5,-28(s0)
PC=00010118 [fe042223] x04=00000000 x08=00500000 x00=00000000 sw      zero,-28(s0)
PC=0001011c [0d200793] x15=000000d2 x00=00000000 x18=00000000 addi    a5,zero,210
PC=00010120 [fef42423] x08=00500000 x08=00500000 x15=000000d2 sw      a5,-24(s0)
PC=00010124 [fec42783] x15=fffff0c8 x08=00500000 x12=00000000 lw      a5,-20(s0)
PC=00010128 [0d27a793] x15=00000001 x15=fffff0c8 x18=00000000 slti    a5,a5,210
PC=0001012c [0ff7f793] x15=00000001 x15=00000001 x31=00000000 andi    a5,a5,255
PC=00010130 [fef42223] x04=00000000 x08=00500000 x15=00000001 sw      a5,-28(s0)
PC=00010134 [fe042223] x04=00000000 x08=00500000 x00=00000000 sw      zero,-28(s0)
PC=00010138 [00000793] x15=00000000 x00=00000000 x00=00000000 addi    a5,zero,0
PC=0001013c [00078513] x10=00000000 x15=00000000 x00=00000000 addi    a0,a5,0
PC=00010140 [01c12403] x08=fffff000 x02=004fffe0 x28=00000000 lw      s0,28(sp)
PC=00010144 [02010113] x02=00500000 x02=004fffe0 x00=00000000 addi    sp,sp,32
PC=00010148 [00008067] x00=0001009c x01=0001009c x00=00000000 jalr    zero,ra,0
PC=0001009c [200002b7] x05=20000000 x00=0001009c x00=0001009c lui     t0,536870912
PC=000100a0 [000280e7] x01=20000000 x05=20000000 x00=0001009c jalr    ra,t0,0
