PC=00010094 [00500137] x02=00500000 x00=00000000 x05=00000000 lui     sp,5242880
PC=00010098 [010000ef] x01=0001009c x00=00000000 x16=00000000 jal     ra,16
PC=000100a8 [fe010113] x02=004fffe0 x02=00500000 x00=00000000 addi    sp,sp,-32
PC=000100ac [00812e23] x28=00000000 x02=004fffe0 x08=00000000 sw      s0,28(sp)
PC=000100b0 [02010413] x08=00500000 x02=004fffe0 x00=00000000 addi    s0,sp,32
PC=000100b4 [fe042623] x12=00000000 x08=00500000 x00=00000000 sw      zero,-20(s0)
PC=000100b8 [fec42783] x15=fffff000 x08=00500000 x12=00000000 lw      a5,-20(s0)
PC=000100bc [01f7e793] x15=fffff01f x15=fffff000 x31=00000000 ori     a5,a5,31
PC=000100c0 [fef42423] x08=00500000 x08=00500000 x15=fffff01f sw      a5,-24(s0)
PC=000100c4 [fe042423] x08=00500000 x08=00500000 x00=00000000 sw      zero,-24(s0)
PC=000100c8 [fec42783] x15=fffff000 x08=00500000 x12=00000000 lw      a5,-20(s0)
PC=000100cc [00f7e793] x15=fffff00f x15=fffff000 x15=fffff000 ori     a5,a5,15
PC=000100d0 [fef42423] x08=00500000 x08=00500000 x15=fffff00f sw      a5,-24(s0)
PC=000100d4 [fe042423] x08=00500000 x08=00500000 x00=00000000 sw      zero,-24(s0)
PC=000100d8 [fec42783] x15=fffff000 x08=00500000 x12=00000000 lw      a5,-20(s0)
PC=000100dc [0117e793] x15=fffff011 x15=fffff000 x17=00000000 ori     a5,a5,17
PC=000100e0 [fef42423] x08=00500000 x08=00500000 x15=fffff011 sw      a5,-24(s0)
PC=000100e4 [fe042423] x08=00500000 x08=00500000 x00=00000000 sw      zero,-24(s0)
PC=000100e8 [fec42783] x15=fffff000 x08=00500000 x12=00000000 lw      a5,-20(s0)
PC=000100ec [1017e793] x15=fffff101 x15=fffff000 x01=0001009c ori     a5,a5,257
PC=000100f0 [fff7c793] x15=00000efe x15=fffff101 x31=00000000 xori    a5,a5,-1
PC=000100f4 [fef42423] x08=00500000 x08=00500000 x15=00000efe sw      a5,-24(s0)
PC=000100f8 [fe042423] x08=00500000 x08=00500000 x00=00000000 sw      zero,-24(s0)
PC=000100fc [fec42783] x15=fffff000 x08=00500000 x12=00000000 lw      a5,-20(s0)
PC=00010100 [1117e793] x15=fffff111 x15=fffff000 x17=00000000 ori     a5,a5,273
PC=00010104 [fff7c793] x15=00000eee x15=fffff111 x31=00000000 xori    a5,a5,-1
PC=00010108 [fef42423] x08=00500000 x08=00500000 x15=00000eee sw      a5,-24(s0)
PC=0001010c [fe042423] x08=00500000 x08=00500000 x00=00000000 sw      zero,-24(s0)
PC=00010110 [fec42703] x14=fffff000 x08=00500000 x12=00000000 lw      a4,-20(s0)
PC=00010114 [000017b7] x15=00001000 x00=00000000 x00=00000000 lui     a5,4096
PC=00010118 [fff78793] x15=00000fff x15=00001000 x31=00000000 addi    a5,a5,-1
PC=0001011c [00f767b3] x15=ffffffff x14=fffff000 x15=00000fff or      a5,a4,a5
PC=00010120 [fff7c793] x15=00000000 x15=ffffffff x31=00000000 xori    a5,a5,-1
PC=00010124 [fef42423] x08=00500000 x08=00500000 x15=00000000 sw      a5,-24(s0)
PC=00010128 [fe042423] x08=00500000 x08=00500000 x00=00000000 sw      zero,-24(s0)
PC=0001012c [00000793] x15=00000000 x00=00000000 x00=00000000 addi    a5,zero,0
PC=00010130 [00078513] x10=00000000 x15=00000000 x00=00000000 addi    a0,a5,0
PC=00010134 [01c12403] x08=fffff000 x02=004fffe0 x28=00000000 lw      s0,28(sp)
PC=00010138 [02010113] x02=00500000 x02=004fffe0 x00=00000000 addi    sp,sp,32
PC=0001013c [00008067] x00=0001009c x01=0001009c x00=00000000 jalr    zero,ra,0
PC=0001009c [200002b7] x05=20000000 x00=0001009c x00=0001009c lui     t0,536870912
PC=000100a0 [000280e7] x01=20000000 x05=20000000 x00=0001009c jalr    ra,t0,0
