PC=00010094 [00500137] x02=00500000 x00=00000000 x05=00000000 lui     sp,5242880
PC=00010098 [010000ef] x01=0001009c x00=00000000 x16=00000000 jal     ra,16
PC=000100a8 [f6010113] x02=004fff60 x02=00500000 x00=00000000 addi    sp,sp,-160
PC=000100ac [08812e23] x28=00000000 x02=004fff60 x08=00000000 sw      s0,156(sp)
PC=000100b0 [09212c23] x24=00000000 x02=004fff60 x18=00000000 sw      s2,152(sp)
PC=000100b4 [09312a23] x20=00000000 x02=004fff60 x19=00000000 sw      s3,148(sp)
PC=000100b8 [09412823] x16=00000000 x02=004fff60 x20=00000000 sw      s4,144(sp)
PC=000100bc [09512623] x12=00000000 x02=004fff60 x21=00000000 sw      s5,140(sp)
PC=000100c0 [09612423] x08=00000000 x02=004fff60 x22=00000000 sw      s6,136(sp)
PC=000100c4 [09712223] x04=00000000 x02=004fff60 x23=00000000 sw      s7,132(sp)
PC=000100c8 [09812023] x00=00000000 x02=004fff60 x24=00000000 sw      s8,128(sp)
PC=000100cc [07912e23] x28=00000000 x02=004fff60 x25=00000000 sw      s9,124(sp)
PC=000100d0 [07a12c23] x24=00000000 x02=004fff60 x26=00000000 sw      s10,120(sp)
PC=000100d4 [07b12a23] x20=00000000 x02=004fff60 x27=00000000 sw      s11,116(sp)
PC=000100d8 [0a010413] x08=00500000 x02=004fff60 x00=00000000 addi    s0,sp,160
PC=000100dc [000107b7] x15=00010000 x02=004fff60 x00=00000000 lui     a5,65536
PC=000100e0 [3c87a703] x14=fffff000 x15=00010000 x08=00500000 lw      a4,968(a5)
PC=000100e4 [3cc7a783] x15=fffff000 x15=00010000 x12=00000000 lw      a5,972(a5)
PC=000100e8 [fce42423] x08=00500000 x08=00500000 x14=fffff000 sw      a4,-56(s0)
PC=000100ec [fcf42623] x12=00000000 x08=00500000 x15=fffff000 sw      a5,-52(s0)
PC=000100f0 [fcc42783] x15=ffffe000 x08=00500000 x12=00000000 lw      a5,-52(s0)
PC=000100f4 [0187da13] x20=ffffffff x15=ffffe000 x24=00000000 srli    s4,a5,24
PC=000100f8 [00000a93] x21=00000000 x00=00000000 x00=00000000 addi    s5,zero,0
PC=000100fc [fcc42783] x15=ffffe000 x08=00500000 x12=00000000 lw      a5,-52(s0)
PC=00010100 [0087d813] x16=ffffffe0 x15=ffffe000 x08=00500000 srli    a6,a5,8
PC=00010104 [00000893] x17=00000000 x00=00000000 x00=00000000 addi    a7,zero,0
PC=00010108 [000107b7] x15=00010000 x02=004fff60 x00=00000000 lui     a5,65536
PC=0001010c [f0078793] x15=0000ff00 x15=00010000 x00=00000000 addi    a5,a5,-256
PC=00010110 [00f87633] x12=0000ff00 x16=ffffffe0 x15=0000ff00 and     a2,a6,a5
PC=00010114 [0008f693] x13=00000000 x17=00000000 x00=00000000 andi    a3,a7,0
PC=00010118 [00ca67b3] x15=ffffffff x20=ffffffff x12=0000ff00 or      a5,s4,a2
PC=0001011c [faf42423] x08=00500000 x08=00500000 x15=ffffffff sw      a5,-88(s0)
PC=00010120 [00dae7b3] x15=00000000 x21=00000000 x13=00000000 or      a5,s5,a3
PC=00010124 [faf42623] x12=0000ff00 x08=00500000 x15=00000000 sw      a5,-84(s0)
PC=00010128 [fcc42783] x15=ffffe000 x08=00500000 x12=0000ff00 lw      a5,-52(s0)
PC=0001012c [00879713] x14=ffe00000 x15=ffffe000 x08=00500000 slli    a4,a5,8
PC=00010130 [fc842783] x15=ffffe000 x08=00500000 x08=00500000 lw      a5,-56(s0)
PC=00010134 [0187d513] x10=ffffffff x15=ffffe000 x24=00000000 srli    a0,a5,24
PC=00010138 [00a76533] x10=ffffffff x14=ffe00000 x10=ffffffff or      a0,a4,a0
PC=0001013c [fcc42783] x15=ffffe000 x08=00500000 x12=0000ff00 lw      a5,-52(s0)
PC=00010140 [0187d593] x11=ffffffff x15=ffffe000 x24=00000000 srli    a1,a5,24
PC=00010144 [00ff07b7] x15=00ff0000 x30=00000000 x15=ffffe000 lui     a5,16711680
PC=00010148 [00f57933] x18=00ff0000 x10=ffffffff x15=00ff0000 and     s2,a0,a5
PC=0001014c [0005f993] x19=00000000 x11=ffffffff x00=00000000 andi    s3,a1,0
PC=00010150 [fa842783] x15=ffffefff x08=00500000 x08=00500000 lw      a5,-88(s0)
PC=00010154 [fac42803] x16=fffff000 x08=00500000 x12=0000ff00 lw      a6,-84(s0)
PC=00010158 [00078713] x14=ffffefff x15=ffffefff x00=00000000 addi    a4,a5,0
PC=0001015c [01276733] x14=ffffefff x14=ffffefff x18=00ff0000 or      a4,a4,s2
PC=00010160 [fae42023] x00=00000000 x08=00500000 x14=ffffefff sw      a4,-96(s0)
PC=00010164 [00080793] x15=fffff000 x16=fffff000 x00=00000000 addi    a5,a6,0
PC=00010168 [0137e7b3] x15=fffff000 x15=fffff000 x19=00000000 or      a5,a5,s3
PC=0001016c [faf42223] x04=00000000 x08=00500000 x15=fffff000 sw      a5,-92(s0)
PC=00010170 [fcc42783] x15=ffffe000 x08=00500000 x12=0000ff00 lw      a5,-52(s0)
PC=00010174 [01879713] x14=00000000 x15=ffffe000 x24=00000000 slli    a4,a5,24
PC=00010178 [fc842783] x15=ffffe000 x08=00500000 x08=00500000 lw      a5,-56(s0)
PC=0001017c [0087df13] x30=ffffffe0 x15=ffffe000 x08=00500000 srli    t5,a5,8
PC=00010180 [01e76f33] x30=ffffffe0 x14=00000000 x30=ffffffe0 or      t5,a4,t5
PC=00010184 [fcc42783] x15=ffffe000 x08=00500000 x12=0000ff00 lw      a5,-52(s0)
PC=00010188 [0087df93] x31=ffffffe0 x15=ffffe000 x08=00500000 srli    t6,a5,8
PC=0001018c [ff0007b7] x15=ff000000 x00=00000000 x16=fffff000 lui     a5,-16777216
PC=00010190 [00ff77b3] x15=ff000000 x30=ffffffe0 x15=ff000000 and     a5,t5,a5
PC=00010194 [f8f42c23] x24=00000000 x08=00500000 x15=ff000000 sw      a5,-104(s0)
PC=00010198 [000ff793] x15=00000000 x31=ffffffe0 x00=00000000 andi    a5,t6,0
PC=0001019c [f8f42e23] x28=00000000 x08=00500000 x15=00000000 sw      a5,-100(s0)
PC=000101a0 [fa042683] x13=ffffdfff x08=00500000 x00=00000000 lw      a3,-96(s0)
PC=000101a4 [fa442703] x14=ffffe000 x08=00500000 x04=00000000 lw      a4,-92(s0)
PC=000101a8 [00068613] x12=ffffdfff x13=ffffdfff x00=00000000 addi    a2,a3,0
PC=000101ac [f9842783] x15=fefff000 x08=00500000 x24=00000000 lw      a5,-104(s0)
PC=000101b0 [f9c42803] x16=fffff000 x08=00500000 x28=00000000 lw      a6,-100(s0)
PC=000101b4 [00078593] x11=fefff000 x15=fefff000 x00=00000000 addi    a1,a5,0
PC=000101b8 [00b66633] x12=ffffffff x12=ffffdfff x11=fefff000 or      a2,a2,a1
PC=000101bc [f8c42823] x16=fffff000 x08=00500000 x12=ffffffff sw      a2,-112(s0)
PC=000101c0 [00080793] x15=fffff000 x16=fffff000 x00=00000000 addi    a5,a6,0
PC=000101c4 [00f767b3] x15=fffff000 x14=ffffe000 x15=fffff000 or      a5,a4,a5
PC=000101c8 [f8f42a23] x20=ffffffff x08=00500000 x15=fffff000 sw      a5,-108(s0)
PC=000101cc [fc842783] x15=ffffe000 x08=00500000 x08=00500000 lw      a5,-56(s0)
PC=000101d0 [0187d793] x15=ffffffff x15=ffffe000 x24=00000000 srli    a5,a5,24
PC=000101d4 [fcc42703] x14=ffffe000 x08=00500000 x12=ffffffff lw      a4,-52(s0)
PC=000101d8 [00871e93] x29=ffe00000 x14=ffffe000 x08=00500000 slli    t4,a4,8
PC=000101dc [01d7eeb3] x29=ffffffff x15=ffffffff x29=ffe00000 or      t4,a5,t4
PC=000101e0 [fc842783] x15=ffffe000 x08=00500000 x08=00500000 lw      a5,-56(s0)
PC=000101e4 [00879e13] x28=ffe00000 x15=ffffe000 x08=00500000 slli    t3,a5,8
PC=000101e8 [000e7793] x15=00000000 x28=ffe00000 x00=00000000 andi    a5,t3,0
PC=000101ec [f8f42423] x08=00500000 x08=00500000 x15=00000000 sw      a5,-120(s0)
PC=000101f0 [0ffef793] x15=000000ff x29=ffffffff x31=ffffffe0 andi    a5,t4,255
PC=000101f4 [f8f42623] x12=ffffffff x08=00500000 x15=000000ff sw      a5,-116(s0)
PC=000101f8 [f9042683] x13=ffffefff x08=00500000 x16=fffff000 lw      a3,-112(s0)
PC=000101fc [f9442703] x14=ffffe000 x08=00500000 x20=ffffffff lw      a4,-108(s0)
PC=00010200 [00068613] x12=ffffefff x13=ffffefff x00=00000000 addi    a2,a3,0
PC=00010204 [f8842783] x15=fffff000 x08=00500000 x08=00500000 lw      a5,-120(s0)
PC=00010208 [f8c42803] x16=fffff0ff x08=00500000 x12=ffffefff lw      a6,-116(s0)
PC=0001020c [00078593] x11=fffff000 x15=fffff000 x00=00000000 addi    a1,a5,0
PC=00010210 [00b66633] x12=ffffffff x12=ffffefff x11=fffff000 or      a2,a2,a1
PC=00010214 [f8c42023] x00=00000000 x08=00500000 x12=ffffffff sw      a2,-128(s0)
PC=00010218 [00080793] x15=fffff0ff x16=fffff0ff x00=00000000 addi    a5,a6,0
PC=0001021c [00f767b3] x15=fffff0ff x14=ffffe000 x15=fffff0ff or      a5,a4,a5
PC=00010220 [f8f42223] x04=00000000 x08=00500000 x15=fffff0ff sw      a5,-124(s0)
PC=00010224 [fc842783] x15=ffffe000 x08=00500000 x08=00500000 lw      a5,-56(s0)
PC=00010228 [0087d793] x15=ffffffe0 x15=ffffe000 x08=00500000 srli    a5,a5,8
PC=0001022c [fcc42703] x14=ffffe000 x08=00500000 x12=ffffffff lw      a4,-52(s0)
PC=00010230 [01871393] x07=00000000 x14=ffffe000 x24=00000000 slli    t2,a4,24
PC=00010234 [0077e3b3] x07=ffffffe0 x15=ffffffe0 x07=00000000 or      t2,a5,t2
PC=00010238 [fc842783] x15=ffffe000 x08=00500000 x08=00500000 lw      a5,-56(s0)
PC=0001023c [01879313] x06=00000000 x15=ffffe000 x24=00000000 slli    t1,a5,24
PC=00010240 [00037793] x15=00000000 x06=00000000 x00=00000000 andi    a5,t1,0
PC=00010244 [f6f42c23] x24=00000000 x08=00500000 x15=00000000 sw      a5,-136(s0)
PC=00010248 [000107b7] x15=00010000 x02=004fff60 x00=00000000 lui     a5,65536
PC=0001024c [f0078793] x15=0000ff00 x15=00010000 x00=00000000 addi    a5,a5,-256
PC=00010250 [00f3f7b3] x15=0000ff00 x07=ffffffe0 x15=0000ff00 and     a5,t2,a5
PC=00010254 [f6f42e23] x28=ffe00000 x08=00500000 x15=0000ff00 sw      a5,-132(s0)
PC=00010258 [f8042683] x13=ffffefff x08=00500000 x00=00000000 lw      a3,-128(s0)
PC=0001025c [f8442703] x14=ffffe0ff x08=00500000 x04=00000000 lw      a4,-124(s0)
PC=00010260 [00068613] x12=ffffefff x13=ffffefff x00=00000000 addi    a2,a3,0
PC=00010264 [f7842783] x15=fffff000 x08=00500000 x24=00000000 lw      a5,-136(s0)
PC=00010268 [f7c42803] x16=0000ef00 x08=00500000 x28=ffe00000 lw      a6,-132(s0)
PC=0001026c [00078593] x11=fffff000 x15=fffff000 x00=00000000 addi    a1,a5,0
PC=00010270 [00b66d33] x26=ffffffff x12=ffffefff x11=fffff000 or      s10,a2,a1
PC=00010274 [00080793] x15=0000ef00 x16=0000ef00 x00=00000000 addi    a5,a6,0
PC=00010278 [00f76db3] x27=ffffefff x14=ffffe0ff x15=0000ef00 or      s11,a4,a5
PC=0001027c [fc842783] x15=ffffe000 x08=00500000 x08=00500000 lw      a5,-56(s0)
PC=00010280 [00879793] x15=ffe00000 x15=ffffe000 x08=00500000 slli    a5,a5,8
PC=00010284 [f6f42a23] x20=ffffffff x08=00500000 x15=ffe00000 sw      a5,-140(s0)
PC=00010288 [f6042823] x16=0000ef00 x08=00500000 x00=00000000 sw      zero,-144(s0)
PC=0001028c [f7042683] x13=fffff000 x08=00500000 x16=0000ef00 lw      a3,-144(s0)
PC=00010290 [f7442703] x14=ffdff000 x08=00500000 x20=ffffffff lw      a4,-140(s0)
PC=00010294 [00068793] x15=fffff000 x13=fffff000 x00=00000000 addi    a5,a3,0
PC=00010298 [0007fc13] x24=00000000 x15=fffff000 x00=00000000 andi    s8,a5,0
PC=0001029c [00ff07b7] x15=00ff0000 x30=ffffffe0 x15=fffff000 lui     a5,16711680
PC=000102a0 [00f77cb3] x25=00df0000 x14=ffdff000 x15=00ff0000 and     s9,a4,a5
PC=000102a4 [018d6b33] x22=ffffffff x26=ffffffff x24=00000000 or      s6,s10,s8
PC=000102a8 [019debb3] x23=ffffefff x27=ffffefff x25=00df0000 or      s7,s11,s9
PC=000102ac [fc842783] x15=ffffe000 x08=00500000 x08=00500000 lw      a5,-56(s0)
PC=000102b0 [01879793] x15=00000000 x15=ffffe000 x24=00000000 slli    a5,a5,24
PC=000102b4 [f6f42623] x12=ffffefff x08=00500000 x15=00000000 sw      a5,-148(s0)
PC=000102b8 [f6042423] x08=00500000 x08=00500000 x00=00000000 sw      zero,-152(s0)
PC=000102bc [f6842683] x13=fffff000 x08=00500000 x08=00500000 lw      a3,-152(s0)
PC=000102c0 [f6c42703] x14=fffff000 x08=00500000 x12=ffffefff lw      a4,-148(s0)
PC=000102c4 [00068793] x15=fffff000 x13=fffff000 x00=00000000 addi    a5,a3,0
PC=000102c8 [00fb67b3] x15=ffffffff x22=ffffffff x15=fffff000 or      a5,s6,a5
PC=000102cc [fcf42023] x00=00000000 x08=00500000 x15=ffffffff sw      a5,-64(s0)
PC=000102d0 [00070793] x15=fffff000 x14=fffff000 x00=00000000 addi    a5,a4,0
PC=000102d4 [00fbe7b3] x15=ffffffff x23=ffffefff x15=fffff000 or      a5,s7,a5
PC=000102d8 [fcf42223] x04=00000000 x08=00500000 x15=ffffffff sw      a5,-60(s0)
PC=000102dc [00000793] x15=00000000 x00=00000000 x00=00000000 addi    a5,zero,0
PC=000102e0 [00000813] x16=00000000 x00=00000000 x00=00000000 addi    a6,zero,0
PC=000102e4 [fcf42023] x00=00000000 x08=00500000 x15=00000000 sw      a5,-64(s0)
PC=000102e8 [fd042223] x04=00000000 x08=00500000 x16=00000000 sw      a6,-60(s0)
PC=000102ec [aabbd7b7] x15=aabbd000 x23=ffffefff x11=fffff000 lui     a5,-1430532096
PC=000102f0 [cdd78793] x15=aabbccdd x15=aabbd000 x29=ffffffff addi    a5,a5,-803
PC=000102f4 [faf42e23] x28=ffe00000 x08=00500000 x15=aabbccdd sw      a5,-68(s0)
PC=000102f8 [fbc42783] x15=aabbbcdd x08=00500000 x28=ffe00000 lw      a5,-68(s0)
PC=000102fc [01879713] x14=dd000000 x15=aabbbcdd x24=00000000 slli    a4,a5,24
PC=00010300 [fbc42783] x15=aabbbcdd x08=00500000 x28=ffe00000 lw      a5,-68(s0)
PC=00010304 [00879693] x13=bbbcdd00 x15=aabbbcdd x08=00500000 slli    a3,a5,8
PC=00010308 [00ff07b7] x15=00ff0000 x30=ffffffe0 x15=aabbbcdd lui     a5,16711680
PC=0001030c [00f6f7b3] x15=00bc0000 x13=bbbcdd00 x15=00ff0000 and     a5,a3,a5
PC=00010310 [00f76733] x14=ddbc0000 x14=dd000000 x15=00bc0000 or      a4,a4,a5
PC=00010314 [fbc42783] x15=aabbbcdd x08=00500000 x28=ffe00000 lw      a5,-68(s0)
PC=00010318 [0087d693] x13=ffaabbbc x15=aabbbcdd x08=00500000 srli    a3,a5,8
PC=0001031c [000107b7] x15=00010000 x02=004fff60 x00=00000000 lui     a5,65536
PC=00010320 [f0078793] x15=0000ff00 x15=00010000 x00=00000000 addi    a5,a5,-256
PC=00010324 [00f6f7b3] x15=0000bb00 x13=ffaabbbc x15=0000ff00 and     a5,a3,a5
PC=00010328 [00f76733] x14=ddbcbb00 x14=ddbc0000 x15=0000bb00 or      a4,a4,a5
PC=0001032c [fbc42783] x15=aabbbcdd x08=00500000 x28=ffe00000 lw      a5,-68(s0)
PC=00010330 [0187d793] x15=ffffffaa x15=aabbbcdd x24=00000000 srli    a5,a5,24
PC=00010334 [00f767b3] x15=ffffffaa x14=ddbcbb00 x15=ffffffaa or      a5,a4,a5
PC=00010338 [faf42c23] x24=00000000 x08=00500000 x15=ffffffaa sw      a5,-72(s0)
PC=0001033c [fa042c23] x24=00000000 x08=00500000 x00=00000000 sw      zero,-72(s0)
PC=00010340 [ffffb7b7] x15=ffffb000 x31=ffffffe0 x31=ffffffe0 lui     a5,-20480
PC=00010344 [abb78793] x15=ffffaabb x15=ffffb000 x27=ffffefff addi    a5,a5,-1349
PC=00010348 [faf41b23] x22=ffffffff x08=00500000 x15=ffffaabb sh      a5,-74(s0)
PC=0001034c [fb641783] x15=ffff9abb x08=00500000 x22=ffffffff lh      a5,-74(s0)
PC=00010350 [00879793] x15=ff9abb00 x15=ffff9abb x08=00500000 slli    a5,a5,8
PC=00010354 [01079713] x14=bb000000 x15=ff9abb00 x16=00000000 slli    a4,a5,16
PC=00010358 [41075713] x14=ff9abb00 x14=bb000000 x16=00000000 srai    a4,a4,16
PC=0001035c [fb645783] x15=ffffaabb x08=00500000 x22=ffffffff lhu     a5,-74(s0)
PC=00010360 [0087d793] x15=ffffffaa x15=ffffaabb x08=00500000 srli    a5,a5,8
PC=00010364 [01079793] x15=ffaa0000 x15=ffffffaa x16=00000000 slli    a5,a5,16
PC=00010368 [0107d793] x15=ffffffaa x15=ffaa0000 x16=00000000 srli    a5,a5,16
PC=0001036c [01079793] x15=ffaa0000 x15=ffffffaa x16=00000000 slli    a5,a5,16
PC=00010370 [4107d793] x15=ffffffaa x15=ffaa0000 x16=00000000 srai    a5,a5,16
PC=00010374 [00f767b3] x15=ffffffaa x14=ff9abb00 x15=ffffffaa or      a5,a4,a5
PC=00010378 [01079793] x15=ffaa0000 x15=ffffffaa x16=00000000 slli    a5,a5,16
PC=0001037c [4107d793] x15=ffffffaa x15=ffaa0000 x16=00000000 srai    a5,a5,16
PC=00010380 [faf41a23] x20=ffffffff x08=00500000 x15=ffffffaa sh      a5,-76(s0)
PC=00010384 [fa041a23] x20=ffffffff x08=00500000 x00=00000000 sh      zero,-76(s0)
PC=00010388 [00000793] x15=00000000 x00=00000000 x00=00000000 addi    a5,zero,0
PC=0001038c [00078513] x10=00000000 x15=00000000 x00=00000000 addi    a0,a5,0
PC=00010390 [09c12403] x08=fffff000 x02=004fff60 x28=ffe00000 lw      s0,156(sp)
PC=00010394 [09812903] x18=fffff000 x02=004fff60 x24=00000000 lw      s2,152(sp)
PC=00010398 [09412983] x19=fffff000 x02=004fff60 x20=ffffffff lw      s3,148(sp)
PC=0001039c [09012a03] x20=fffff000 x02=004fff60 x16=00000000 lw      s4,144(sp)
PC=000103a0 [08c12a83] x21=fffff000 x02=004fff60 x12=ffffefff lw      s5,140(sp)
PC=000103a4 [08812b03] x22=fffff000 x02=004fff60 x08=fffff000 lw      s6,136(sp)
PC=000103a8 [08412b83] x23=fffff000 x02=004fff60 x04=00000000 lw      s7,132(sp)
PC=000103ac [08012c03] x24=fffff000 x02=004fff60 x00=00000000 lw      s8,128(sp)
PC=000103b0 [07c12c83] x25=fffff000 x02=004fff60 x28=ffe00000 lw      s9,124(sp)
PC=000103b4 [07812d03] x26=fffff000 x02=004fff60 x24=fffff000 lw      s10,120(sp)
PC=000103b8 [07412d83] x27=fffff000 x02=004fff60 x20=fffff000 lw      s11,116(sp)
PC=000103bc [0a010113] x02=00500000 x02=004fff60 x00=00000000 addi    sp,sp,160
PC=000103c0 [00008067] x00=0001009c x01=0001009c x00=00000000 jalr    zero,ra,0
PC=0001009c [200002b7] x05=20000000 x00=0001009c x00=0001009c lui     t0,536870912
PC=000100a0 [000280e7] x01=20000000 x05=20000000 x00=0001009c jalr    ra,t0,0
