PC=00010094 [00500137] x02=00500000 x00=00000000 x05=00000000 lui     sp,5242880
PC=00010098 [010000ef] x01=0001009c x00=00000000 x16=00000000 jal     ra,16
PC=000100a8 [fe010113] x02=004fffe0 x02=00500000 x00=00000000 addi    sp,sp,-32
PC=000100ac [00812e23] x28=00000000 x02=004fffe0 x08=00000000 sw      s0,28(sp)
PC=000100b0 [02010413] x08=00500000 x02=004fffe0 x00=00000000 addi    s0,sp,32
PC=000100b4 [fe0406a3] x13=00000000 x08=00500000 x00=00000000 sb      zero,-19(s0)
PC=000100b8 [fe0407a3] x15=00000000 x08=00500000 x00=00000000 sb      zero,-17(s0)
PC=000100bc [fe040623] x12=00000000 x08=00500000 x00=00000000 sb      zero,-20(s0)
PC=000100c0 [fe040723] x14=00000000 x08=00500000 x00=00000000 sb      zero,-18(s0)
PC=000100c4 [fe042423] x08=00500000 x08=00500000 x00=00000000 sw      zero,-24(s0)
PC=000100c8 [fff00793] x15=ffffffff x00=00000000 x31=00000000 addi    a5,zero,-1
PC=000100cc [fef42223] x04=00000000 x08=00500000 x15=ffffffff sw      a5,-28(s0)
PC=000100d0 [fe842703] x14=fffff000 x08=00500000 x08=00500000 lw      a4,-24(s0)
PC=000100d4 [fe442783] x15=ffffefff x08=00500000 x04=00000000 lw      a5,-28(s0)
PC=000100d8 [00e7fa63] x20=00000000 x15=ffffefff x14=fffff000 bgeu    a5,a4,20
PC=000100ec [fef44783] x15=00000000 x08=00500000 x15=ffffefff lbu     a5,-17(s0)
PC=000100f0 [00178793] x15=00000001 x15=00000000 x01=0001009c addi    a5,a5,1
PC=000100f4 [fef407a3] x15=00000001 x08=00500000 x15=00000001 sb      a5,-17(s0)
PC=000100f8 [fe842703] x14=fffff000 x08=00500000 x08=00500000 lw      a4,-24(s0)
PC=000100fc [fe442783] x15=ffffefff x08=00500000 x04=00000000 lw      a5,-28(s0)
PC=00010100 [00f77a63] x20=00000000 x14=fffff000 x15=ffffefff bgeu    a4,a5,20
PC=00010104 [fed44783] x15=00000000 x08=00500000 x13=00000000 lbu     a5,-19(s0)
PC=00010108 [00178793] x15=00000001 x15=00000000 x01=0001009c addi    a5,a5,1
PC=0001010c [fef406a3] x13=00000000 x08=00500000 x15=00000001 sb      a5,-19(s0)
PC=00010110 [0100006f] x00=00010114 x00=00000000 x16=00000000 jal     zero,16
PC=00010120 [fe842703] x14=fffff000 x08=00500000 x08=00500000 lw      a4,-24(s0)
PC=00010124 [fe442783] x15=ffffefff x08=00500000 x04=00000000 lw      a5,-28(s0)
PC=00010128 [00f71a63] x20=00000000 x14=fffff000 x15=ffffefff bne     a4,a5,20
PC=0001013c [fef44783] x15=00000000 x08=00500000 x15=ffffefff lbu     a5,-17(s0)
PC=00010140 [00178793] x15=00000001 x15=00000000 x01=0001009c addi    a5,a5,1
PC=00010144 [fef407a3] x15=00000001 x08=00500000 x15=00000001 sb      a5,-17(s0)
PC=00010148 [fe842703] x14=fffff000 x08=00500000 x08=00500000 lw      a4,-24(s0)
PC=0001014c [fe442783] x15=ffffefff x08=00500000 x04=00000000 lw      a5,-28(s0)
PC=00010150 [00f76a63] x20=00000000 x14=fffff000 x15=ffffefff bltu    a4,a5,20
PC=00010164 [fef44783] x15=00000000 x08=00500000 x15=ffffefff lbu     a5,-17(s0)
PC=00010168 [00178793] x15=00000001 x15=00000000 x01=0001009c addi    a5,a5,1
PC=0001016c [fef407a3] x15=00000001 x08=00500000 x15=00000001 sb      a5,-17(s0)
PC=00010170 [fe842703] x14=fffff000 x08=00500000 x08=00500000 lw      a4,-24(s0)
PC=00010174 [fe442783] x15=ffffefff x08=00500000 x04=00000000 lw      a5,-28(s0)
PC=00010178 [00e7ea63] x20=00000000 x15=ffffefff x14=fffff000 bltu    a5,a4,20
PC=0001017c [fed44783] x15=00000000 x08=00500000 x13=00000000 lbu     a5,-19(s0)
PC=00010180 [00178793] x15=00000001 x15=00000000 x01=0001009c addi    a5,a5,1
PC=00010184 [fef406a3] x13=00000000 x08=00500000 x15=00000001 sb      a5,-19(s0)
PC=00010188 [0100006f] x00=0001018c x00=00010114 x16=00000000 jal     zero,16
PC=00010198 [fe0406a3] x13=00000000 x08=00500000 x00=0001018c sb      zero,-19(s0)
PC=0001019c [fe0407a3] x15=00000001 x08=00500000 x00=0001018c sb      zero,-17(s0)
PC=000101a0 [fe040623] x12=00000000 x08=00500000 x00=0001018c sb      zero,-20(s0)
PC=000101a4 [fe040723] x14=fffff000 x08=00500000 x00=0001018c sb      zero,-18(s0)
PC=000101a8 [fff00793] x15=0001018b x00=0001018c x31=00000000 addi    a5,zero,-1
PC=000101ac [fef42423] x08=00500000 x08=00500000 x15=0001018b sw      a5,-24(s0)
PC=000101b0 [ffe00793] x15=0001018a x00=0001018c x30=00000000 addi    a5,zero,-2
PC=000101b4 [fef42223] x04=00000000 x08=00500000 x15=0001018a sw      a5,-28(s0)
PC=000101b8 [fe842703] x14=0000f18b x08=00500000 x08=00500000 lw      a4,-24(s0)
PC=000101bc [fe442783] x15=0000f18a x08=00500000 x04=00000000 lw      a5,-28(s0)
PC=000101c0 [00e7fa63] x20=00000000 x15=0000f18a x14=0000f18b bgeu    a5,a4,20
PC=000101c4 [fed44783] x15=00000000 x08=00500000 x13=00000000 lbu     a5,-19(s0)
PC=000101c8 [00178793] x15=00000001 x15=00000000 x01=0001009c addi    a5,a5,1
PC=000101cc [fef406a3] x13=00000000 x08=00500000 x15=00000001 sb      a5,-19(s0)
PC=000101d0 [0100006f] x00=000101d4 x00=0001018c x16=00000000 jal     zero,16
PC=000101e0 [fe842703] x14=0000f18b x08=00500000 x08=00500000 lw      a4,-24(s0)
PC=000101e4 [fe442783] x15=0000f18a x08=00500000 x04=00000000 lw      a5,-28(s0)
PC=000101e8 [00f77a63] x20=00000000 x14=0000f18b x15=0000f18a bgeu    a4,a5,20
PC=000101fc [fef44783] x15=00000000 x08=00500000 x15=0000f18a lbu     a5,-17(s0)
PC=00010200 [00178793] x15=00000001 x15=00000000 x01=0001009c addi    a5,a5,1
PC=00010204 [fef407a3] x15=00000001 x08=00500000 x15=00000001 sb      a5,-17(s0)
PC=00010208 [fe842703] x14=0000f18b x08=00500000 x08=00500000 lw      a4,-24(s0)
PC=0001020c [fe442783] x15=0000f18a x08=00500000 x04=00000000 lw      a5,-28(s0)
PC=00010210 [00f71a63] x20=00000000 x14=0000f18b x15=0000f18a bne     a4,a5,20
PC=00010224 [fef44783] x15=00000000 x08=00500000 x15=0000f18a lbu     a5,-17(s0)
PC=00010228 [00178793] x15=00000001 x15=00000000 x01=0001009c addi    a5,a5,1
PC=0001022c [fef407a3] x15=00000001 x08=00500000 x15=00000001 sb      a5,-17(s0)
PC=00010230 [fe842703] x14=0000f18b x08=00500000 x08=00500000 lw      a4,-24(s0)
PC=00010234 [fe442783] x15=0000f18a x08=00500000 x04=00000000 lw      a5,-28(s0)
PC=00010238 [00f76a63] x20=00000000 x14=0000f18b x15=0000f18a bltu    a4,a5,20
PC=0001023c [fed44783] x15=00000000 x08=00500000 x13=00000000 lbu     a5,-19(s0)
PC=00010240 [00178793] x15=00000001 x15=00000000 x01=0001009c addi    a5,a5,1
PC=00010244 [fef406a3] x13=00000000 x08=00500000 x15=00000001 sb      a5,-19(s0)
PC=00010248 [0100006f] x00=0001024c x00=000101d4 x16=00000000 jal     zero,16
PC=00010258 [fe842703] x14=0000f18b x08=00500000 x08=00500000 lw      a4,-24(s0)
PC=0001025c [fe442783] x15=0000f18a x08=00500000 x04=00000000 lw      a5,-28(s0)
PC=00010260 [00e7ea63] x20=00000000 x15=0000f18a x14=0000f18b bltu    a5,a4,20
PC=00010274 [fef44783] x15=00000000 x08=00500000 x15=0000f18a lbu     a5,-17(s0)
PC=00010278 [00178793] x15=00000001 x15=00000000 x01=0001009c addi    a5,a5,1
PC=0001027c [fef407a3] x15=00000001 x08=00500000 x15=00000001 sb      a5,-17(s0)
PC=00010280 [fe0406a3] x13=00000000 x08=00500000 x00=0001024c sb      zero,-19(s0)
PC=00010284 [fe0407a3] x15=00000001 x08=00500000 x00=0001024c sb      zero,-17(s0)
PC=00010288 [fe040623] x12=00000000 x08=00500000 x00=0001024c sb      zero,-20(s0)
PC=0001028c [fe040723] x14=0000f18b x08=00500000 x00=0001024c sb      zero,-18(s0)
PC=00010290 [00100793] x15=0001024d x00=0001024c x01=0001009c addi    a5,zero,1
PC=00010294 [fef42423] x08=00500000 x08=00500000 x15=0001024d sw      a5,-24(s0)
PC=00010298 [00200793] x15=0001024e x00=0001024c x02=004fffe0 addi    a5,zero,2
PC=0001029c [fef42223] x04=00000000 x08=00500000 x15=0001024e sw      a5,-28(s0)
PC=000102a0 [fe842703] x14=0000f24d x08=00500000 x08=00500000 lw      a4,-24(s0)
PC=000102a4 [fe442783] x15=0000f24e x08=00500000 x04=00000000 lw      a5,-28(s0)
PC=000102a8 [00e7fa63] x20=00000000 x15=0000f24e x14=0000f24d bgeu    a5,a4,20
PC=000102bc [fef44783] x15=00000000 x08=00500000 x15=0000f24e lbu     a5,-17(s0)
PC=000102c0 [00178793] x15=00000001 x15=00000000 x01=0001009c addi    a5,a5,1
PC=000102c4 [fef407a3] x15=00000001 x08=00500000 x15=00000001 sb      a5,-17(s0)
PC=000102c8 [fe842703] x14=0000f24d x08=00500000 x08=00500000 lw      a4,-24(s0)
PC=000102cc [fe442783] x15=0000f24e x08=00500000 x04=00000000 lw      a5,-28(s0)
PC=000102d0 [00f77a63] x20=00000000 x14=0000f24d x15=0000f24e bgeu    a4,a5,20
PC=000102d4 [fed44783] x15=00000000 x08=00500000 x13=00000000 lbu     a5,-19(s0)
PC=000102d8 [00178793] x15=00000001 x15=00000000 x01=0001009c addi    a5,a5,1
PC=000102dc [fef406a3] x13=00000000 x08=00500000 x15=00000001 sb      a5,-19(s0)
PC=000102e0 [0100006f] x00=000102e4 x00=0001024c x16=00000000 jal     zero,16
PC=000102f0 [fe842703] x14=0000f24d x08=00500000 x08=00500000 lw      a4,-24(s0)
PC=000102f4 [fe442783] x15=0000f24e x08=00500000 x04=00000000 lw      a5,-28(s0)
PC=000102f8 [00f71a63] x20=00000000 x14=0000f24d x15=0000f24e bne     a4,a5,20
PC=0001030c [fef44783] x15=00000000 x08=00500000 x15=0000f24e lbu     a5,-17(s0)
PC=00010310 [00178793] x15=00000001 x15=00000000 x01=0001009c addi    a5,a5,1
PC=00010314 [fef407a3] x15=00000001 x08=00500000 x15=00000001 sb      a5,-17(s0)
PC=00010318 [fe842703] x14=0000f24d x08=00500000 x08=00500000 lw      a4,-24(s0)
PC=0001031c [fe442783] x15=0000f24e x08=00500000 x04=00000000 lw      a5,-28(s0)
PC=00010320 [00f76a63] x20=00000000 x14=0000f24d x15=0000f24e bltu    a4,a5,20
PC=00010334 [fef44783] x15=00000000 x08=00500000 x15=0000f24e lbu     a5,-17(s0)
PC=00010338 [00178793] x15=00000001 x15=00000000 x01=0001009c addi    a5,a5,1
PC=0001033c [fef407a3] x15=00000001 x08=00500000 x15=00000001 sb      a5,-17(s0)
PC=00010340 [fe842703] x14=0000f24d x08=00500000 x08=00500000 lw      a4,-24(s0)
PC=00010344 [fe442783] x15=0000f24e x08=00500000 x04=00000000 lw      a5,-28(s0)
PC=00010348 [00e7ea63] x20=00000000 x15=0000f24e x14=0000f24d bltu    a5,a4,20
PC=0001034c [fed44783] x15=00000000 x08=00500000 x13=00000000 lbu     a5,-19(s0)
PC=00010350 [00178793] x15=00000001 x15=00000000 x01=0001009c addi    a5,a5,1
PC=00010354 [fef406a3] x13=00000000 x08=00500000 x15=00000001 sb      a5,-19(s0)
PC=00010358 [0100006f] x00=0001035c x00=000102e4 x16=00000000 jal     zero,16
PC=00010368 [fe0406a3] x13=00000000 x08=00500000 x00=0001035c sb      zero,-19(s0)
PC=0001036c [fe0407a3] x15=00000001 x08=00500000 x00=0001035c sb      zero,-17(s0)
PC=00010370 [fe040623] x12=00000000 x08=00500000 x00=0001035c sb      zero,-20(s0)
PC=00010374 [fe040723] x14=0000f24d x08=00500000 x00=0001035c sb      zero,-18(s0)
PC=00010378 [00f00793] x15=0001036b x00=0001035c x15=00000001 addi    a5,zero,15
PC=0001037c [fef42423] x08=00500000 x08=00500000 x15=0001036b sw      a5,-24(s0)
PC=00010380 [00f00793] x15=0001036b x00=0001035c x15=0001036b addi    a5,zero,15
PC=00010384 [fef42223] x04=00000000 x08=00500000 x15=0001036b sw      a5,-28(s0)
PC=00010388 [fe842703] x14=0000f36b x08=00500000 x08=00500000 lw      a4,-24(s0)
PC=0001038c [fe442783] x15=0000f36b x08=00500000 x04=00000000 lw      a5,-28(s0)
PC=00010390 [00e7fa63] x20=00000000 x15=0000f36b x14=0000f36b bgeu    a5,a4,20
PC=000103a4 [fef44783] x15=00000000 x08=00500000 x15=0000f36b lbu     a5,-17(s0)
PC=000103a8 [00178793] x15=00000001 x15=00000000 x01=0001009c addi    a5,a5,1
PC=000103ac [fef407a3] x15=00000001 x08=00500000 x15=00000001 sb      a5,-17(s0)
PC=000103b0 [fe842703] x14=0000f36b x08=00500000 x08=00500000 lw      a4,-24(s0)
PC=000103b4 [fe442783] x15=0000f36b x08=00500000 x04=00000000 lw      a5,-28(s0)
PC=000103b8 [00f77a63] x20=00000000 x14=0000f36b x15=0000f36b bgeu    a4,a5,20
PC=000103cc [fef44783] x15=00000000 x08=00500000 x15=0000f36b lbu     a5,-17(s0)
PC=000103d0 [00178793] x15=00000001 x15=00000000 x01=0001009c addi    a5,a5,1
PC=000103d4 [fef407a3] x15=00000001 x08=00500000 x15=00000001 sb      a5,-17(s0)
PC=000103d8 [fe842703] x14=0000f36b x08=00500000 x08=00500000 lw      a4,-24(s0)
PC=000103dc [fe442783] x15=0000f36b x08=00500000 x04=00000000 lw      a5,-28(s0)
PC=000103e0 [00f71a63] x20=00000000 x14=0000f36b x15=0000f36b bne     a4,a5,20
PC=000103e4 [fed44783] x15=00000000 x08=00500000 x13=00000000 lbu     a5,-19(s0)
PC=000103e8 [00178793] x15=00000001 x15=00000000 x01=0001009c addi    a5,a5,1
PC=000103ec [fef406a3] x13=00000000 x08=00500000 x15=00000001 sb      a5,-19(s0)
PC=000103f0 [0100006f] x00=000103f4 x00=0001035c x16=00000000 jal     zero,16
PC=00010400 [fe842703] x14=0000f36b x08=00500000 x08=00500000 lw      a4,-24(s0)
PC=00010404 [fe442783] x15=0000f36b x08=00500000 x04=00000000 lw      a5,-28(s0)
PC=00010408 [00f76a63] x20=00000000 x14=0000f36b x15=0000f36b bltu    a4,a5,20
PC=0001040c [fed44783] x15=00000000 x08=00500000 x13=00000000 lbu     a5,-19(s0)
PC=00010410 [00178793] x15=00000001 x15=00000000 x01=0001009c addi    a5,a5,1
PC=00010414 [fef406a3] x13=00000000 x08=00500000 x15=00000001 sb      a5,-19(s0)
PC=00010418 [0100006f] x00=0001041c x00=000103f4 x16=00000000 jal     zero,16
PC=00010428 [fe842703] x14=0000f36b x08=00500000 x08=00500000 lw      a4,-24(s0)
PC=0001042c [fe442783] x15=0000f36b x08=00500000 x04=00000000 lw      a5,-28(s0)
PC=00010430 [00e7ea63] x20=00000000 x15=0000f36b x14=0000f36b bltu    a5,a4,20
PC=00010434 [fed44783] x15=00000000 x08=00500000 x13=00000000 lbu     a5,-19(s0)
PC=00010438 [00178793] x15=00000001 x15=00000000 x01=0001009c addi    a5,a5,1
PC=0001043c [fef406a3] x13=00000000 x08=00500000 x15=00000001 sb      a5,-19(s0)
PC=00010440 [0100006f] x00=00010444 x00=0001041c x16=00000000 jal     zero,16
PC=00010450 [fe0406a3] x13=00000000 x08=00500000 x00=00010444 sb      zero,-19(s0)
PC=00010454 [fe0407a3] x15=00000001 x08=00500000 x00=00010444 sb      zero,-17(s0)
PC=00010458 [fe040623] x12=00000000 x08=00500000 x00=00010444 sb      zero,-20(s0)
PC=0001045c [fe040723] x14=0000f36b x08=00500000 x00=00010444 sb      zero,-18(s0)
PC=00010460 [00100793] x15=00010445 x00=00010444 x01=0001009c addi    a5,zero,1
PC=00010464 [fef42423] x08=00500000 x08=00500000 x15=00010445 sw      a5,-24(s0)
PC=00010468 [fff00793] x15=00010443 x00=00010444 x31=00000000 addi    a5,zero,-1
PC=0001046c [fef42223] x04=00000000 x08=00500000 x15=00010443 sw      a5,-28(s0)
PC=00010470 [fe842703] x14=0000f445 x08=00500000 x08=00500000 lw      a4,-24(s0)
PC=00010474 [fe442783] x15=0000f443 x08=00500000 x04=00000000 lw      a5,-28(s0)
PC=00010478 [00e7fa63] x20=00000000 x15=0000f443 x14=0000f445 bgeu    a5,a4,20
PC=0001047c [fec44783] x15=00000000 x08=00500000 x12=00000000 lbu     a5,-20(s0)
PC=00010480 [00178793] x15=00000001 x15=00000000 x01=0001009c addi    a5,a5,1
PC=00010484 [fef40623] x12=00000000 x08=00500000 x15=00000001 sb      a5,-20(s0)
PC=00010488 [0100006f] x00=0001048c x00=00010444 x16=00000000 jal     zero,16
PC=00010498 [fe842703] x14=0000f445 x08=00500000 x08=00500000 lw      a4,-24(s0)
PC=0001049c [fe442783] x15=0000f443 x08=00500000 x04=00000000 lw      a5,-28(s0)
PC=000104a0 [00f77a63] x20=00000000 x14=0000f445 x15=0000f443 bgeu    a4,a5,20
PC=000104b4 [fee44783] x15=00000000 x08=00500000 x14=0000f445 lbu     a5,-18(s0)
PC=000104b8 [00178793] x15=00000001 x15=00000000 x01=0001009c addi    a5,a5,1
PC=000104bc [fef40723] x14=0000f445 x08=00500000 x15=00000001 sb      a5,-18(s0)
PC=000104c0 [fe842703] x14=0000f445 x08=00500000 x08=00500000 lw      a4,-24(s0)
PC=000104c4 [fe442783] x15=0000f443 x08=00500000 x04=00000000 lw      a5,-28(s0)
PC=000104c8 [00f71a63] x20=00000000 x14=0000f445 x15=0000f443 bne     a4,a5,20
PC=000104dc [fef44783] x15=00000000 x08=00500000 x15=0000f443 lbu     a5,-17(s0)
PC=000104e0 [00178793] x15=00000001 x15=00000000 x01=0001009c addi    a5,a5,1
PC=000104e4 [fef407a3] x15=00000001 x08=00500000 x15=00000001 sb      a5,-17(s0)
PC=000104e8 [fe842703] x14=0000f445 x08=00500000 x08=00500000 lw      a4,-24(s0)
PC=000104ec [fe442783] x15=0000f443 x08=00500000 x04=00000000 lw      a5,-28(s0)
PC=000104f0 [00f76a63] x20=00000000 x14=0000f445 x15=0000f443 bltu    a4,a5,20
PC=000104f4 [fec44783] x15=00000000 x08=00500000 x12=00000000 lbu     a5,-20(s0)
PC=000104f8 [00178793] x15=00000001 x15=00000000 x01=0001009c addi    a5,a5,1
PC=000104fc [fef40623] x12=00000000 x08=00500000 x15=00000001 sb      a5,-20(s0)
PC=00010500 [0100006f] x00=00010504 x00=0001048c x16=00000000 jal     zero,16
PC=00010510 [fe842703] x14=0000f445 x08=00500000 x08=00500000 lw      a4,-24(s0)
PC=00010514 [fe442783] x15=0000f443 x08=00500000 x04=00000000 lw      a5,-28(s0)
PC=00010518 [00e7ea63] x20=00000000 x15=0000f443 x14=0000f445 bltu    a5,a4,20
PC=0001052c [fee44783] x15=00000000 x08=00500000 x14=0000f445 lbu     a5,-18(s0)
PC=00010530 [00178793] x15=00000001 x15=00000000 x01=0001009c addi    a5,a5,1
PC=00010534 [fef40723] x14=0000f445 x08=00500000 x15=00000001 sb      a5,-18(s0)
PC=00010538 [fe0406a3] x13=00000000 x08=00500000 x00=00010504 sb      zero,-19(s0)
PC=0001053c [fe0407a3] x15=00000001 x08=00500000 x00=00010504 sb      zero,-17(s0)
PC=00010540 [fe040623] x12=00000000 x08=00500000 x00=00010504 sb      zero,-20(s0)
PC=00010544 [fe040723] x14=0000f445 x08=00500000 x00=00010504 sb      zero,-18(s0)
PC=00010548 [00000793] x15=00010504 x00=00010504 x00=00010504 addi    a5,zero,0
PC=0001054c [00078513] x10=00010504 x15=00010504 x00=00010504 addi    a0,a5,0
PC=00010550 [01c12403] x08=fffff000 x02=004fffe0 x28=00000000 lw      s0,28(sp)
PC=00010554 [02010113] x02=00500000 x02=004fffe0 x00=00010504 addi    sp,sp,32
PC=00010558 [00008067] x00=0001009c x01=0001009c x00=00010504 jalr    zero,ra,0
PC=0001009c [200002b7] x05=20000000 x00=0001009c x00=0001009c lui     t0,536870912
PC=000100a0 [000280e7] x01=20000000 x05=20000000 x00=0001009c jalr    ra,t0,0
