PC=00010094 [00500137] x02=00500000 x00=00000000 x05=00000000 lui     sp,5242880
PC=00010098 [010000ef] x01=0001009c x00=00000000 x16=00000000 jal     ra,16
PC=000100a8 [fd010113] x02=004fffd0 x02=00500000 x16=00000000 addi    sp,sp,-48
PC=000100ac [02812623] x12=00000000 x02=004fffd0 x08=00000000 sw      s0,44(sp)
PC=000100b0 [03010413] x08=00500000 x02=004fffd0 x16=00000000 addi    s0,sp,48
PC=000100b4 [fe0407a3] x15=00000000 x08=00500000 x00=00000000 sb      zero,-17(s0)
PC=000100b8 [fe040723] x14=00000000 x08=00500000 x00=00000000 sb      zero,-18(s0)
PC=000100bc [fe0406a3] x13=00000000 x08=00500000 x00=00000000 sb      zero,-19(s0)
PC=000100c0 [00100793] x15=00000001 x00=00000000 x01=0001009c addi    a5,zero,1
PC=000100c4 [fef40623] x12=00000000 x08=00500000 x15=00000001 sb      a5,-20(s0)
PC=000100c8 [00200793] x15=00000002 x00=00000000 x02=004fffd0 addi    a5,zero,2
PC=000100cc [fef41523] x10=00000000 x08=00500000 x15=00000002 sh      a5,-22(s0)
PC=000100d0 [00300793] x15=00000003 x00=00000000 x03=00000000 addi    a5,zero,3
PC=000100d4 [fef41423] x08=00500000 x08=00500000 x15=00000003 sh      a5,-24(s0)
PC=000100d8 [00400793] x15=00000004 x00=00000000 x04=00000000 addi    a5,zero,4
PC=000100dc [fef42223] x04=00000000 x08=00500000 x15=00000004 sw      a5,-28(s0)
PC=000100e0 [00500793] x15=00000005 x00=00000000 x05=00000000 addi    a5,zero,5
PC=000100e4 [fef42023] x00=00000000 x08=00500000 x15=00000005 sw      a5,-32(s0)
PC=000100e8 [00600713] x14=00000006 x00=00000000 x06=00000000 addi    a4,zero,6
PC=000100ec [00000793] x15=00000000 x00=00000000 x00=00000000 addi    a5,zero,0
PC=000100f0 [fce42c23] x24=00000000 x08=00500000 x14=00000006 sw      a4,-40(s0)
PC=000100f4 [fcf42e23] x28=00000000 x08=00500000 x15=00000000 sw      a5,-36(s0)
PC=000100f8 [00700713] x14=00000007 x00=00000000 x07=00000000 addi    a4,zero,7
PC=000100fc [00000793] x15=00000000 x00=00000000 x00=00000000 addi    a5,zero,0
PC=00010100 [fce42823] x16=00000000 x08=00500000 x14=00000007 sw      a4,-48(s0)
PC=00010104 [fcf42a23] x20=00000000 x08=00500000 x15=00000000 sw      a5,-44(s0)
PC=00010108 [fed40783] x15=fffff000 x08=00500000 x13=00000000 lb      a5,-19(s0)
PC=0001010c [06079a63] x20=00000000 x15=fffff000 x00=00000000 bne     a5,zero,116
PC=00010180 [fed40783] x15=fffff000 x08=00500000 x13=00000000 lb      a5,-19(s0)
PC=00010184 [0807c263] x04=00000000 x15=fffff000 x00=00000000 blt     a5,zero,132
PC=00010208 [fed40703] x14=fffff000 x08=00500000 x13=00000000 lb      a4,-19(s0)
PC=0001020c [fff00793] x15=ffffffff x00=00000000 x31=00000000 addi    a5,zero,-1
PC=00010210 [08f74463] x08=00500000 x14=fffff000 x15=ffffffff blt     a4,a5,136
PC=00010298 [fed40783] x15=fffff000 x08=00500000 x13=00000000 lb      a5,-19(s0)
PC=0001029c [06079a63] x20=00000000 x15=fffff000 x00=00000000 bne     a5,zero,116
PC=00010310 [fed40783] x15=fffff000 x08=00500000 x13=00000000 lb      a5,-19(s0)
PC=00010314 [0607ce63] x28=00000000 x15=fffff000 x00=00000000 blt     a5,zero,124
PC=00010390 [fed40703] x14=fffff000 x08=00500000 x13=00000000 lb      a4,-19(s0)
PC=00010394 [fff00793] x15=ffffffff x00=00000000 x31=00000000 addi    a5,zero,-1
PC=00010398 [08f71463] x08=00500000 x14=fffff000 x15=ffffffff bne     a4,a5,136
PC=00010420 [fe0407a3] x15=ffffffff x08=00500000 x00=00000000 sb      zero,-17(s0)
PC=00010424 [fe040723] x14=fffff000 x08=00500000 x00=00000000 sb      zero,-18(s0)
PC=00010428 [00000793] x15=00000000 x00=00000000 x00=00000000 addi    a5,zero,0
PC=0001042c [00078513] x10=00000000 x15=00000000 x00=00000000 addi    a0,a5,0
PC=00010430 [02c12403] x08=fffff000 x02=004fffd0 x12=00000000 lw      s0,44(sp)
PC=00010434 [03010113] x02=00500000 x02=004fffd0 x16=00000000 addi    sp,sp,48
PC=00010438 [00008067] x00=0001009c x01=0001009c x00=00000000 jalr    zero,ra,0
PC=0001009c [200002b7] x05=20000000 x00=0001009c x00=0001009c lui     t0,536870912
PC=000100a0 [000280e7] x01=20000000 x05=20000000 x00=0001009c jalr    ra,t0,0
